[ 2024-04-05 16:02:25,483 ] 96 werkzeug - INFO - [31m[1mWARNING: This is a development server. Do not use it in a production deployment. Use a production WSGI server instead.[0m
 * Running on http://127.0.0.1:5000
[ 2024-04-05 16:02:25,484 ] 96 werkzeug - INFO - [33mPress CTRL+C to quit[0m
[ 2024-04-05 16:02:26,747 ] 96 werkzeug - INFO - 127.0.0.1 - - [05/Apr/2024 16:02:26] "[35m[1mGET /static/css/corn%20video.mp4 HTTP/1.1[0m" 206 -
[ 2024-04-05 16:03:07,869 ] 96 werkzeug - INFO - 127.0.0.1 - - [05/Apr/2024 16:03:07] "POST /openwebcam HTTP/1.1" 200 -
[ 2024-04-05 16:03:07,884 ] 96 werkzeug - INFO - 127.0.0.1 - - [05/Apr/2024 16:03:07] "[36mGET /static/css/displayImage.css HTTP/1.1[0m" 304 -
[ 2024-04-05 16:03:07,884 ] 96 werkzeug - INFO - 127.0.0.1 - - [05/Apr/2024 16:03:07] "[36mGET /static/css/corn%202.jpg HTTP/1.1[0m" 304 -
[ 2024-04-05 16:03:17,598 ] 96 werkzeug - INFO - 127.0.0.1 - - [05/Apr/2024 16:03:17] "POST /RunningMacros HTTP/1.1" 200 -
[ 2024-04-05 16:03:17,611 ] 96 werkzeug - INFO - 127.0.0.1 - - [05/Apr/2024 16:03:17] "[36mGET /static/css/ViewResults.css HTTP/1.1[0m" 304 -
[ 2024-04-05 16:03:17,612 ] 96 werkzeug - INFO - 127.0.0.1 - - [05/Apr/2024 16:03:17] "[36mGET /static/css/corn%201.jpg HTTP/1.1[0m" 304 -
[ 2024-04-05 16:03:21,232 ] 21 root - INFO - New data : 
    Area      X     Y     XM    YM  Perimeter     BX    BY  Width  Height
0  263.0  129.0  52.0  129.0  52.0       62.0  120.0  42.0   18.0    19.0
[ 2024-04-05 16:03:21,462 ] 21 root - INFO - New data : 
    Area     X     Y    XM    YM  Perimeter    BX    BY  Width  Height
0  289.0  58.0  53.0  58.0  53.0       66.0  49.0  42.0   19.0    20.0
[ 2024-04-05 16:03:21,476 ] 21 root - INFO - New data : 
    Area     X     Y    XM    YM  Perimeter    BX    BY  Width  Height
0  249.0  23.0  53.0  23.0  53.0       60.0  15.0  44.0   19.0    18.0
[ 2024-04-05 16:03:21,489 ] 21 root - INFO - New data : 
    Area      X     Y     XM    YM  Perimeter     BX    BY  Width  Height
0  273.0  161.0  54.0  161.0  54.0       64.0  151.0  44.0   18.0    19.0
[ 2024-04-05 16:03:21,504 ] 21 root - INFO - New data : 
    Area      X     Y     XM    YM  Perimeter     BX    BY  Width  Height
0  239.0  189.0  54.0  189.0  54.0       59.0  180.0  45.0   17.0    19.0
[ 2024-04-05 16:03:21,517 ] 21 root - INFO - New data : 
    Area     X     Y    XM    YM  Perimeter    BX    BY  Width  Height
0  275.0  93.0  56.0  93.0  56.0       63.0  84.0  47.0   18.0    20.0
[ 2024-04-05 16:03:21,532 ] 21 root - INFO - New data : 
    Area     X     Y    XM    YM  Perimeter    BX    BY  Width  Height
0  265.0  58.0  78.0  58.0  78.0       62.0  48.0  68.0   18.0    19.0
[ 2024-04-05 16:03:21,545 ] 21 root - INFO - New data : 
    Area     X     Y    XM    YM  Perimeter    BX    BY  Width  Height
0  256.0  25.0  77.0  25.0  77.0       60.0  16.0  68.0   18.0    18.0
[ 2024-04-05 16:03:21,558 ] 21 root - INFO - New data : 
    Area      X     Y     XM    YM  Perimeter     BX    BY  Width  Height
0  236.0  119.0  78.0  119.0  78.0       60.0  111.0  69.0   17.0    18.0
[ 2024-04-05 16:03:21,572 ] 21 root - INFO - New data : 
    Area     X     Y    XM    YM  Perimeter    BX    BY  Width  Height
0  231.0  87.0  79.0  87.0  79.0       58.0  78.0  70.0   17.0    17.0
[ 2024-04-05 16:03:21,585 ] 21 root - INFO - New data : 
    Area      X     Y     XM    YM  Perimeter     BX    BY  Width  Height
0  238.0  151.0  81.0  151.0  81.0       59.0  142.0  71.0   18.0    19.0
[ 2024-04-05 16:03:21,599 ] 21 root - INFO - New data : 
    Area     X     Y    XM    YM  Perimeter   BX    BY  Width  Height
0  236.0  15.0  99.0  15.0  99.0       59.0  7.0  90.0   18.0    18.0
[ 2024-04-05 16:03:21,612 ] 21 root - INFO - New data : 
    Area     X      Y    XM     YM  Perimeter    BX    BY  Width  Height
0  226.0  82.0  102.0  82.0  102.0       57.0  74.0  93.0   16.0    18.0
[ 2024-04-05 16:03:21,625 ] 21 root - INFO - New data : 
    Area      X      Y     XM     YM  Perimeter     BX    BY  Width  Height
0  203.0  115.0  101.0  115.0  101.0       54.0  107.0  93.0   16.0    16.0
[ 2024-04-05 16:03:21,640 ] 21 root - INFO - New data : 
    Area     X      Y    XM     YM  Perimeter    BX    BY  Width  Height
0  226.0  48.0  104.0  48.0  104.0       59.0  40.0  94.0   16.0    19.0
[ 2024-04-05 16:03:21,654 ] 21 root - INFO - New data : 
    Area      X      Y     XM     YM  Perimeter     BX    BY  Width  Height
0  240.0  153.0  104.0  153.0  104.0       65.0  143.0  95.0   18.0    18.0
[ 2024-04-05 16:03:22,121 ] 96 werkzeug - INFO - 127.0.0.1 - - [05/Apr/2024 16:03:22] "POST /showingResults HTTP/1.1" 200 -
[ 2024-04-05 16:03:22,136 ] 96 werkzeug - INFO - 127.0.0.1 - - [05/Apr/2024 16:03:22] "[36mGET /static/css/Results.css HTTP/1.1[0m" 304 -
[ 2024-04-05 16:03:22,144 ] 96 werkzeug - INFO - 127.0.0.1 - - [05/Apr/2024 16:03:22] "GET /static/seed_results_plot.png HTTP/1.1" 200 -
[ 2024-04-05 16:03:22,146 ] 96 werkzeug - INFO - 127.0.0.1 - - [05/Apr/2024 16:03:22] "GET /static/seed_results_pie_chart.png HTTP/1.1" 200 -
