[ 2024-04-13 15:05:24,414 ] 96 werkzeug - INFO - [31m[1mWARNING: This is a development server. Do not use it in a production deployment. Use a production WSGI server instead.[0m
 * Running on http://127.0.0.1:5000
[ 2024-04-13 15:05:24,415 ] 96 werkzeug - INFO - [33mPress CTRL+C to quit[0m
[ 2024-04-13 15:05:32,535 ] 96 werkzeug - INFO - 127.0.0.1 - - [13/Apr/2024 15:05:32] "GET / HTTP/1.1" 200 -
[ 2024-04-13 15:05:32,680 ] 96 werkzeug - INFO - 127.0.0.1 - - [13/Apr/2024 15:05:32] "[36mGET /static/css/index.css HTTP/1.1[0m" 304 -
[ 2024-04-13 15:05:32,695 ] 96 werkzeug - INFO - 127.0.0.1 - - [13/Apr/2024 15:05:32] "[36mGET /static/css/corn%20diplay.png HTTP/1.1[0m" 304 -
[ 2024-04-13 15:05:32,703 ] 96 werkzeug - INFO - 127.0.0.1 - - [13/Apr/2024 15:05:32] "[35m[1mGET /static/css/corn%20video.mp4 HTTP/1.1[0m" 206 -
[ 2024-04-13 15:05:32,708 ] 96 werkzeug - INFO - 127.0.0.1 - - [13/Apr/2024 15:05:32] "[35m[1mGET /static/css/corn%20video.mp4 HTTP/1.1[0m" 206 -
[ 2024-04-13 15:05:45,479 ] 96 werkzeug - INFO - 127.0.0.1 - - [13/Apr/2024 15:05:45] "POST /openwebcam HTTP/1.1" 200 -
[ 2024-04-13 15:05:45,562 ] 96 werkzeug - INFO - 127.0.0.1 - - [13/Apr/2024 15:05:45] "[36mGET /static/css/displayImage.css HTTP/1.1[0m" 304 -
[ 2024-04-13 15:05:45,569 ] 96 werkzeug - INFO - 127.0.0.1 - - [13/Apr/2024 15:05:45] "[36mGET /static/css/corn%202.jpg HTTP/1.1[0m" 304 -
[ 2024-04-13 15:05:51,424 ] 96 werkzeug - INFO - 127.0.0.1 - - [13/Apr/2024 15:05:51] "POST /RunningMacros HTTP/1.1" 200 -
[ 2024-04-13 15:05:51,473 ] 96 werkzeug - INFO - 127.0.0.1 - - [13/Apr/2024 15:05:51] "[36mGET /static/css/ViewResults.css HTTP/1.1[0m" 304 -
[ 2024-04-13 15:05:51,480 ] 96 werkzeug - INFO - 127.0.0.1 - - [13/Apr/2024 15:05:51] "[36mGET /static/css/corn%201.jpg HTTP/1.1[0m" 304 -
[ 2024-04-13 15:05:58,485 ] 21 root - INFO - New data : 
     Area      X     Y     XM    YM  Perimeter     BX    BY  Width  Height
0  1800.0  298.0  76.0  298.0  76.0      165.0  271.0  52.0   50.0    48.0
[ 2024-04-13 15:05:58,690 ] 21 root - INFO - New data : 
     Area      X     Y     XM    YM  Perimeter     BX    BY  Width  Height
0  1919.0  203.0  85.0  203.0  85.0      173.0  174.0  60.0   52.0    51.0
[ 2024-04-13 15:05:58,703 ] 21 root - INFO - New data : 
     Area      X     Y     XM    YM  Perimeter    BX    BY  Width  Height
0  1643.0  121.0  94.0  121.0  94.0      159.0  97.0  70.0   45.0    49.0
[ 2024-04-13 15:05:58,718 ] 21 root - INFO - New data : 
     Area      X      Y     XM     YM  Perimeter     BX     BY  Width  Height
0  1969.0  311.0  180.0  311.0  180.0      173.0  283.0  155.0   52.0    51.0
[ 2024-04-13 15:05:58,735 ] 21 root - INFO - New data : 
     Area      X      Y     XM     YM  Perimeter     BX     BY  Width  Height
0  1787.0  209.0  200.0  209.0  200.0      169.0  182.0  175.0   50.0    49.0
[ 2024-04-13 15:05:58,750 ] 21 root - INFO - New data : 
     Area      X      Y     XM     YM  Perimeter     BX     BY  Width  Height
0  1907.0  130.0  206.0  130.0  206.0      167.0  105.0  180.0   48.0    52.0
[ 2024-04-13 15:05:58,765 ] 21 root - INFO - New data : 
     Area      X      Y     XM     YM  Perimeter     BX     BY  Width  Height
0  1743.0  319.0  302.0  319.0  302.0      165.0  290.0  279.0   53.0    46.0
[ 2024-04-13 15:05:58,779 ] 21 root - INFO - New data : 
     Area      X      Y     XM     YM  Perimeter     BX     BY  Width  Height
0  1771.0  223.0  310.0  223.0  310.0      170.0  195.0  285.0   52.0    48.0
[ 2024-04-13 15:05:58,793 ] 21 root - INFO - New data : 
     Area      X      Y     XM     YM  Perimeter     BX     BY  Width  Height
0  1747.0  148.0  322.0  148.0  322.0      181.0  121.0  298.0   50.0    46.0
[ 2024-04-13 15:05:58,806 ] 21 root - INFO - New data : 
     Area      X      Y     XM     YM  Perimeter     BX     BY  Width  Height
0  1688.0  314.0  424.0  314.0  424.0      159.0  288.0  400.0   48.0    48.0
[ 2024-04-13 15:05:58,820 ] 21 root - INFO - New data : 
     Area      X      Y     XM     YM  Perimeter     BX     BY  Width  Height
0  1755.0  237.0  428.0  237.0  428.0      163.0  209.0  405.0   52.0    47.0
[ 2024-04-13 15:05:58,834 ] 21 root - INFO - New data : 
     Area      X      Y     XM     YM  Perimeter     BX     BY  Width  Height
0  1704.0  135.0  435.0  135.0  435.0      161.0  110.0  411.0   48.0    48.0
[ 2024-04-13 15:05:58,847 ] 21 root - INFO - New data : 
     Area      X      Y     XM     YM  Perimeter     BX     BY  Width  Height
0  1801.0  325.0  522.0  325.0  522.0      166.0  297.0  498.0   51.0    49.0
[ 2024-04-13 15:05:58,860 ] 21 root - INFO - New data : 
     Area      X      Y     XM     YM  Perimeter     BX     BY  Width  Height
0  1739.0  139.0  531.0  139.0  531.0      164.0  112.0  508.0   49.0    48.0
[ 2024-04-13 15:05:58,875 ] 21 root - INFO - New data : 
     Area      X      Y     XM     YM  Perimeter     BX     BY  Width  Height
0  1590.0  242.0  549.0  242.0  549.0      156.0  215.0  525.0   49.0    45.0
[ 2024-04-13 15:05:58,890 ] 21 root - INFO - New data : 
     Area      X      Y     XM     YM  Perimeter     BX     BY  Width  Height
0  1870.0  331.0  635.0  331.0  635.0      170.0  306.0  610.0   50.0    50.0
[ 2024-04-13 15:05:58,905 ] 21 root - INFO - New data : 
     Area      X      Y     XM     YM  Perimeter     BX     BY  Width  Height
0  1772.0  157.0  639.0  157.0  639.0      178.0  130.0  616.0   51.0    48.0
[ 2024-04-13 15:05:58,919 ] 21 root - INFO - New data : 
     Area      X      Y     XM     YM  Perimeter     BX     BY  Width  Height
0  1868.0  243.0  645.0  243.0  645.0      166.0  217.0  619.0   50.0    50.0
[ 2024-04-13 15:05:58,933 ] 21 root - INFO - New data : 
     Area      X      Y     XM     YM  Perimeter     BX     BY  Width  Height
0  1750.0  341.0  737.0  341.0  737.0      178.0  316.0  712.0   50.0    48.0
[ 2024-04-13 15:05:58,949 ] 21 root - INFO - New data : 
     Area      X      Y     XM     YM  Perimeter     BX     BY  Width  Height
0  1832.0  161.0  756.0  161.0  756.0      168.0  134.0  730.0   50.0    49.0
[ 2024-04-13 15:05:58,966 ] 21 root - INFO - New data : 
     Area      X      Y     XM     YM  Perimeter     BX     BY  Width  Height
0  1774.0  244.0  754.0  244.0  754.0      174.0  215.0  730.0   53.0    46.0
[ 2024-04-13 15:05:59,410 ] 96 werkzeug - INFO - 127.0.0.1 - - [13/Apr/2024 15:05:59] "POST /showingResults HTTP/1.1" 200 -
[ 2024-04-13 15:05:59,458 ] 96 werkzeug - INFO - 127.0.0.1 - - [13/Apr/2024 15:05:59] "[36mGET /static/css/Results.css HTTP/1.1[0m" 304 -
[ 2024-04-13 15:05:59,460 ] 96 werkzeug - INFO - 127.0.0.1 - - [13/Apr/2024 15:05:59] "GET /static/seed_results_plot.png HTTP/1.1" 200 -
[ 2024-04-13 15:05:59,462 ] 96 werkzeug - INFO - 127.0.0.1 - - [13/Apr/2024 15:05:59] "GET /static/seed_results_pie_chart.png HTTP/1.1" 200 -
