[ 2024-04-03 12:10:09,827 ] 96 werkzeug - INFO - [31m[1mWARNING: This is a development server. Do not use it in a production deployment. Use a production WSGI server instead.[0m
 * Running on http://127.0.0.1:5000
[ 2024-04-03 12:10:09,828 ] 96 werkzeug - INFO - [33mPress CTRL+C to quit[0m
[ 2024-04-03 12:10:19,600 ] 96 werkzeug - INFO - 127.0.0.1 - - [03/Apr/2024 12:10:19] "GET / HTTP/1.1" 200 -
[ 2024-04-03 12:10:19,753 ] 96 werkzeug - INFO - 127.0.0.1 - - [03/Apr/2024 12:10:19] "[36mGET /static/css/index.css HTTP/1.1[0m" 304 -
[ 2024-04-03 12:10:19,760 ] 96 werkzeug - INFO - 127.0.0.1 - - [03/Apr/2024 12:10:19] "[36mGET /static/css/corn%20diplay.png HTTP/1.1[0m" 304 -
[ 2024-04-03 12:10:19,805 ] 96 werkzeug - INFO - 127.0.0.1 - - [03/Apr/2024 12:10:19] "[35m[1mGET /static/css/corn%20video.mp4 HTTP/1.1[0m" 206 -
[ 2024-04-03 12:10:31,458 ] 828 app - ERROR - Exception on /openwebcam [POST]
Traceback (most recent call last):
  File "C:\Users\MAYUR\anaconda3\envs\SeedGermination\Lib\site-packages\flask\app.py", line 1463, in wsgi_app
    response = self.full_dispatch_request()
               ^^^^^^^^^^^^^^^^^^^^^^^^^^^^
  File "C:\Users\MAYUR\anaconda3\envs\SeedGermination\Lib\site-packages\flask\app.py", line 872, in full_dispatch_request
    rv = self.handle_user_exception(e)
         ^^^^^^^^^^^^^^^^^^^^^^^^^^^^^
  File "C:\Users\MAYUR\anaconda3\envs\SeedGermination\Lib\site-packages\flask\app.py", line 870, in full_dispatch_request
    rv = self.dispatch_request()
         ^^^^^^^^^^^^^^^^^^^^^^^
  File "C:\Users\MAYUR\anaconda3\envs\SeedGermination\Lib\site-packages\flask\app.py", line 855, in dispatch_request
    return self.ensure_sync(self.view_functions[rule.endpoint])(**view_args)  # type: ignore[no-any-return]
           ^^^^^^^^^^^^^^^^^^^^^^^^^^^^^^^^^^^^^^^^^^^^^^^^^^^^^^^^^^^^^^^^^
  File "d:\Computer_science\BE_PROJECT\Seed_Project\app.py", line 101, in predict_datapoint
    return render_template('displayImage.html',captured_image=captured_image)
                                                              ^^^^^^^^^^^^^^
UnboundLocalError: cannot access local variable 'captured_image' where it is not associated with a value
[ 2024-04-03 12:10:31,461 ] 96 werkzeug - INFO - 127.0.0.1 - - [03/Apr/2024 12:10:31] "[35m[1mPOST /openwebcam HTTP/1.1[0m" 500 -
[ 2024-04-03 12:10:47,238 ] 828 app - ERROR - Exception on /openwebcam [POST]
Traceback (most recent call last):
  File "C:\Users\MAYUR\anaconda3\envs\SeedGermination\Lib\site-packages\flask\app.py", line 1463, in wsgi_app
    response = self.full_dispatch_request()
               ^^^^^^^^^^^^^^^^^^^^^^^^^^^^
  File "C:\Users\MAYUR\anaconda3\envs\SeedGermination\Lib\site-packages\flask\app.py", line 872, in full_dispatch_request
    rv = self.handle_user_exception(e)
         ^^^^^^^^^^^^^^^^^^^^^^^^^^^^^
  File "C:\Users\MAYUR\anaconda3\envs\SeedGermination\Lib\site-packages\flask\app.py", line 870, in full_dispatch_request
    rv = self.dispatch_request()
         ^^^^^^^^^^^^^^^^^^^^^^^
  File "C:\Users\MAYUR\anaconda3\envs\SeedGermination\Lib\site-packages\flask\app.py", line 855, in dispatch_request
    return self.ensure_sync(self.view_functions[rule.endpoint])(**view_args)  # type: ignore[no-any-return]
           ^^^^^^^^^^^^^^^^^^^^^^^^^^^^^^^^^^^^^^^^^^^^^^^^^^^^^^^^^^^^^^^^^
  File "d:\Computer_science\BE_PROJECT\Seed_Project\app.py", line 101, in predict_datapoint
    return render_template('displayImage.html',captured_image=captured_image)
                           ^^^^^^^^^^^^^^^^^^^
UnboundLocalError: cannot access local variable 'captured_image' where it is not associated with a value
[ 2024-04-03 12:10:47,240 ] 96 werkzeug - INFO - 127.0.0.1 - - [03/Apr/2024 12:10:47] "[35m[1mPOST /openwebcam HTTP/1.1[0m" 500 -
