[ 2024-04-03 11:58:57,110 ] 96 werkzeug - INFO - [31m[1mWARNING: This is a development server. Do not use it in a production deployment. Use a production WSGI server instead.[0m
 * Running on http://127.0.0.1:5000
[ 2024-04-03 11:58:57,110 ] 96 werkzeug - INFO - [33mPress CTRL+C to quit[0m
[ 2024-04-03 11:59:05,119 ] 96 werkzeug - INFO - 127.0.0.1 - - [03/Apr/2024 11:59:05] "GET / HTTP/1.1" 200 -
[ 2024-04-03 11:59:05,200 ] 96 werkzeug - INFO - 127.0.0.1 - - [03/Apr/2024 11:59:05] "[36mGET /static/css/corn%20diplay.png HTTP/1.1[0m" 304 -
[ 2024-04-03 11:59:05,203 ] 96 werkzeug - INFO - 127.0.0.1 - - [03/Apr/2024 11:59:05] "[36mGET /static/css/index.css HTTP/1.1[0m" 304 -
[ 2024-04-03 11:59:05,230 ] 96 werkzeug - INFO - 127.0.0.1 - - [03/Apr/2024 11:59:05] "[35m[1mGET /static/css/corn%20video.mp4 HTTP/1.1[0m" 206 -
[ 2024-04-03 11:59:05,235 ] 96 werkzeug - INFO - 127.0.0.1 - - [03/Apr/2024 11:59:05] "[35m[1mGET /static/css/corn%20video.mp4 HTTP/1.1[0m" 206 -
[ 2024-04-03 11:59:21,511 ] 96 werkzeug - INFO - 127.0.0.1 - - [03/Apr/2024 11:59:21] "POST /openwebcam HTTP/1.1" 200 -
[ 2024-04-03 11:59:21,531 ] 96 werkzeug - INFO - 127.0.0.1 - - [03/Apr/2024 11:59:21] "[36mGET /static/css/displayImage.css HTTP/1.1[0m" 304 -
[ 2024-04-03 11:59:21,533 ] 96 werkzeug - INFO - 127.0.0.1 - - [03/Apr/2024 11:59:21] "[36mGET /static/css/corn%202.jpg HTTP/1.1[0m" 304 -
[ 2024-04-03 11:59:25,912 ] 96 werkzeug - INFO - 127.0.0.1 - - [03/Apr/2024 11:59:25] "POST /RunningMacros HTTP/1.1" 200 -
[ 2024-04-03 11:59:25,922 ] 96 werkzeug - INFO - 127.0.0.1 - - [03/Apr/2024 11:59:25] "[36mGET /static/css/ViewResults.css HTTP/1.1[0m" 304 -
[ 2024-04-03 11:59:25,923 ] 96 werkzeug - INFO - 127.0.0.1 - - [03/Apr/2024 11:59:25] "[36mGET /static/css/corn%201.jpg HTTP/1.1[0m" 304 -
[ 2024-04-03 11:59:27,173 ] 21 root - INFO - New data : 
    Area      X     Y     XM    YM  Perimeter     BX    BY  Width  Height
0  114.0  146.0  27.0  146.0  27.0       41.0  139.0  20.0   12.0    12.0
[ 2024-04-03 11:59:27,378 ] 21 root - INFO - New data : 
    Area      X     Y     XM    YM  Perimeter     BX    BY  Width  Height
0  108.0  254.0  27.0  254.0  27.0       40.0  248.0  21.0   12.0    12.0
[ 2024-04-03 11:59:27,394 ] 21 root - INFO - New data : 
    Area      X     Y     XM    YM  Perimeter     BX    BY  Width  Height
0  109.0  172.0  28.0  172.0  28.0       39.0  167.0  22.0   11.0    12.0
[ 2024-04-03 11:59:27,408 ] 21 root - INFO - New data : 
   Area      X     Y     XM    YM  Perimeter     BX    BY  Width  Height
0  96.0  227.0  27.0  227.0  27.0       38.0  221.0  22.0   11.0    11.0
[ 2024-04-03 11:59:27,422 ] 21 root - INFO - New data : 
    Area     X     Y    XM    YM  Perimeter    BX    BY  Width  Height
0  104.0  91.0  28.0  91.0  28.0       38.0  85.0  22.0   12.0    12.0
[ 2024-04-03 11:59:27,437 ] 21 root - INFO - New data : 
   Area      X     Y     XM    YM  Perimeter     BX    BY  Width  Height
0  97.0  119.0  28.0  119.0  28.0       42.0  113.0  22.0   11.0    11.0
[ 2024-04-03 11:59:27,452 ] 21 root - INFO - New data : 
   Area      X     Y     XM    YM  Perimeter     BX    BY  Width  Height
0  87.0  200.0  28.0  200.0  28.0       35.0  195.0  22.0   10.0    11.0
[ 2024-04-03 11:59:27,465 ] 21 root - INFO - New data : 
    Area     X     Y    XM    YM  Perimeter    BX    BY  Width  Height
0  106.0  18.0  28.0  18.0  28.0       42.0  12.0  22.0   12.0    11.0
[ 2024-04-03 11:59:27,482 ] 21 root - INFO - New data : 
   Area     X     Y    XM    YM  Perimeter    BX    BY  Width  Height
0  97.0  42.0  29.0  42.0  29.0       38.0  36.0  23.0   11.0    11.0
[ 2024-04-03 11:59:27,496 ] 21 root - INFO - New data : 
   Area     X     Y    XM    YM  Perimeter    BX    BY  Width  Height
0  97.0  66.0  29.0  66.0  29.0       41.0  60.0  23.0   12.0    11.0
[ 2024-04-03 11:59:27,511 ] 21 root - INFO - New data : 
    Area      X     Y     XM    YM  Perimeter     BX    BY  Width  Height
0  102.0  255.0  50.0  255.0  50.0       40.0  249.0  45.0   11.0    12.0
[ 2024-04-03 11:59:27,524 ] 21 root - INFO - New data : 
    Area      X     Y     XM    YM  Perimeter     BX    BY  Width  Height
0  102.0  148.0  52.0  148.0  52.0       38.0  142.0  46.0   12.0    12.0
[ 2024-04-03 11:59:27,539 ] 21 root - INFO - New data : 
    Area      X     Y     XM    YM  Perimeter     BX    BY  Width  Height
0  106.0  226.0  53.0  226.0  53.0       39.0  220.0  47.0   12.0    12.0
[ 2024-04-03 11:59:27,553 ] 21 root - INFO - New data : 
    Area      X     Y     XM    YM  Perimeter     BX    BY  Width  Height
0  104.0  199.0  53.0  199.0  53.0       38.0  194.0  48.0   11.0    11.0
[ 2024-04-03 11:59:27,568 ] 21 root - INFO - New data : 
    Area     X     Y    XM    YM  Perimeter    BX    BY  Width  Height
0  113.0  67.0  54.0  67.0  54.0       40.0  61.0  48.0   12.0    12.0
[ 2024-04-03 11:59:27,582 ] 21 root - INFO - New data : 
   Area      X     Y     XM    YM  Perimeter     BX    BY  Width  Height
0  87.0  120.0  53.0  120.0  53.0       35.0  114.0  48.0   10.0    11.0
[ 2024-04-03 11:59:27,598 ] 21 root - INFO - New data : 
   Area     X     Y    XM    YM  Perimeter    BX    BY  Width  Height
0  94.0  93.0  54.0  93.0  54.0       43.0  88.0  49.0   11.0    11.0
[ 2024-04-03 11:59:27,612 ] 21 root - INFO - New data : 
   Area      X     Y     XM    YM  Perimeter     BX    BY  Width  Height
0  95.0  173.0  54.0  173.0  54.0       37.0  168.0  49.0   11.0    11.0
[ 2024-04-03 11:59:27,626 ] 21 root - INFO - New data : 
    Area     X     Y    XM    YM  Perimeter    BX    BY  Width  Height
0  113.0  18.0  55.0  18.0  55.0       41.0  12.0  49.0   12.0    12.0
[ 2024-04-03 11:59:27,643 ] 21 root - INFO - New data : 
   Area     X     Y    XM    YM  Perimeter    BX    BY  Width  Height
0  97.0  43.0  55.0  43.0  55.0       37.0  37.0  50.0   11.0    11.0
[ 2024-04-03 11:59:27,659 ] 21 root - INFO - New data : 
    Area      X     Y     XM    YM  Perimeter     BX    BY  Width  Height
0  107.0  253.0  73.0  253.0  73.0       42.0  248.0  68.0   12.0    12.0
[ 2024-04-03 11:59:27,678 ] 21 root - INFO - New data : 
    Area      X     Y     XM    YM  Perimeter     BX    BY  Width  Height
0  101.0  226.0  75.0  226.0  75.0       37.0  220.0  69.0   11.0    12.0
[ 2024-04-03 11:59:27,694 ] 21 root - INFO - New data : 
    Area      X     Y     XM    YM  Perimeter     BX    BY  Width  Height
0  105.0  173.0  77.0  173.0  77.0       39.0  167.0  70.0   12.0    12.0
[ 2024-04-03 11:59:27,708 ] 21 root - INFO - New data : 
   Area      X     Y     XM    YM  Perimeter     BX    BY  Width  Height
0  93.0  200.0  76.0  200.0  76.0       41.0  195.0  70.0   10.0    11.0
[ 2024-04-03 11:59:27,722 ] 21 root - INFO - New data : 
    Area      X     Y     XM    YM  Perimeter     BX    BY  Width  Height
0  112.0  120.0  77.0  120.0  77.0       40.0  114.0  71.0   12.0    12.0
[ 2024-04-03 11:59:27,736 ] 21 root - INFO - New data : 
    Area      X     Y     XM    YM  Perimeter     BX    BY  Width  Height
0  112.0  149.0  77.0  149.0  77.0       42.0  143.0  71.0   12.0    13.0
[ 2024-04-03 11:59:27,750 ] 21 root - INFO - New data : 
    Area     X     Y    XM    YM  Perimeter    BX    BY  Width  Height
0  108.0  93.0  78.0  93.0  78.0       39.0  87.0  72.0   12.0    12.0
[ 2024-04-03 11:59:27,764 ] 21 root - INFO - New data : 
    Area     X     Y    XM    YM  Perimeter    BX    BY  Width  Height
0  111.0  68.0  80.0  68.0  80.0       42.0  62.0  74.0   12.0    12.0
[ 2024-04-03 11:59:27,778 ] 21 root - INFO - New data : 
    Area     X     Y    XM    YM  Perimeter    BX    BY  Width  Height
0  111.0  18.0  80.0  18.0  80.0       41.0  12.0  75.0   12.0    11.0
[ 2024-04-03 11:59:27,792 ] 21 root - INFO - New data : 
    Area     X     Y    XM    YM  Perimeter    BX    BY  Width  Height
0  113.0  43.0  81.0  43.0  81.0       42.0  37.0  76.0   12.0    12.0
[ 2024-04-03 11:59:27,806 ] 21 root - INFO - New data : 
   Area      X     Y     XM    YM  Perimeter     BX    BY  Width  Height
0  99.0  254.0  99.0  254.0  99.0       43.0  248.0  93.0   13.0    11.0
[ 2024-04-03 11:59:27,820 ] 21 root - INFO - New data : 
    Area      X      Y     XM     YM  Perimeter     BX    BY  Width  Height
0  105.0  226.0  100.0  226.0  100.0       39.0  220.0  94.0   11.0    12.0
[ 2024-04-03 11:59:27,836 ] 21 root - INFO - New data : 
   Area      X      Y     XM     YM  Perimeter     BX    BY  Width  Height
0  98.0  200.0  100.0  200.0  100.0       37.0  195.0  95.0   11.0    11.0
[ 2024-04-03 11:59:27,850 ] 21 root - INFO - New data : 
   Area      X      Y     XM     YM  Perimeter     BX    BY  Width  Height
0  77.0  174.0  100.0  174.0  100.0       33.0  169.0  95.0   10.0    10.0
[ 2024-04-03 11:59:27,865 ] 21 root - INFO - New data : 
    Area      X      Y     XM     YM  Perimeter     BX    BY  Width  Height
0  103.0  150.0  102.0  150.0  102.0       38.0  144.0  96.0   12.0    12.0
[ 2024-04-03 11:59:27,879 ] 21 root - INFO - New data : 
    Area      X      Y     XM     YM  Perimeter     BX    BY  Width  Height
0  108.0  121.0  102.0  121.0  102.0       39.0  115.0  96.0   12.0    12.0
[ 2024-04-03 11:59:27,893 ] 21 root - INFO - New data : 
    Area     X      Y    XM     YM  Perimeter    BX    BY  Width  Height
0  107.0  94.0  102.0  94.0  102.0       39.0  88.0  96.0   12.0    12.0
[ 2024-04-03 11:59:27,906 ] 21 root - INFO - New data : 
   Area     X      Y    XM     YM  Perimeter    BX    BY  Width  Height
0  98.0  69.0  102.0  69.0  102.0       41.0  63.0  97.0   12.0    11.0
[ 2024-04-03 11:59:27,920 ] 21 root - INFO - New data : 
    Area     X      Y    XM     YM  Perimeter    BX    BY  Width  Height
0  100.0  44.0  104.0  44.0  104.0       47.0  38.0  99.0   12.0    11.0
[ 2024-04-03 11:59:27,934 ] 21 root - INFO - New data : 
    Area     X      Y    XM     YM  Perimeter    BX     BY  Width  Height
0  104.0  19.0  105.0  19.0  105.0       38.0  14.0  100.0   12.0    11.0
[ 2024-04-03 11:59:27,948 ] 21 root - INFO - New data : 
    Area      X      Y     XM     YM  Perimeter     BX     BY  Width  Height
0  102.0  252.0  122.0  252.0  122.0       38.0  246.0  116.0   11.0    11.0
[ 2024-04-03 11:59:27,963 ] 21 root - INFO - New data : 
    Area      X      Y     XM     YM  Perimeter     BX     BY  Width  Height
0  100.0  225.0  122.0  225.0  122.0       37.0  220.0  116.0   11.0    11.0
[ 2024-04-03 11:59:27,978 ] 21 root - INFO - New data : 
   Area      X      Y     XM     YM  Perimeter     BX     BY  Width  Height
0  93.0  200.0  122.0  200.0  122.0       36.0  195.0  117.0   11.0    11.0
[ 2024-04-03 11:59:27,993 ] 21 root - INFO - New data : 
   Area      X      Y     XM     YM  Perimeter     BX     BY  Width  Height
0  75.0  174.0  123.0  174.0  123.0       39.0  170.0  118.0   10.0    10.0
[ 2024-04-03 11:59:28,007 ] 21 root - INFO - New data : 
   Area      X      Y     XM     YM  Perimeter     BX     BY  Width  Height
0  86.0  150.0  124.0  150.0  124.0       43.0  145.0  119.0   11.0    10.0
[ 2024-04-03 11:59:28,022 ] 21 root - INFO - New data : 
    Area      X      Y     XM     YM  Perimeter     BX     BY  Width  Height
0  107.0  121.0  126.0  121.0  126.0       39.0  115.0  120.0   12.0    11.0
[ 2024-04-03 11:59:28,038 ] 21 root - INFO - New data : 
    Area     X      Y    XM     YM  Perimeter    BX     BY  Width  Height
0  107.0  95.0  126.0  95.0  126.0       39.0  89.0  120.0   12.0    11.0
[ 2024-04-03 11:59:28,052 ] 21 root - INFO - New data : 
    Area     X      Y    XM     YM  Perimeter    BX     BY  Width  Height
0  110.0  70.0  127.0  70.0  127.0       40.0  64.0  121.0   12.0    12.0
[ 2024-04-03 11:59:28,066 ] 21 root - INFO - New data : 
    Area     X      Y    XM     YM  Perimeter    BX     BY  Width  Height
0  106.0  45.0  127.0  45.0  127.0       39.0  39.0  122.0   12.0    11.0
[ 2024-04-03 11:59:28,080 ] 21 root - INFO - New data : 
   Area     X      Y    XM     YM  Perimeter    BX     BY  Width  Height
0  89.0  21.0  127.0  21.0  127.0       44.0  15.0  122.0   11.0    10.0
[ 2024-04-03 11:59:28,094 ] 21 root - INFO - New data : 
    Area      X      Y     XM     YM  Perimeter     BX     BY  Width  Height
0  103.0  253.0  144.0  253.0  144.0       38.0  247.0  138.0   12.0    11.0
[ 2024-04-03 11:59:28,108 ] 21 root - INFO - New data : 
   Area      X      Y     XM     YM  Perimeter     BX     BY  Width  Height
0  86.0  226.0  143.0  226.0  143.0       35.0  221.0  138.0   10.0    11.0
[ 2024-04-03 11:59:28,124 ] 21 root - INFO - New data : 
   Area      X      Y     XM     YM  Perimeter     BX     BY  Width  Height
0  98.0  201.0  145.0  201.0  145.0       37.0  195.0  140.0   11.0    11.0
[ 2024-04-03 11:59:28,142 ] 21 root - INFO - New data : 
   Area      X      Y     XM     YM  Perimeter     BX     BY  Width  Height
0  92.0  175.0  146.0  175.0  146.0       40.0  170.0  141.0   11.0    11.0
[ 2024-04-03 11:59:28,156 ] 21 root - INFO - New data : 
    Area      X      Y     XM     YM  Perimeter     BX     BY  Width  Height
0  103.0  150.0  147.0  150.0  147.0       38.0  144.0  141.0   12.0    12.0
[ 2024-04-03 11:59:28,172 ] 21 root - INFO - New data : 
   Area      X      Y     XM     YM  Perimeter     BX     BY  Width  Height
0  96.0  122.0  149.0  122.0  149.0       46.0  117.0  143.0   11.0    11.0
[ 2024-04-03 11:59:28,191 ] 21 root - INFO - New data : 
    Area     X      Y    XM     YM  Perimeter    BX     BY  Width  Height
0  109.0  71.0  150.0  71.0  150.0       40.0  66.0  144.0   12.0    12.0
[ 2024-04-03 11:59:28,205 ] 21 root - INFO - New data : 
   Area     X      Y    XM     YM  Perimeter    BX     BY  Width  Height
0  98.0  96.0  150.0  96.0  150.0       38.0  90.0  144.0   12.0    11.0
[ 2024-04-03 11:59:28,220 ] 21 root - INFO - New data : 
    Area     X      Y    XM     YM  Perimeter    BX     BY  Width  Height
0  109.0  46.0  151.0  46.0  151.0       41.0  40.0  145.0   12.0    12.0
[ 2024-04-03 11:59:28,234 ] 21 root - INFO - New data : 
    Area     X      Y    XM     YM  Perimeter    BX     BY  Width  Height
0  111.0  21.0  151.0  21.0  151.0       39.0  15.0  146.0   12.0    12.0
[ 2024-04-03 11:59:28,249 ] 21 root - INFO - New data : 
    Area      X      Y     XM     YM  Perimeter     BX     BY  Width  Height
0  102.0  254.0  174.0  254.0  174.0       38.0  248.0  169.0   12.0    12.0
[ 2024-04-03 11:59:28,263 ] 21 root - INFO - New data : 
    Area      X      Y     XM     YM  Perimeter     BX     BY  Width  Height
0  101.0  225.0  174.0  225.0  174.0       38.0  219.0  169.0   12.0    12.0
[ 2024-04-03 11:59:28,278 ] 21 root - INFO - New data : 
    Area      X      Y     XM     YM  Perimeter     BX     BY  Width  Height
0  102.0  174.0  175.0  174.0  175.0       38.0  168.0  169.0   11.0    12.0
[ 2024-04-03 11:59:28,292 ] 21 root - INFO - New data : 
   Area      X      Y     XM     YM  Perimeter     BX     BY  Width  Height
0  91.0  200.0  174.0  200.0  174.0       37.0  194.0  169.0   11.0    11.0
[ 2024-04-03 11:59:28,309 ] 21 root - INFO - New data : 
    Area      X      Y     XM     YM  Perimeter     BX     BY  Width  Height
0  107.0  150.0  176.0  150.0  176.0       40.0  144.0  170.0   12.0    12.0
[ 2024-04-03 11:59:28,324 ] 21 root - INFO - New data : 
   Area      X      Y     XM     YM  Perimeter     BX     BY  Width  Height
0  97.0  122.0  176.0  122.0  176.0       38.0  117.0  170.0   11.0    12.0
[ 2024-04-03 11:59:28,338 ] 21 root - INFO - New data : 
    Area     X      Y    XM     YM  Perimeter    BX     BY  Width  Height
0  110.0  96.0  177.0  96.0  177.0       40.0  90.0  171.0   12.0    12.0
[ 2024-04-03 11:59:28,352 ] 21 root - INFO - New data : 
    Area     X      Y    XM     YM  Perimeter    BX     BY  Width  Height
0  109.0  23.0  178.0  23.0  178.0       39.0  17.0  172.0   12.0    11.0
[ 2024-04-03 11:59:28,366 ] 21 root - INFO - New data : 
   Area     X      Y    XM     YM  Perimeter    BX     BY  Width  Height
0  92.0  73.0  179.0  73.0  179.0       36.0  67.0  173.0   11.0    11.0
[ 2024-04-03 11:59:28,381 ] 21 root - INFO - New data : 
    Area     X      Y    XM     YM  Perimeter    BX     BY  Width  Height
0  104.0  47.0  179.0  47.0  179.0       38.0  42.0  173.0   12.0    11.0
[ 2024-04-03 11:59:28,398 ] 21 root - INFO - New data : 
    Area      X      Y     XM     YM  Perimeter     BX     BY  Width  Height
0  102.0  226.0  201.0  226.0  201.0       38.0  220.0  195.0   11.0    12.0
[ 2024-04-03 11:59:28,415 ] 21 root - INFO - New data : 
    Area      X      Y     XM     YM  Perimeter     BX     BY  Width  Height
0  110.0  200.0  201.0  200.0  201.0       40.0  194.0  195.0   11.0    12.0
[ 2024-04-03 11:59:28,429 ] 21 root - INFO - New data : 
    Area      X      Y     XM     YM  Perimeter     BX     BY  Width  Height
0  103.0  252.0  201.0  252.0  201.0       38.0  247.0  196.0   11.0    12.0
[ 2024-04-03 11:59:28,442 ] 21 root - INFO - New data : 
    Area      X      Y     XM     YM  Perimeter     BX     BY  Width  Height
0  117.0  151.0  202.0  151.0  202.0       44.0  145.0  196.0   12.0    13.0
[ 2024-04-03 11:59:28,457 ] 21 root - INFO - New data : 
    Area      X      Y     XM     YM  Perimeter     BX     BY  Width  Height
0  100.0  175.0  202.0  175.0  202.0       38.0  169.0  196.0   11.0    12.0
[ 2024-04-03 11:59:28,471 ] 21 root - INFO - New data : 
   Area      X      Y     XM     YM  Perimeter     BX     BY  Width  Height
0  91.0  123.0  202.0  123.0  202.0       41.0  118.0  196.0   11.0    11.0
[ 2024-04-03 11:59:28,485 ] 21 root - INFO - New data : 
    Area     X      Y    XM     YM  Perimeter    BX     BY  Width  Height
0  115.0  98.0  203.0  98.0  203.0       41.0  92.0  197.0   13.0    12.0
[ 2024-04-03 11:59:28,500 ] 21 root - INFO - New data : 
    Area     X      Y    XM     YM  Perimeter    BX     BY  Width  Height
0  107.0  74.0  203.0  74.0  203.0       39.0  68.0  198.0   12.0    11.0
[ 2024-04-03 11:59:28,515 ] 21 root - INFO - New data : 
    Area     X      Y    XM     YM  Perimeter    BX     BY  Width  Height
0  114.0  24.0  204.0  24.0  204.0       40.0  18.0  198.0   12.0    12.0
[ 2024-04-03 11:59:28,529 ] 21 root - INFO - New data : 
   Area     X      Y    XM     YM  Perimeter    BX     BY  Width  Height
0  96.0  48.0  206.0  48.0  206.0       37.0  43.0  200.0   12.0    11.0
[ 2024-04-03 11:59:28,543 ] 21 root - INFO - New data : 
   Area      X      Y     XM     YM  Perimeter     BX     BY  Width  Height
0  95.0  225.0  226.0  225.0  226.0       38.0  220.0  220.0   11.0    12.0
[ 2024-04-03 11:59:28,558 ] 21 root - INFO - New data : 
    Area      X      Y     XM     YM  Perimeter     BX     BY  Width  Height
0  105.0  254.0  226.0  254.0  226.0       44.0  248.0  220.0   11.0    12.0
[ 2024-04-03 11:59:28,574 ] 21 root - INFO - New data : 
    Area      X      Y     XM     YM  Perimeter     BX     BY  Width  Height
0  101.0  176.0  226.0  176.0  226.0       38.0  170.0  221.0   11.0    12.0
[ 2024-04-03 11:59:28,589 ] 21 root - INFO - New data : 
    Area      X      Y     XM     YM  Perimeter     BX     BY  Width  Height
0  101.0  201.0  227.0  201.0  227.0       38.0  196.0  221.0   10.0    12.0
[ 2024-04-03 11:59:28,604 ] 21 root - INFO - New data : 
    Area      X      Y     XM     YM  Perimeter     BX     BY  Width  Height
0  111.0  151.0  228.0  151.0  228.0       41.0  144.0  221.0   12.0    13.0
[ 2024-04-03 11:59:28,618 ] 21 root - INFO - New data : 
    Area      X      Y     XM     YM  Perimeter     BX     BY  Width  Height
0  112.0  122.0  228.0  122.0  228.0       40.0  116.0  222.0   12.0    12.0
[ 2024-04-03 11:59:28,632 ] 21 root - INFO - New data : 
    Area     X      Y    XM     YM  Perimeter    BX     BY  Width  Height
0  109.0  99.0  229.0  99.0  229.0       39.0  93.0  222.0   12.0    12.0
[ 2024-04-03 11:59:28,646 ] 21 root - INFO - New data : 
    Area     X      Y    XM     YM  Perimeter    BX     BY  Width  Height
0  108.0  75.0  229.0  75.0  229.0       39.0  69.0  223.0   12.0    12.0
[ 2024-04-03 11:59:28,660 ] 21 root - INFO - New data : 
    Area     X      Y    XM     YM  Perimeter    BX     BY  Width  Height
0  120.0  25.0  230.0  25.0  230.0       41.0  19.0  223.0   12.0    12.0
[ 2024-04-03 11:59:28,673 ] 21 root - INFO - New data : 
    Area     X      Y    XM     YM  Perimeter    BX     BY  Width  Height
0  105.0  50.0  231.0  50.0  231.0       39.0  45.0  225.0   12.0    12.0
[ 2024-04-03 11:59:28,687 ] 21 root - INFO - New data : 
    Area      X      Y     XM     YM  Perimeter     BX     BY  Width  Height
0  115.0  224.0  251.0  224.0  251.0       41.0  218.0  245.0   12.0    12.0
[ 2024-04-03 11:59:28,701 ] 21 root - INFO - New data : 
    Area      X      Y     XM     YM  Perimeter     BX     BY  Width  Height
0  106.0  254.0  251.0  254.0  251.0       40.0  248.0  245.0   12.0    12.0
[ 2024-04-03 11:59:28,716 ] 21 root - INFO - New data : 
    Area      X      Y     XM     YM  Perimeter     BX     BY  Width  Height
0  108.0  201.0  252.0  201.0  252.0       40.0  195.0  246.0   11.0    12.0
[ 2024-04-03 11:59:28,731 ] 21 root - INFO - New data : 
    Area      X      Y     XM     YM  Perimeter     BX     BY  Width  Height
0  110.0  176.0  254.0  176.0  254.0       40.0  170.0  248.0   12.0    12.0
[ 2024-04-03 11:59:28,786 ] 21 root - INFO - New data : 
   Area     X      Y    XM     YM  Perimeter    BX     BY  Width  Height
0  99.0  76.0  254.0  76.0  254.0       55.0  70.0  248.0   12.0    12.0
[ 2024-04-03 11:59:28,800 ] 21 root - INFO - New data : 
   Area      X      Y     XM     YM  Perimeter     BX     BY  Width  Height
0  96.0  151.0  254.0  151.0  254.0       37.0  145.0  248.0   11.0    11.0
[ 2024-04-03 11:59:28,814 ] 21 root - INFO - New data : 
    Area     X      Y    XM     YM  Perimeter    BX     BY  Width  Height
0  112.0  52.0  254.0  52.0  254.0       39.0  46.0  248.0   12.0    12.0
[ 2024-04-03 11:59:28,828 ] 21 root - INFO - New data : 
    Area     X      Y    XM     YM  Perimeter    BX     BY  Width  Height
0  119.0  26.0  255.0  26.0  255.0       42.0  20.0  249.0   12.0    12.0
[ 2024-04-03 11:59:28,842 ] 21 root - INFO - New data : 
   Area      X      Y     XM     YM  Perimeter    BX     BY  Width  Height
0  94.0  100.0  254.0  100.0  254.0       37.0  94.0  249.0   11.0    12.0
[ 2024-04-03 11:59:28,856 ] 21 root - INFO - New data : 
    Area      X      Y     XM     YM  Perimeter     BX     BY  Width  Height
0  104.0  124.0  255.0  124.0  255.0       38.0  118.0  249.0   12.0    12.0
[ 2024-04-03 11:59:28,867 ] 96 werkzeug - INFO - 127.0.0.1 - - [03/Apr/2024 11:59:28] "POST /showingResults HTTP/1.1" 200 -
[ 2024-04-03 11:59:28,876 ] 96 werkzeug - INFO - 127.0.0.1 - - [03/Apr/2024 11:59:28] "[33mGET /get_data/imageData/outline.jpg HTTP/1.1[0m" 404 -
[ 2024-04-03 11:59:28,877 ] 96 werkzeug - INFO - 127.0.0.1 - - [03/Apr/2024 11:59:28] "[36mGET /static/css/Results.css HTTP/1.1[0m" 304 -
