[ 2024-04-02 23:05:05,534 ] 21 root - INFO - New data : 
   Area     X      Y     XM     YM  Perimeter     BX     BY  Width  Height
0  90.0  16.0  455.0  200.0  100.0       30.0  100.0  100.0   20.0    20.0
[ 2024-04-02 23:05:08,686 ] 21 root - INFO - New data : 
    Area      X     Y     XM    YM  Perimeter     BX    BY  Width  Height
0  100.0  198.0  25.0  198.0  25.0       38.0  193.0  19.0   11.0    11.0
[ 2024-04-02 23:05:10,816 ] 21 root - INFO - New data : 
    Area      X     Y     XM    YM  Perimeter     BX    BY  Width  Height
0  100.0  198.0  25.0  198.0  25.0       38.0  193.0  19.0   11.0    11.0
[ 2024-04-02 23:05:10,831 ] 21 root - INFO - New data : 
   Area      X     Y     XM    YM  Perimeter     BX    BY  Width  Height
0  91.0  159.0  25.0  159.0  25.0       36.0  154.0  20.0   10.0    11.0
[ 2024-04-02 23:05:10,845 ] 21 root - INFO - New data : 
   Area      X     Y     XM    YM  Perimeter     BX    BY  Width  Height
0  89.0  175.0  25.0  175.0  25.0       37.0  170.0  20.0   11.0    11.0
[ 2024-04-02 23:05:10,857 ] 21 root - INFO - New data : 
   Area      X     Y     XM    YM  Perimeter     BX    BY  Width  Height
0  92.0  121.0  25.0  121.0  25.0       37.0  115.0  20.0   10.0    11.0
[ 2024-04-02 23:05:10,870 ] 21 root - INFO - New data : 
   Area      X     Y     XM    YM  Perimeter     BX    BY  Width  Height
0  94.0  140.0  26.0  140.0  26.0       41.0  134.0  20.0   11.0    11.0
[ 2024-04-02 23:05:10,882 ] 21 root - INFO - New data : 
    Area     X     Y    XM    YM  Perimeter    BX    BY  Width  Height
0  104.0  83.0  26.0  83.0  26.0       40.0  77.0  20.0   11.0    12.0
[ 2024-04-02 23:05:10,894 ] 21 root - INFO - New data : 
   Area      X     Y     XM    YM  Perimeter    BX    BY  Width  Height
0  97.0  103.0  26.0  103.0  26.0       38.0  98.0  21.0   11.0    12.0
[ 2024-04-02 23:05:10,908 ] 21 root - INFO - New data : 
   Area     X     Y    XM    YM  Perimeter    BX    BY  Width  Height
0  99.0  62.0  27.0  62.0  27.0       40.0  55.0  21.0   12.0    11.0
[ 2024-04-02 23:05:10,922 ] 21 root - INFO - New data : 
   Area     X     Y    XM    YM  Perimeter    BX    BY  Width  Height
0  98.0  43.0  27.0  43.0  27.0       41.0  38.0  22.0   11.0    11.0
[ 2024-04-02 23:05:10,934 ] 21 root - INFO - New data : 
    Area     X     Y    XM    YM  Perimeter    BX    BY  Width  Height
0  105.0  24.0  28.0  24.0  28.0       40.0  18.0  22.0   12.0    12.0
[ 2024-04-02 23:05:10,947 ] 21 root - INFO - New data : 
    Area      X     Y     XM    YM  Perimeter     BX    BY  Width  Height
0  103.0  198.0  46.0  198.0  46.0       38.0  192.0  40.0   12.0    11.0
[ 2024-04-02 23:05:10,959 ] 21 root - INFO - New data : 
    Area      X     Y     XM    YM  Perimeter     BX    BY  Width  Height
0  100.0  160.0  47.0  160.0  47.0       38.0  154.0  41.0   12.0    11.0
[ 2024-04-02 23:05:10,971 ] 21 root - INFO - New data : 
    Area      X     Y     XM    YM  Perimeter     BX    BY  Width  Height
0  100.0  142.0  47.0  142.0  47.0       39.0  137.0  41.0   11.0    11.0
[ 2024-04-02 23:05:10,984 ] 21 root - INFO - New data : 
   Area     X     Y    XM    YM  Perimeter    BX    BY  Width  Height
0  99.0  84.0  47.0  84.0  47.0       38.0  78.0  42.0   11.0    11.0
[ 2024-04-02 23:05:10,996 ] 21 root - INFO - New data : 
    Area      X     Y     XM    YM  Perimeter     BX    BY  Width  Height
0  100.0  179.0  47.0  179.0  47.0       40.0  172.0  42.0   12.0    11.0
[ 2024-04-02 23:05:11,009 ] 21 root - INFO - New data : 
   Area      X     Y     XM    YM  Perimeter     BX    BY  Width  Height
0  85.0  122.0  47.0  122.0  47.0       35.0  116.0  42.0   11.0    10.0
[ 2024-04-02 23:05:11,021 ] 21 root - INFO - New data : 
   Area     X     Y    XM    YM  Perimeter    BX    BY  Width  Height
0  99.0  63.0  48.0  63.0  48.0       38.0  57.0  42.0   11.0    12.0
[ 2024-04-02 23:05:11,036 ] 21 root - INFO - New data : 
   Area      X     Y     XM    YM  Perimeter    BX    BY  Width  Height
0  92.0  102.0  48.0  102.0  48.0       36.0  96.0  42.0   11.0    11.0
[ 2024-04-02 23:05:11,049 ] 21 root - INFO - New data : 
    Area     X     Y    XM    YM  Perimeter    BX    BY  Width  Height
0  105.0  44.0  48.0  44.0  48.0       44.0  37.0  43.0   12.0    12.0
[ 2024-04-02 23:05:11,066 ] 21 root - INFO - New data : 
   Area     X     Y    XM    YM  Perimeter    BX    BY  Width  Height
0  91.0  25.0  49.0  25.0  49.0       40.0  19.0  43.0   12.0    11.0
[ 2024-04-02 23:05:11,080 ] 21 root - INFO - New data : 
    Area      X     Y     XM    YM  Perimeter     BX    BY  Width  Height
0  106.0  122.0  66.0  122.0  66.0       39.0  115.0  61.0   12.0    12.0
[ 2024-04-02 23:05:11,091 ] 21 root - INFO - New data : 
   Area      X     Y     XM    YM  Perimeter     BX    BY  Width  Height
0  85.0  142.0  66.0  142.0  66.0       41.0  136.0  61.0   10.0    11.0
[ 2024-04-02 23:05:11,104 ] 21 root - INFO - New data : 
    Area      X     Y     XM    YM  Perimeter     BX    BY  Width  Height
0  106.0  160.0  67.0  160.0  67.0       40.0  153.0  61.0   12.0    11.0
[ 2024-04-02 23:05:11,116 ] 21 root - INFO - New data : 
   Area     X     Y    XM    YM  Perimeter    BX    BY  Width  Height
0  99.0  82.0  67.0  82.0  67.0       38.0  76.0  61.0   11.0    11.0
[ 2024-04-02 23:05:11,129 ] 21 root - INFO - New data : 
   Area      X     Y     XM    YM  Perimeter    BX    BY  Width  Height
0  95.0  100.0  67.0  100.0  67.0       38.0  94.0  61.0   11.0    11.0
[ 2024-04-02 23:05:11,142 ] 21 root - INFO - New data : 
    Area     X     Y    XM    YM  Perimeter    BX    BY  Width  Height
0  104.0  64.0  68.0  64.0  68.0       38.0  58.0  62.0   11.0    12.0
[ 2024-04-02 23:05:11,153 ] 21 root - INFO - New data : 
    Area     X     Y    XM    YM  Perimeter    BX    BY  Width  Height
0  109.0  45.0  68.0  45.0  68.0       42.0  38.0  62.0   13.0    12.0
[ 2024-04-02 23:05:11,166 ] 21 root - INFO - New data : 
   Area      X     Y     XM    YM  Perimeter     BX    BY  Width  Height
0  98.0  198.0  67.0  198.0  67.0       37.0  192.0  62.0   11.0    11.0
[ 2024-04-02 23:05:11,178 ] 21 root - INFO - New data : 
   Area     X     Y    XM    YM  Perimeter    BX    BY  Width  Height
0  94.0  25.0  68.0  25.0  68.0       37.0  19.0  62.0   11.0    11.0
[ 2024-04-02 23:05:11,191 ] 21 root - INFO - New data : 
   Area      X     Y     XM    YM  Perimeter     BX    BY  Width  Height
0  98.0  179.0  68.0  179.0  68.0       38.0  173.0  62.0   11.0    11.0
[ 2024-04-02 23:05:11,203 ] 21 root - INFO - New data : 
    Area      X     Y     XM    YM  Perimeter     BX    BY  Width  Height
0  103.0  159.0  87.0  159.0  87.0       39.0  153.0  81.0   11.0    12.0
[ 2024-04-02 23:05:11,218 ] 21 root - INFO - New data : 
   Area      X     Y     XM    YM  Perimeter     BX    BY  Width  Height
0  93.0  141.0  87.0  141.0  87.0       36.0  135.0  81.0   11.0    11.0
[ 2024-04-02 23:05:11,230 ] 21 root - INFO - New data : 
    Area      X     Y     XM    YM  Perimeter    BX    BY  Width  Height
0  105.0  101.0  87.0  101.0  87.0       39.0  95.0  81.0   11.0    12.0
[ 2024-04-02 23:05:11,246 ] 21 root - INFO - New data : 
   Area      X     Y     XM    YM  Perimeter     BX    BY  Width  Height
0  93.0  121.0  87.0  121.0  87.0       37.0  115.0  81.0   11.0    11.0
[ 2024-04-02 23:05:11,262 ] 21 root - INFO - New data : 
    Area     X     Y    XM    YM  Perimeter    BX    BY  Width  Height
0  102.0  46.0  87.0  46.0  87.0       40.0  40.0  82.0   12.0    12.0
[ 2024-04-02 23:05:11,278 ] 21 root - INFO - New data : 
    Area     X     Y    XM    YM  Perimeter    BX    BY  Width  Height
0  109.0  82.0  87.0  82.0  87.0       39.0  77.0  82.0   11.0    12.0
[ 2024-04-02 23:05:11,292 ] 21 root - INFO - New data : 
   Area     X     Y    XM    YM  Perimeter    BX    BY  Width  Height
0  79.0  64.0  87.0  64.0  87.0       33.0  58.0  82.0   10.0    10.0
[ 2024-04-02 23:05:11,306 ] 21 root - INFO - New data : 
   Area     X     Y    XM    YM  Perimeter    BX    BY  Width  Height
0  95.0  25.0  88.0  25.0  88.0       37.0  19.0  82.0   11.0    11.0
[ 2024-04-02 23:05:11,321 ] 21 root - INFO - New data : 
    Area      X     Y     XM    YM  Perimeter     BX    BY  Width  Height
0  107.0  179.0  88.0  179.0  88.0       42.0  172.0  82.0   13.0    11.0
[ 2024-04-02 23:05:11,334 ] 21 root - INFO - New data : 
   Area      X     Y     XM    YM  Perimeter     BX    BY  Width  Height
0  96.0  199.0  88.0  199.0  88.0       39.0  193.0  82.0   11.0    11.0
[ 2024-04-02 23:05:11,351 ] 21 root - INFO - New data : 
    Area     X      Y    XM     YM  Perimeter    BX     BY  Width  Height
0  102.0  81.0  107.0  81.0  107.0       38.0  75.0  101.0   12.0    12.0
[ 2024-04-02 23:05:11,365 ] 21 root - INFO - New data : 
   Area      X      Y     XM     YM  Perimeter    BX     BY  Width  Height
0  96.0  101.0  107.0  101.0  107.0       37.0  95.0  101.0   11.0    11.0
[ 2024-04-02 23:05:11,379 ] 21 root - INFO - New data : 
    Area      X      Y     XM     YM  Perimeter     BX     BY  Width  Height
0  101.0  159.0  107.0  159.0  107.0       38.0  154.0  101.0   11.0    11.0
[ 2024-04-02 23:05:11,393 ] 21 root - INFO - New data : 
    Area     X      Y    XM     YM  Perimeter    BX     BY  Width  Height
0  102.0  63.0  107.0  63.0  107.0       38.0  57.0  102.0   11.0    11.0
[ 2024-04-02 23:05:11,407 ] 21 root - INFO - New data : 
    Area     X      Y    XM     YM  Perimeter    BX     BY  Width  Height
0  101.0  44.0  107.0  44.0  107.0       38.0  38.0  102.0   12.0    11.0
[ 2024-04-02 23:05:11,420 ] 21 root - INFO - New data : 
   Area      X      Y     XM     YM  Perimeter     BX     BY  Width  Height
0  92.0  121.0  107.0  121.0  107.0       41.0  115.0  102.0   11.0    11.0
[ 2024-04-02 23:05:11,432 ] 21 root - INFO - New data : 
   Area      X      Y     XM     YM  Perimeter     BX     BY  Width  Height
0  94.0  140.0  107.0  140.0  107.0       37.0  135.0  102.0   10.0    11.0
[ 2024-04-02 23:05:11,446 ] 21 root - INFO - New data : 
   Area     X      Y    XM     YM  Perimeter    BX     BY  Width  Height
0  80.0  24.0  107.0  24.0  107.0       35.0  18.0  102.0   11.0    10.0
[ 2024-04-02 23:05:11,461 ] 21 root - INFO - New data : 
    Area      X      Y     XM     YM  Perimeter     BX     BY  Width  Height
0  105.0  199.0  108.0  199.0  108.0       39.0  192.0  102.0   12.0    12.0
[ 2024-04-02 23:05:11,477 ] 21 root - INFO - New data : 
   Area      X      Y     XM     YM  Perimeter     BX     BY  Width  Height
0  87.0  180.0  109.0  180.0  109.0       35.0  174.0  104.0   11.0    10.0
[ 2024-04-02 23:05:11,491 ] 21 root - INFO - New data : 
   Area      X      Y     XM     YM  Perimeter     BX     BY  Width  Height
0  97.0  178.0  129.0  178.0  129.0       37.0  172.0  123.0   12.0    11.0
[ 2024-04-02 23:05:11,505 ] 21 root - INFO - New data : 
   Area      X      Y     XM     YM  Perimeter     BX     BY  Width  Height
0  96.0  157.0  129.0  157.0  129.0       37.0  152.0  124.0   11.0    11.0
[ 2024-04-02 23:05:11,524 ] 21 root - INFO - New data : 
   Area      X      Y     XM     YM  Perimeter    BX     BY  Width  Height
0  97.0  100.0  129.0  100.0  129.0       37.0  94.0  124.0   11.0    11.0
[ 2024-04-02 23:05:11,538 ] 21 root - INFO - New data : 
   Area      X      Y     XM     YM  Perimeter     BX     BY  Width  Height
0  89.0  138.0  129.0  138.0  129.0       36.0  132.0  124.0   11.0    10.0
[ 2024-04-02 23:05:11,551 ] 21 root - INFO - New data : 
   Area      X      Y     XM     YM  Perimeter     BX     BY  Width  Height
0  92.0  199.0  129.0  199.0  129.0       36.0  192.0  124.0   12.0    10.0
[ 2024-04-02 23:05:11,565 ] 21 root - INFO - New data : 
    Area     X      Y    XM     YM  Perimeter    BX     BY  Width  Height
0  101.0  45.0  130.0  45.0  130.0       38.0  39.0  124.0   12.0    11.0
[ 2024-04-02 23:05:11,579 ] 21 root - INFO - New data : 
   Area      X      Y     XM     YM  Perimeter     BX     BY  Width  Height
0  88.0  120.0  129.0  120.0  129.0       36.0  115.0  124.0   10.0    10.0
[ 2024-04-02 23:05:11,594 ] 21 root - INFO - New data : 
    Area     X      Y    XM     YM  Perimeter    BX     BY  Width  Height
0  102.0  23.0  130.0  23.0  130.0       39.0  16.0  124.0   12.0    11.0
[ 2024-04-02 23:05:11,607 ] 21 root - INFO - New data : 
    Area     X      Y    XM     YM  Perimeter    BX     BY  Width  Height
0  100.0  62.0  129.0  62.0  129.0       38.0  56.0  124.0   12.0    11.0
[ 2024-04-02 23:05:11,622 ] 21 root - INFO - New data : 
   Area     X      Y    XM     YM  Perimeter    BX     BY  Width  Height
0  93.0  82.0  130.0  82.0  130.0       36.0  76.0  124.0   11.0    11.0
[ 2024-04-02 23:05:11,637 ] 21 root - INFO - New data : 
   Area      X      Y     XM     YM  Perimeter     BX     BY  Width  Height
0  96.0  200.0  148.0  200.0  148.0       45.0  192.0  142.0   13.0    10.0
[ 2024-04-02 23:05:11,653 ] 21 root - INFO - New data : 
    Area      X      Y     XM     YM  Perimeter     BX     BY  Width  Height
0  100.0  139.0  149.0  139.0  149.0       38.0  133.0  143.0   11.0    12.0
[ 2024-04-02 23:05:11,670 ] 21 root - INFO - New data : 
   Area      X      Y     XM     YM  Perimeter     BX     BY  Width  Height
0  92.0  119.0  149.0  119.0  149.0       36.0  114.0  144.0   11.0    11.0
[ 2024-04-02 23:05:11,684 ] 21 root - INFO - New data : 
   Area      X      Y     XM     YM  Perimeter     BX     BY  Width  Height
0  83.0  180.0  148.0  180.0  148.0       35.0  174.0  144.0   11.0    10.0
[ 2024-04-02 23:05:11,701 ] 21 root - INFO - New data : 
   Area     X      Y    XM     YM  Perimeter    BX     BY  Width  Height
0  92.0  82.0  150.0  82.0  150.0       36.0  76.0  144.0   11.0    11.0
[ 2024-04-02 23:05:11,716 ] 21 root - INFO - New data : 
   Area      X      Y     XM     YM  Perimeter    BX     BY  Width  Height
0  88.0  100.0  150.0  100.0  150.0       38.0  95.0  145.0   10.0    10.0
[ 2024-04-02 23:05:11,730 ] 21 root - INFO - New data : 
    Area      X      Y     XM     YM  Perimeter     BX     BY  Width  Height
0  108.0  159.0  150.0  159.0  150.0       39.0  153.0  145.0   12.0    12.0
[ 2024-04-02 23:05:11,747 ] 21 root - INFO - New data : 
    Area     X      Y    XM     YM  Perimeter    BX     BY  Width  Height
0  100.0  63.0  150.0  63.0  150.0       38.0  58.0  145.0   11.0    11.0
[ 2024-04-02 23:05:11,765 ] 21 root - INFO - New data : 
    Area     X      Y    XM     YM  Perimeter    BX     BY  Width  Height
0  101.0  44.0  150.0  44.0  150.0       38.0  38.0  145.0   12.0    11.0
[ 2024-04-02 23:05:11,782 ] 21 root - INFO - New data : 
    Area     X      Y    XM     YM  Perimeter    BX     BY  Width  Height
0  105.0  24.0  151.0  24.0  151.0       39.0  18.0  145.0   12.0    11.0
[ 2024-04-02 23:05:11,796 ] 21 root - INFO - New data : 
   Area     X      Y    XM     YM  Perimeter    BX     BY  Width  Height
0  94.0  42.0  170.0  42.0  170.0       39.0  36.0  165.0   11.0    11.0
[ 2024-04-02 23:05:11,810 ] 21 root - INFO - New data : 
    Area     X      Y    XM     YM  Perimeter    BX     BY  Width  Height
0  100.0  24.0  170.0  24.0  170.0       39.0  18.0  165.0   12.0    11.0
[ 2024-04-02 23:05:11,825 ] 21 root - INFO - New data : 
   Area     X      Y    XM     YM  Perimeter    BX     BY  Width  Height
0  86.0  63.0  170.0  63.0  170.0       35.0  57.0  165.0   11.0    10.0
[ 2024-04-02 23:05:11,839 ] 21 root - INFO - New data : 
   Area     X      Y    XM     YM  Perimeter    BX     BY  Width  Height
0  73.0  82.0  169.0  82.0  169.0       33.0  77.0  165.0   10.0    10.0
[ 2024-04-02 23:05:11,855 ] 21 root - INFO - New data : 
   Area      X      Y     XM     YM  Perimeter     BX     BY  Width  Height
0  93.0  120.0  170.0  120.0  170.0       37.0  113.0  165.0   11.0    11.0
[ 2024-04-02 23:05:11,868 ] 21 root - INFO - New data : 
   Area     X      Y    XM     YM  Perimeter    BX     BY  Width  Height
0  99.0  99.0  170.0  99.0  170.0       38.0  93.0  165.0   12.0    11.0
[ 2024-04-02 23:05:11,883 ] 21 root - INFO - New data : 
   Area      X      Y     XM     YM  Perimeter     BX     BY  Width  Height
0  91.0  139.0  170.0  139.0  170.0       36.0  134.0  165.0   11.0    10.0
[ 2024-04-02 23:05:11,898 ] 21 root - INFO - New data : 
   Area      X      Y     XM     YM  Perimeter     BX     BY  Width  Height
0  99.0  157.0  171.0  157.0  171.0       38.0  151.0  165.0   12.0    11.0
[ 2024-04-02 23:05:11,912 ] 21 root - INFO - New data : 
    Area      X      Y     XM     YM  Perimeter     BX     BY  Width  Height
0  102.0  177.0  171.0  177.0  171.0       38.0  171.0  166.0   12.0    11.0
[ 2024-04-02 23:05:11,927 ] 21 root - INFO - New data : 
   Area      X      Y     XM     YM  Perimeter     BX     BY  Width  Height
0  88.0  198.0  172.0  198.0  172.0       36.0  192.0  167.0   11.0    10.0
[ 2024-04-02 23:05:11,943 ] 21 root - INFO - New data : 
   Area     X      Y    XM     YM  Perimeter    BX     BY  Width  Height
0  91.0  26.0  189.0  26.0  189.0       39.0  20.0  184.0   10.0    11.0
[ 2024-04-02 23:05:11,957 ] 21 root - INFO - New data : 
   Area     X      Y    XM     YM  Perimeter    BX     BY  Width  Height
0  81.0  62.0  189.0  62.0  189.0       35.0  57.0  184.0   10.0    10.0
[ 2024-04-02 23:05:11,971 ] 21 root - INFO - New data : 
    Area     X      Y    XM     YM  Perimeter    BX     BY  Width  Height
0  101.0  79.0  190.0  79.0  190.0       37.0  73.0  184.0   11.0    11.0
[ 2024-04-02 23:05:11,985 ] 21 root - INFO - New data : 
   Area     X      Y    XM     YM  Perimeter    BX     BY  Width  Height
0  83.0  98.0  190.0  98.0  190.0       38.0  93.0  184.0   10.0    11.0
[ 2024-04-02 23:05:11,998 ] 21 root - INFO - New data : 
   Area     X      Y    XM     YM  Perimeter    BX     BY  Width  Height
0  83.0  43.0  190.0  43.0  190.0       34.0  38.0  185.0   10.0    10.0
[ 2024-04-02 23:05:12,015 ] 21 root - INFO - New data : 
    Area      X      Y     XM     YM  Perimeter     BX     BY  Width  Height
0  101.0  118.0  190.0  118.0  190.0       38.0  112.0  185.0   11.0    11.0
[ 2024-04-02 23:05:12,030 ] 21 root - INFO - New data : 
    Area      X      Y     XM     YM  Perimeter     BX     BY  Width  Height
0  110.0  138.0  191.0  138.0  191.0       42.0  132.0  185.0   12.0    12.0
[ 2024-04-02 23:05:12,046 ] 21 root - INFO - New data : 
    Area      X      Y     XM     YM  Perimeter     BX     BY  Width  Height
0  101.0  157.0  191.0  157.0  191.0       40.0  151.0  185.0   12.0    11.0
[ 2024-04-02 23:05:12,061 ] 21 root - INFO - New data : 
   Area      X      Y     XM     YM  Perimeter     BX     BY  Width  Height
0  99.0  178.0  191.0  178.0  191.0       37.0  172.0  185.0   11.0    11.0
[ 2024-04-02 23:05:12,077 ] 21 root - INFO - New data : 
   Area      X      Y     XM     YM  Perimeter     BX     BY  Width  Height
0  87.0  197.0  190.0  197.0  190.0       35.0  191.0  186.0   11.0    10.0
[ 2024-04-02 23:05:12,095 ] 21 root - INFO - New data : 
   Area     X      Y    XM     YM  Perimeter    BX     BY  Width  Height
0  98.0  26.0  209.0  26.0  209.0       38.0  20.0  204.0   12.0    11.0
[ 2024-04-02 23:05:12,110 ] 21 root - INFO - New data : 
    Area     X      Y    XM     YM  Perimeter    BX     BY  Width  Height
0  102.0  45.0  210.0  45.0  210.0       39.0  38.0  204.0   12.0    12.0
[ 2024-04-02 23:05:12,124 ] 21 root - INFO - New data : 
   Area      X      Y     XM     YM  Perimeter     BX     BY  Width  Height
0  78.0  177.0  209.0  177.0  209.0       33.0  172.0  204.0   10.0    10.0
[ 2024-04-02 23:05:12,138 ] 21 root - INFO - New data : 
   Area     X      Y    XM     YM  Perimeter    BX     BY  Width  Height
0  96.0  99.0  210.0  99.0  210.0       38.0  93.0  204.0   11.0    11.0
[ 2024-04-02 23:05:12,155 ] 21 root - INFO - New data : 
    Area     X      Y    XM     YM  Perimeter    BX     BY  Width  Height
0  103.0  81.0  210.0  81.0  210.0       38.0  75.0  205.0   11.0    12.0
[ 2024-04-02 23:05:12,169 ] 21 root - INFO - New data : 
   Area      X      Y     XM     YM  Perimeter     BX     BY  Width  Height
0  89.0  197.0  210.0  197.0  210.0       36.0  190.0  205.0   12.0    10.0
[ 2024-04-02 23:05:12,184 ] 21 root - INFO - New data : 
   Area      X      Y     XM     YM  Perimeter     BX     BY  Width  Height
0  92.0  159.0  210.0  159.0  210.0       38.0  153.0  205.0   11.0    10.0
[ 2024-04-02 23:05:12,197 ] 21 root - INFO - New data : 
   Area     X      Y    XM     YM  Perimeter    BX     BY  Width  Height
0  82.0  64.0  210.0  64.0  210.0       35.0  58.0  205.0   10.0    10.0
[ 2024-04-02 23:05:12,208 ] 21 root - INFO - New data : 
    Area      X      Y     XM     YM  Perimeter     BX     BY  Width  Height
0  105.0  139.0  212.0  139.0  212.0       39.0  133.0  206.0   12.0    12.0
[ 2024-04-02 23:05:12,220 ] 21 root - INFO - New data : 
   Area      X      Y     XM     YM  Perimeter     BX     BY  Width  Height
0  94.0  119.0  212.0  119.0  212.0       36.0  114.0  206.0   10.0    11.0
[ 2024-04-02 23:18:37,407 ] 21 root - INFO - New data : 
   Area     X      Y     XM     YM  Perimeter     BX     BY  Width  Height
0  90.0  16.0  455.0  200.0  100.0       30.0  100.0  100.0   20.0    20.0
[ 2024-04-02 23:18:54,463 ] 21 root - INFO - New data : 
   Area     X      Y     XM     YM  Perimeter     BX     BY  Width  Height
0  90.0  16.0  455.0  200.0  100.0       30.0  100.0  100.0   20.0    20.0
[ 2024-04-02 23:18:54,492 ] 21 root - INFO - New data : 
    Area      X     Y     XM    YM  Perimeter     BX    BY  Width  Height
0  100.0  198.0  25.0  198.0  25.0       38.0  193.0  19.0   11.0    11.0
[ 2024-04-02 23:18:54,520 ] 21 root - INFO - New data : 
    Area      X     Y     XM    YM  Perimeter     BX    BY  Width  Height
0  100.0  198.0  25.0  198.0  25.0       38.0  193.0  19.0   11.0    11.0
[ 2024-04-02 23:18:54,535 ] 21 root - INFO - New data : 
   Area      X     Y     XM    YM  Perimeter     BX    BY  Width  Height
0  91.0  159.0  25.0  159.0  25.0       36.0  154.0  20.0   10.0    11.0
[ 2024-04-02 23:18:54,548 ] 21 root - INFO - New data : 
   Area      X     Y     XM    YM  Perimeter     BX    BY  Width  Height
0  89.0  175.0  25.0  175.0  25.0       37.0  170.0  20.0   11.0    11.0
[ 2024-04-02 23:18:54,562 ] 21 root - INFO - New data : 
   Area      X     Y     XM    YM  Perimeter     BX    BY  Width  Height
0  92.0  121.0  25.0  121.0  25.0       37.0  115.0  20.0   10.0    11.0
[ 2024-04-02 23:18:54,574 ] 21 root - INFO - New data : 
   Area      X     Y     XM    YM  Perimeter     BX    BY  Width  Height
0  94.0  140.0  26.0  140.0  26.0       41.0  134.0  20.0   11.0    11.0
[ 2024-04-02 23:18:54,587 ] 21 root - INFO - New data : 
    Area     X     Y    XM    YM  Perimeter    BX    BY  Width  Height
0  104.0  83.0  26.0  83.0  26.0       40.0  77.0  20.0   11.0    12.0
[ 2024-04-02 23:18:54,602 ] 21 root - INFO - New data : 
   Area      X     Y     XM    YM  Perimeter    BX    BY  Width  Height
0  97.0  103.0  26.0  103.0  26.0       38.0  98.0  21.0   11.0    12.0
[ 2024-04-02 23:18:54,614 ] 21 root - INFO - New data : 
   Area     X     Y    XM    YM  Perimeter    BX    BY  Width  Height
0  99.0  62.0  27.0  62.0  27.0       40.0  55.0  21.0   12.0    11.0
[ 2024-04-02 23:18:54,628 ] 21 root - INFO - New data : 
   Area     X     Y    XM    YM  Perimeter    BX    BY  Width  Height
0  98.0  43.0  27.0  43.0  27.0       41.0  38.0  22.0   11.0    11.0
[ 2024-04-02 23:18:54,642 ] 21 root - INFO - New data : 
    Area     X     Y    XM    YM  Perimeter    BX    BY  Width  Height
0  105.0  24.0  28.0  24.0  28.0       40.0  18.0  22.0   12.0    12.0
[ 2024-04-02 23:18:54,655 ] 21 root - INFO - New data : 
    Area      X     Y     XM    YM  Perimeter     BX    BY  Width  Height
0  103.0  198.0  46.0  198.0  46.0       38.0  192.0  40.0   12.0    11.0
[ 2024-04-02 23:18:54,669 ] 21 root - INFO - New data : 
    Area      X     Y     XM    YM  Perimeter     BX    BY  Width  Height
0  100.0  160.0  47.0  160.0  47.0       38.0  154.0  41.0   12.0    11.0
[ 2024-04-02 23:18:54,684 ] 21 root - INFO - New data : 
    Area      X     Y     XM    YM  Perimeter     BX    BY  Width  Height
0  100.0  142.0  47.0  142.0  47.0       39.0  137.0  41.0   11.0    11.0
[ 2024-04-02 23:18:54,698 ] 21 root - INFO - New data : 
   Area     X     Y    XM    YM  Perimeter    BX    BY  Width  Height
0  99.0  84.0  47.0  84.0  47.0       38.0  78.0  42.0   11.0    11.0
[ 2024-04-02 23:18:54,711 ] 21 root - INFO - New data : 
    Area      X     Y     XM    YM  Perimeter     BX    BY  Width  Height
0  100.0  179.0  47.0  179.0  47.0       40.0  172.0  42.0   12.0    11.0
[ 2024-04-02 23:18:54,726 ] 21 root - INFO - New data : 
   Area      X     Y     XM    YM  Perimeter     BX    BY  Width  Height
0  85.0  122.0  47.0  122.0  47.0       35.0  116.0  42.0   11.0    10.0
[ 2024-04-02 23:18:54,756 ] 21 root - INFO - New data : 
   Area     X     Y    XM    YM  Perimeter    BX    BY  Width  Height
0  99.0  63.0  48.0  63.0  48.0       38.0  57.0  42.0   11.0    12.0
[ 2024-04-02 23:18:54,774 ] 21 root - INFO - New data : 
   Area      X     Y     XM    YM  Perimeter    BX    BY  Width  Height
0  92.0  102.0  48.0  102.0  48.0       36.0  96.0  42.0   11.0    11.0
[ 2024-04-02 23:18:54,801 ] 21 root - INFO - New data : 
    Area     X     Y    XM    YM  Perimeter    BX    BY  Width  Height
0  105.0  44.0  48.0  44.0  48.0       44.0  37.0  43.0   12.0    12.0
[ 2024-04-02 23:18:54,817 ] 21 root - INFO - New data : 
   Area     X     Y    XM    YM  Perimeter    BX    BY  Width  Height
0  91.0  25.0  49.0  25.0  49.0       40.0  19.0  43.0   12.0    11.0
[ 2024-04-02 23:18:54,831 ] 21 root - INFO - New data : 
    Area      X     Y     XM    YM  Perimeter     BX    BY  Width  Height
0  106.0  122.0  66.0  122.0  66.0       39.0  115.0  61.0   12.0    12.0
[ 2024-04-02 23:18:54,845 ] 21 root - INFO - New data : 
   Area      X     Y     XM    YM  Perimeter     BX    BY  Width  Height
0  85.0  142.0  66.0  142.0  66.0       41.0  136.0  61.0   10.0    11.0
[ 2024-04-02 23:18:54,863 ] 21 root - INFO - New data : 
    Area      X     Y     XM    YM  Perimeter     BX    BY  Width  Height
0  106.0  160.0  67.0  160.0  67.0       40.0  153.0  61.0   12.0    11.0
[ 2024-04-02 23:18:54,878 ] 21 root - INFO - New data : 
   Area     X     Y    XM    YM  Perimeter    BX    BY  Width  Height
0  99.0  82.0  67.0  82.0  67.0       38.0  76.0  61.0   11.0    11.0
[ 2024-04-02 23:18:54,897 ] 21 root - INFO - New data : 
   Area      X     Y     XM    YM  Perimeter    BX    BY  Width  Height
0  95.0  100.0  67.0  100.0  67.0       38.0  94.0  61.0   11.0    11.0
[ 2024-04-02 23:18:54,911 ] 21 root - INFO - New data : 
    Area     X     Y    XM    YM  Perimeter    BX    BY  Width  Height
0  104.0  64.0  68.0  64.0  68.0       38.0  58.0  62.0   11.0    12.0
[ 2024-04-02 23:18:54,924 ] 21 root - INFO - New data : 
    Area     X     Y    XM    YM  Perimeter    BX    BY  Width  Height
0  109.0  45.0  68.0  45.0  68.0       42.0  38.0  62.0   13.0    12.0
[ 2024-04-02 23:18:54,936 ] 21 root - INFO - New data : 
   Area      X     Y     XM    YM  Perimeter     BX    BY  Width  Height
0  98.0  198.0  67.0  198.0  67.0       37.0  192.0  62.0   11.0    11.0
[ 2024-04-02 23:18:54,948 ] 21 root - INFO - New data : 
   Area     X     Y    XM    YM  Perimeter    BX    BY  Width  Height
0  94.0  25.0  68.0  25.0  68.0       37.0  19.0  62.0   11.0    11.0
[ 2024-04-02 23:18:54,964 ] 21 root - INFO - New data : 
   Area      X     Y     XM    YM  Perimeter     BX    BY  Width  Height
0  98.0  179.0  68.0  179.0  68.0       38.0  173.0  62.0   11.0    11.0
[ 2024-04-02 23:18:54,976 ] 21 root - INFO - New data : 
    Area      X     Y     XM    YM  Perimeter     BX    BY  Width  Height
0  103.0  159.0  87.0  159.0  87.0       39.0  153.0  81.0   11.0    12.0
[ 2024-04-02 23:18:54,988 ] 21 root - INFO - New data : 
   Area      X     Y     XM    YM  Perimeter     BX    BY  Width  Height
0  93.0  141.0  87.0  141.0  87.0       36.0  135.0  81.0   11.0    11.0
[ 2024-04-02 23:18:55,000 ] 21 root - INFO - New data : 
    Area      X     Y     XM    YM  Perimeter    BX    BY  Width  Height
0  105.0  101.0  87.0  101.0  87.0       39.0  95.0  81.0   11.0    12.0
[ 2024-04-02 23:18:55,011 ] 21 root - INFO - New data : 
   Area      X     Y     XM    YM  Perimeter     BX    BY  Width  Height
0  93.0  121.0  87.0  121.0  87.0       37.0  115.0  81.0   11.0    11.0
[ 2024-04-02 23:18:55,022 ] 21 root - INFO - New data : 
    Area     X     Y    XM    YM  Perimeter    BX    BY  Width  Height
0  102.0  46.0  87.0  46.0  87.0       40.0  40.0  82.0   12.0    12.0
[ 2024-04-02 23:18:55,033 ] 21 root - INFO - New data : 
    Area     X     Y    XM    YM  Perimeter    BX    BY  Width  Height
0  109.0  82.0  87.0  82.0  87.0       39.0  77.0  82.0   11.0    12.0
[ 2024-04-02 23:18:55,044 ] 21 root - INFO - New data : 
   Area     X     Y    XM    YM  Perimeter    BX    BY  Width  Height
0  79.0  64.0  87.0  64.0  87.0       33.0  58.0  82.0   10.0    10.0
[ 2024-04-02 23:18:55,056 ] 21 root - INFO - New data : 
   Area     X     Y    XM    YM  Perimeter    BX    BY  Width  Height
0  95.0  25.0  88.0  25.0  88.0       37.0  19.0  82.0   11.0    11.0
[ 2024-04-02 23:18:55,070 ] 21 root - INFO - New data : 
    Area      X     Y     XM    YM  Perimeter     BX    BY  Width  Height
0  107.0  179.0  88.0  179.0  88.0       42.0  172.0  82.0   13.0    11.0
[ 2024-04-02 23:18:55,082 ] 21 root - INFO - New data : 
   Area      X     Y     XM    YM  Perimeter     BX    BY  Width  Height
0  96.0  199.0  88.0  199.0  88.0       39.0  193.0  82.0   11.0    11.0
[ 2024-04-02 23:18:55,093 ] 21 root - INFO - New data : 
    Area     X      Y    XM     YM  Perimeter    BX     BY  Width  Height
0  102.0  81.0  107.0  81.0  107.0       38.0  75.0  101.0   12.0    12.0
[ 2024-04-02 23:18:55,104 ] 21 root - INFO - New data : 
   Area      X      Y     XM     YM  Perimeter    BX     BY  Width  Height
0  96.0  101.0  107.0  101.0  107.0       37.0  95.0  101.0   11.0    11.0
[ 2024-04-02 23:18:55,118 ] 21 root - INFO - New data : 
    Area      X      Y     XM     YM  Perimeter     BX     BY  Width  Height
0  101.0  159.0  107.0  159.0  107.0       38.0  154.0  101.0   11.0    11.0
[ 2024-04-02 23:18:55,130 ] 21 root - INFO - New data : 
    Area     X      Y    XM     YM  Perimeter    BX     BY  Width  Height
0  102.0  63.0  107.0  63.0  107.0       38.0  57.0  102.0   11.0    11.0
[ 2024-04-02 23:18:55,141 ] 21 root - INFO - New data : 
    Area     X      Y    XM     YM  Perimeter    BX     BY  Width  Height
0  101.0  44.0  107.0  44.0  107.0       38.0  38.0  102.0   12.0    11.0
[ 2024-04-02 23:18:55,152 ] 21 root - INFO - New data : 
   Area      X      Y     XM     YM  Perimeter     BX     BY  Width  Height
0  92.0  121.0  107.0  121.0  107.0       41.0  115.0  102.0   11.0    11.0
[ 2024-04-02 23:18:55,163 ] 21 root - INFO - New data : 
   Area      X      Y     XM     YM  Perimeter     BX     BY  Width  Height
0  94.0  140.0  107.0  140.0  107.0       37.0  135.0  102.0   10.0    11.0
[ 2024-04-02 23:18:55,176 ] 21 root - INFO - New data : 
   Area     X      Y    XM     YM  Perimeter    BX     BY  Width  Height
0  80.0  24.0  107.0  24.0  107.0       35.0  18.0  102.0   11.0    10.0
[ 2024-04-02 23:18:55,191 ] 21 root - INFO - New data : 
    Area      X      Y     XM     YM  Perimeter     BX     BY  Width  Height
0  105.0  199.0  108.0  199.0  108.0       39.0  192.0  102.0   12.0    12.0
[ 2024-04-02 23:18:55,204 ] 21 root - INFO - New data : 
   Area      X      Y     XM     YM  Perimeter     BX     BY  Width  Height
0  87.0  180.0  109.0  180.0  109.0       35.0  174.0  104.0   11.0    10.0
[ 2024-04-02 23:18:55,217 ] 21 root - INFO - New data : 
   Area      X      Y     XM     YM  Perimeter     BX     BY  Width  Height
0  97.0  178.0  129.0  178.0  129.0       37.0  172.0  123.0   12.0    11.0
[ 2024-04-02 23:18:55,229 ] 21 root - INFO - New data : 
   Area      X      Y     XM     YM  Perimeter     BX     BY  Width  Height
0  96.0  157.0  129.0  157.0  129.0       37.0  152.0  124.0   11.0    11.0
[ 2024-04-02 23:18:55,241 ] 21 root - INFO - New data : 
   Area      X      Y     XM     YM  Perimeter    BX     BY  Width  Height
0  97.0  100.0  129.0  100.0  129.0       37.0  94.0  124.0   11.0    11.0
[ 2024-04-02 23:18:55,253 ] 21 root - INFO - New data : 
   Area      X      Y     XM     YM  Perimeter     BX     BY  Width  Height
0  89.0  138.0  129.0  138.0  129.0       36.0  132.0  124.0   11.0    10.0
[ 2024-04-02 23:18:55,265 ] 21 root - INFO - New data : 
   Area      X      Y     XM     YM  Perimeter     BX     BY  Width  Height
0  92.0  199.0  129.0  199.0  129.0       36.0  192.0  124.0   12.0    10.0
[ 2024-04-02 23:18:55,276 ] 21 root - INFO - New data : 
    Area     X      Y    XM     YM  Perimeter    BX     BY  Width  Height
0  101.0  45.0  130.0  45.0  130.0       38.0  39.0  124.0   12.0    11.0
[ 2024-04-02 23:18:55,288 ] 21 root - INFO - New data : 
   Area      X      Y     XM     YM  Perimeter     BX     BY  Width  Height
0  88.0  120.0  129.0  120.0  129.0       36.0  115.0  124.0   10.0    10.0
[ 2024-04-02 23:18:55,300 ] 21 root - INFO - New data : 
    Area     X      Y    XM     YM  Perimeter    BX     BY  Width  Height
0  102.0  23.0  130.0  23.0  130.0       39.0  16.0  124.0   12.0    11.0
[ 2024-04-02 23:18:55,312 ] 21 root - INFO - New data : 
    Area     X      Y    XM     YM  Perimeter    BX     BY  Width  Height
0  100.0  62.0  129.0  62.0  129.0       38.0  56.0  124.0   12.0    11.0
[ 2024-04-02 23:18:55,323 ] 21 root - INFO - New data : 
   Area     X      Y    XM     YM  Perimeter    BX     BY  Width  Height
0  93.0  82.0  130.0  82.0  130.0       36.0  76.0  124.0   11.0    11.0
[ 2024-04-02 23:18:55,334 ] 21 root - INFO - New data : 
   Area      X      Y     XM     YM  Perimeter     BX     BY  Width  Height
0  96.0  200.0  148.0  200.0  148.0       45.0  192.0  142.0   13.0    10.0
[ 2024-04-02 23:18:55,348 ] 21 root - INFO - New data : 
    Area      X      Y     XM     YM  Perimeter     BX     BY  Width  Height
0  100.0  139.0  149.0  139.0  149.0       38.0  133.0  143.0   11.0    12.0
[ 2024-04-02 23:18:55,359 ] 21 root - INFO - New data : 
   Area      X      Y     XM     YM  Perimeter     BX     BY  Width  Height
0  92.0  119.0  149.0  119.0  149.0       36.0  114.0  144.0   11.0    11.0
[ 2024-04-02 23:18:55,370 ] 21 root - INFO - New data : 
   Area      X      Y     XM     YM  Perimeter     BX     BY  Width  Height
0  83.0  180.0  148.0  180.0  148.0       35.0  174.0  144.0   11.0    10.0
[ 2024-04-02 23:18:55,381 ] 21 root - INFO - New data : 
   Area     X      Y    XM     YM  Perimeter    BX     BY  Width  Height
0  92.0  82.0  150.0  82.0  150.0       36.0  76.0  144.0   11.0    11.0
[ 2024-04-02 23:18:55,392 ] 21 root - INFO - New data : 
   Area      X      Y     XM     YM  Perimeter    BX     BY  Width  Height
0  88.0  100.0  150.0  100.0  150.0       38.0  95.0  145.0   10.0    10.0
[ 2024-04-02 23:18:55,403 ] 21 root - INFO - New data : 
    Area      X      Y     XM     YM  Perimeter     BX     BY  Width  Height
0  108.0  159.0  150.0  159.0  150.0       39.0  153.0  145.0   12.0    12.0
[ 2024-04-02 23:18:55,414 ] 21 root - INFO - New data : 
    Area     X      Y    XM     YM  Perimeter    BX     BY  Width  Height
0  100.0  63.0  150.0  63.0  150.0       38.0  58.0  145.0   11.0    11.0
[ 2024-04-02 23:18:55,426 ] 21 root - INFO - New data : 
    Area     X      Y    XM     YM  Perimeter    BX     BY  Width  Height
0  101.0  44.0  150.0  44.0  150.0       38.0  38.0  145.0   12.0    11.0
[ 2024-04-02 23:18:55,438 ] 21 root - INFO - New data : 
    Area     X      Y    XM     YM  Perimeter    BX     BY  Width  Height
0  105.0  24.0  151.0  24.0  151.0       39.0  18.0  145.0   12.0    11.0
[ 2024-04-02 23:18:55,449 ] 21 root - INFO - New data : 
   Area     X      Y    XM     YM  Perimeter    BX     BY  Width  Height
0  94.0  42.0  170.0  42.0  170.0       39.0  36.0  165.0   11.0    11.0
[ 2024-04-02 23:18:55,460 ] 21 root - INFO - New data : 
    Area     X      Y    XM     YM  Perimeter    BX     BY  Width  Height
0  100.0  24.0  170.0  24.0  170.0       39.0  18.0  165.0   12.0    11.0
[ 2024-04-02 23:18:55,471 ] 21 root - INFO - New data : 
   Area     X      Y    XM     YM  Perimeter    BX     BY  Width  Height
0  86.0  63.0  170.0  63.0  170.0       35.0  57.0  165.0   11.0    10.0
[ 2024-04-02 23:18:55,482 ] 21 root - INFO - New data : 
   Area     X      Y    XM     YM  Perimeter    BX     BY  Width  Height
0  73.0  82.0  169.0  82.0  169.0       33.0  77.0  165.0   10.0    10.0
[ 2024-04-02 23:18:55,493 ] 21 root - INFO - New data : 
   Area      X      Y     XM     YM  Perimeter     BX     BY  Width  Height
0  93.0  120.0  170.0  120.0  170.0       37.0  113.0  165.0   11.0    11.0
[ 2024-04-02 23:18:55,504 ] 21 root - INFO - New data : 
   Area     X      Y    XM     YM  Perimeter    BX     BY  Width  Height
0  99.0  99.0  170.0  99.0  170.0       38.0  93.0  165.0   12.0    11.0
[ 2024-04-02 23:18:55,515 ] 21 root - INFO - New data : 
   Area      X      Y     XM     YM  Perimeter     BX     BY  Width  Height
0  91.0  139.0  170.0  139.0  170.0       36.0  134.0  165.0   11.0    10.0
[ 2024-04-02 23:18:55,526 ] 21 root - INFO - New data : 
   Area      X      Y     XM     YM  Perimeter     BX     BY  Width  Height
0  99.0  157.0  171.0  157.0  171.0       38.0  151.0  165.0   12.0    11.0
[ 2024-04-02 23:18:55,537 ] 21 root - INFO - New data : 
    Area      X      Y     XM     YM  Perimeter     BX     BY  Width  Height
0  102.0  177.0  171.0  177.0  171.0       38.0  171.0  166.0   12.0    11.0
[ 2024-04-02 23:18:55,548 ] 21 root - INFO - New data : 
   Area      X      Y     XM     YM  Perimeter     BX     BY  Width  Height
0  88.0  198.0  172.0  198.0  172.0       36.0  192.0  167.0   11.0    10.0
[ 2024-04-02 23:18:55,560 ] 21 root - INFO - New data : 
   Area     X      Y    XM     YM  Perimeter    BX     BY  Width  Height
0  91.0  26.0  189.0  26.0  189.0       39.0  20.0  184.0   10.0    11.0
[ 2024-04-02 23:18:55,572 ] 21 root - INFO - New data : 
   Area     X      Y    XM     YM  Perimeter    BX     BY  Width  Height
0  81.0  62.0  189.0  62.0  189.0       35.0  57.0  184.0   10.0    10.0
[ 2024-04-02 23:18:55,583 ] 21 root - INFO - New data : 
    Area     X      Y    XM     YM  Perimeter    BX     BY  Width  Height
0  101.0  79.0  190.0  79.0  190.0       37.0  73.0  184.0   11.0    11.0
[ 2024-04-02 23:18:55,594 ] 21 root - INFO - New data : 
   Area     X      Y    XM     YM  Perimeter    BX     BY  Width  Height
0  83.0  98.0  190.0  98.0  190.0       38.0  93.0  184.0   10.0    11.0
[ 2024-04-02 23:18:55,605 ] 21 root - INFO - New data : 
   Area     X      Y    XM     YM  Perimeter    BX     BY  Width  Height
0  83.0  43.0  190.0  43.0  190.0       34.0  38.0  185.0   10.0    10.0
[ 2024-04-02 23:18:55,616 ] 21 root - INFO - New data : 
    Area      X      Y     XM     YM  Perimeter     BX     BY  Width  Height
0  101.0  118.0  190.0  118.0  190.0       38.0  112.0  185.0   11.0    11.0
[ 2024-04-02 23:18:55,627 ] 21 root - INFO - New data : 
    Area      X      Y     XM     YM  Perimeter     BX     BY  Width  Height
0  110.0  138.0  191.0  138.0  191.0       42.0  132.0  185.0   12.0    12.0
[ 2024-04-02 23:18:55,639 ] 21 root - INFO - New data : 
    Area      X      Y     XM     YM  Perimeter     BX     BY  Width  Height
0  101.0  157.0  191.0  157.0  191.0       40.0  151.0  185.0   12.0    11.0
[ 2024-04-02 23:18:55,650 ] 21 root - INFO - New data : 
   Area      X      Y     XM     YM  Perimeter     BX     BY  Width  Height
0  99.0  178.0  191.0  178.0  191.0       37.0  172.0  185.0   11.0    11.0
[ 2024-04-02 23:18:55,662 ] 21 root - INFO - New data : 
   Area      X      Y     XM     YM  Perimeter     BX     BY  Width  Height
0  87.0  197.0  190.0  197.0  190.0       35.0  191.0  186.0   11.0    10.0
[ 2024-04-02 23:18:55,673 ] 21 root - INFO - New data : 
   Area     X      Y    XM     YM  Perimeter    BX     BY  Width  Height
0  98.0  26.0  209.0  26.0  209.0       38.0  20.0  204.0   12.0    11.0
[ 2024-04-02 23:18:55,684 ] 21 root - INFO - New data : 
    Area     X      Y    XM     YM  Perimeter    BX     BY  Width  Height
0  102.0  45.0  210.0  45.0  210.0       39.0  38.0  204.0   12.0    12.0
[ 2024-04-02 23:18:55,695 ] 21 root - INFO - New data : 
   Area      X      Y     XM     YM  Perimeter     BX     BY  Width  Height
0  78.0  177.0  209.0  177.0  209.0       33.0  172.0  204.0   10.0    10.0
[ 2024-04-02 23:18:55,706 ] 21 root - INFO - New data : 
   Area     X      Y    XM     YM  Perimeter    BX     BY  Width  Height
0  96.0  99.0  210.0  99.0  210.0       38.0  93.0  204.0   11.0    11.0
[ 2024-04-02 23:18:55,717 ] 21 root - INFO - New data : 
    Area     X      Y    XM     YM  Perimeter    BX     BY  Width  Height
0  103.0  81.0  210.0  81.0  210.0       38.0  75.0  205.0   11.0    12.0
[ 2024-04-02 23:18:55,728 ] 21 root - INFO - New data : 
   Area      X      Y     XM     YM  Perimeter     BX     BY  Width  Height
0  89.0  197.0  210.0  197.0  210.0       36.0  190.0  205.0   12.0    10.0
[ 2024-04-02 23:18:55,739 ] 21 root - INFO - New data : 
   Area      X      Y     XM     YM  Perimeter     BX     BY  Width  Height
0  92.0  159.0  210.0  159.0  210.0       38.0  153.0  205.0   11.0    10.0
[ 2024-04-02 23:18:55,750 ] 21 root - INFO - New data : 
   Area     X      Y    XM     YM  Perimeter    BX     BY  Width  Height
0  82.0  64.0  210.0  64.0  210.0       35.0  58.0  205.0   10.0    10.0
[ 2024-04-02 23:18:55,761 ] 21 root - INFO - New data : 
    Area      X      Y     XM     YM  Perimeter     BX     BY  Width  Height
0  105.0  139.0  212.0  139.0  212.0       39.0  133.0  206.0   12.0    12.0
[ 2024-04-02 23:18:55,772 ] 21 root - INFO - New data : 
   Area      X      Y     XM     YM  Perimeter     BX     BY  Width  Height
0  94.0  119.0  212.0  119.0  212.0       36.0  114.0  206.0   10.0    11.0
[ 2024-04-02 23:21:59,293 ] 21 root - INFO - New data : 
   Area     X      Y     XM     YM  Perimeter     BX     BY  Width  Height
0  90.0  16.0  455.0  200.0  100.0       30.0  100.0  100.0   20.0    20.0
[ 2024-04-02 23:22:01,417 ] 21 root - INFO - New data : 
   Area      X     Y     XM    YM  Perimeter     BX    BY  Width  Height
0  94.0  132.0  16.0  132.0  16.0       37.0  126.0  10.0   12.0    12.0
[ 2024-04-02 23:22:03,320 ] 21 root - INFO - New data : 
   Area      X     Y     XM    YM  Perimeter     BX    BY  Width  Height
0  94.0  132.0  16.0  132.0  16.0       37.0  126.0  10.0   12.0    12.0
[ 2024-04-02 23:22:03,337 ] 21 root - INFO - New data : 
   Area      X     Y     XM    YM  Perimeter     BX    BY  Width  Height
0  94.0  132.0  16.0  132.0  16.0       36.0  228.0  11.0   11.0    12.0
[ 2024-04-02 23:22:03,350 ] 21 root - INFO - New data : 
   Area      X     Y     XM    YM  Perimeter     BX    BY  Width  Height
0  89.0  233.0  17.0  233.0  17.0       36.0  151.0  11.0   11.0    11.0
[ 2024-04-02 23:22:03,362 ] 21 root - INFO - New data : 
   Area      X     Y     XM    YM  Perimeter     BX    BY  Width  Height
0  91.0  156.0  17.0  156.0  17.0       34.0  202.0  11.0   10.0    11.0
[ 2024-04-02 23:22:03,374 ] 21 root - INFO - New data : 
   Area      X     Y     XM    YM  Perimeter    BX    BY  Width  Height
0  80.0  208.0  17.0  208.0  17.0       35.0  76.0  12.0   11.0    11.0
[ 2024-04-02 23:22:03,385 ] 21 root - INFO - New data : 
   Area     X     Y    XM    YM  Perimeter     BX    BY  Width  Height
0  87.0  81.0  18.0  81.0  18.0       37.0  102.0  12.0   10.0    10.0
[ 2024-04-02 23:22:03,396 ] 21 root - INFO - New data : 
   Area      X     Y     XM    YM  Perimeter     BX    BY  Width  Height
0  80.0  106.0  17.0  106.0  17.0       32.0  178.0  12.0    9.0    10.0
[ 2024-04-02 23:22:03,407 ] 21 root - INFO - New data : 
   Area      X     Y     XM    YM  Perimeter   BX    BY  Width  Height
0  72.0  183.0  17.0  183.0  17.0       41.0  7.0  12.0   11.0    11.0
[ 2024-04-02 23:22:03,419 ] 21 root - INFO - New data : 
   Area     X     Y    XM    YM  Perimeter    BX    BY  Width  Height
0  88.0  12.0  17.0  12.0  17.0       41.0  30.0  13.0   10.0    10.0
[ 2024-04-02 23:22:03,431 ] 21 root - INFO - New data : 
   Area     X     Y    XM    YM  Perimeter    BX    BY  Width  Height
0  76.0  34.0  18.0  34.0  18.0       33.0  52.0  13.0   10.0    10.0
[ 2024-04-02 23:22:03,443 ] 21 root - INFO - New data : 
   Area     X     Y    XM    YM  Perimeter     BX    BY  Width  Height
0  80.0  57.0  18.0  57.0  18.0       35.0  228.0  33.0   10.0    11.0
[ 2024-04-02 23:22:03,455 ] 21 root - INFO - New data : 
   Area      X     Y     XM    YM  Perimeter     BX    BY  Width  Height
0  84.0  234.0  38.0  234.0  38.0       34.0  128.0  34.0   10.0    11.0
[ 2024-04-02 23:22:03,467 ] 21 root - INFO - New data : 
   Area      X     Y     XM    YM  Perimeter     BX    BY  Width  Height
0  85.0  134.0  39.0  134.0  39.0       35.0  201.0  35.0   11.0    11.0
[ 2024-04-02 23:22:03,479 ] 21 root - INFO - New data : 
   Area      X     Y     XM    YM  Perimeter     BX    BY  Width  Height
0  88.0  206.0  41.0  206.0  41.0       35.0  177.0  36.0   11.0    11.0
[ 2024-04-02 23:22:03,491 ] 21 root - INFO - New data : 
   Area      X     Y     XM    YM  Perimeter    BX    BY  Width  Height
0  86.0  182.0  41.0  182.0  41.0       36.0  52.0  36.0   11.0    11.0
[ 2024-04-02 23:22:03,503 ] 21 root - INFO - New data : 
   Area     X     Y    XM    YM  Perimeter     BX    BY  Width  Height
0  94.0  58.0  41.0  58.0  41.0       32.0  102.0  36.0    9.0    10.0
[ 2024-04-02 23:22:03,515 ] 21 root - INFO - New data : 
   Area      X     Y     XM    YM  Perimeter    BX    BY  Width  Height
0  71.0  107.0  41.0  107.0  41.0       39.0  78.0  37.0   10.0    10.0
[ 2024-04-02 23:22:03,527 ] 21 root - INFO - New data : 
   Area     X     Y    XM    YM  Perimeter     BX    BY  Width  Height
0  78.0  82.0  42.0  82.0  42.0       34.0  152.0  37.0   10.0    10.0
[ 2024-04-02 23:22:03,541 ] 21 root - INFO - New data : 
   Area      X     Y     XM    YM  Perimeter   BX    BY  Width  Height
0  78.0  157.0  42.0  157.0  42.0       37.0  6.0  37.0   12.0    11.0
[ 2024-04-02 23:22:03,554 ] 21 root - INFO - New data : 
   Area     X     Y    XM    YM  Perimeter    BX    BY  Width  Height
0  94.0  12.0  42.0  12.0  42.0       34.0  30.0  37.0   10.0    10.0
[ 2024-04-02 23:22:03,568 ] 21 root - INFO - New data : 
   Area     X     Y    XM    YM  Perimeter     BX    BY  Width  Height
0  80.0  35.0  42.0  35.0  42.0       36.0  227.0  55.0   11.0    11.0
[ 2024-04-02 23:22:03,583 ] 21 root - INFO - New data : 
   Area      X     Y     XM    YM  Perimeter     BX    BY  Width  Height
0  87.0  233.0  60.0  233.0  60.0       34.0  202.0  56.0   10.0    10.0
[ 2024-04-02 23:22:03,596 ] 21 root - INFO - New data : 
   Area      X     Y     XM    YM  Perimeter     BX    BY  Width  Height
0  83.0  207.0  61.0  207.0  61.0       35.0  152.0  57.0   11.0    11.0
[ 2024-04-02 23:22:03,609 ] 21 root - INFO - New data : 
   Area      X     Y     XM    YM  Perimeter     BX    BY  Width  Height
0  86.0  157.0  63.0  157.0  63.0       37.0  178.0  57.0    9.0    10.0
[ 2024-04-02 23:22:03,622 ] 21 root - INFO - New data : 
   Area      X     Y     XM    YM  Perimeter     BX    BY  Width  Height
0  75.0  182.0  62.0  182.0  62.0       36.0  102.0  58.0   11.0    11.0
[ 2024-04-02 23:22:03,635 ] 21 root - INFO - New data : 
   Area      X     Y     XM    YM  Perimeter     BX    BY  Width  Height
0  92.0  107.0  64.0  107.0  64.0       37.0  129.0  58.0   11.0    12.0
[ 2024-04-02 23:22:03,646 ] 21 root - INFO - New data : 
   Area      X     Y     XM    YM  Perimeter    BX    BY  Width  Height
0  92.0  135.0  63.0  135.0  63.0       36.0  77.0  58.0   11.0    11.0
[ 2024-04-02 23:22:03,659 ] 21 root - INFO - New data : 
   Area     X     Y    XM    YM  Perimeter    BX    BY  Width  Height
0  90.0  82.0  64.0  82.0  64.0       36.0  54.0  61.0   11.0    11.0
[ 2024-04-02 23:22:03,671 ] 21 root - INFO - New data : 
   Area     X     Y    XM    YM  Perimeter   BX    BY  Width  Height
0  93.0  59.0  66.0  59.0  66.0       36.0  7.0  61.0   12.0    11.0
[ 2024-04-02 23:22:03,684 ] 21 root - INFO - New data : 
   Area     X     Y    XM    YM  Perimeter    BX    BY  Width  Height
0  93.0  12.0  66.0  12.0  66.0       36.0  30.0  62.0   11.0    11.0
[ 2024-04-02 23:22:03,696 ] 21 root - INFO - New data : 
   Area     X     Y    XM    YM  Perimeter     BX    BY  Width  Height
0  94.0  36.0  67.0  36.0  67.0       40.0  227.0  79.0   12.0    10.0
[ 2024-04-02 23:22:03,708 ] 21 root - INFO - New data : 
   Area      X     Y     XM    YM  Perimeter     BX    BY  Width  Height
0  80.0  233.0  84.0  233.0  84.0       35.0  201.0  80.0   10.0    11.0
[ 2024-04-02 23:22:03,720 ] 21 root - INFO - New data : 
   Area      X     Y     XM    YM  Perimeter     BX    BY  Width  Height
0  86.0  206.0  85.0  206.0  85.0       34.0  177.0  80.0   10.0    10.0
[ 2024-04-02 23:22:03,733 ] 21 root - INFO - New data : 
   Area      X     Y     XM    YM  Perimeter     BX    BY  Width  Height
0  80.0  182.0  85.0  182.0  85.0       30.0  154.0  80.0    9.0     9.0
[ 2024-04-02 23:22:03,747 ] 21 root - INFO - New data : 
   Area      X     Y     XM    YM  Perimeter     BX    BY  Width  Height
0  63.0  158.0  85.0  158.0  85.0       34.0  130.0  81.0   10.0    10.0
[ 2024-04-02 23:22:03,761 ] 21 root - INFO - New data : 
   Area      X     Y     XM    YM  Perimeter    BX    BY  Width  Height
0  84.0  135.0  86.0  135.0  86.0       36.0  78.0  81.0   11.0    11.0
[ 2024-04-02 23:22:03,774 ] 21 root - INFO - New data : 
   Area     X     Y    XM    YM  Perimeter     BX    BY  Width  Height
0  89.0  83.0  87.0  83.0  87.0       38.0  103.0  81.0   11.0    11.0
[ 2024-04-02 23:22:03,788 ] 21 root - INFO - New data : 
   Area      X     Y     XM    YM  Perimeter    BX    BY  Width  Height
0  87.0  109.0  86.0  109.0  86.0       36.0  55.0  82.0   11.0    10.0
[ 2024-04-02 23:22:03,800 ] 21 root - INFO - New data : 
   Area     X     Y    XM    YM  Perimeter    BX    BY  Width  Height
0  83.0  60.0  87.0  60.0  87.0       37.0  32.0  84.0   11.0    10.0
[ 2024-04-02 23:22:03,812 ] 21 root - INFO - New data : 
   Area     X     Y    XM    YM  Perimeter   BX    BY  Width  Height
0  85.0  37.0  89.0  37.0  89.0       35.0  8.0  84.0   11.0    10.0
[ 2024-04-02 23:22:03,825 ] 21 root - INFO - New data : 
   Area     X     Y    XM    YM  Perimeter     BX     BY  Width  Height
0  86.0  14.0  89.0  14.0  89.0       34.0  226.0  100.0   11.0    10.0
[ 2024-04-02 23:22:03,838 ] 21 root - INFO - New data : 
   Area      X      Y     XM     YM  Perimeter     BX     BY  Width  Height
0  84.0  231.0  105.0  231.0  105.0       34.0  201.0  100.0   10.0    10.0
[ 2024-04-02 23:22:03,851 ] 21 root - INFO - New data : 
   Area      X      Y     XM     YM  Perimeter     BX     BY  Width  Height
0  82.0  206.0  105.0  206.0  105.0       33.0  178.0  101.0   10.0    10.0
[ 2024-04-02 23:22:03,864 ] 21 root - INFO - New data : 
   Area      X      Y     XM     YM  Perimeter     BX     BY  Width  Height
0  76.0  183.0  105.0  183.0  105.0       32.0  154.0  102.0    9.0     9.0
[ 2024-04-02 23:22:03,877 ] 21 root - INFO - New data : 
   Area      X      Y     XM     YM  Perimeter     BX     BY  Width  Height
0  62.0  158.0  106.0  158.0  106.0       33.0  131.0  102.0   10.0    10.0
[ 2024-04-02 23:22:03,890 ] 21 root - INFO - New data : 
   Area      X      Y     XM     YM  Perimeter     BX     BY  Width  Height
0  72.0  135.0  107.0  135.0  107.0       35.0  103.0  103.0   11.0    11.0
[ 2024-04-02 23:22:03,905 ] 21 root - INFO - New data : 
   Area      X      Y     XM     YM  Perimeter    BX     BY  Width  Height
0  88.0  109.0  108.0  109.0  108.0       35.0  78.0  104.0   11.0    10.0
[ 2024-04-02 23:22:03,920 ] 21 root - INFO - New data : 
   Area     X      Y    XM     YM  Perimeter    BX     BY  Width  Height
0  88.0  84.0  109.0  84.0  109.0       36.0  56.0  104.0   11.0    11.0
[ 2024-04-02 23:22:03,935 ] 21 root - INFO - New data : 
   Area     X      Y    XM     YM  Perimeter    BX     BY  Width  Height
0  92.0  61.0  110.0  61.0  110.0       35.0  32.0  105.0   11.0    10.0
[ 2024-04-02 23:22:03,949 ] 21 root - INFO - New data : 
   Area     X      Y    XM     YM  Perimeter    BX     BY  Width  Height
0  88.0  38.0  110.0  38.0  110.0       35.0  10.0  106.0   10.0    10.0
[ 2024-04-02 23:22:03,966 ] 21 root - INFO - New data : 
   Area     X      Y    XM     YM  Perimeter     BX     BY  Width  Height
0  77.0  15.0  110.0  15.0  110.0       34.0  227.0  120.0   11.0    10.0
[ 2024-04-02 23:22:03,983 ] 21 root - INFO - New data : 
   Area      X      Y     XM     YM  Perimeter     BX     BY  Width  Height
0  86.0  232.0  126.0  232.0  126.0       32.0  202.0  121.0   10.0    10.0
[ 2024-04-02 23:22:04,001 ] 21 root - INFO - New data : 
   Area      X      Y     XM     YM  Perimeter     BX     BY  Width  Height
0  70.0  207.0  125.0  207.0  125.0       34.0  178.0  122.0   10.0    10.0
[ 2024-04-02 23:22:04,016 ] 21 root - INFO - New data : 
   Area      X      Y     XM     YM  Perimeter     BX     BY  Width  Height
0  80.0  183.0  127.0  183.0  127.0       34.0  154.0  123.0   10.0    10.0
[ 2024-04-02 23:22:04,031 ] 21 root - INFO - New data : 
   Area      X      Y     XM     YM  Perimeter     BX     BY  Width  Height
0  76.0  159.0  128.0  159.0  128.0       35.0  130.0  123.0   11.0    11.0
[ 2024-04-02 23:22:04,045 ] 21 root - INFO - New data : 
   Area      X      Y     XM     YM  Perimeter     BX     BY  Width  Height
0  85.0  136.0  128.0  136.0  128.0       34.0  105.0  125.0   10.0    10.0
[ 2024-04-02 23:22:04,058 ] 21 root - INFO - New data : 
   Area      X      Y     XM     YM  Perimeter    BX     BY  Width  Height
0  81.0  110.0  130.0  110.0  130.0       36.0  57.0  126.0   11.0    11.0
[ 2024-04-02 23:22:04,072 ] 21 root - INFO - New data : 
   Area     X      Y    XM     YM  Perimeter    BX     BY  Width  Height
0  91.0  62.0  132.0  62.0  132.0       34.0  80.0  126.0   11.0    10.0
[ 2024-04-02 23:22:04,087 ] 21 root - INFO - New data : 
   Area     X      Y    XM     YM  Perimeter    BX     BY  Width  Height
0  81.0  85.0  131.0  85.0  131.0       36.0  33.0  127.0   11.0    11.0
[ 2024-04-02 23:22:04,100 ] 21 root - INFO - New data : 
   Area     X      Y    XM     YM  Perimeter   BX     BY  Width  Height
0  92.0  39.0  132.0  39.0  132.0       36.0  9.0  128.0   11.0    11.0
[ 2024-04-02 23:22:04,114 ] 21 root - INFO - New data : 
   Area     X      Y    XM     YM  Perimeter     BX     BY  Width  Height
0  92.0  15.0  133.0  15.0  133.0       35.0  227.0  149.0   11.0    11.0
[ 2024-04-02 23:22:04,130 ] 21 root - INFO - New data : 
   Area      X      Y     XM     YM  Perimeter     BX     BY  Width  Height
0  85.0  233.0  154.0  233.0  154.0       35.0  201.0  149.0   11.0    11.0
[ 2024-04-02 23:22:04,148 ] 21 root - INFO - New data : 
   Area      X      Y     XM     YM  Perimeter     BX     BY  Width  Height
0  83.0  206.0  154.0  206.0  154.0       34.0  177.0  150.0   10.0    10.0
[ 2024-04-02 23:22:04,164 ] 21 root - INFO - New data : 
   Area      X      Y     XM     YM  Perimeter     BX     BY  Width  Height
0  75.0  182.0  154.0  182.0  154.0       34.0  153.0  150.0   10.0    11.0
[ 2024-04-02 23:22:04,182 ] 21 root - INFO - New data : 
   Area      X      Y     XM     YM  Perimeter     BX     BY  Width  Height
0  84.0  158.0  155.0  158.0  155.0       38.0  130.0  150.0   11.0    11.0
[ 2024-04-02 23:22:04,203 ] 21 root - INFO - New data : 
   Area      X      Y     XM     YM  Perimeter     BX     BY  Width  Height
0  87.0  136.0  156.0  136.0  156.0       34.0  104.0  151.0   10.0    11.0
[ 2024-04-02 23:22:04,223 ] 21 root - INFO - New data : 
   Area      X      Y     XM     YM  Perimeter    BX     BY  Width  Height
0  80.0  110.0  156.0  110.0  156.0       36.0  80.0  151.0   11.0    10.0
[ 2024-04-02 23:22:04,239 ] 21 root - INFO - New data : 
   Area     X      Y    XM     YM  Perimeter    BX     BY  Width  Height
0  92.0  86.0  156.0  86.0  156.0       38.0  12.0  152.0   11.0    11.0
[ 2024-04-02 23:22:04,255 ] 21 root - INFO - New data : 
   Area     X      Y    XM     YM  Perimeter    BX     BY  Width  Height
0  90.0  17.0  157.0  17.0  157.0       35.0  35.0  153.0   10.0    11.0
[ 2024-04-02 23:22:04,272 ] 21 root - INFO - New data : 
   Area     X      Y    XM     YM  Perimeter    BX     BY  Width  Height
0  87.0  40.0  159.0  40.0  159.0       34.0  58.0  153.0   10.0    10.0
[ 2024-04-02 23:22:04,290 ] 21 root - INFO - New data : 
   Area     X      Y    XM     YM  Perimeter     BX     BY  Width  Height
0  77.0  63.0  158.0  63.0  158.0       34.0  201.0  174.0   10.0    11.0
[ 2024-04-02 23:22:04,306 ] 21 root - INFO - New data : 
   Area      X      Y     XM     YM  Perimeter     BX     BY  Width  Height
0  84.0  206.0  179.0  206.0  179.0       36.0  177.0  174.0   10.0    11.0
[ 2024-04-02 23:22:04,321 ] 21 root - INFO - New data : 
   Area      X      Y     XM     YM  Perimeter     BX     BY  Width  Height
0  91.0  182.0  180.0  182.0  180.0       35.0  226.0  174.0   10.0    11.0
[ 2024-04-02 23:22:04,333 ] 21 root - INFO - New data : 
   Area      X      Y     XM     YM  Perimeter     BX     BY  Width  Height
0  85.0  232.0  179.0  232.0  179.0       41.0  131.0  175.0   11.0    12.0
[ 2024-04-02 23:22:04,346 ] 21 root - INFO - New data : 
   Area      X      Y     XM     YM  Perimeter     BX     BY  Width  Height
0  96.0  136.0  180.0  136.0  180.0       34.0  154.0  175.0   10.0    11.0
[ 2024-04-02 23:22:04,359 ] 21 root - INFO - New data : 
   Area      X      Y     XM     YM  Perimeter     BX     BY  Width  Height
0  82.0  159.0  180.0  159.0  180.0       35.0  106.0  175.0   10.0    10.0
[ 2024-04-02 23:22:04,373 ] 21 root - INFO - New data : 
   Area      X      Y     XM     YM  Perimeter    BX     BY  Width  Height
0  75.0  110.0  180.0  110.0  180.0       38.0  81.0  176.0   12.0    11.0
[ 2024-04-02 23:22:04,387 ] 21 root - INFO - New data : 
   Area     X      Y    XM     YM  Perimeter    BX     BY  Width  Height
0  96.0  87.0  182.0  87.0  182.0       35.0  59.0  176.0   11.0    10.0
[ 2024-04-02 23:22:04,401 ] 21 root - INFO - New data : 
   Area     X      Y    XM     YM  Perimeter    BX     BY  Width  Height
0  89.0  64.0  181.0  64.0  181.0       36.0  12.0  177.0   11.0    10.0
[ 2024-04-02 23:22:04,416 ] 21 root - INFO - New data : 
   Area     X      Y    XM     YM  Perimeter    BX     BY  Width  Height
0  94.0  18.0  182.0  18.0  182.0       33.0  36.0  178.0   10.0    10.0
[ 2024-04-02 23:22:04,433 ] 21 root - INFO - New data : 
   Area     X      Y    XM     YM  Perimeter     BX     BY  Width  Height
0  78.0  40.0  184.0  40.0  184.0       34.0  201.0  197.0   10.0    11.0
[ 2024-04-02 23:22:04,448 ] 21 root - INFO - New data : 
   Area      X      Y     XM     YM  Perimeter     BX     BY  Width  Height
0  79.0  206.0  202.0  206.0  202.0       35.0  227.0  197.0   10.0    11.0
[ 2024-04-02 23:22:04,463 ] 21 root - INFO - New data : 
   Area      X      Y     XM     YM  Perimeter     BX     BY  Width  Height
0  89.0  233.0  203.0  233.0  203.0       35.0  154.0  198.0   10.0    11.0
[ 2024-04-02 23:22:04,477 ] 21 root - INFO - New data : 
   Area      X      Y     XM     YM  Perimeter     BX     BY  Width  Height
0  83.0  160.0  203.0  160.0  203.0       35.0  179.0  198.0   10.0    11.0
[ 2024-04-02 23:22:04,491 ] 21 root - INFO - New data : 
   Area      X      Y     XM     YM  Perimeter     BX     BY  Width  Height
0  83.0  183.0  203.0  183.0  203.0       37.0  131.0  198.0   11.0    12.0
[ 2024-04-02 23:22:04,505 ] 21 root - INFO - New data : 
   Area      X      Y     XM     YM  Perimeter     BX     BY  Width  Height
0  92.0  136.0  204.0  136.0  204.0       36.0  104.0  199.0   11.0    11.0
[ 2024-04-02 23:22:04,521 ] 21 root - INFO - New data : 
   Area      X      Y     XM     YM  Perimeter    BX     BY  Width  Height
0  93.0  110.0  204.0  110.0  204.0       36.0  82.0  199.0   11.0    11.0
[ 2024-04-02 23:22:04,534 ] 21 root - INFO - New data : 
   Area     X      Y    XM     YM  Perimeter    BX     BY  Width  Height
0  91.0  88.0  205.0  88.0  205.0       35.0  60.0  200.0   11.0    11.0
[ 2024-04-02 23:22:04,548 ] 21 root - INFO - New data : 
   Area     X      Y    XM     YM  Perimeter    BX     BY  Width  Height
0  90.0  65.0  205.0  65.0  205.0       38.0  13.0  200.0   12.0    12.0
[ 2024-04-02 23:22:04,562 ] 21 root - INFO - New data : 
   Area     X      Y    XM     YM  Perimeter    BX     BY  Width  Height
0  99.0  19.0  206.0  19.0  206.0       35.0  37.0  202.0   11.0    11.0
[ 2024-04-02 23:22:04,575 ] 21 root - INFO - New data : 
   Area     X      Y    XM     YM  Perimeter     BX     BY  Width  Height
0  87.0  42.0  207.0  42.0  207.0       38.0  200.0  220.0   11.0    12.0
[ 2024-04-02 23:22:04,589 ] 21 root - INFO - New data : 
   Area      X      Y     XM     YM  Perimeter     BX     BY  Width  Height
0  96.0  205.0  226.0  205.0  226.0       36.0  228.0  221.0   11.0    11.0
[ 2024-04-02 23:22:04,603 ] 21 root - INFO - New data : 
   Area      X      Y     XM     YM  Perimeter     BX     BY  Width  Height
0  88.0  233.0  226.0  233.0  226.0       37.0  178.0  221.0   11.0    11.0
[ 2024-04-02 23:22:04,615 ] 21 root - INFO - New data : 
   Area      X      Y     XM     YM  Perimeter     BX     BY  Width  Height
0  90.0  183.0  227.0  183.0  227.0       34.0  132.0  223.0   10.0    11.0
[ 2024-04-02 23:22:04,628 ] 21 root - INFO - New data : 
   Area      X      Y     XM     YM  Perimeter     BX     BY  Width  Height
0  80.0  137.0  229.0  137.0  229.0       36.0  155.0  223.0   10.0    12.0
[ 2024-04-02 23:22:04,640 ] 21 root - INFO - New data : 
   Area      X      Y     XM     YM  Perimeter    BX     BY  Width  Height
0  92.0  160.0  229.0  160.0  229.0       42.0  61.0  223.0   11.0    10.0
[ 2024-04-02 23:22:04,652 ] 21 root - INFO - New data : 
   Area     X      Y    XM     YM  Perimeter    BX     BY  Width  Height
0  84.0  66.0  229.0  66.0  229.0       38.0  14.0  224.0   11.0    12.0
[ 2024-04-02 23:22:04,667 ] 21 root - INFO - New data : 
    Area     X      Y    XM     YM  Perimeter    BX     BY  Width  Height
0  100.0  20.0  230.0  20.0  230.0       36.0  38.0  224.0   11.0    11.0
[ 2024-04-02 23:22:04,679 ] 21 root - INFO - New data : 
   Area     X      Y    XM     YM  Perimeter    BX     BY  Width  Height
0  93.0  44.0  229.0  44.0  229.0       34.0  83.0  224.0   10.0    11.0
[ 2024-04-02 23:22:04,691 ] 21 root - INFO - New data : 
   Area     X      Y    XM     YM  Perimeter     BX     BY  Width  Height
0  78.0  88.0  229.0  88.0  229.0       35.0  106.0  224.0   10.0    11.0
[ 2024-04-02 23:25:57,534 ] 21 root - INFO - New data : 
   Area     X      Y     XM     YM  Perimeter     BX     BY  Width  Height
0  90.0  16.0  455.0  200.0  100.0       30.0  100.0  100.0   20.0    20.0
[ 2024-04-02 23:25:59,368 ] 21 root - INFO - New data : 
   Area      X     Y     XM    YM  Perimeter     BX    BY  Width  Height
0  94.0  132.0  16.0  132.0  16.0       37.0  126.0  10.0   12.0    12.0
[ 2024-04-02 23:26:01,457 ] 21 root - INFO - New data : 
   Area      X     Y     XM    YM  Perimeter     BX    BY  Width  Height
0  94.0  132.0  16.0  132.0  16.0       37.0  126.0  10.0   12.0    12.0
[ 2024-04-02 23:26:01,473 ] 21 root - INFO - New data : 
   Area      X     Y     XM    YM  Perimeter     BX    BY  Width  Height
0  89.0  233.0  17.0  233.0  17.0       36.0  228.0  11.0   11.0    12.0
[ 2024-04-02 23:26:01,486 ] 21 root - INFO - New data : 
   Area      X     Y     XM    YM  Perimeter     BX    BY  Width  Height
0  91.0  156.0  17.0  156.0  17.0       36.0  151.0  11.0   11.0    11.0
[ 2024-04-02 23:26:01,504 ] 21 root - INFO - New data : 
   Area      X     Y     XM    YM  Perimeter     BX    BY  Width  Height
0  80.0  208.0  17.0  208.0  17.0       34.0  202.0  11.0   10.0    11.0
[ 2024-04-02 23:26:01,517 ] 21 root - INFO - New data : 
   Area     X     Y    XM    YM  Perimeter    BX    BY  Width  Height
0  87.0  81.0  18.0  81.0  18.0       35.0  76.0  12.0   11.0    11.0
[ 2024-04-02 23:26:01,528 ] 21 root - INFO - New data : 
   Area      X     Y     XM    YM  Perimeter     BX    BY  Width  Height
0  80.0  106.0  17.0  106.0  17.0       37.0  102.0  12.0   10.0    10.0
[ 2024-04-02 23:26:01,540 ] 21 root - INFO - New data : 
   Area      X     Y     XM    YM  Perimeter     BX    BY  Width  Height
0  72.0  183.0  17.0  183.0  17.0       32.0  178.0  12.0    9.0    10.0
[ 2024-04-02 23:26:01,551 ] 21 root - INFO - New data : 
   Area     X     Y    XM    YM  Perimeter   BX    BY  Width  Height
0  88.0  12.0  17.0  12.0  17.0       41.0  7.0  12.0   11.0    11.0
[ 2024-04-02 23:26:01,564 ] 21 root - INFO - New data : 
   Area     X     Y    XM    YM  Perimeter    BX    BY  Width  Height
0  76.0  34.0  18.0  34.0  18.0       41.0  30.0  13.0   10.0    10.0
[ 2024-04-02 23:26:01,576 ] 21 root - INFO - New data : 
   Area     X     Y    XM    YM  Perimeter    BX    BY  Width  Height
0  80.0  57.0  18.0  57.0  18.0       33.0  52.0  13.0   10.0    10.0
[ 2024-04-02 23:26:01,590 ] 21 root - INFO - New data : 
   Area      X     Y     XM    YM  Perimeter     BX    BY  Width  Height
0  84.0  234.0  38.0  234.0  38.0       35.0  228.0  33.0   10.0    11.0
[ 2024-04-02 23:26:01,604 ] 21 root - INFO - New data : 
   Area      X     Y     XM    YM  Perimeter     BX    BY  Width  Height
0  85.0  134.0  39.0  134.0  39.0       34.0  128.0  34.0   10.0    11.0
[ 2024-04-02 23:26:01,619 ] 21 root - INFO - New data : 
   Area      X     Y     XM    YM  Perimeter     BX    BY  Width  Height
0  88.0  206.0  41.0  206.0  41.0       35.0  201.0  35.0   11.0    11.0
[ 2024-04-02 23:26:01,632 ] 21 root - INFO - New data : 
   Area      X     Y     XM    YM  Perimeter     BX    BY  Width  Height
0  86.0  182.0  41.0  182.0  41.0       35.0  177.0  36.0   11.0    11.0
[ 2024-04-02 23:26:01,644 ] 21 root - INFO - New data : 
   Area     X     Y    XM    YM  Perimeter    BX    BY  Width  Height
0  94.0  58.0  41.0  58.0  41.0       36.0  52.0  36.0   11.0    11.0
[ 2024-04-02 23:26:01,657 ] 21 root - INFO - New data : 
   Area      X     Y     XM    YM  Perimeter     BX    BY  Width  Height
0  71.0  107.0  41.0  107.0  41.0       32.0  102.0  36.0    9.0    10.0
[ 2024-04-02 23:26:01,670 ] 21 root - INFO - New data : 
   Area     X     Y    XM    YM  Perimeter    BX    BY  Width  Height
0  78.0  82.0  42.0  82.0  42.0       39.0  78.0  37.0   10.0    10.0
[ 2024-04-02 23:26:01,682 ] 21 root - INFO - New data : 
   Area      X     Y     XM    YM  Perimeter     BX    BY  Width  Height
0  78.0  157.0  42.0  157.0  42.0       34.0  152.0  37.0   10.0    10.0
[ 2024-04-02 23:26:01,697 ] 21 root - INFO - New data : 
   Area     X     Y    XM    YM  Perimeter   BX    BY  Width  Height
0  94.0  12.0  42.0  12.0  42.0       37.0  6.0  37.0   12.0    11.0
[ 2024-04-02 23:26:01,712 ] 21 root - INFO - New data : 
   Area     X     Y    XM    YM  Perimeter    BX    BY  Width  Height
0  80.0  35.0  42.0  35.0  42.0       34.0  30.0  37.0   10.0    10.0
[ 2024-04-02 23:26:01,726 ] 21 root - INFO - New data : 
   Area      X     Y     XM    YM  Perimeter     BX    BY  Width  Height
0  87.0  233.0  60.0  233.0  60.0       36.0  227.0  55.0   11.0    11.0
[ 2024-04-02 23:26:01,738 ] 21 root - INFO - New data : 
   Area      X     Y     XM    YM  Perimeter     BX    BY  Width  Height
0  83.0  207.0  61.0  207.0  61.0       34.0  202.0  56.0   10.0    10.0
[ 2024-04-02 23:26:01,750 ] 21 root - INFO - New data : 
   Area      X     Y     XM    YM  Perimeter     BX    BY  Width  Height
0  86.0  157.0  63.0  157.0  63.0       35.0  152.0  57.0   11.0    11.0
[ 2024-04-02 23:26:01,763 ] 21 root - INFO - New data : 
   Area      X     Y     XM    YM  Perimeter     BX    BY  Width  Height
0  75.0  182.0  62.0  182.0  62.0       37.0  178.0  57.0    9.0    10.0
[ 2024-04-02 23:26:01,775 ] 21 root - INFO - New data : 
   Area      X     Y     XM    YM  Perimeter     BX    BY  Width  Height
0  92.0  107.0  64.0  107.0  64.0       36.0  102.0  58.0   11.0    11.0
[ 2024-04-02 23:26:01,788 ] 21 root - INFO - New data : 
   Area      X     Y     XM    YM  Perimeter     BX    BY  Width  Height
0  92.0  135.0  63.0  135.0  63.0       37.0  129.0  58.0   11.0    12.0
[ 2024-04-02 23:26:01,799 ] 21 root - INFO - New data : 
   Area     X     Y    XM    YM  Perimeter    BX    BY  Width  Height
0  90.0  82.0  64.0  82.0  64.0       36.0  77.0  58.0   11.0    11.0
[ 2024-04-02 23:26:01,812 ] 21 root - INFO - New data : 
   Area     X     Y    XM    YM  Perimeter    BX    BY  Width  Height
0  93.0  59.0  66.0  59.0  66.0       36.0  54.0  61.0   11.0    11.0
[ 2024-04-02 23:26:01,824 ] 21 root - INFO - New data : 
   Area     X     Y    XM    YM  Perimeter   BX    BY  Width  Height
0  93.0  12.0  66.0  12.0  66.0       36.0  7.0  61.0   12.0    11.0
[ 2024-04-02 23:26:01,836 ] 21 root - INFO - New data : 
   Area     X     Y    XM    YM  Perimeter    BX    BY  Width  Height
0  94.0  36.0  67.0  36.0  67.0       36.0  30.0  62.0   11.0    11.0
[ 2024-04-02 23:26:01,848 ] 21 root - INFO - New data : 
   Area      X     Y     XM    YM  Perimeter     BX    BY  Width  Height
0  80.0  233.0  84.0  233.0  84.0       40.0  227.0  79.0   12.0    10.0
[ 2024-04-02 23:26:01,859 ] 21 root - INFO - New data : 
   Area      X     Y     XM    YM  Perimeter     BX    BY  Width  Height
0  86.0  206.0  85.0  206.0  85.0       35.0  201.0  80.0   10.0    11.0
[ 2024-04-02 23:26:01,873 ] 21 root - INFO - New data : 
   Area      X     Y     XM    YM  Perimeter     BX    BY  Width  Height
0  80.0  182.0  85.0  182.0  85.0       34.0  177.0  80.0   10.0    10.0
[ 2024-04-02 23:26:01,886 ] 21 root - INFO - New data : 
   Area      X     Y     XM    YM  Perimeter     BX    BY  Width  Height
0  63.0  158.0  85.0  158.0  85.0       30.0  154.0  80.0    9.0     9.0
[ 2024-04-02 23:26:01,899 ] 21 root - INFO - New data : 
   Area      X     Y     XM    YM  Perimeter     BX    BY  Width  Height
0  84.0  135.0  86.0  135.0  86.0       34.0  130.0  81.0   10.0    10.0
[ 2024-04-02 23:26:01,912 ] 21 root - INFO - New data : 
   Area     X     Y    XM    YM  Perimeter    BX    BY  Width  Height
0  89.0  83.0  87.0  83.0  87.0       36.0  78.0  81.0   11.0    11.0
[ 2024-04-02 23:26:01,924 ] 21 root - INFO - New data : 
   Area      X     Y     XM    YM  Perimeter     BX    BY  Width  Height
0  87.0  109.0  86.0  109.0  86.0       38.0  103.0  81.0   11.0    11.0
[ 2024-04-02 23:26:01,939 ] 21 root - INFO - New data : 
   Area     X     Y    XM    YM  Perimeter    BX    BY  Width  Height
0  83.0  60.0  87.0  60.0  87.0       36.0  55.0  82.0   11.0    10.0
[ 2024-04-02 23:26:01,951 ] 21 root - INFO - New data : 
   Area     X     Y    XM    YM  Perimeter    BX    BY  Width  Height
0  85.0  37.0  89.0  37.0  89.0       37.0  32.0  84.0   11.0    10.0
[ 2024-04-02 23:26:01,963 ] 21 root - INFO - New data : 
   Area     X     Y    XM    YM  Perimeter   BX    BY  Width  Height
0  86.0  14.0  89.0  14.0  89.0       35.0  8.0  84.0   11.0    10.0
[ 2024-04-02 23:26:01,975 ] 21 root - INFO - New data : 
   Area      X      Y     XM     YM  Perimeter     BX     BY  Width  Height
0  84.0  231.0  105.0  231.0  105.0       34.0  226.0  100.0   11.0    10.0
[ 2024-04-02 23:26:01,987 ] 21 root - INFO - New data : 
   Area      X      Y     XM     YM  Perimeter     BX     BY  Width  Height
0  82.0  206.0  105.0  206.0  105.0       34.0  201.0  100.0   10.0    10.0
[ 2024-04-02 23:26:01,999 ] 21 root - INFO - New data : 
   Area      X      Y     XM     YM  Perimeter     BX     BY  Width  Height
0  76.0  183.0  105.0  183.0  105.0       33.0  178.0  101.0   10.0    10.0
[ 2024-04-02 23:26:02,012 ] 21 root - INFO - New data : 
   Area      X      Y     XM     YM  Perimeter     BX     BY  Width  Height
0  62.0  158.0  106.0  158.0  106.0       32.0  154.0  102.0    9.0     9.0
[ 2024-04-02 23:26:02,025 ] 21 root - INFO - New data : 
   Area      X      Y     XM     YM  Perimeter     BX     BY  Width  Height
0  72.0  135.0  107.0  135.0  107.0       33.0  131.0  102.0   10.0    10.0
[ 2024-04-02 23:26:02,038 ] 21 root - INFO - New data : 
   Area      X      Y     XM     YM  Perimeter     BX     BY  Width  Height
0  88.0  109.0  108.0  109.0  108.0       35.0  103.0  103.0   11.0    11.0
[ 2024-04-02 23:26:02,049 ] 21 root - INFO - New data : 
   Area     X      Y    XM     YM  Perimeter    BX     BY  Width  Height
0  88.0  84.0  109.0  84.0  109.0       35.0  78.0  104.0   11.0    10.0
[ 2024-04-02 23:26:02,061 ] 21 root - INFO - New data : 
   Area     X      Y    XM     YM  Perimeter    BX     BY  Width  Height
0  92.0  61.0  110.0  61.0  110.0       36.0  56.0  104.0   11.0    11.0
[ 2024-04-02 23:26:02,074 ] 21 root - INFO - New data : 
   Area     X      Y    XM     YM  Perimeter    BX     BY  Width  Height
0  88.0  38.0  110.0  38.0  110.0       35.0  32.0  105.0   11.0    10.0
[ 2024-04-02 23:26:02,086 ] 21 root - INFO - New data : 
   Area     X      Y    XM     YM  Perimeter    BX     BY  Width  Height
0  77.0  15.0  110.0  15.0  110.0       35.0  10.0  106.0   10.0    10.0
[ 2024-04-02 23:26:02,098 ] 21 root - INFO - New data : 
   Area      X      Y     XM     YM  Perimeter     BX     BY  Width  Height
0  86.0  232.0  126.0  232.0  126.0       34.0  227.0  120.0   11.0    10.0
[ 2024-04-02 23:26:02,111 ] 21 root - INFO - New data : 
   Area      X      Y     XM     YM  Perimeter     BX     BY  Width  Height
0  70.0  207.0  125.0  207.0  125.0       32.0  202.0  121.0   10.0    10.0
[ 2024-04-02 23:26:02,123 ] 21 root - INFO - New data : 
   Area      X      Y     XM     YM  Perimeter     BX     BY  Width  Height
0  80.0  183.0  127.0  183.0  127.0       34.0  178.0  122.0   10.0    10.0
[ 2024-04-02 23:26:02,136 ] 21 root - INFO - New data : 
   Area      X      Y     XM     YM  Perimeter     BX     BY  Width  Height
0  76.0  159.0  128.0  159.0  128.0       34.0  154.0  123.0   10.0    10.0
[ 2024-04-02 23:26:02,149 ] 21 root - INFO - New data : 
   Area      X      Y     XM     YM  Perimeter     BX     BY  Width  Height
0  85.0  136.0  128.0  136.0  128.0       35.0  130.0  123.0   11.0    11.0
[ 2024-04-02 23:26:02,163 ] 21 root - INFO - New data : 
   Area      X      Y     XM     YM  Perimeter     BX     BY  Width  Height
0  81.0  110.0  130.0  110.0  130.0       34.0  105.0  125.0   10.0    10.0
[ 2024-04-02 23:26:02,174 ] 21 root - INFO - New data : 
   Area     X      Y    XM     YM  Perimeter    BX     BY  Width  Height
0  91.0  62.0  132.0  62.0  132.0       36.0  57.0  126.0   11.0    11.0
[ 2024-04-02 23:26:02,187 ] 21 root - INFO - New data : 
   Area     X      Y    XM     YM  Perimeter    BX     BY  Width  Height
0  81.0  85.0  131.0  85.0  131.0       34.0  80.0  126.0   11.0    10.0
[ 2024-04-02 23:26:02,200 ] 21 root - INFO - New data : 
   Area     X      Y    XM     YM  Perimeter    BX     BY  Width  Height
0  92.0  39.0  132.0  39.0  132.0       36.0  33.0  127.0   11.0    11.0
[ 2024-04-02 23:26:02,213 ] 21 root - INFO - New data : 
   Area     X      Y    XM     YM  Perimeter   BX     BY  Width  Height
0  92.0  15.0  133.0  15.0  133.0       36.0  9.0  128.0   11.0    11.0
[ 2024-04-02 23:26:02,227 ] 21 root - INFO - New data : 
   Area      X      Y     XM     YM  Perimeter     BX     BY  Width  Height
0  85.0  233.0  154.0  233.0  154.0       35.0  227.0  149.0   11.0    11.0
[ 2024-04-02 23:26:02,241 ] 21 root - INFO - New data : 
   Area      X      Y     XM     YM  Perimeter     BX     BY  Width  Height
0  83.0  206.0  154.0  206.0  154.0       35.0  201.0  149.0   11.0    11.0
[ 2024-04-02 23:26:02,256 ] 21 root - INFO - New data : 
   Area      X      Y     XM     YM  Perimeter     BX     BY  Width  Height
0  75.0  182.0  154.0  182.0  154.0       34.0  177.0  150.0   10.0    10.0
[ 2024-04-02 23:26:02,269 ] 21 root - INFO - New data : 
   Area      X      Y     XM     YM  Perimeter     BX     BY  Width  Height
0  84.0  158.0  155.0  158.0  155.0       34.0  153.0  150.0   10.0    11.0
[ 2024-04-02 23:26:02,282 ] 21 root - INFO - New data : 
   Area      X      Y     XM     YM  Perimeter     BX     BY  Width  Height
0  87.0  136.0  156.0  136.0  156.0       38.0  130.0  150.0   11.0    11.0
[ 2024-04-02 23:26:02,294 ] 21 root - INFO - New data : 
   Area      X      Y     XM     YM  Perimeter     BX     BY  Width  Height
0  80.0  110.0  156.0  110.0  156.0       34.0  104.0  151.0   10.0    11.0
[ 2024-04-02 23:26:02,306 ] 21 root - INFO - New data : 
   Area     X      Y    XM     YM  Perimeter    BX     BY  Width  Height
0  92.0  86.0  156.0  86.0  156.0       36.0  80.0  151.0   11.0    10.0
[ 2024-04-02 23:26:02,319 ] 21 root - INFO - New data : 
   Area     X      Y    XM     YM  Perimeter    BX     BY  Width  Height
0  90.0  17.0  157.0  17.0  157.0       38.0  12.0  152.0   11.0    11.0
[ 2024-04-02 23:26:02,333 ] 21 root - INFO - New data : 
   Area     X      Y    XM     YM  Perimeter    BX     BY  Width  Height
0  87.0  40.0  159.0  40.0  159.0       35.0  35.0  153.0   10.0    11.0
[ 2024-04-02 23:26:02,349 ] 21 root - INFO - New data : 
   Area     X      Y    XM     YM  Perimeter    BX     BY  Width  Height
0  77.0  63.0  158.0  63.0  158.0       34.0  58.0  153.0   10.0    10.0
[ 2024-04-02 23:26:02,364 ] 21 root - INFO - New data : 
   Area      X      Y     XM     YM  Perimeter     BX     BY  Width  Height
0  84.0  206.0  179.0  206.0  179.0       34.0  201.0  174.0   10.0    11.0
[ 2024-04-02 23:26:02,380 ] 21 root - INFO - New data : 
   Area      X      Y     XM     YM  Perimeter     BX     BY  Width  Height
0  91.0  182.0  180.0  182.0  180.0       36.0  177.0  174.0   10.0    11.0
[ 2024-04-02 23:26:02,394 ] 21 root - INFO - New data : 
   Area      X      Y     XM     YM  Perimeter     BX     BY  Width  Height
0  85.0  232.0  179.0  232.0  179.0       35.0  226.0  174.0   10.0    11.0
[ 2024-04-02 23:26:02,408 ] 21 root - INFO - New data : 
   Area      X      Y     XM     YM  Perimeter     BX     BY  Width  Height
0  96.0  136.0  180.0  136.0  180.0       41.0  131.0  175.0   11.0    12.0
[ 2024-04-02 23:26:02,423 ] 21 root - INFO - New data : 
   Area      X      Y     XM     YM  Perimeter     BX     BY  Width  Height
0  82.0  159.0  180.0  159.0  180.0       34.0  154.0  175.0   10.0    11.0
[ 2024-04-02 23:26:02,439 ] 21 root - INFO - New data : 
   Area      X      Y     XM     YM  Perimeter     BX     BY  Width  Height
0  75.0  110.0  180.0  110.0  180.0       35.0  106.0  175.0   10.0    10.0
[ 2024-04-02 23:26:02,454 ] 21 root - INFO - New data : 
   Area     X      Y    XM     YM  Perimeter    BX     BY  Width  Height
0  96.0  87.0  182.0  87.0  182.0       38.0  81.0  176.0   12.0    11.0
[ 2024-04-02 23:26:02,469 ] 21 root - INFO - New data : 
   Area     X      Y    XM     YM  Perimeter    BX     BY  Width  Height
0  89.0  64.0  181.0  64.0  181.0       35.0  59.0  176.0   11.0    10.0
[ 2024-04-02 23:26:02,484 ] 21 root - INFO - New data : 
   Area     X      Y    XM     YM  Perimeter    BX     BY  Width  Height
0  94.0  18.0  182.0  18.0  182.0       36.0  12.0  177.0   11.0    10.0
[ 2024-04-02 23:26:02,499 ] 21 root - INFO - New data : 
   Area     X      Y    XM     YM  Perimeter    BX     BY  Width  Height
0  78.0  40.0  184.0  40.0  184.0       33.0  36.0  178.0   10.0    10.0
[ 2024-04-02 23:26:02,516 ] 21 root - INFO - New data : 
   Area      X      Y     XM     YM  Perimeter     BX     BY  Width  Height
0  79.0  206.0  202.0  206.0  202.0       34.0  201.0  197.0   10.0    11.0
[ 2024-04-02 23:26:02,532 ] 21 root - INFO - New data : 
   Area      X      Y     XM     YM  Perimeter     BX     BY  Width  Height
0  89.0  233.0  203.0  233.0  203.0       35.0  227.0  197.0   10.0    11.0
[ 2024-04-02 23:26:02,550 ] 21 root - INFO - New data : 
   Area      X      Y     XM     YM  Perimeter     BX     BY  Width  Height
0  83.0  160.0  203.0  160.0  203.0       35.0  154.0  198.0   10.0    11.0
[ 2024-04-02 23:26:02,566 ] 21 root - INFO - New data : 
   Area      X      Y     XM     YM  Perimeter     BX     BY  Width  Height
0  83.0  183.0  203.0  183.0  203.0       35.0  179.0  198.0   10.0    11.0
[ 2024-04-02 23:26:02,583 ] 21 root - INFO - New data : 
   Area      X      Y     XM     YM  Perimeter     BX     BY  Width  Height
0  92.0  136.0  204.0  136.0  204.0       37.0  131.0  198.0   11.0    12.0
[ 2024-04-02 23:26:02,603 ] 21 root - INFO - New data : 
   Area      X      Y     XM     YM  Perimeter     BX     BY  Width  Height
0  93.0  110.0  204.0  110.0  204.0       36.0  104.0  199.0   11.0    11.0
[ 2024-04-02 23:26:02,618 ] 21 root - INFO - New data : 
   Area     X      Y    XM     YM  Perimeter    BX     BY  Width  Height
0  91.0  88.0  205.0  88.0  205.0       36.0  82.0  199.0   11.0    11.0
[ 2024-04-02 23:26:02,633 ] 21 root - INFO - New data : 
   Area     X      Y    XM     YM  Perimeter    BX     BY  Width  Height
0  90.0  65.0  205.0  65.0  205.0       35.0  60.0  200.0   11.0    11.0
[ 2024-04-02 23:26:02,646 ] 21 root - INFO - New data : 
   Area     X      Y    XM     YM  Perimeter    BX     BY  Width  Height
0  99.0  19.0  206.0  19.0  206.0       38.0  13.0  200.0   12.0    12.0
[ 2024-04-02 23:26:02,660 ] 21 root - INFO - New data : 
   Area     X      Y    XM     YM  Perimeter    BX     BY  Width  Height
0  87.0  42.0  207.0  42.0  207.0       35.0  37.0  202.0   11.0    11.0
[ 2024-04-02 23:26:02,674 ] 21 root - INFO - New data : 
   Area      X      Y     XM     YM  Perimeter     BX     BY  Width  Height
0  96.0  205.0  226.0  205.0  226.0       38.0  200.0  220.0   11.0    12.0
[ 2024-04-02 23:26:02,688 ] 21 root - INFO - New data : 
   Area      X      Y     XM     YM  Perimeter     BX     BY  Width  Height
0  88.0  233.0  226.0  233.0  226.0       36.0  228.0  221.0   11.0    11.0
[ 2024-04-02 23:26:02,703 ] 21 root - INFO - New data : 
   Area      X      Y     XM     YM  Perimeter     BX     BY  Width  Height
0  90.0  183.0  227.0  183.0  227.0       37.0  178.0  221.0   11.0    11.0
[ 2024-04-02 23:26:02,717 ] 21 root - INFO - New data : 
   Area      X      Y     XM     YM  Perimeter     BX     BY  Width  Height
0  80.0  137.0  229.0  137.0  229.0       34.0  132.0  223.0   10.0    11.0
[ 2024-04-02 23:26:02,731 ] 21 root - INFO - New data : 
   Area      X      Y     XM     YM  Perimeter     BX     BY  Width  Height
0  92.0  160.0  229.0  160.0  229.0       36.0  155.0  223.0   10.0    12.0
[ 2024-04-02 23:26:02,745 ] 21 root - INFO - New data : 
   Area     X      Y    XM     YM  Perimeter    BX     BY  Width  Height
0  84.0  66.0  229.0  66.0  229.0       42.0  61.0  223.0   11.0    10.0
[ 2024-04-02 23:26:02,758 ] 21 root - INFO - New data : 
    Area     X      Y    XM     YM  Perimeter    BX     BY  Width  Height
0  100.0  20.0  230.0  20.0  230.0       38.0  14.0  224.0   11.0    12.0
[ 2024-04-02 23:26:02,773 ] 21 root - INFO - New data : 
   Area     X      Y    XM     YM  Perimeter    BX     BY  Width  Height
0  93.0  44.0  229.0  44.0  229.0       36.0  38.0  224.0   11.0    11.0
[ 2024-04-02 23:26:02,789 ] 21 root - INFO - New data : 
   Area     X      Y    XM     YM  Perimeter    BX     BY  Width  Height
0  78.0  88.0  229.0  88.0  229.0       34.0  83.0  224.0   10.0    11.0
[ 2024-04-02 23:26:02,806 ] 21 root - INFO - New data : 
   Area      X      Y     XM     YM  Perimeter     BX     BY  Width  Height
0  86.0  111.0  230.0  111.0  230.0       35.0  106.0  224.0   10.0    11.0
