[ 2024-04-03 12:19:22,277 ] 96 werkzeug - INFO - [31m[1mWARNING: This is a development server. Do not use it in a production deployment. Use a production WSGI server instead.[0m
 * Running on http://127.0.0.1:5000
[ 2024-04-03 12:19:22,277 ] 96 werkzeug - INFO - [33mPress CTRL+C to quit[0m
[ 2024-04-03 12:19:37,275 ] 21 root - INFO - New data : 
    Area      X     Y     XM    YM  Perimeter     BX    BY  Width  Height
0  114.0  146.0  27.0  146.0  27.0       41.0  139.0  20.0   12.0    12.0
[ 2024-04-03 12:19:37,543 ] 21 root - INFO - New data : 
    Area      X     Y     XM    YM  Perimeter     BX    BY  Width  Height
0  108.0  254.0  27.0  254.0  27.0       40.0  248.0  21.0   12.0    12.0
[ 2024-04-03 12:19:37,569 ] 21 root - INFO - New data : 
    Area      X     Y     XM    YM  Perimeter     BX    BY  Width  Height
0  109.0  172.0  28.0  172.0  28.0       39.0  167.0  22.0   11.0    12.0
[ 2024-04-03 12:19:37,592 ] 21 root - INFO - New data : 
   Area      X     Y     XM    YM  Perimeter     BX    BY  Width  Height
0  96.0  227.0  27.0  227.0  27.0       38.0  221.0  22.0   11.0    11.0
[ 2024-04-03 12:19:37,612 ] 21 root - INFO - New data : 
    Area     X     Y    XM    YM  Perimeter    BX    BY  Width  Height
0  104.0  91.0  28.0  91.0  28.0       38.0  85.0  22.0   12.0    12.0
[ 2024-04-03 12:19:37,631 ] 21 root - INFO - New data : 
   Area      X     Y     XM    YM  Perimeter     BX    BY  Width  Height
0  97.0  119.0  28.0  119.0  28.0       42.0  113.0  22.0   11.0    11.0
[ 2024-04-03 12:19:37,650 ] 21 root - INFO - New data : 
   Area      X     Y     XM    YM  Perimeter     BX    BY  Width  Height
0  87.0  200.0  28.0  200.0  28.0       35.0  195.0  22.0   10.0    11.0
[ 2024-04-03 12:19:37,666 ] 21 root - INFO - New data : 
    Area     X     Y    XM    YM  Perimeter    BX    BY  Width  Height
0  106.0  18.0  28.0  18.0  28.0       42.0  12.0  22.0   12.0    11.0
[ 2024-04-03 12:19:37,683 ] 21 root - INFO - New data : 
   Area     X     Y    XM    YM  Perimeter    BX    BY  Width  Height
0  97.0  42.0  29.0  42.0  29.0       38.0  36.0  23.0   11.0    11.0
[ 2024-04-03 12:19:37,699 ] 21 root - INFO - New data : 
   Area     X     Y    XM    YM  Perimeter    BX    BY  Width  Height
0  97.0  66.0  29.0  66.0  29.0       41.0  60.0  23.0   12.0    11.0
[ 2024-04-03 12:19:37,717 ] 21 root - INFO - New data : 
    Area      X     Y     XM    YM  Perimeter     BX    BY  Width  Height
0  102.0  255.0  50.0  255.0  50.0       40.0  249.0  45.0   11.0    12.0
[ 2024-04-03 12:19:37,733 ] 21 root - INFO - New data : 
    Area      X     Y     XM    YM  Perimeter     BX    BY  Width  Height
0  102.0  148.0  52.0  148.0  52.0       38.0  142.0  46.0   12.0    12.0
[ 2024-04-03 12:19:37,752 ] 21 root - INFO - New data : 
    Area      X     Y     XM    YM  Perimeter     BX    BY  Width  Height
0  106.0  226.0  53.0  226.0  53.0       39.0  220.0  47.0   12.0    12.0
[ 2024-04-03 12:19:37,771 ] 21 root - INFO - New data : 
    Area      X     Y     XM    YM  Perimeter     BX    BY  Width  Height
0  104.0  199.0  53.0  199.0  53.0       38.0  194.0  48.0   11.0    11.0
[ 2024-04-03 12:19:37,789 ] 21 root - INFO - New data : 
    Area     X     Y    XM    YM  Perimeter    BX    BY  Width  Height
0  113.0  67.0  54.0  67.0  54.0       40.0  61.0  48.0   12.0    12.0
[ 2024-04-03 12:19:37,812 ] 21 root - INFO - New data : 
   Area      X     Y     XM    YM  Perimeter     BX    BY  Width  Height
0  87.0  120.0  53.0  120.0  53.0       35.0  114.0  48.0   10.0    11.0
[ 2024-04-03 12:19:37,834 ] 21 root - INFO - New data : 
   Area     X     Y    XM    YM  Perimeter    BX    BY  Width  Height
0  94.0  93.0  54.0  93.0  54.0       43.0  88.0  49.0   11.0    11.0
[ 2024-04-03 12:19:37,852 ] 21 root - INFO - New data : 
   Area      X     Y     XM    YM  Perimeter     BX    BY  Width  Height
0  95.0  173.0  54.0  173.0  54.0       37.0  168.0  49.0   11.0    11.0
[ 2024-04-03 12:19:37,871 ] 21 root - INFO - New data : 
    Area     X     Y    XM    YM  Perimeter    BX    BY  Width  Height
0  113.0  18.0  55.0  18.0  55.0       41.0  12.0  49.0   12.0    12.0
[ 2024-04-03 12:19:37,886 ] 21 root - INFO - New data : 
   Area     X     Y    XM    YM  Perimeter    BX    BY  Width  Height
0  97.0  43.0  55.0  43.0  55.0       37.0  37.0  50.0   11.0    11.0
[ 2024-04-03 12:19:37,907 ] 21 root - INFO - New data : 
    Area      X     Y     XM    YM  Perimeter     BX    BY  Width  Height
0  107.0  253.0  73.0  253.0  73.0       42.0  248.0  68.0   12.0    12.0
[ 2024-04-03 12:19:37,925 ] 21 root - INFO - New data : 
    Area      X     Y     XM    YM  Perimeter     BX    BY  Width  Height
0  101.0  226.0  75.0  226.0  75.0       37.0  220.0  69.0   11.0    12.0
[ 2024-04-03 12:19:37,942 ] 21 root - INFO - New data : 
    Area      X     Y     XM    YM  Perimeter     BX    BY  Width  Height
0  105.0  173.0  77.0  173.0  77.0       39.0  167.0  70.0   12.0    12.0
[ 2024-04-03 12:19:37,960 ] 21 root - INFO - New data : 
   Area      X     Y     XM    YM  Perimeter     BX    BY  Width  Height
0  93.0  200.0  76.0  200.0  76.0       41.0  195.0  70.0   10.0    11.0
[ 2024-04-03 12:19:37,976 ] 21 root - INFO - New data : 
    Area      X     Y     XM    YM  Perimeter     BX    BY  Width  Height
0  112.0  120.0  77.0  120.0  77.0       40.0  114.0  71.0   12.0    12.0
[ 2024-04-03 12:19:37,996 ] 21 root - INFO - New data : 
    Area      X     Y     XM    YM  Perimeter     BX    BY  Width  Height
0  112.0  149.0  77.0  149.0  77.0       42.0  143.0  71.0   12.0    13.0
[ 2024-04-03 12:19:38,026 ] 21 root - INFO - New data : 
    Area     X     Y    XM    YM  Perimeter    BX    BY  Width  Height
0  108.0  93.0  78.0  93.0  78.0       39.0  87.0  72.0   12.0    12.0
[ 2024-04-03 12:19:38,053 ] 21 root - INFO - New data : 
    Area     X     Y    XM    YM  Perimeter    BX    BY  Width  Height
0  111.0  68.0  80.0  68.0  80.0       42.0  62.0  74.0   12.0    12.0
[ 2024-04-03 12:19:38,078 ] 21 root - INFO - New data : 
    Area     X     Y    XM    YM  Perimeter    BX    BY  Width  Height
0  111.0  18.0  80.0  18.0  80.0       41.0  12.0  75.0   12.0    11.0
[ 2024-04-03 12:19:38,104 ] 21 root - INFO - New data : 
    Area     X     Y    XM    YM  Perimeter    BX    BY  Width  Height
0  113.0  43.0  81.0  43.0  81.0       42.0  37.0  76.0   12.0    12.0
[ 2024-04-03 12:19:38,128 ] 21 root - INFO - New data : 
   Area      X     Y     XM    YM  Perimeter     BX    BY  Width  Height
0  99.0  254.0  99.0  254.0  99.0       43.0  248.0  93.0   13.0    11.0
[ 2024-04-03 12:19:38,152 ] 21 root - INFO - New data : 
    Area      X      Y     XM     YM  Perimeter     BX    BY  Width  Height
0  105.0  226.0  100.0  226.0  100.0       39.0  220.0  94.0   11.0    12.0
[ 2024-04-03 12:19:38,181 ] 21 root - INFO - New data : 
   Area      X      Y     XM     YM  Perimeter     BX    BY  Width  Height
0  98.0  200.0  100.0  200.0  100.0       37.0  195.0  95.0   11.0    11.0
[ 2024-04-03 12:19:38,205 ] 21 root - INFO - New data : 
   Area      X      Y     XM     YM  Perimeter     BX    BY  Width  Height
0  77.0  174.0  100.0  174.0  100.0       33.0  169.0  95.0   10.0    10.0
[ 2024-04-03 12:19:38,227 ] 21 root - INFO - New data : 
    Area      X      Y     XM     YM  Perimeter     BX    BY  Width  Height
0  103.0  150.0  102.0  150.0  102.0       38.0  144.0  96.0   12.0    12.0
[ 2024-04-03 12:19:38,250 ] 21 root - INFO - New data : 
    Area      X      Y     XM     YM  Perimeter     BX    BY  Width  Height
0  108.0  121.0  102.0  121.0  102.0       39.0  115.0  96.0   12.0    12.0
[ 2024-04-03 12:19:38,267 ] 21 root - INFO - New data : 
    Area     X      Y    XM     YM  Perimeter    BX    BY  Width  Height
0  107.0  94.0  102.0  94.0  102.0       39.0  88.0  96.0   12.0    12.0
[ 2024-04-03 12:19:38,287 ] 21 root - INFO - New data : 
   Area     X      Y    XM     YM  Perimeter    BX    BY  Width  Height
0  98.0  69.0  102.0  69.0  102.0       41.0  63.0  97.0   12.0    11.0
[ 2024-04-03 12:19:38,308 ] 21 root - INFO - New data : 
    Area     X      Y    XM     YM  Perimeter    BX    BY  Width  Height
0  100.0  44.0  104.0  44.0  104.0       47.0  38.0  99.0   12.0    11.0
[ 2024-04-03 12:19:38,324 ] 21 root - INFO - New data : 
    Area     X      Y    XM     YM  Perimeter    BX     BY  Width  Height
0  104.0  19.0  105.0  19.0  105.0       38.0  14.0  100.0   12.0    11.0
[ 2024-04-03 12:19:38,343 ] 21 root - INFO - New data : 
    Area      X      Y     XM     YM  Perimeter     BX     BY  Width  Height
0  102.0  252.0  122.0  252.0  122.0       38.0  246.0  116.0   11.0    11.0
[ 2024-04-03 12:19:38,358 ] 21 root - INFO - New data : 
    Area      X      Y     XM     YM  Perimeter     BX     BY  Width  Height
0  100.0  225.0  122.0  225.0  122.0       37.0  220.0  116.0   11.0    11.0
[ 2024-04-03 12:19:38,379 ] 21 root - INFO - New data : 
   Area      X      Y     XM     YM  Perimeter     BX     BY  Width  Height
0  93.0  200.0  122.0  200.0  122.0       36.0  195.0  117.0   11.0    11.0
[ 2024-04-03 12:19:38,397 ] 21 root - INFO - New data : 
   Area      X      Y     XM     YM  Perimeter     BX     BY  Width  Height
0  75.0  174.0  123.0  174.0  123.0       39.0  170.0  118.0   10.0    10.0
[ 2024-04-03 12:19:38,413 ] 21 root - INFO - New data : 
   Area      X      Y     XM     YM  Perimeter     BX     BY  Width  Height
0  86.0  150.0  124.0  150.0  124.0       43.0  145.0  119.0   11.0    10.0
[ 2024-04-03 12:19:38,430 ] 21 root - INFO - New data : 
    Area      X      Y     XM     YM  Perimeter     BX     BY  Width  Height
0  107.0  121.0  126.0  121.0  126.0       39.0  115.0  120.0   12.0    11.0
[ 2024-04-03 12:19:38,446 ] 21 root - INFO - New data : 
    Area     X      Y    XM     YM  Perimeter    BX     BY  Width  Height
0  107.0  95.0  126.0  95.0  126.0       39.0  89.0  120.0   12.0    11.0
[ 2024-04-03 12:19:38,465 ] 21 root - INFO - New data : 
    Area     X      Y    XM     YM  Perimeter    BX     BY  Width  Height
0  110.0  70.0  127.0  70.0  127.0       40.0  64.0  121.0   12.0    12.0
[ 2024-04-03 12:19:38,483 ] 21 root - INFO - New data : 
    Area     X      Y    XM     YM  Perimeter    BX     BY  Width  Height
0  106.0  45.0  127.0  45.0  127.0       39.0  39.0  122.0   12.0    11.0
[ 2024-04-03 12:19:38,503 ] 21 root - INFO - New data : 
   Area     X      Y    XM     YM  Perimeter    BX     BY  Width  Height
0  89.0  21.0  127.0  21.0  127.0       44.0  15.0  122.0   11.0    10.0
[ 2024-04-03 12:19:38,520 ] 21 root - INFO - New data : 
    Area      X      Y     XM     YM  Perimeter     BX     BY  Width  Height
0  103.0  253.0  144.0  253.0  144.0       38.0  247.0  138.0   12.0    11.0
[ 2024-04-03 12:19:38,539 ] 21 root - INFO - New data : 
   Area      X      Y     XM     YM  Perimeter     BX     BY  Width  Height
0  86.0  226.0  143.0  226.0  143.0       35.0  221.0  138.0   10.0    11.0
[ 2024-04-03 12:19:38,557 ] 21 root - INFO - New data : 
   Area      X      Y     XM     YM  Perimeter     BX     BY  Width  Height
0  98.0  201.0  145.0  201.0  145.0       37.0  195.0  140.0   11.0    11.0
[ 2024-04-03 12:19:38,575 ] 21 root - INFO - New data : 
   Area      X      Y     XM     YM  Perimeter     BX     BY  Width  Height
0  92.0  175.0  146.0  175.0  146.0       40.0  170.0  141.0   11.0    11.0
[ 2024-04-03 12:19:38,595 ] 21 root - INFO - New data : 
    Area      X      Y     XM     YM  Perimeter     BX     BY  Width  Height
0  103.0  150.0  147.0  150.0  147.0       38.0  144.0  141.0   12.0    12.0
[ 2024-04-03 12:19:38,610 ] 21 root - INFO - New data : 
   Area      X      Y     XM     YM  Perimeter     BX     BY  Width  Height
0  96.0  122.0  149.0  122.0  149.0       46.0  117.0  143.0   11.0    11.0
[ 2024-04-03 12:19:38,629 ] 21 root - INFO - New data : 
    Area     X      Y    XM     YM  Perimeter    BX     BY  Width  Height
0  109.0  71.0  150.0  71.0  150.0       40.0  66.0  144.0   12.0    12.0
[ 2024-04-03 12:19:38,644 ] 21 root - INFO - New data : 
   Area     X      Y    XM     YM  Perimeter    BX     BY  Width  Height
0  98.0  96.0  150.0  96.0  150.0       38.0  90.0  144.0   12.0    11.0
[ 2024-04-03 12:19:38,666 ] 21 root - INFO - New data : 
    Area     X      Y    XM     YM  Perimeter    BX     BY  Width  Height
0  109.0  46.0  151.0  46.0  151.0       41.0  40.0  145.0   12.0    12.0
[ 2024-04-03 12:19:38,691 ] 21 root - INFO - New data : 
    Area     X      Y    XM     YM  Perimeter    BX     BY  Width  Height
0  111.0  21.0  151.0  21.0  151.0       39.0  15.0  146.0   12.0    12.0
[ 2024-04-03 12:19:38,707 ] 21 root - INFO - New data : 
    Area      X      Y     XM     YM  Perimeter     BX     BY  Width  Height
0  102.0  254.0  174.0  254.0  174.0       38.0  248.0  169.0   12.0    12.0
[ 2024-04-03 12:19:38,727 ] 21 root - INFO - New data : 
    Area      X      Y     XM     YM  Perimeter     BX     BY  Width  Height
0  101.0  225.0  174.0  225.0  174.0       38.0  219.0  169.0   12.0    12.0
[ 2024-04-03 12:19:38,749 ] 21 root - INFO - New data : 
    Area      X      Y     XM     YM  Perimeter     BX     BY  Width  Height
0  102.0  174.0  175.0  174.0  175.0       38.0  168.0  169.0   11.0    12.0
[ 2024-04-03 12:19:38,769 ] 21 root - INFO - New data : 
   Area      X      Y     XM     YM  Perimeter     BX     BY  Width  Height
0  91.0  200.0  174.0  200.0  174.0       37.0  194.0  169.0   11.0    11.0
[ 2024-04-03 12:19:38,787 ] 21 root - INFO - New data : 
    Area      X      Y     XM     YM  Perimeter     BX     BY  Width  Height
0  107.0  150.0  176.0  150.0  176.0       40.0  144.0  170.0   12.0    12.0
[ 2024-04-03 12:19:38,805 ] 21 root - INFO - New data : 
   Area      X      Y     XM     YM  Perimeter     BX     BY  Width  Height
0  97.0  122.0  176.0  122.0  176.0       38.0  117.0  170.0   11.0    12.0
[ 2024-04-03 12:19:38,826 ] 21 root - INFO - New data : 
    Area     X      Y    XM     YM  Perimeter    BX     BY  Width  Height
0  110.0  96.0  177.0  96.0  177.0       40.0  90.0  171.0   12.0    12.0
[ 2024-04-03 12:19:38,844 ] 21 root - INFO - New data : 
    Area     X      Y    XM     YM  Perimeter    BX     BY  Width  Height
0  109.0  23.0  178.0  23.0  178.0       39.0  17.0  172.0   12.0    11.0
[ 2024-04-03 12:19:38,862 ] 21 root - INFO - New data : 
   Area     X      Y    XM     YM  Perimeter    BX     BY  Width  Height
0  92.0  73.0  179.0  73.0  179.0       36.0  67.0  173.0   11.0    11.0
[ 2024-04-03 12:19:38,880 ] 21 root - INFO - New data : 
    Area     X      Y    XM     YM  Perimeter    BX     BY  Width  Height
0  104.0  47.0  179.0  47.0  179.0       38.0  42.0  173.0   12.0    11.0
[ 2024-04-03 12:19:38,896 ] 21 root - INFO - New data : 
    Area      X      Y     XM     YM  Perimeter     BX     BY  Width  Height
0  102.0  226.0  201.0  226.0  201.0       38.0  220.0  195.0   11.0    12.0
[ 2024-04-03 12:19:38,915 ] 21 root - INFO - New data : 
    Area      X      Y     XM     YM  Perimeter     BX     BY  Width  Height
0  110.0  200.0  201.0  200.0  201.0       40.0  194.0  195.0   11.0    12.0
[ 2024-04-03 12:19:38,931 ] 21 root - INFO - New data : 
    Area      X      Y     XM     YM  Perimeter     BX     BY  Width  Height
0  103.0  252.0  201.0  252.0  201.0       38.0  247.0  196.0   11.0    12.0
[ 2024-04-03 12:19:38,949 ] 21 root - INFO - New data : 
    Area      X      Y     XM     YM  Perimeter     BX     BY  Width  Height
0  117.0  151.0  202.0  151.0  202.0       44.0  145.0  196.0   12.0    13.0
[ 2024-04-03 12:19:38,964 ] 21 root - INFO - New data : 
    Area      X      Y     XM     YM  Perimeter     BX     BY  Width  Height
0  100.0  175.0  202.0  175.0  202.0       38.0  169.0  196.0   11.0    12.0
[ 2024-04-03 12:19:38,984 ] 21 root - INFO - New data : 
   Area      X      Y     XM     YM  Perimeter     BX     BY  Width  Height
0  91.0  123.0  202.0  123.0  202.0       41.0  118.0  196.0   11.0    11.0
[ 2024-04-03 12:19:39,006 ] 21 root - INFO - New data : 
    Area     X      Y    XM     YM  Perimeter    BX     BY  Width  Height
0  115.0  98.0  203.0  98.0  203.0       41.0  92.0  197.0   13.0    12.0
[ 2024-04-03 12:19:39,024 ] 21 root - INFO - New data : 
    Area     X      Y    XM     YM  Perimeter    BX     BY  Width  Height
0  107.0  74.0  203.0  74.0  203.0       39.0  68.0  198.0   12.0    11.0
[ 2024-04-03 12:19:39,042 ] 21 root - INFO - New data : 
    Area     X      Y    XM     YM  Perimeter    BX     BY  Width  Height
0  114.0  24.0  204.0  24.0  204.0       40.0  18.0  198.0   12.0    12.0
[ 2024-04-03 12:19:39,061 ] 21 root - INFO - New data : 
   Area     X      Y    XM     YM  Perimeter    BX     BY  Width  Height
0  96.0  48.0  206.0  48.0  206.0       37.0  43.0  200.0   12.0    11.0
[ 2024-04-03 12:19:39,081 ] 21 root - INFO - New data : 
   Area      X      Y     XM     YM  Perimeter     BX     BY  Width  Height
0  95.0  225.0  226.0  225.0  226.0       38.0  220.0  220.0   11.0    12.0
[ 2024-04-03 12:19:39,098 ] 21 root - INFO - New data : 
    Area      X      Y     XM     YM  Perimeter     BX     BY  Width  Height
0  105.0  254.0  226.0  254.0  226.0       44.0  248.0  220.0   11.0    12.0
[ 2024-04-03 12:19:39,114 ] 21 root - INFO - New data : 
    Area      X      Y     XM     YM  Perimeter     BX     BY  Width  Height
0  101.0  176.0  226.0  176.0  226.0       38.0  170.0  221.0   11.0    12.0
[ 2024-04-03 12:19:39,130 ] 21 root - INFO - New data : 
    Area      X      Y     XM     YM  Perimeter     BX     BY  Width  Height
0  101.0  201.0  227.0  201.0  227.0       38.0  196.0  221.0   10.0    12.0
[ 2024-04-03 12:19:39,147 ] 21 root - INFO - New data : 
    Area      X      Y     XM     YM  Perimeter     BX     BY  Width  Height
0  111.0  151.0  228.0  151.0  228.0       41.0  144.0  221.0   12.0    13.0
[ 2024-04-03 12:19:39,163 ] 21 root - INFO - New data : 
    Area      X      Y     XM     YM  Perimeter     BX     BY  Width  Height
0  112.0  122.0  228.0  122.0  228.0       40.0  116.0  222.0   12.0    12.0
[ 2024-04-03 12:19:39,180 ] 21 root - INFO - New data : 
    Area     X      Y    XM     YM  Perimeter    BX     BY  Width  Height
0  109.0  99.0  229.0  99.0  229.0       39.0  93.0  222.0   12.0    12.0
[ 2024-04-03 12:19:39,199 ] 21 root - INFO - New data : 
    Area     X      Y    XM     YM  Perimeter    BX     BY  Width  Height
0  108.0  75.0  229.0  75.0  229.0       39.0  69.0  223.0   12.0    12.0
[ 2024-04-03 12:19:39,221 ] 21 root - INFO - New data : 
    Area     X      Y    XM     YM  Perimeter    BX     BY  Width  Height
0  120.0  25.0  230.0  25.0  230.0       41.0  19.0  223.0   12.0    12.0
[ 2024-04-03 12:19:39,241 ] 21 root - INFO - New data : 
    Area     X      Y    XM     YM  Perimeter    BX     BY  Width  Height
0  105.0  50.0  231.0  50.0  231.0       39.0  45.0  225.0   12.0    12.0
[ 2024-04-03 12:19:39,259 ] 21 root - INFO - New data : 
    Area      X      Y     XM     YM  Perimeter     BX     BY  Width  Height
0  115.0  224.0  251.0  224.0  251.0       41.0  218.0  245.0   12.0    12.0
[ 2024-04-03 12:19:39,276 ] 21 root - INFO - New data : 
    Area      X      Y     XM     YM  Perimeter     BX     BY  Width  Height
0  106.0  254.0  251.0  254.0  251.0       40.0  248.0  245.0   12.0    12.0
[ 2024-04-03 12:19:39,292 ] 21 root - INFO - New data : 
    Area      X      Y     XM     YM  Perimeter     BX     BY  Width  Height
0  108.0  201.0  252.0  201.0  252.0       40.0  195.0  246.0   11.0    12.0
[ 2024-04-03 12:19:39,311 ] 21 root - INFO - New data : 
    Area      X      Y     XM     YM  Perimeter     BX     BY  Width  Height
0  110.0  176.0  254.0  176.0  254.0       40.0  170.0  248.0   12.0    12.0
[ 2024-04-03 12:19:39,327 ] 21 root - INFO - New data : 
   Area     X      Y    XM     YM  Perimeter    BX     BY  Width  Height
0  99.0  76.0  254.0  76.0  254.0       55.0  70.0  248.0   12.0    12.0
[ 2024-04-03 12:19:39,349 ] 21 root - INFO - New data : 
   Area      X      Y     XM     YM  Perimeter     BX     BY  Width  Height
0  96.0  151.0  254.0  151.0  254.0       37.0  145.0  248.0   11.0    11.0
[ 2024-04-03 12:19:39,366 ] 21 root - INFO - New data : 
    Area     X      Y    XM     YM  Perimeter    BX     BY  Width  Height
0  112.0  52.0  254.0  52.0  254.0       39.0  46.0  248.0   12.0    12.0
[ 2024-04-03 12:19:39,384 ] 21 root - INFO - New data : 
    Area     X      Y    XM     YM  Perimeter    BX     BY  Width  Height
0  119.0  26.0  255.0  26.0  255.0       42.0  20.0  249.0   12.0    12.0
[ 2024-04-03 12:19:39,403 ] 21 root - INFO - New data : 
   Area      X      Y     XM     YM  Perimeter    BX     BY  Width  Height
0  94.0  100.0  254.0  100.0  254.0       37.0  94.0  249.0   11.0    12.0
[ 2024-04-03 12:19:39,419 ] 21 root - INFO - New data : 
    Area      X      Y     XM     YM  Perimeter     BX     BY  Width  Height
0  104.0  124.0  255.0  124.0  255.0       38.0  118.0  249.0   12.0    12.0
[ 2024-04-03 12:19:39,490 ] 96 werkzeug - INFO - 127.0.0.1 - - [03/Apr/2024 12:19:39] "POST /showingResults HTTP/1.1" 200 -
[ 2024-04-03 12:19:39,561 ] 96 werkzeug - INFO - 127.0.0.1 - - [03/Apr/2024 12:19:39] "[36mGET /static/css/Results.css HTTP/1.1[0m" 304 -
[ 2024-04-03 12:20:04,175 ] 96 werkzeug - INFO - 127.0.0.1 - - [03/Apr/2024 12:20:04] "GET / HTTP/1.1" 200 -
[ 2024-04-03 12:20:04,232 ] 96 werkzeug - INFO - 127.0.0.1 - - [03/Apr/2024 12:20:04] "[36mGET /static/css/index.css HTTP/1.1[0m" 304 -
[ 2024-04-03 12:20:04,234 ] 96 werkzeug - INFO - 127.0.0.1 - - [03/Apr/2024 12:20:04] "[36mGET /static/css/corn%20diplay.png HTTP/1.1[0m" 304 -
[ 2024-04-03 12:20:04,336 ] 96 werkzeug - INFO - 127.0.0.1 - - [03/Apr/2024 12:20:04] "[35m[1mGET /static/css/corn%20video.mp4 HTTP/1.1[0m" 206 -
[ 2024-04-03 12:20:18,756 ] 96 werkzeug - INFO - 127.0.0.1 - - [03/Apr/2024 12:20:18] "POST /openwebcam HTTP/1.1" 200 -
[ 2024-04-03 12:20:18,782 ] 96 werkzeug - INFO - 127.0.0.1 - - [03/Apr/2024 12:20:18] "[36mGET /static/css/displayImage.css HTTP/1.1[0m" 304 -
[ 2024-04-03 12:20:18,800 ] 96 werkzeug - INFO - 127.0.0.1 - - [03/Apr/2024 12:20:18] "[36mGET /static/css/corn%202.jpg HTTP/1.1[0m" 304 -
[ 2024-04-03 12:20:24,057 ] 96 werkzeug - INFO - 127.0.0.1 - - [03/Apr/2024 12:20:24] "POST /RunningMacros HTTP/1.1" 200 -
[ 2024-04-03 12:20:24,070 ] 96 werkzeug - INFO - 127.0.0.1 - - [03/Apr/2024 12:20:24] "[36mGET /static/css/ViewResults.css HTTP/1.1[0m" 304 -
[ 2024-04-03 12:20:24,071 ] 96 werkzeug - INFO - 127.0.0.1 - - [03/Apr/2024 12:20:24] "[36mGET /static/css/corn%201.jpg HTTP/1.1[0m" 304 -
[ 2024-04-03 12:20:25,444 ] 21 root - INFO - New data : 
    Area      X     Y     XM    YM  Perimeter     BX    BY  Width  Height
0  114.0  146.0  27.0  146.0  27.0       41.0  139.0  20.0   12.0    12.0
[ 2024-04-03 12:20:25,468 ] 21 root - INFO - New data : 
    Area      X     Y     XM    YM  Perimeter     BX    BY  Width  Height
0  108.0  254.0  27.0  254.0  27.0       40.0  248.0  21.0   12.0    12.0
[ 2024-04-03 12:20:25,489 ] 21 root - INFO - New data : 
    Area      X     Y     XM    YM  Perimeter     BX    BY  Width  Height
0  109.0  172.0  28.0  172.0  28.0       39.0  167.0  22.0   11.0    12.0
[ 2024-04-03 12:20:25,510 ] 21 root - INFO - New data : 
   Area      X     Y     XM    YM  Perimeter     BX    BY  Width  Height
0  96.0  227.0  27.0  227.0  27.0       38.0  221.0  22.0   11.0    11.0
[ 2024-04-03 12:20:25,534 ] 21 root - INFO - New data : 
    Area     X     Y    XM    YM  Perimeter    BX    BY  Width  Height
0  104.0  91.0  28.0  91.0  28.0       38.0  85.0  22.0   12.0    12.0
[ 2024-04-03 12:20:25,552 ] 21 root - INFO - New data : 
   Area      X     Y     XM    YM  Perimeter     BX    BY  Width  Height
0  97.0  119.0  28.0  119.0  28.0       42.0  113.0  22.0   11.0    11.0
[ 2024-04-03 12:20:25,569 ] 21 root - INFO - New data : 
   Area      X     Y     XM    YM  Perimeter     BX    BY  Width  Height
0  87.0  200.0  28.0  200.0  28.0       35.0  195.0  22.0   10.0    11.0
[ 2024-04-03 12:20:25,591 ] 21 root - INFO - New data : 
    Area     X     Y    XM    YM  Perimeter    BX    BY  Width  Height
0  106.0  18.0  28.0  18.0  28.0       42.0  12.0  22.0   12.0    11.0
[ 2024-04-03 12:20:25,611 ] 21 root - INFO - New data : 
   Area     X     Y    XM    YM  Perimeter    BX    BY  Width  Height
0  97.0  42.0  29.0  42.0  29.0       38.0  36.0  23.0   11.0    11.0
[ 2024-04-03 12:20:25,632 ] 21 root - INFO - New data : 
   Area     X     Y    XM    YM  Perimeter    BX    BY  Width  Height
0  97.0  66.0  29.0  66.0  29.0       41.0  60.0  23.0   12.0    11.0
[ 2024-04-03 12:20:25,650 ] 21 root - INFO - New data : 
    Area      X     Y     XM    YM  Perimeter     BX    BY  Width  Height
0  102.0  255.0  50.0  255.0  50.0       40.0  249.0  45.0   11.0    12.0
[ 2024-04-03 12:20:25,675 ] 21 root - INFO - New data : 
    Area      X     Y     XM    YM  Perimeter     BX    BY  Width  Height
0  102.0  148.0  52.0  148.0  52.0       38.0  142.0  46.0   12.0    12.0
[ 2024-04-03 12:20:25,695 ] 21 root - INFO - New data : 
    Area      X     Y     XM    YM  Perimeter     BX    BY  Width  Height
0  106.0  226.0  53.0  226.0  53.0       39.0  220.0  47.0   12.0    12.0
[ 2024-04-03 12:20:25,714 ] 21 root - INFO - New data : 
    Area      X     Y     XM    YM  Perimeter     BX    BY  Width  Height
0  104.0  199.0  53.0  199.0  53.0       38.0  194.0  48.0   11.0    11.0
[ 2024-04-03 12:20:25,736 ] 21 root - INFO - New data : 
    Area     X     Y    XM    YM  Perimeter    BX    BY  Width  Height
0  113.0  67.0  54.0  67.0  54.0       40.0  61.0  48.0   12.0    12.0
[ 2024-04-03 12:20:25,752 ] 21 root - INFO - New data : 
   Area      X     Y     XM    YM  Perimeter     BX    BY  Width  Height
0  87.0  120.0  53.0  120.0  53.0       35.0  114.0  48.0   10.0    11.0
[ 2024-04-03 12:20:25,771 ] 21 root - INFO - New data : 
   Area     X     Y    XM    YM  Perimeter    BX    BY  Width  Height
0  94.0  93.0  54.0  93.0  54.0       43.0  88.0  49.0   11.0    11.0
[ 2024-04-03 12:20:25,787 ] 21 root - INFO - New data : 
   Area      X     Y     XM    YM  Perimeter     BX    BY  Width  Height
0  95.0  173.0  54.0  173.0  54.0       37.0  168.0  49.0   11.0    11.0
[ 2024-04-03 12:20:25,805 ] 21 root - INFO - New data : 
    Area     X     Y    XM    YM  Perimeter    BX    BY  Width  Height
0  113.0  18.0  55.0  18.0  55.0       41.0  12.0  49.0   12.0    12.0
[ 2024-04-03 12:20:25,822 ] 21 root - INFO - New data : 
   Area     X     Y    XM    YM  Perimeter    BX    BY  Width  Height
0  97.0  43.0  55.0  43.0  55.0       37.0  37.0  50.0   11.0    11.0
[ 2024-04-03 12:20:25,839 ] 21 root - INFO - New data : 
    Area      X     Y     XM    YM  Perimeter     BX    BY  Width  Height
0  107.0  253.0  73.0  253.0  73.0       42.0  248.0  68.0   12.0    12.0
[ 2024-04-03 12:20:25,859 ] 21 root - INFO - New data : 
    Area      X     Y     XM    YM  Perimeter     BX    BY  Width  Height
0  101.0  226.0  75.0  226.0  75.0       37.0  220.0  69.0   11.0    12.0
[ 2024-04-03 12:20:25,880 ] 21 root - INFO - New data : 
    Area      X     Y     XM    YM  Perimeter     BX    BY  Width  Height
0  105.0  173.0  77.0  173.0  77.0       39.0  167.0  70.0   12.0    12.0
[ 2024-04-03 12:20:25,897 ] 21 root - INFO - New data : 
   Area      X     Y     XM    YM  Perimeter     BX    BY  Width  Height
0  93.0  200.0  76.0  200.0  76.0       41.0  195.0  70.0   10.0    11.0
[ 2024-04-03 12:20:25,913 ] 21 root - INFO - New data : 
    Area      X     Y     XM    YM  Perimeter     BX    BY  Width  Height
0  112.0  120.0  77.0  120.0  77.0       40.0  114.0  71.0   12.0    12.0
[ 2024-04-03 12:20:25,933 ] 21 root - INFO - New data : 
    Area      X     Y     XM    YM  Perimeter     BX    BY  Width  Height
0  112.0  149.0  77.0  149.0  77.0       42.0  143.0  71.0   12.0    13.0
[ 2024-04-03 12:20:25,950 ] 21 root - INFO - New data : 
    Area     X     Y    XM    YM  Perimeter    BX    BY  Width  Height
0  108.0  93.0  78.0  93.0  78.0       39.0  87.0  72.0   12.0    12.0
[ 2024-04-03 12:20:25,970 ] 21 root - INFO - New data : 
    Area     X     Y    XM    YM  Perimeter    BX    BY  Width  Height
0  111.0  68.0  80.0  68.0  80.0       42.0  62.0  74.0   12.0    12.0
[ 2024-04-03 12:20:25,985 ] 21 root - INFO - New data : 
    Area     X     Y    XM    YM  Perimeter    BX    BY  Width  Height
0  111.0  18.0  80.0  18.0  80.0       41.0  12.0  75.0   12.0    11.0
[ 2024-04-03 12:20:26,005 ] 21 root - INFO - New data : 
    Area     X     Y    XM    YM  Perimeter    BX    BY  Width  Height
0  113.0  43.0  81.0  43.0  81.0       42.0  37.0  76.0   12.0    12.0
[ 2024-04-03 12:20:26,024 ] 21 root - INFO - New data : 
   Area      X     Y     XM    YM  Perimeter     BX    BY  Width  Height
0  99.0  254.0  99.0  254.0  99.0       43.0  248.0  93.0   13.0    11.0
[ 2024-04-03 12:20:26,040 ] 21 root - INFO - New data : 
    Area      X      Y     XM     YM  Perimeter     BX    BY  Width  Height
0  105.0  226.0  100.0  226.0  100.0       39.0  220.0  94.0   11.0    12.0
[ 2024-04-03 12:20:26,058 ] 21 root - INFO - New data : 
   Area      X      Y     XM     YM  Perimeter     BX    BY  Width  Height
0  98.0  200.0  100.0  200.0  100.0       37.0  195.0  95.0   11.0    11.0
[ 2024-04-03 12:20:26,074 ] 21 root - INFO - New data : 
   Area      X      Y     XM     YM  Perimeter     BX    BY  Width  Height
0  77.0  174.0  100.0  174.0  100.0       33.0  169.0  95.0   10.0    10.0
[ 2024-04-03 12:20:26,091 ] 21 root - INFO - New data : 
    Area      X      Y     XM     YM  Perimeter     BX    BY  Width  Height
0  103.0  150.0  102.0  150.0  102.0       38.0  144.0  96.0   12.0    12.0
[ 2024-04-03 12:20:26,106 ] 21 root - INFO - New data : 
    Area      X      Y     XM     YM  Perimeter     BX    BY  Width  Height
0  108.0  121.0  102.0  121.0  102.0       39.0  115.0  96.0   12.0    12.0
[ 2024-04-03 12:20:26,124 ] 21 root - INFO - New data : 
    Area     X      Y    XM     YM  Perimeter    BX    BY  Width  Height
0  107.0  94.0  102.0  94.0  102.0       39.0  88.0  96.0   12.0    12.0
[ 2024-04-03 12:20:26,139 ] 21 root - INFO - New data : 
   Area     X      Y    XM     YM  Perimeter    BX    BY  Width  Height
0  98.0  69.0  102.0  69.0  102.0       41.0  63.0  97.0   12.0    11.0
[ 2024-04-03 12:20:26,159 ] 21 root - INFO - New data : 
    Area     X      Y    XM     YM  Perimeter    BX    BY  Width  Height
0  100.0  44.0  104.0  44.0  104.0       47.0  38.0  99.0   12.0    11.0
[ 2024-04-03 12:20:26,175 ] 21 root - INFO - New data : 
    Area     X      Y    XM     YM  Perimeter    BX     BY  Width  Height
0  104.0  19.0  105.0  19.0  105.0       38.0  14.0  100.0   12.0    11.0
[ 2024-04-03 12:20:26,192 ] 21 root - INFO - New data : 
    Area      X      Y     XM     YM  Perimeter     BX     BY  Width  Height
0  102.0  252.0  122.0  252.0  122.0       38.0  246.0  116.0   11.0    11.0
[ 2024-04-03 12:20:26,207 ] 21 root - INFO - New data : 
    Area      X      Y     XM     YM  Perimeter     BX     BY  Width  Height
0  100.0  225.0  122.0  225.0  122.0       37.0  220.0  116.0   11.0    11.0
[ 2024-04-03 12:20:26,225 ] 21 root - INFO - New data : 
   Area      X      Y     XM     YM  Perimeter     BX     BY  Width  Height
0  93.0  200.0  122.0  200.0  122.0       36.0  195.0  117.0   11.0    11.0
[ 2024-04-03 12:20:26,242 ] 21 root - INFO - New data : 
   Area      X      Y     XM     YM  Perimeter     BX     BY  Width  Height
0  75.0  174.0  123.0  174.0  123.0       39.0  170.0  118.0   10.0    10.0
[ 2024-04-03 12:20:26,259 ] 21 root - INFO - New data : 
   Area      X      Y     XM     YM  Perimeter     BX     BY  Width  Height
0  86.0  150.0  124.0  150.0  124.0       43.0  145.0  119.0   11.0    10.0
[ 2024-04-03 12:20:26,276 ] 21 root - INFO - New data : 
    Area      X      Y     XM     YM  Perimeter     BX     BY  Width  Height
0  107.0  121.0  126.0  121.0  126.0       39.0  115.0  120.0   12.0    11.0
[ 2024-04-03 12:20:26,297 ] 21 root - INFO - New data : 
    Area     X      Y    XM     YM  Perimeter    BX     BY  Width  Height
0  107.0  95.0  126.0  95.0  126.0       39.0  89.0  120.0   12.0    11.0
[ 2024-04-03 12:20:26,316 ] 21 root - INFO - New data : 
    Area     X      Y    XM     YM  Perimeter    BX     BY  Width  Height
0  110.0  70.0  127.0  70.0  127.0       40.0  64.0  121.0   12.0    12.0
[ 2024-04-03 12:20:26,332 ] 21 root - INFO - New data : 
    Area     X      Y    XM     YM  Perimeter    BX     BY  Width  Height
0  106.0  45.0  127.0  45.0  127.0       39.0  39.0  122.0   12.0    11.0
[ 2024-04-03 12:20:26,353 ] 21 root - INFO - New data : 
   Area     X      Y    XM     YM  Perimeter    BX     BY  Width  Height
0  89.0  21.0  127.0  21.0  127.0       44.0  15.0  122.0   11.0    10.0
[ 2024-04-03 12:20:26,372 ] 21 root - INFO - New data : 
    Area      X      Y     XM     YM  Perimeter     BX     BY  Width  Height
0  103.0  253.0  144.0  253.0  144.0       38.0  247.0  138.0   12.0    11.0
[ 2024-04-03 12:20:26,390 ] 21 root - INFO - New data : 
   Area      X      Y     XM     YM  Perimeter     BX     BY  Width  Height
0  86.0  226.0  143.0  226.0  143.0       35.0  221.0  138.0   10.0    11.0
[ 2024-04-03 12:20:26,408 ] 21 root - INFO - New data : 
   Area      X      Y     XM     YM  Perimeter     BX     BY  Width  Height
0  98.0  201.0  145.0  201.0  145.0       37.0  195.0  140.0   11.0    11.0
[ 2024-04-03 12:20:26,431 ] 21 root - INFO - New data : 
   Area      X      Y     XM     YM  Perimeter     BX     BY  Width  Height
0  92.0  175.0  146.0  175.0  146.0       40.0  170.0  141.0   11.0    11.0
[ 2024-04-03 12:20:26,448 ] 21 root - INFO - New data : 
    Area      X      Y     XM     YM  Perimeter     BX     BY  Width  Height
0  103.0  150.0  147.0  150.0  147.0       38.0  144.0  141.0   12.0    12.0
[ 2024-04-03 12:20:26,464 ] 21 root - INFO - New data : 
   Area      X      Y     XM     YM  Perimeter     BX     BY  Width  Height
0  96.0  122.0  149.0  122.0  149.0       46.0  117.0  143.0   11.0    11.0
[ 2024-04-03 12:20:26,482 ] 21 root - INFO - New data : 
    Area     X      Y    XM     YM  Perimeter    BX     BY  Width  Height
0  109.0  71.0  150.0  71.0  150.0       40.0  66.0  144.0   12.0    12.0
[ 2024-04-03 12:20:26,498 ] 21 root - INFO - New data : 
   Area     X      Y    XM     YM  Perimeter    BX     BY  Width  Height
0  98.0  96.0  150.0  96.0  150.0       38.0  90.0  144.0   12.0    11.0
[ 2024-04-03 12:20:26,515 ] 21 root - INFO - New data : 
    Area     X      Y    XM     YM  Perimeter    BX     BY  Width  Height
0  109.0  46.0  151.0  46.0  151.0       41.0  40.0  145.0   12.0    12.0
[ 2024-04-03 12:20:26,531 ] 21 root - INFO - New data : 
    Area     X      Y    XM     YM  Perimeter    BX     BY  Width  Height
0  111.0  21.0  151.0  21.0  151.0       39.0  15.0  146.0   12.0    12.0
[ 2024-04-03 12:20:26,549 ] 21 root - INFO - New data : 
    Area      X      Y     XM     YM  Perimeter     BX     BY  Width  Height
0  102.0  254.0  174.0  254.0  174.0       38.0  248.0  169.0   12.0    12.0
[ 2024-04-03 12:20:26,565 ] 21 root - INFO - New data : 
    Area      X      Y     XM     YM  Perimeter     BX     BY  Width  Height
0  101.0  225.0  174.0  225.0  174.0       38.0  219.0  169.0   12.0    12.0
[ 2024-04-03 12:20:26,580 ] 21 root - INFO - New data : 
    Area      X      Y     XM     YM  Perimeter     BX     BY  Width  Height
0  102.0  174.0  175.0  174.0  175.0       38.0  168.0  169.0   11.0    12.0
[ 2024-04-03 12:20:26,602 ] 21 root - INFO - New data : 
   Area      X      Y     XM     YM  Perimeter     BX     BY  Width  Height
0  91.0  200.0  174.0  200.0  174.0       37.0  194.0  169.0   11.0    11.0
[ 2024-04-03 12:20:26,620 ] 21 root - INFO - New data : 
    Area      X      Y     XM     YM  Perimeter     BX     BY  Width  Height
0  107.0  150.0  176.0  150.0  176.0       40.0  144.0  170.0   12.0    12.0
[ 2024-04-03 12:20:26,640 ] 21 root - INFO - New data : 
   Area      X      Y     XM     YM  Perimeter     BX     BY  Width  Height
0  97.0  122.0  176.0  122.0  176.0       38.0  117.0  170.0   11.0    12.0
[ 2024-04-03 12:20:26,658 ] 21 root - INFO - New data : 
    Area     X      Y    XM     YM  Perimeter    BX     BY  Width  Height
0  110.0  96.0  177.0  96.0  177.0       40.0  90.0  171.0   12.0    12.0
[ 2024-04-03 12:20:26,674 ] 21 root - INFO - New data : 
    Area     X      Y    XM     YM  Perimeter    BX     BY  Width  Height
0  109.0  23.0  178.0  23.0  178.0       39.0  17.0  172.0   12.0    11.0
[ 2024-04-03 12:20:26,695 ] 21 root - INFO - New data : 
   Area     X      Y    XM     YM  Perimeter    BX     BY  Width  Height
0  92.0  73.0  179.0  73.0  179.0       36.0  67.0  173.0   11.0    11.0
[ 2024-04-03 12:20:26,713 ] 21 root - INFO - New data : 
    Area     X      Y    XM     YM  Perimeter    BX     BY  Width  Height
0  104.0  47.0  179.0  47.0  179.0       38.0  42.0  173.0   12.0    11.0
[ 2024-04-03 12:20:26,729 ] 21 root - INFO - New data : 
    Area      X      Y     XM     YM  Perimeter     BX     BY  Width  Height
0  102.0  226.0  201.0  226.0  201.0       38.0  220.0  195.0   11.0    12.0
[ 2024-04-03 12:20:26,748 ] 21 root - INFO - New data : 
    Area      X      Y     XM     YM  Perimeter     BX     BY  Width  Height
0  110.0  200.0  201.0  200.0  201.0       40.0  194.0  195.0   11.0    12.0
[ 2024-04-03 12:20:26,766 ] 21 root - INFO - New data : 
    Area      X      Y     XM     YM  Perimeter     BX     BY  Width  Height
0  103.0  252.0  201.0  252.0  201.0       38.0  247.0  196.0   11.0    12.0
[ 2024-04-03 12:20:26,782 ] 21 root - INFO - New data : 
    Area      X      Y     XM     YM  Perimeter     BX     BY  Width  Height
0  117.0  151.0  202.0  151.0  202.0       44.0  145.0  196.0   12.0    13.0
[ 2024-04-03 12:20:26,802 ] 21 root - INFO - New data : 
    Area      X      Y     XM     YM  Perimeter     BX     BY  Width  Height
0  100.0  175.0  202.0  175.0  202.0       38.0  169.0  196.0   11.0    12.0
[ 2024-04-03 12:20:26,819 ] 21 root - INFO - New data : 
   Area      X      Y     XM     YM  Perimeter     BX     BY  Width  Height
0  91.0  123.0  202.0  123.0  202.0       41.0  118.0  196.0   11.0    11.0
[ 2024-04-03 12:20:26,836 ] 21 root - INFO - New data : 
    Area     X      Y    XM     YM  Perimeter    BX     BY  Width  Height
0  115.0  98.0  203.0  98.0  203.0       41.0  92.0  197.0   13.0    12.0
[ 2024-04-03 12:20:26,855 ] 21 root - INFO - New data : 
    Area     X      Y    XM     YM  Perimeter    BX     BY  Width  Height
0  107.0  74.0  203.0  74.0  203.0       39.0  68.0  198.0   12.0    11.0
[ 2024-04-03 12:20:26,874 ] 21 root - INFO - New data : 
    Area     X      Y    XM     YM  Perimeter    BX     BY  Width  Height
0  114.0  24.0  204.0  24.0  204.0       40.0  18.0  198.0   12.0    12.0
[ 2024-04-03 12:20:26,892 ] 21 root - INFO - New data : 
   Area     X      Y    XM     YM  Perimeter    BX     BY  Width  Height
0  96.0  48.0  206.0  48.0  206.0       37.0  43.0  200.0   12.0    11.0
[ 2024-04-03 12:20:26,909 ] 21 root - INFO - New data : 
   Area      X      Y     XM     YM  Perimeter     BX     BY  Width  Height
0  95.0  225.0  226.0  225.0  226.0       38.0  220.0  220.0   11.0    12.0
[ 2024-04-03 12:20:26,932 ] 21 root - INFO - New data : 
    Area      X      Y     XM     YM  Perimeter     BX     BY  Width  Height
0  105.0  254.0  226.0  254.0  226.0       44.0  248.0  220.0   11.0    12.0
[ 2024-04-03 12:20:26,950 ] 21 root - INFO - New data : 
    Area      X      Y     XM     YM  Perimeter     BX     BY  Width  Height
0  101.0  176.0  226.0  176.0  226.0       38.0  170.0  221.0   11.0    12.0
[ 2024-04-03 12:20:26,968 ] 21 root - INFO - New data : 
    Area      X      Y     XM     YM  Perimeter     BX     BY  Width  Height
0  101.0  201.0  227.0  201.0  227.0       38.0  196.0  221.0   10.0    12.0
[ 2024-04-03 12:20:26,987 ] 21 root - INFO - New data : 
    Area      X      Y     XM     YM  Perimeter     BX     BY  Width  Height
0  111.0  151.0  228.0  151.0  228.0       41.0  144.0  221.0   12.0    13.0
[ 2024-04-03 12:20:27,003 ] 21 root - INFO - New data : 
    Area      X      Y     XM     YM  Perimeter     BX     BY  Width  Height
0  112.0  122.0  228.0  122.0  228.0       40.0  116.0  222.0   12.0    12.0
[ 2024-04-03 12:20:27,022 ] 21 root - INFO - New data : 
    Area     X      Y    XM     YM  Perimeter    BX     BY  Width  Height
0  109.0  99.0  229.0  99.0  229.0       39.0  93.0  222.0   12.0    12.0
[ 2024-04-03 12:20:27,044 ] 21 root - INFO - New data : 
    Area     X      Y    XM     YM  Perimeter    BX     BY  Width  Height
0  108.0  75.0  229.0  75.0  229.0       39.0  69.0  223.0   12.0    12.0
[ 2024-04-03 12:20:27,063 ] 21 root - INFO - New data : 
    Area     X      Y    XM     YM  Perimeter    BX     BY  Width  Height
0  120.0  25.0  230.0  25.0  230.0       41.0  19.0  223.0   12.0    12.0
[ 2024-04-03 12:20:27,080 ] 21 root - INFO - New data : 
    Area     X      Y    XM     YM  Perimeter    BX     BY  Width  Height
0  105.0  50.0  231.0  50.0  231.0       39.0  45.0  225.0   12.0    12.0
[ 2024-04-03 12:20:27,098 ] 21 root - INFO - New data : 
    Area      X      Y     XM     YM  Perimeter     BX     BY  Width  Height
0  115.0  224.0  251.0  224.0  251.0       41.0  218.0  245.0   12.0    12.0
[ 2024-04-03 12:20:27,120 ] 21 root - INFO - New data : 
    Area      X      Y     XM     YM  Perimeter     BX     BY  Width  Height
0  106.0  254.0  251.0  254.0  251.0       40.0  248.0  245.0   12.0    12.0
[ 2024-04-03 12:20:27,141 ] 21 root - INFO - New data : 
    Area      X      Y     XM     YM  Perimeter     BX     BY  Width  Height
0  108.0  201.0  252.0  201.0  252.0       40.0  195.0  246.0   11.0    12.0
[ 2024-04-03 12:20:27,159 ] 21 root - INFO - New data : 
    Area      X      Y     XM     YM  Perimeter     BX     BY  Width  Height
0  110.0  176.0  254.0  176.0  254.0       40.0  170.0  248.0   12.0    12.0
[ 2024-04-03 12:20:27,179 ] 21 root - INFO - New data : 
   Area     X      Y    XM     YM  Perimeter    BX     BY  Width  Height
0  99.0  76.0  254.0  76.0  254.0       55.0  70.0  248.0   12.0    12.0
[ 2024-04-03 12:20:27,195 ] 21 root - INFO - New data : 
   Area      X      Y     XM     YM  Perimeter     BX     BY  Width  Height
0  96.0  151.0  254.0  151.0  254.0       37.0  145.0  248.0   11.0    11.0
[ 2024-04-03 12:20:27,218 ] 21 root - INFO - New data : 
    Area     X      Y    XM     YM  Perimeter    BX     BY  Width  Height
0  112.0  52.0  254.0  52.0  254.0       39.0  46.0  248.0   12.0    12.0
[ 2024-04-03 12:20:27,250 ] 21 root - INFO - New data : 
    Area     X      Y    XM     YM  Perimeter    BX     BY  Width  Height
0  119.0  26.0  255.0  26.0  255.0       42.0  20.0  249.0   12.0    12.0
[ 2024-04-03 12:20:27,279 ] 21 root - INFO - New data : 
   Area      X      Y     XM     YM  Perimeter    BX     BY  Width  Height
0  94.0  100.0  254.0  100.0  254.0       37.0  94.0  249.0   11.0    12.0
[ 2024-04-03 12:20:27,306 ] 21 root - INFO - New data : 
    Area      X      Y     XM     YM  Perimeter     BX     BY  Width  Height
0  104.0  124.0  255.0  124.0  255.0       38.0  118.0  249.0   12.0    12.0
[ 2024-04-03 12:20:27,315 ] 96 werkzeug - INFO - 127.0.0.1 - - [03/Apr/2024 12:20:27] "POST /showingResults HTTP/1.1" 200 -
[ 2024-04-03 12:20:27,329 ] 96 werkzeug - INFO - 127.0.0.1 - - [03/Apr/2024 12:20:27] "[36mGET /static/css/Results.css HTTP/1.1[0m" 304 -
