[ 2024-04-03 11:32:26,965 ] 96 werkzeug - INFO - [31m[1mWARNING: This is a development server. Do not use it in a production deployment. Use a production WSGI server instead.[0m
 * Running on http://127.0.0.1:5000
[ 2024-04-03 11:32:26,965 ] 96 werkzeug - INFO - [33mPress CTRL+C to quit[0m
[ 2024-04-03 11:32:39,924 ] 96 werkzeug - INFO - 127.0.0.1 - - [03/Apr/2024 11:32:39] "GET / HTTP/1.1" 200 -
[ 2024-04-03 11:32:40,104 ] 96 werkzeug - INFO - 127.0.0.1 - - [03/Apr/2024 11:32:40] "[36mGET /static/css/index.css HTTP/1.1[0m" 304 -
[ 2024-04-03 11:32:40,120 ] 96 werkzeug - INFO - 127.0.0.1 - - [03/Apr/2024 11:32:40] "[36mGET /static/css/corn%20diplay.png HTTP/1.1[0m" 304 -
[ 2024-04-03 11:32:40,165 ] 96 werkzeug - INFO - 127.0.0.1 - - [03/Apr/2024 11:32:40] "[35m[1mGET /static/css/corn%20video.mp4 HTTP/1.1[0m" 206 -
[ 2024-04-03 11:32:53,816 ] 96 werkzeug - INFO - 127.0.0.1 - - [03/Apr/2024 11:32:53] "POST /openwebcam HTTP/1.1" 200 -
[ 2024-04-03 11:32:53,847 ] 96 werkzeug - INFO - 127.0.0.1 - - [03/Apr/2024 11:32:53] "[36mGET /static/css/displayImage.css HTTP/1.1[0m" 304 -
[ 2024-04-03 11:32:53,861 ] 96 werkzeug - INFO - 127.0.0.1 - - [03/Apr/2024 11:32:53] "[36mGET /static/css/corn%202.jpg HTTP/1.1[0m" 304 -
[ 2024-04-03 11:33:02,576 ] 96 werkzeug - INFO - 127.0.0.1 - - [03/Apr/2024 11:33:02] "POST /RunningMacros HTTP/1.1" 200 -
[ 2024-04-03 11:33:02,598 ] 96 werkzeug - INFO - 127.0.0.1 - - [03/Apr/2024 11:33:02] "[36mGET /static/css/ViewResults.css HTTP/1.1[0m" 304 -
[ 2024-04-03 11:33:02,611 ] 96 werkzeug - INFO - 127.0.0.1 - - [03/Apr/2024 11:33:02] "[36mGET /static/css/corn%201.jpg HTTP/1.1[0m" 304 -
[ 2024-04-03 11:33:04,362 ] 21 root - INFO - New data : 
    Area      X     Y     XM    YM  Perimeter     BX    BY  Width  Height
0  114.0  146.0  27.0  146.0  27.0       41.0  139.0  20.0   12.0    12.0
[ 2024-04-03 11:33:04,672 ] 21 root - INFO - New data : 
    Area      X     Y     XM    YM  Perimeter     BX    BY  Width  Height
0  108.0  254.0  27.0  254.0  27.0       40.0  248.0  21.0   12.0    12.0
[ 2024-04-03 11:33:04,692 ] 21 root - INFO - New data : 
    Area      X     Y     XM    YM  Perimeter     BX    BY  Width  Height
0  109.0  172.0  28.0  172.0  28.0       39.0  167.0  22.0   11.0    12.0
[ 2024-04-03 11:33:04,713 ] 21 root - INFO - New data : 
   Area      X     Y     XM    YM  Perimeter     BX    BY  Width  Height
0  96.0  227.0  27.0  227.0  27.0       38.0  221.0  22.0   11.0    11.0
[ 2024-04-03 11:33:04,731 ] 21 root - INFO - New data : 
    Area     X     Y    XM    YM  Perimeter    BX    BY  Width  Height
0  104.0  91.0  28.0  91.0  28.0       38.0  85.0  22.0   12.0    12.0
[ 2024-04-03 11:33:04,751 ] 21 root - INFO - New data : 
   Area      X     Y     XM    YM  Perimeter     BX    BY  Width  Height
0  97.0  119.0  28.0  119.0  28.0       42.0  113.0  22.0   11.0    11.0
[ 2024-04-03 11:33:04,770 ] 21 root - INFO - New data : 
   Area      X     Y     XM    YM  Perimeter     BX    BY  Width  Height
0  87.0  200.0  28.0  200.0  28.0       35.0  195.0  22.0   10.0    11.0
[ 2024-04-03 11:33:04,788 ] 21 root - INFO - New data : 
    Area     X     Y    XM    YM  Perimeter    BX    BY  Width  Height
0  106.0  18.0  28.0  18.0  28.0       42.0  12.0  22.0   12.0    11.0
[ 2024-04-03 11:33:04,812 ] 21 root - INFO - New data : 
   Area     X     Y    XM    YM  Perimeter    BX    BY  Width  Height
0  97.0  42.0  29.0  42.0  29.0       38.0  36.0  23.0   11.0    11.0
[ 2024-04-03 11:33:04,830 ] 21 root - INFO - New data : 
   Area     X     Y    XM    YM  Perimeter    BX    BY  Width  Height
0  97.0  66.0  29.0  66.0  29.0       41.0  60.0  23.0   12.0    11.0
[ 2024-04-03 11:33:04,851 ] 21 root - INFO - New data : 
    Area      X     Y     XM    YM  Perimeter     BX    BY  Width  Height
0  102.0  255.0  50.0  255.0  50.0       40.0  249.0  45.0   11.0    12.0
[ 2024-04-03 11:33:04,872 ] 21 root - INFO - New data : 
    Area      X     Y     XM    YM  Perimeter     BX    BY  Width  Height
0  102.0  148.0  52.0  148.0  52.0       38.0  142.0  46.0   12.0    12.0
[ 2024-04-03 11:33:04,890 ] 21 root - INFO - New data : 
    Area      X     Y     XM    YM  Perimeter     BX    BY  Width  Height
0  106.0  226.0  53.0  226.0  53.0       39.0  220.0  47.0   12.0    12.0
[ 2024-04-03 11:33:04,912 ] 21 root - INFO - New data : 
    Area      X     Y     XM    YM  Perimeter     BX    BY  Width  Height
0  104.0  199.0  53.0  199.0  53.0       38.0  194.0  48.0   11.0    11.0
[ 2024-04-03 11:33:04,934 ] 21 root - INFO - New data : 
    Area     X     Y    XM    YM  Perimeter    BX    BY  Width  Height
0  113.0  67.0  54.0  67.0  54.0       40.0  61.0  48.0   12.0    12.0
[ 2024-04-03 11:33:04,952 ] 21 root - INFO - New data : 
   Area      X     Y     XM    YM  Perimeter     BX    BY  Width  Height
0  87.0  120.0  53.0  120.0  53.0       35.0  114.0  48.0   10.0    11.0
[ 2024-04-03 11:33:04,970 ] 21 root - INFO - New data : 
   Area     X     Y    XM    YM  Perimeter    BX    BY  Width  Height
0  94.0  93.0  54.0  93.0  54.0       43.0  88.0  49.0   11.0    11.0
[ 2024-04-03 11:33:04,986 ] 21 root - INFO - New data : 
   Area      X     Y     XM    YM  Perimeter     BX    BY  Width  Height
0  95.0  173.0  54.0  173.0  54.0       37.0  168.0  49.0   11.0    11.0
[ 2024-04-03 11:33:05,005 ] 21 root - INFO - New data : 
    Area     X     Y    XM    YM  Perimeter    BX    BY  Width  Height
0  113.0  18.0  55.0  18.0  55.0       41.0  12.0  49.0   12.0    12.0
[ 2024-04-03 11:33:05,024 ] 21 root - INFO - New data : 
   Area     X     Y    XM    YM  Perimeter    BX    BY  Width  Height
0  97.0  43.0  55.0  43.0  55.0       37.0  37.0  50.0   11.0    11.0
[ 2024-04-03 11:33:05,040 ] 21 root - INFO - New data : 
    Area      X     Y     XM    YM  Perimeter     BX    BY  Width  Height
0  107.0  253.0  73.0  253.0  73.0       42.0  248.0  68.0   12.0    12.0
[ 2024-04-03 11:33:05,057 ] 21 root - INFO - New data : 
    Area      X     Y     XM    YM  Perimeter     BX    BY  Width  Height
0  101.0  226.0  75.0  226.0  75.0       37.0  220.0  69.0   11.0    12.0
[ 2024-04-03 11:33:05,076 ] 21 root - INFO - New data : 
    Area      X     Y     XM    YM  Perimeter     BX    BY  Width  Height
0  105.0  173.0  77.0  173.0  77.0       39.0  167.0  70.0   12.0    12.0
[ 2024-04-03 11:33:05,096 ] 21 root - INFO - New data : 
   Area      X     Y     XM    YM  Perimeter     BX    BY  Width  Height
0  93.0  200.0  76.0  200.0  76.0       41.0  195.0  70.0   10.0    11.0
[ 2024-04-03 11:33:05,113 ] 21 root - INFO - New data : 
    Area      X     Y     XM    YM  Perimeter     BX    BY  Width  Height
0  112.0  120.0  77.0  120.0  77.0       40.0  114.0  71.0   12.0    12.0
[ 2024-04-03 11:33:05,131 ] 21 root - INFO - New data : 
    Area      X     Y     XM    YM  Perimeter     BX    BY  Width  Height
0  112.0  149.0  77.0  149.0  77.0       42.0  143.0  71.0   12.0    13.0
[ 2024-04-03 11:33:05,153 ] 21 root - INFO - New data : 
    Area     X     Y    XM    YM  Perimeter    BX    BY  Width  Height
0  108.0  93.0  78.0  93.0  78.0       39.0  87.0  72.0   12.0    12.0
[ 2024-04-03 11:33:05,173 ] 21 root - INFO - New data : 
    Area     X     Y    XM    YM  Perimeter    BX    BY  Width  Height
0  111.0  68.0  80.0  68.0  80.0       42.0  62.0  74.0   12.0    12.0
[ 2024-04-03 11:33:05,191 ] 21 root - INFO - New data : 
    Area     X     Y    XM    YM  Perimeter    BX    BY  Width  Height
0  111.0  18.0  80.0  18.0  80.0       41.0  12.0  75.0   12.0    11.0
[ 2024-04-03 11:33:05,208 ] 21 root - INFO - New data : 
    Area     X     Y    XM    YM  Perimeter    BX    BY  Width  Height
0  113.0  43.0  81.0  43.0  81.0       42.0  37.0  76.0   12.0    12.0
[ 2024-04-03 11:33:05,226 ] 21 root - INFO - New data : 
   Area      X     Y     XM    YM  Perimeter     BX    BY  Width  Height
0  99.0  254.0  99.0  254.0  99.0       43.0  248.0  93.0   13.0    11.0
[ 2024-04-03 11:33:05,244 ] 21 root - INFO - New data : 
    Area      X      Y     XM     YM  Perimeter     BX    BY  Width  Height
0  105.0  226.0  100.0  226.0  100.0       39.0  220.0  94.0   11.0    12.0
[ 2024-04-03 11:33:05,261 ] 21 root - INFO - New data : 
   Area      X      Y     XM     YM  Perimeter     BX    BY  Width  Height
0  98.0  200.0  100.0  200.0  100.0       37.0  195.0  95.0   11.0    11.0
[ 2024-04-03 11:33:05,279 ] 21 root - INFO - New data : 
   Area      X      Y     XM     YM  Perimeter     BX    BY  Width  Height
0  77.0  174.0  100.0  174.0  100.0       33.0  169.0  95.0   10.0    10.0
[ 2024-04-03 11:33:05,299 ] 21 root - INFO - New data : 
    Area      X      Y     XM     YM  Perimeter     BX    BY  Width  Height
0  103.0  150.0  102.0  150.0  102.0       38.0  144.0  96.0   12.0    12.0
[ 2024-04-03 11:33:05,317 ] 21 root - INFO - New data : 
    Area      X      Y     XM     YM  Perimeter     BX    BY  Width  Height
0  108.0  121.0  102.0  121.0  102.0       39.0  115.0  96.0   12.0    12.0
[ 2024-04-03 11:33:05,335 ] 21 root - INFO - New data : 
    Area     X      Y    XM     YM  Perimeter    BX    BY  Width  Height
0  107.0  94.0  102.0  94.0  102.0       39.0  88.0  96.0   12.0    12.0
[ 2024-04-03 11:33:05,355 ] 21 root - INFO - New data : 
   Area     X      Y    XM     YM  Perimeter    BX    BY  Width  Height
0  98.0  69.0  102.0  69.0  102.0       41.0  63.0  97.0   12.0    11.0
[ 2024-04-03 11:33:05,376 ] 21 root - INFO - New data : 
    Area     X      Y    XM     YM  Perimeter    BX    BY  Width  Height
0  100.0  44.0  104.0  44.0  104.0       47.0  38.0  99.0   12.0    11.0
[ 2024-04-03 11:33:05,395 ] 21 root - INFO - New data : 
    Area     X      Y    XM     YM  Perimeter    BX     BY  Width  Height
0  104.0  19.0  105.0  19.0  105.0       38.0  14.0  100.0   12.0    11.0
[ 2024-04-03 11:33:05,416 ] 21 root - INFO - New data : 
    Area      X      Y     XM     YM  Perimeter     BX     BY  Width  Height
0  102.0  252.0  122.0  252.0  122.0       38.0  246.0  116.0   11.0    11.0
[ 2024-04-03 11:33:05,434 ] 21 root - INFO - New data : 
    Area      X      Y     XM     YM  Perimeter     BX     BY  Width  Height
0  100.0  225.0  122.0  225.0  122.0       37.0  220.0  116.0   11.0    11.0
[ 2024-04-03 11:33:05,456 ] 21 root - INFO - New data : 
   Area      X      Y     XM     YM  Perimeter     BX     BY  Width  Height
0  93.0  200.0  122.0  200.0  122.0       36.0  195.0  117.0   11.0    11.0
[ 2024-04-03 11:33:05,473 ] 21 root - INFO - New data : 
   Area      X      Y     XM     YM  Perimeter     BX     BY  Width  Height
0  75.0  174.0  123.0  174.0  123.0       39.0  170.0  118.0   10.0    10.0
[ 2024-04-03 11:33:05,492 ] 21 root - INFO - New data : 
   Area      X      Y     XM     YM  Perimeter     BX     BY  Width  Height
0  86.0  150.0  124.0  150.0  124.0       43.0  145.0  119.0   11.0    10.0
[ 2024-04-03 11:33:05,510 ] 21 root - INFO - New data : 
    Area      X      Y     XM     YM  Perimeter     BX     BY  Width  Height
0  107.0  121.0  126.0  121.0  126.0       39.0  115.0  120.0   12.0    11.0
[ 2024-04-03 11:33:05,531 ] 21 root - INFO - New data : 
    Area     X      Y    XM     YM  Perimeter    BX     BY  Width  Height
0  107.0  95.0  126.0  95.0  126.0       39.0  89.0  120.0   12.0    11.0
[ 2024-04-03 11:33:05,557 ] 21 root - INFO - New data : 
    Area     X      Y    XM     YM  Perimeter    BX     BY  Width  Height
0  110.0  70.0  127.0  70.0  127.0       40.0  64.0  121.0   12.0    12.0
[ 2024-04-03 11:33:05,585 ] 21 root - INFO - New data : 
    Area     X      Y    XM     YM  Perimeter    BX     BY  Width  Height
0  106.0  45.0  127.0  45.0  127.0       39.0  39.0  122.0   12.0    11.0
[ 2024-04-03 11:33:05,613 ] 21 root - INFO - New data : 
   Area     X      Y    XM     YM  Perimeter    BX     BY  Width  Height
0  89.0  21.0  127.0  21.0  127.0       44.0  15.0  122.0   11.0    10.0
[ 2024-04-03 11:33:05,632 ] 21 root - INFO - New data : 
    Area      X      Y     XM     YM  Perimeter     BX     BY  Width  Height
0  103.0  253.0  144.0  253.0  144.0       38.0  247.0  138.0   12.0    11.0
[ 2024-04-03 11:33:05,653 ] 21 root - INFO - New data : 
   Area      X      Y     XM     YM  Perimeter     BX     BY  Width  Height
0  86.0  226.0  143.0  226.0  143.0       35.0  221.0  138.0   10.0    11.0
[ 2024-04-03 11:33:05,668 ] 21 root - INFO - New data : 
   Area      X      Y     XM     YM  Perimeter     BX     BY  Width  Height
0  98.0  201.0  145.0  201.0  145.0       37.0  195.0  140.0   11.0    11.0
[ 2024-04-03 11:33:05,685 ] 21 root - INFO - New data : 
   Area      X      Y     XM     YM  Perimeter     BX     BY  Width  Height
0  92.0  175.0  146.0  175.0  146.0       40.0  170.0  141.0   11.0    11.0
[ 2024-04-03 11:33:05,704 ] 21 root - INFO - New data : 
    Area      X      Y     XM     YM  Perimeter     BX     BY  Width  Height
0  103.0  150.0  147.0  150.0  147.0       38.0  144.0  141.0   12.0    12.0
[ 2024-04-03 11:33:05,725 ] 21 root - INFO - New data : 
   Area      X      Y     XM     YM  Perimeter     BX     BY  Width  Height
0  96.0  122.0  149.0  122.0  149.0       46.0  117.0  143.0   11.0    11.0
[ 2024-04-03 11:33:05,741 ] 21 root - INFO - New data : 
    Area     X      Y    XM     YM  Perimeter    BX     BY  Width  Height
0  109.0  71.0  150.0  71.0  150.0       40.0  66.0  144.0   12.0    12.0
[ 2024-04-03 11:33:05,758 ] 21 root - INFO - New data : 
   Area     X      Y    XM     YM  Perimeter    BX     BY  Width  Height
0  98.0  96.0  150.0  96.0  150.0       38.0  90.0  144.0   12.0    11.0
[ 2024-04-03 11:33:05,774 ] 21 root - INFO - New data : 
    Area     X      Y    XM     YM  Perimeter    BX     BY  Width  Height
0  109.0  46.0  151.0  46.0  151.0       41.0  40.0  145.0   12.0    12.0
[ 2024-04-03 11:33:05,792 ] 21 root - INFO - New data : 
    Area     X      Y    XM     YM  Perimeter    BX     BY  Width  Height
0  111.0  21.0  151.0  21.0  151.0       39.0  15.0  146.0   12.0    12.0
[ 2024-04-03 11:33:05,817 ] 21 root - INFO - New data : 
    Area      X      Y     XM     YM  Perimeter     BX     BY  Width  Height
0  102.0  254.0  174.0  254.0  174.0       38.0  248.0  169.0   12.0    12.0
[ 2024-04-03 11:33:05,837 ] 21 root - INFO - New data : 
    Area      X      Y     XM     YM  Perimeter     BX     BY  Width  Height
0  101.0  225.0  174.0  225.0  174.0       38.0  219.0  169.0   12.0    12.0
[ 2024-04-03 11:33:05,855 ] 21 root - INFO - New data : 
    Area      X      Y     XM     YM  Perimeter     BX     BY  Width  Height
0  102.0  174.0  175.0  174.0  175.0       38.0  168.0  169.0   11.0    12.0
[ 2024-04-03 11:33:05,874 ] 21 root - INFO - New data : 
   Area      X      Y     XM     YM  Perimeter     BX     BY  Width  Height
0  91.0  200.0  174.0  200.0  174.0       37.0  194.0  169.0   11.0    11.0
[ 2024-04-03 11:33:05,891 ] 21 root - INFO - New data : 
    Area      X      Y     XM     YM  Perimeter     BX     BY  Width  Height
0  107.0  150.0  176.0  150.0  176.0       40.0  144.0  170.0   12.0    12.0
[ 2024-04-03 11:33:05,909 ] 21 root - INFO - New data : 
   Area      X      Y     XM     YM  Perimeter     BX     BY  Width  Height
0  97.0  122.0  176.0  122.0  176.0       38.0  117.0  170.0   11.0    12.0
[ 2024-04-03 11:33:05,930 ] 21 root - INFO - New data : 
    Area     X      Y    XM     YM  Perimeter    BX     BY  Width  Height
0  110.0  96.0  177.0  96.0  177.0       40.0  90.0  171.0   12.0    12.0
[ 2024-04-03 11:33:05,945 ] 21 root - INFO - New data : 
    Area     X      Y    XM     YM  Perimeter    BX     BY  Width  Height
0  109.0  23.0  178.0  23.0  178.0       39.0  17.0  172.0   12.0    11.0
[ 2024-04-03 11:33:05,961 ] 21 root - INFO - New data : 
   Area     X      Y    XM     YM  Perimeter    BX     BY  Width  Height
0  92.0  73.0  179.0  73.0  179.0       36.0  67.0  173.0   11.0    11.0
[ 2024-04-03 11:33:05,979 ] 21 root - INFO - New data : 
    Area     X      Y    XM     YM  Perimeter    BX     BY  Width  Height
0  104.0  47.0  179.0  47.0  179.0       38.0  42.0  173.0   12.0    11.0
[ 2024-04-03 11:33:05,996 ] 21 root - INFO - New data : 
    Area      X      Y     XM     YM  Perimeter     BX     BY  Width  Height
0  102.0  226.0  201.0  226.0  201.0       38.0  220.0  195.0   11.0    12.0
[ 2024-04-03 11:33:06,016 ] 21 root - INFO - New data : 
    Area      X      Y     XM     YM  Perimeter     BX     BY  Width  Height
0  110.0  200.0  201.0  200.0  201.0       40.0  194.0  195.0   11.0    12.0
[ 2024-04-03 11:33:06,037 ] 21 root - INFO - New data : 
    Area      X      Y     XM     YM  Perimeter     BX     BY  Width  Height
0  103.0  252.0  201.0  252.0  201.0       38.0  247.0  196.0   11.0    12.0
[ 2024-04-03 11:33:06,055 ] 21 root - INFO - New data : 
    Area      X      Y     XM     YM  Perimeter     BX     BY  Width  Height
0  117.0  151.0  202.0  151.0  202.0       44.0  145.0  196.0   12.0    13.0
[ 2024-04-03 11:33:06,085 ] 21 root - INFO - New data : 
    Area      X      Y     XM     YM  Perimeter     BX     BY  Width  Height
0  100.0  175.0  202.0  175.0  202.0       38.0  169.0  196.0   11.0    12.0
[ 2024-04-03 11:33:06,116 ] 21 root - INFO - New data : 
   Area      X      Y     XM     YM  Perimeter     BX     BY  Width  Height
0  91.0  123.0  202.0  123.0  202.0       41.0  118.0  196.0   11.0    11.0
[ 2024-04-03 11:33:06,144 ] 21 root - INFO - New data : 
    Area     X      Y    XM     YM  Perimeter    BX     BY  Width  Height
0  115.0  98.0  203.0  98.0  203.0       41.0  92.0  197.0   13.0    12.0
[ 2024-04-03 11:33:06,167 ] 21 root - INFO - New data : 
    Area     X      Y    XM     YM  Perimeter    BX     BY  Width  Height
0  107.0  74.0  203.0  74.0  203.0       39.0  68.0  198.0   12.0    11.0
[ 2024-04-03 11:33:06,191 ] 21 root - INFO - New data : 
    Area     X      Y    XM     YM  Perimeter    BX     BY  Width  Height
0  114.0  24.0  204.0  24.0  204.0       40.0  18.0  198.0   12.0    12.0
[ 2024-04-03 11:33:06,213 ] 21 root - INFO - New data : 
   Area     X      Y    XM     YM  Perimeter    BX     BY  Width  Height
0  96.0  48.0  206.0  48.0  206.0       37.0  43.0  200.0   12.0    11.0
[ 2024-04-03 11:33:06,237 ] 21 root - INFO - New data : 
   Area      X      Y     XM     YM  Perimeter     BX     BY  Width  Height
0  95.0  225.0  226.0  225.0  226.0       38.0  220.0  220.0   11.0    12.0
[ 2024-04-03 11:33:06,256 ] 21 root - INFO - New data : 
    Area      X      Y     XM     YM  Perimeter     BX     BY  Width  Height
0  105.0  254.0  226.0  254.0  226.0       44.0  248.0  220.0   11.0    12.0
[ 2024-04-03 11:33:06,275 ] 21 root - INFO - New data : 
    Area      X      Y     XM     YM  Perimeter     BX     BY  Width  Height
0  101.0  176.0  226.0  176.0  226.0       38.0  170.0  221.0   11.0    12.0
[ 2024-04-03 11:33:06,297 ] 21 root - INFO - New data : 
    Area      X      Y     XM     YM  Perimeter     BX     BY  Width  Height
0  101.0  201.0  227.0  201.0  227.0       38.0  196.0  221.0   10.0    12.0
[ 2024-04-03 11:33:06,318 ] 21 root - INFO - New data : 
    Area      X      Y     XM     YM  Perimeter     BX     BY  Width  Height
0  111.0  151.0  228.0  151.0  228.0       41.0  144.0  221.0   12.0    13.0
[ 2024-04-03 11:33:06,339 ] 21 root - INFO - New data : 
    Area      X      Y     XM     YM  Perimeter     BX     BY  Width  Height
0  112.0  122.0  228.0  122.0  228.0       40.0  116.0  222.0   12.0    12.0
[ 2024-04-03 11:33:06,360 ] 21 root - INFO - New data : 
    Area     X      Y    XM     YM  Perimeter    BX     BY  Width  Height
0  109.0  99.0  229.0  99.0  229.0       39.0  93.0  222.0   12.0    12.0
[ 2024-04-03 11:33:06,378 ] 21 root - INFO - New data : 
    Area     X      Y    XM     YM  Perimeter    BX     BY  Width  Height
0  108.0  75.0  229.0  75.0  229.0       39.0  69.0  223.0   12.0    12.0
[ 2024-04-03 11:33:06,395 ] 21 root - INFO - New data : 
    Area     X      Y    XM     YM  Perimeter    BX     BY  Width  Height
0  120.0  25.0  230.0  25.0  230.0       41.0  19.0  223.0   12.0    12.0
[ 2024-04-03 11:33:06,413 ] 21 root - INFO - New data : 
    Area     X      Y    XM     YM  Perimeter    BX     BY  Width  Height
0  105.0  50.0  231.0  50.0  231.0       39.0  45.0  225.0   12.0    12.0
[ 2024-04-03 11:33:06,428 ] 21 root - INFO - New data : 
    Area      X      Y     XM     YM  Perimeter     BX     BY  Width  Height
0  115.0  224.0  251.0  224.0  251.0       41.0  218.0  245.0   12.0    12.0
[ 2024-04-03 11:33:06,450 ] 21 root - INFO - New data : 
    Area      X      Y     XM     YM  Perimeter     BX     BY  Width  Height
0  106.0  254.0  251.0  254.0  251.0       40.0  248.0  245.0   12.0    12.0
[ 2024-04-03 11:33:06,468 ] 21 root - INFO - New data : 
    Area      X      Y     XM     YM  Perimeter     BX     BY  Width  Height
0  108.0  201.0  252.0  201.0  252.0       40.0  195.0  246.0   11.0    12.0
[ 2024-04-03 11:33:06,485 ] 21 root - INFO - New data : 
    Area      X      Y     XM     YM  Perimeter     BX     BY  Width  Height
0  110.0  176.0  254.0  176.0  254.0       40.0  170.0  248.0   12.0    12.0
[ 2024-04-03 11:33:06,546 ] 21 root - INFO - New data : 
   Area     X      Y    XM     YM  Perimeter    BX     BY  Width  Height
0  99.0  76.0  254.0  76.0  254.0       55.0  70.0  248.0   12.0    12.0
[ 2024-04-03 11:33:06,564 ] 21 root - INFO - New data : 
   Area      X      Y     XM     YM  Perimeter     BX     BY  Width  Height
0  96.0  151.0  254.0  151.0  254.0       37.0  145.0  248.0   11.0    11.0
[ 2024-04-03 11:33:06,582 ] 21 root - INFO - New data : 
    Area     X      Y    XM     YM  Perimeter    BX     BY  Width  Height
0  112.0  52.0  254.0  52.0  254.0       39.0  46.0  248.0   12.0    12.0
[ 2024-04-03 11:33:06,601 ] 21 root - INFO - New data : 
    Area     X      Y    XM     YM  Perimeter    BX     BY  Width  Height
0  119.0  26.0  255.0  26.0  255.0       42.0  20.0  249.0   12.0    12.0
[ 2024-04-03 11:33:06,616 ] 21 root - INFO - New data : 
   Area      X      Y     XM     YM  Perimeter    BX     BY  Width  Height
0  94.0  100.0  254.0  100.0  254.0       37.0  94.0  249.0   11.0    12.0
[ 2024-04-03 11:33:06,636 ] 21 root - INFO - New data : 
    Area      X      Y     XM     YM  Perimeter     BX     BY  Width  Height
0  104.0  124.0  255.0  124.0  255.0       38.0  118.0  249.0   12.0    12.0
[ 2024-04-03 11:33:06,660 ] 828 app - ERROR - Exception on /showingResults [POST]
Traceback (most recent call last):
  File "C:\Users\MAYUR\anaconda3\envs\SeedGermination\Lib\site-packages\flask\app.py", line 1463, in wsgi_app
    response = self.full_dispatch_request()
               ^^^^^^^^^^^^^^^^^^^^^^^^^^^^
  File "C:\Users\MAYUR\anaconda3\envs\SeedGermination\Lib\site-packages\flask\app.py", line 872, in full_dispatch_request
    rv = self.handle_user_exception(e)
         ^^^^^^^^^^^^^^^^^^^^^^^^^^^^^
  File "C:\Users\MAYUR\anaconda3\envs\SeedGermination\Lib\site-packages\flask\app.py", line 870, in full_dispatch_request
    rv = self.dispatch_request()
         ^^^^^^^^^^^^^^^^^^^^^^^
  File "C:\Users\MAYUR\anaconda3\envs\SeedGermination\Lib\site-packages\flask\app.py", line 855, in dispatch_request
    return self.ensure_sync(self.view_functions[rule.endpoint])(**view_args)  # type: ignore[no-any-return]
           ^^^^^^^^^^^^^^^^^^^^^^^^^^^^^^^^^^^^^^^^^^^^^^^^^^^^^^^^^^^^^^^^^
  File "d:\Computer_science\BE_PROJECT\Seed_Project\app.py", line 171, in show_results
    return render_template('Results.html',results=clean_resullts(results_dict))
           ^^^^^^^^^^^^^^^^^^^^^^^^^^^^^^^^^^^^^^^^^^^^^^^^^^^^^^^^^^^^^^^^^^^^
  File "C:\Users\MAYUR\anaconda3\envs\SeedGermination\Lib\site-packages\flask\templating.py", line 150, in render_template
    return _render(app, template, context)
           ^^^^^^^^^^^^^^^^^^^^^^^^^^^^^^^
  File "C:\Users\MAYUR\anaconda3\envs\SeedGermination\Lib\site-packages\flask\templating.py", line 131, in _render
    rv = template.render(context)
         ^^^^^^^^^^^^^^^^^^^^^^^^
  File "C:\Users\MAYUR\anaconda3\envs\SeedGermination\Lib\site-packages\jinja2\environment.py", line 1301, in render
    self.environment.handle_exception()
  File "C:\Users\MAYUR\anaconda3\envs\SeedGermination\Lib\site-packages\jinja2\environment.py", line 936, in handle_exception
    raise rewrite_traceback_stack(source=source)
  File "d:\Computer_science\BE_PROJECT\Seed_Project\templates\Results.html", line 20, in top-level template code
    {% for seed, result in results.items() %}
    ^^^^^^^^^^^^^^^^^^^^^^^^^
  File "C:\Users\MAYUR\anaconda3\envs\SeedGermination\Lib\site-packages\jinja2\utils.py", line 83, in from_obj
    if hasattr(obj, "jinja_pass_arg"):
       ^^^^^^^^^^^^^^^^^^^^^^^^^^^^^^
jinja2.exceptions.UndefinedError: 'None' has no attribute 'items'
[ 2024-04-03 11:33:06,666 ] 96 werkzeug - INFO - 127.0.0.1 - - [03/Apr/2024 11:33:06] "[35m[1mPOST /showingResults HTTP/1.1[0m" 500 -
