[ 2024-04-13 15:04:29,207 ] 96 werkzeug - INFO - [31m[1mWARNING: This is a development server. Do not use it in a production deployment. Use a production WSGI server instead.[0m
 * Running on http://127.0.0.1:5000
[ 2024-04-13 15:04:29,208 ] 96 werkzeug - INFO - [33mPress CTRL+C to quit[0m
[ 2024-04-13 15:04:39,995 ] 96 werkzeug - INFO - 127.0.0.1 - - [13/Apr/2024 15:04:39] "GET / HTTP/1.1" 200 -
[ 2024-04-13 15:04:40,117 ] 96 werkzeug - INFO - 127.0.0.1 - - [13/Apr/2024 15:04:40] "[36mGET /static/css/index.css HTTP/1.1[0m" 304 -
[ 2024-04-13 15:04:40,118 ] 96 werkzeug - INFO - 127.0.0.1 - - [13/Apr/2024 15:04:40] "[36mGET /static/css/corn%20diplay.png HTTP/1.1[0m" 304 -
[ 2024-04-13 15:04:40,139 ] 96 werkzeug - INFO - 127.0.0.1 - - [13/Apr/2024 15:04:40] "[35m[1mGET /static/css/corn%20video.mp4 HTTP/1.1[0m" 206 -
[ 2024-04-13 15:04:49,444 ] 96 werkzeug - INFO - 127.0.0.1 - - [13/Apr/2024 15:04:49] "POST /openwebcam HTTP/1.1" 200 -
[ 2024-04-13 15:04:49,527 ] 96 werkzeug - INFO - 127.0.0.1 - - [13/Apr/2024 15:04:49] "[36mGET /static/css/displayImage.css HTTP/1.1[0m" 304 -
[ 2024-04-13 15:04:49,535 ] 96 werkzeug - INFO - 127.0.0.1 - - [13/Apr/2024 15:04:49] "[36mGET /static/css/corn%202.jpg HTTP/1.1[0m" 304 -
[ 2024-04-13 15:04:54,408 ] 96 werkzeug - INFO - 127.0.0.1 - - [13/Apr/2024 15:04:54] "POST /RunningMacros HTTP/1.1" 200 -
[ 2024-04-13 15:04:54,456 ] 96 werkzeug - INFO - 127.0.0.1 - - [13/Apr/2024 15:04:54] "[36mGET /static/css/ViewResults.css HTTP/1.1[0m" 304 -
[ 2024-04-13 15:04:54,460 ] 96 werkzeug - INFO - 127.0.0.1 - - [13/Apr/2024 15:04:54] "[36mGET /static/css/corn%201.jpg HTTP/1.1[0m" 304 -
[ 2024-04-13 15:04:55,828 ] 21 root - INFO - New data : 
     Area      X     Y     XM    YM  Perimeter     BX    BY  Width  Height
0  1800.0  298.0  76.0  298.0  76.0      165.0  271.0  52.0   50.0    48.0
[ 2024-04-13 15:04:56,068 ] 21 root - INFO - New data : 
     Area      X     Y     XM    YM  Perimeter     BX    BY  Width  Height
0  1919.0  203.0  85.0  203.0  85.0      173.0  174.0  60.0   52.0    51.0
[ 2024-04-13 15:04:56,082 ] 21 root - INFO - New data : 
     Area      X     Y     XM    YM  Perimeter    BX    BY  Width  Height
0  1643.0  121.0  94.0  121.0  94.0      159.0  97.0  70.0   45.0    49.0
[ 2024-04-13 15:04:56,096 ] 21 root - INFO - New data : 
     Area      X      Y     XM     YM  Perimeter     BX     BY  Width  Height
0  1969.0  311.0  180.0  311.0  180.0      173.0  283.0  155.0   52.0    51.0
[ 2024-04-13 15:04:56,112 ] 21 root - INFO - New data : 
     Area      X      Y     XM     YM  Perimeter     BX     BY  Width  Height
0  1787.0  209.0  200.0  209.0  200.0      169.0  182.0  175.0   50.0    49.0
[ 2024-04-13 15:04:56,125 ] 21 root - INFO - New data : 
     Area      X      Y     XM     YM  Perimeter     BX     BY  Width  Height
0  1907.0  130.0  206.0  130.0  206.0      167.0  105.0  180.0   48.0    52.0
[ 2024-04-13 15:04:56,141 ] 21 root - INFO - New data : 
     Area      X      Y     XM     YM  Perimeter     BX     BY  Width  Height
0  1743.0  319.0  302.0  319.0  302.0      165.0  290.0  279.0   53.0    46.0
[ 2024-04-13 15:04:56,155 ] 21 root - INFO - New data : 
     Area      X      Y     XM     YM  Perimeter     BX     BY  Width  Height
0  1771.0  223.0  310.0  223.0  310.0      170.0  195.0  285.0   52.0    48.0
[ 2024-04-13 15:04:56,169 ] 21 root - INFO - New data : 
     Area      X      Y     XM     YM  Perimeter     BX     BY  Width  Height
0  1747.0  148.0  322.0  148.0  322.0      181.0  121.0  298.0   50.0    46.0
[ 2024-04-13 15:04:56,182 ] 21 root - INFO - New data : 
     Area      X      Y     XM     YM  Perimeter     BX     BY  Width  Height
0  1688.0  314.0  424.0  314.0  424.0      159.0  288.0  400.0   48.0    48.0
[ 2024-04-13 15:04:56,197 ] 21 root - INFO - New data : 
     Area      X      Y     XM     YM  Perimeter     BX     BY  Width  Height
0  1755.0  237.0  428.0  237.0  428.0      163.0  209.0  405.0   52.0    47.0
[ 2024-04-13 15:04:56,210 ] 21 root - INFO - New data : 
     Area      X      Y     XM     YM  Perimeter     BX     BY  Width  Height
0  1704.0  135.0  435.0  135.0  435.0      161.0  110.0  411.0   48.0    48.0
[ 2024-04-13 15:04:56,223 ] 21 root - INFO - New data : 
     Area      X      Y     XM     YM  Perimeter     BX     BY  Width  Height
0  1801.0  325.0  522.0  325.0  522.0      166.0  297.0  498.0   51.0    49.0
[ 2024-04-13 15:04:56,237 ] 21 root - INFO - New data : 
     Area      X      Y     XM     YM  Perimeter     BX     BY  Width  Height
0  1739.0  139.0  531.0  139.0  531.0      164.0  112.0  508.0   49.0    48.0
[ 2024-04-13 15:04:56,251 ] 21 root - INFO - New data : 
     Area      X      Y     XM     YM  Perimeter     BX     BY  Width  Height
0  1590.0  242.0  549.0  242.0  549.0      156.0  215.0  525.0   49.0    45.0
[ 2024-04-13 15:04:56,263 ] 21 root - INFO - New data : 
     Area      X      Y     XM     YM  Perimeter     BX     BY  Width  Height
0  1870.0  331.0  635.0  331.0  635.0      170.0  306.0  610.0   50.0    50.0
[ 2024-04-13 15:04:56,278 ] 21 root - INFO - New data : 
     Area      X      Y     XM     YM  Perimeter     BX     BY  Width  Height
0  1772.0  157.0  639.0  157.0  639.0      178.0  130.0  616.0   51.0    48.0
[ 2024-04-13 15:04:56,291 ] 21 root - INFO - New data : 
     Area      X      Y     XM     YM  Perimeter     BX     BY  Width  Height
0  1868.0  243.0  645.0  243.0  645.0      166.0  217.0  619.0   50.0    50.0
[ 2024-04-13 15:04:56,304 ] 21 root - INFO - New data : 
     Area      X      Y     XM     YM  Perimeter     BX     BY  Width  Height
0  1750.0  341.0  737.0  341.0  737.0      178.0  316.0  712.0   50.0    48.0
[ 2024-04-13 15:04:56,317 ] 21 root - INFO - New data : 
     Area      X      Y     XM     YM  Perimeter     BX     BY  Width  Height
0  1832.0  161.0  756.0  161.0  756.0      168.0  134.0  730.0   50.0    49.0
[ 2024-04-13 15:04:56,330 ] 21 root - INFO - New data : 
     Area      X      Y     XM     YM  Perimeter     BX     BY  Width  Height
0  1774.0  244.0  754.0  244.0  754.0      174.0  215.0  730.0   53.0    46.0
[ 2024-04-13 15:04:56,765 ] 96 werkzeug - INFO - 127.0.0.1 - - [13/Apr/2024 15:04:56] "POST /showingResults HTTP/1.1" 200 -
[ 2024-04-13 15:04:56,815 ] 96 werkzeug - INFO - 127.0.0.1 - - [13/Apr/2024 15:04:56] "[36mGET /static/css/Results.css HTTP/1.1[0m" 304 -
[ 2024-04-13 15:04:56,821 ] 96 werkzeug - INFO - 127.0.0.1 - - [13/Apr/2024 15:04:56] "GET /static/seed_results_plot.png HTTP/1.1" 200 -
[ 2024-04-13 15:04:56,824 ] 96 werkzeug - INFO - 127.0.0.1 - - [13/Apr/2024 15:04:56] "GET /static/seed_results_pie_chart.png HTTP/1.1" 200 -
