[ 2024-04-02 23:32:24,635 ] 21 root - INFO - New data : 
   Area     X      Y     XM     YM  Perimeter     BX     BY  Width  Height
0  90.0  16.0  455.0  200.0  100.0       30.0  100.0  100.0   20.0    20.0
[ 2024-04-02 23:32:24,987 ] 21 root - INFO - New data : 
   Area      X     Y     XM    YM  Perimeter     BX    BY  Width  Height
0  94.0  132.0  16.0  132.0  16.0       37.0  126.0  10.0   12.0    12.0
[ 2024-04-02 23:32:25,029 ] 21 root - INFO - New data : 
   Area      X     Y     XM    YM  Perimeter     BX    BY  Width  Height
0  94.0  132.0  16.0  132.0  16.0       37.0  126.0  10.0   12.0    12.0
[ 2024-04-02 23:32:25,047 ] 21 root - INFO - New data : 
   Area      X     Y     XM    YM  Perimeter     BX    BY  Width  Height
0  89.0  233.0  17.0  233.0  17.0       36.0  228.0  11.0   11.0    12.0
[ 2024-04-02 23:32:25,066 ] 21 root - INFO - New data : 
   Area      X     Y     XM    YM  Perimeter     BX    BY  Width  Height
0  91.0  156.0  17.0  156.0  17.0       36.0  151.0  11.0   11.0    11.0
[ 2024-04-02 23:32:25,085 ] 21 root - INFO - New data : 
   Area      X     Y     XM    YM  Perimeter     BX    BY  Width  Height
0  80.0  208.0  17.0  208.0  17.0       34.0  202.0  11.0   10.0    11.0
[ 2024-04-02 23:32:25,112 ] 21 root - INFO - New data : 
   Area     X     Y    XM    YM  Perimeter    BX    BY  Width  Height
0  87.0  81.0  18.0  81.0  18.0       35.0  76.0  12.0   11.0    11.0
[ 2024-04-02 23:32:25,139 ] 21 root - INFO - New data : 
   Area      X     Y     XM    YM  Perimeter     BX    BY  Width  Height
0  80.0  106.0  17.0  106.0  17.0       37.0  102.0  12.0   10.0    10.0
[ 2024-04-02 23:32:25,159 ] 21 root - INFO - New data : 
   Area      X     Y     XM    YM  Perimeter     BX    BY  Width  Height
0  72.0  183.0  17.0  183.0  17.0       32.0  178.0  12.0    9.0    10.0
[ 2024-04-02 23:32:25,179 ] 21 root - INFO - New data : 
   Area     X     Y    XM    YM  Perimeter   BX    BY  Width  Height
0  88.0  12.0  17.0  12.0  17.0       41.0  7.0  12.0   11.0    11.0
[ 2024-04-02 23:32:25,196 ] 21 root - INFO - New data : 
   Area     X     Y    XM    YM  Perimeter    BX    BY  Width  Height
0  76.0  34.0  18.0  34.0  18.0       41.0  30.0  13.0   10.0    10.0
[ 2024-04-02 23:32:25,215 ] 21 root - INFO - New data : 
   Area     X     Y    XM    YM  Perimeter    BX    BY  Width  Height
0  80.0  57.0  18.0  57.0  18.0       33.0  52.0  13.0   10.0    10.0
[ 2024-04-02 23:32:25,232 ] 21 root - INFO - New data : 
   Area      X     Y     XM    YM  Perimeter     BX    BY  Width  Height
0  84.0  234.0  38.0  234.0  38.0       35.0  228.0  33.0   10.0    11.0
[ 2024-04-02 23:32:25,249 ] 21 root - INFO - New data : 
   Area      X     Y     XM    YM  Perimeter     BX    BY  Width  Height
0  85.0  134.0  39.0  134.0  39.0       34.0  128.0  34.0   10.0    11.0
[ 2024-04-02 23:32:25,268 ] 21 root - INFO - New data : 
   Area      X     Y     XM    YM  Perimeter     BX    BY  Width  Height
0  88.0  206.0  41.0  206.0  41.0       35.0  201.0  35.0   11.0    11.0
[ 2024-04-02 23:32:25,281 ] 21 root - INFO - New data : 
   Area      X     Y     XM    YM  Perimeter     BX    BY  Width  Height
0  86.0  182.0  41.0  182.0  41.0       35.0  177.0  36.0   11.0    11.0
[ 2024-04-02 23:32:25,295 ] 21 root - INFO - New data : 
   Area     X     Y    XM    YM  Perimeter    BX    BY  Width  Height
0  94.0  58.0  41.0  58.0  41.0       36.0  52.0  36.0   11.0    11.0
[ 2024-04-02 23:32:25,309 ] 21 root - INFO - New data : 
   Area      X     Y     XM    YM  Perimeter     BX    BY  Width  Height
0  71.0  107.0  41.0  107.0  41.0       32.0  102.0  36.0    9.0    10.0
[ 2024-04-02 23:32:25,323 ] 21 root - INFO - New data : 
   Area     X     Y    XM    YM  Perimeter    BX    BY  Width  Height
0  78.0  82.0  42.0  82.0  42.0       39.0  78.0  37.0   10.0    10.0
[ 2024-04-02 23:32:25,336 ] 21 root - INFO - New data : 
   Area      X     Y     XM    YM  Perimeter     BX    BY  Width  Height
0  78.0  157.0  42.0  157.0  42.0       34.0  152.0  37.0   10.0    10.0
[ 2024-04-02 23:32:25,350 ] 21 root - INFO - New data : 
   Area     X     Y    XM    YM  Perimeter   BX    BY  Width  Height
0  94.0  12.0  42.0  12.0  42.0       37.0  6.0  37.0   12.0    11.0
[ 2024-04-02 23:32:25,364 ] 21 root - INFO - New data : 
   Area     X     Y    XM    YM  Perimeter    BX    BY  Width  Height
0  80.0  35.0  42.0  35.0  42.0       34.0  30.0  37.0   10.0    10.0
[ 2024-04-02 23:32:25,379 ] 21 root - INFO - New data : 
   Area      X     Y     XM    YM  Perimeter     BX    BY  Width  Height
0  87.0  233.0  60.0  233.0  60.0       36.0  227.0  55.0   11.0    11.0
[ 2024-04-02 23:32:25,402 ] 21 root - INFO - New data : 
   Area      X     Y     XM    YM  Perimeter     BX    BY  Width  Height
0  83.0  207.0  61.0  207.0  61.0       34.0  202.0  56.0   10.0    10.0
[ 2024-04-02 23:32:25,426 ] 21 root - INFO - New data : 
   Area      X     Y     XM    YM  Perimeter     BX    BY  Width  Height
0  86.0  157.0  63.0  157.0  63.0       35.0  152.0  57.0   11.0    11.0
[ 2024-04-02 23:32:25,458 ] 21 root - INFO - New data : 
   Area      X     Y     XM    YM  Perimeter     BX    BY  Width  Height
0  75.0  182.0  62.0  182.0  62.0       37.0  178.0  57.0    9.0    10.0
[ 2024-04-02 23:32:25,477 ] 21 root - INFO - New data : 
   Area      X     Y     XM    YM  Perimeter     BX    BY  Width  Height
0  92.0  107.0  64.0  107.0  64.0       36.0  102.0  58.0   11.0    11.0
[ 2024-04-02 23:32:25,493 ] 21 root - INFO - New data : 
   Area      X     Y     XM    YM  Perimeter     BX    BY  Width  Height
0  92.0  135.0  63.0  135.0  63.0       37.0  129.0  58.0   11.0    12.0
[ 2024-04-02 23:32:25,513 ] 21 root - INFO - New data : 
   Area     X     Y    XM    YM  Perimeter    BX    BY  Width  Height
0  90.0  82.0  64.0  82.0  64.0       36.0  77.0  58.0   11.0    11.0
[ 2024-04-02 23:32:25,531 ] 21 root - INFO - New data : 
   Area     X     Y    XM    YM  Perimeter    BX    BY  Width  Height
0  93.0  59.0  66.0  59.0  66.0       36.0  54.0  61.0   11.0    11.0
[ 2024-04-02 23:32:25,546 ] 21 root - INFO - New data : 
   Area     X     Y    XM    YM  Perimeter   BX    BY  Width  Height
0  93.0  12.0  66.0  12.0  66.0       36.0  7.0  61.0   12.0    11.0
[ 2024-04-02 23:32:25,560 ] 21 root - INFO - New data : 
   Area     X     Y    XM    YM  Perimeter    BX    BY  Width  Height
0  94.0  36.0  67.0  36.0  67.0       36.0  30.0  62.0   11.0    11.0
[ 2024-04-02 23:32:25,574 ] 21 root - INFO - New data : 
   Area      X     Y     XM    YM  Perimeter     BX    BY  Width  Height
0  80.0  233.0  84.0  233.0  84.0       40.0  227.0  79.0   12.0    10.0
[ 2024-04-02 23:32:25,587 ] 21 root - INFO - New data : 
   Area      X     Y     XM    YM  Perimeter     BX    BY  Width  Height
0  86.0  206.0  85.0  206.0  85.0       35.0  201.0  80.0   10.0    11.0
[ 2024-04-02 23:32:25,603 ] 21 root - INFO - New data : 
   Area      X     Y     XM    YM  Perimeter     BX    BY  Width  Height
0  80.0  182.0  85.0  182.0  85.0       34.0  177.0  80.0   10.0    10.0
[ 2024-04-02 23:32:25,615 ] 21 root - INFO - New data : 
   Area      X     Y     XM    YM  Perimeter     BX    BY  Width  Height
0  63.0  158.0  85.0  158.0  85.0       30.0  154.0  80.0    9.0     9.0
[ 2024-04-02 23:32:25,627 ] 21 root - INFO - New data : 
   Area      X     Y     XM    YM  Perimeter     BX    BY  Width  Height
0  84.0  135.0  86.0  135.0  86.0       34.0  130.0  81.0   10.0    10.0
[ 2024-04-02 23:32:25,640 ] 21 root - INFO - New data : 
   Area     X     Y    XM    YM  Perimeter    BX    BY  Width  Height
0  89.0  83.0  87.0  83.0  87.0       36.0  78.0  81.0   11.0    11.0
[ 2024-04-02 23:32:25,653 ] 21 root - INFO - New data : 
   Area      X     Y     XM    YM  Perimeter     BX    BY  Width  Height
0  87.0  109.0  86.0  109.0  86.0       38.0  103.0  81.0   11.0    11.0
[ 2024-04-02 23:32:25,667 ] 21 root - INFO - New data : 
   Area     X     Y    XM    YM  Perimeter    BX    BY  Width  Height
0  83.0  60.0  87.0  60.0  87.0       36.0  55.0  82.0   11.0    10.0
[ 2024-04-02 23:32:25,681 ] 21 root - INFO - New data : 
   Area     X     Y    XM    YM  Perimeter    BX    BY  Width  Height
0  85.0  37.0  89.0  37.0  89.0       37.0  32.0  84.0   11.0    10.0
[ 2024-04-02 23:32:25,696 ] 21 root - INFO - New data : 
   Area     X     Y    XM    YM  Perimeter   BX    BY  Width  Height
0  86.0  14.0  89.0  14.0  89.0       35.0  8.0  84.0   11.0    10.0
[ 2024-04-02 23:32:25,711 ] 21 root - INFO - New data : 
   Area      X      Y     XM     YM  Perimeter     BX     BY  Width  Height
0  84.0  231.0  105.0  231.0  105.0       34.0  226.0  100.0   11.0    10.0
[ 2024-04-02 23:32:25,727 ] 21 root - INFO - New data : 
   Area      X      Y     XM     YM  Perimeter     BX     BY  Width  Height
0  82.0  206.0  105.0  206.0  105.0       34.0  201.0  100.0   10.0    10.0
[ 2024-04-02 23:32:25,740 ] 21 root - INFO - New data : 
   Area      X      Y     XM     YM  Perimeter     BX     BY  Width  Height
0  76.0  183.0  105.0  183.0  105.0       33.0  178.0  101.0   10.0    10.0
[ 2024-04-02 23:32:25,756 ] 21 root - INFO - New data : 
   Area      X      Y     XM     YM  Perimeter     BX     BY  Width  Height
0  62.0  158.0  106.0  158.0  106.0       32.0  154.0  102.0    9.0     9.0
[ 2024-04-02 23:32:25,770 ] 21 root - INFO - New data : 
   Area      X      Y     XM     YM  Perimeter     BX     BY  Width  Height
0  72.0  135.0  107.0  135.0  107.0       33.0  131.0  102.0   10.0    10.0
[ 2024-04-02 23:32:25,784 ] 21 root - INFO - New data : 
   Area      X      Y     XM     YM  Perimeter     BX     BY  Width  Height
0  88.0  109.0  108.0  109.0  108.0       35.0  103.0  103.0   11.0    11.0
[ 2024-04-02 23:32:25,798 ] 21 root - INFO - New data : 
   Area     X      Y    XM     YM  Perimeter    BX     BY  Width  Height
0  88.0  84.0  109.0  84.0  109.0       35.0  78.0  104.0   11.0    10.0
[ 2024-04-02 23:32:25,812 ] 21 root - INFO - New data : 
   Area     X      Y    XM     YM  Perimeter    BX     BY  Width  Height
0  92.0  61.0  110.0  61.0  110.0       36.0  56.0  104.0   11.0    11.0
[ 2024-04-02 23:32:25,828 ] 21 root - INFO - New data : 
   Area     X      Y    XM     YM  Perimeter    BX     BY  Width  Height
0  88.0  38.0  110.0  38.0  110.0       35.0  32.0  105.0   11.0    10.0
[ 2024-04-02 23:32:25,841 ] 21 root - INFO - New data : 
   Area     X      Y    XM     YM  Perimeter    BX     BY  Width  Height
0  77.0  15.0  110.0  15.0  110.0       35.0  10.0  106.0   10.0    10.0
[ 2024-04-02 23:32:25,855 ] 21 root - INFO - New data : 
   Area      X      Y     XM     YM  Perimeter     BX     BY  Width  Height
0  86.0  232.0  126.0  232.0  126.0       34.0  227.0  120.0   11.0    10.0
[ 2024-04-02 23:32:25,869 ] 21 root - INFO - New data : 
   Area      X      Y     XM     YM  Perimeter     BX     BY  Width  Height
0  70.0  207.0  125.0  207.0  125.0       32.0  202.0  121.0   10.0    10.0
[ 2024-04-02 23:32:25,882 ] 21 root - INFO - New data : 
   Area      X      Y     XM     YM  Perimeter     BX     BY  Width  Height
0  80.0  183.0  127.0  183.0  127.0       34.0  178.0  122.0   10.0    10.0
[ 2024-04-02 23:32:25,897 ] 21 root - INFO - New data : 
   Area      X      Y     XM     YM  Perimeter     BX     BY  Width  Height
0  76.0  159.0  128.0  159.0  128.0       34.0  154.0  123.0   10.0    10.0
[ 2024-04-02 23:32:25,912 ] 21 root - INFO - New data : 
   Area      X      Y     XM     YM  Perimeter     BX     BY  Width  Height
0  85.0  136.0  128.0  136.0  128.0       35.0  130.0  123.0   11.0    11.0
[ 2024-04-02 23:32:25,927 ] 21 root - INFO - New data : 
   Area      X      Y     XM     YM  Perimeter     BX     BY  Width  Height
0  81.0  110.0  130.0  110.0  130.0       34.0  105.0  125.0   10.0    10.0
[ 2024-04-02 23:32:25,940 ] 21 root - INFO - New data : 
   Area     X      Y    XM     YM  Perimeter    BX     BY  Width  Height
0  91.0  62.0  132.0  62.0  132.0       36.0  57.0  126.0   11.0    11.0
[ 2024-04-02 23:32:25,954 ] 21 root - INFO - New data : 
   Area     X      Y    XM     YM  Perimeter    BX     BY  Width  Height
0  81.0  85.0  131.0  85.0  131.0       34.0  80.0  126.0   11.0    10.0
[ 2024-04-02 23:32:25,971 ] 21 root - INFO - New data : 
   Area     X      Y    XM     YM  Perimeter    BX     BY  Width  Height
0  92.0  39.0  132.0  39.0  132.0       36.0  33.0  127.0   11.0    11.0
[ 2024-04-02 23:32:25,983 ] 21 root - INFO - New data : 
   Area     X      Y    XM     YM  Perimeter   BX     BY  Width  Height
0  92.0  15.0  133.0  15.0  133.0       36.0  9.0  128.0   11.0    11.0
[ 2024-04-02 23:32:25,995 ] 21 root - INFO - New data : 
   Area      X      Y     XM     YM  Perimeter     BX     BY  Width  Height
0  85.0  233.0  154.0  233.0  154.0       35.0  227.0  149.0   11.0    11.0
[ 2024-04-02 23:32:26,009 ] 21 root - INFO - New data : 
   Area      X      Y     XM     YM  Perimeter     BX     BY  Width  Height
0  83.0  206.0  154.0  206.0  154.0       35.0  201.0  149.0   11.0    11.0
[ 2024-04-02 23:32:26,023 ] 21 root - INFO - New data : 
   Area      X      Y     XM     YM  Perimeter     BX     BY  Width  Height
0  75.0  182.0  154.0  182.0  154.0       34.0  177.0  150.0   10.0    10.0
[ 2024-04-02 23:32:26,041 ] 21 root - INFO - New data : 
   Area      X      Y     XM     YM  Perimeter     BX     BY  Width  Height
0  84.0  158.0  155.0  158.0  155.0       34.0  153.0  150.0   10.0    11.0
[ 2024-04-02 23:32:26,057 ] 21 root - INFO - New data : 
   Area      X      Y     XM     YM  Perimeter     BX     BY  Width  Height
0  87.0  136.0  156.0  136.0  156.0       38.0  130.0  150.0   11.0    11.0
[ 2024-04-02 23:32:26,072 ] 21 root - INFO - New data : 
   Area      X      Y     XM     YM  Perimeter     BX     BY  Width  Height
0  80.0  110.0  156.0  110.0  156.0       34.0  104.0  151.0   10.0    11.0
[ 2024-04-02 23:32:26,087 ] 21 root - INFO - New data : 
   Area     X      Y    XM     YM  Perimeter    BX     BY  Width  Height
0  92.0  86.0  156.0  86.0  156.0       36.0  80.0  151.0   11.0    10.0
[ 2024-04-02 23:32:26,102 ] 21 root - INFO - New data : 
   Area     X      Y    XM     YM  Perimeter    BX     BY  Width  Height
0  90.0  17.0  157.0  17.0  157.0       38.0  12.0  152.0   11.0    11.0
[ 2024-04-02 23:32:26,116 ] 21 root - INFO - New data : 
   Area     X      Y    XM     YM  Perimeter    BX     BY  Width  Height
0  87.0  40.0  159.0  40.0  159.0       35.0  35.0  153.0   10.0    11.0
[ 2024-04-02 23:32:26,130 ] 21 root - INFO - New data : 
   Area     X      Y    XM     YM  Perimeter    BX     BY  Width  Height
0  77.0  63.0  158.0  63.0  158.0       34.0  58.0  153.0   10.0    10.0
[ 2024-04-02 23:32:26,143 ] 21 root - INFO - New data : 
   Area      X      Y     XM     YM  Perimeter     BX     BY  Width  Height
0  84.0  206.0  179.0  206.0  179.0       34.0  201.0  174.0   10.0    11.0
[ 2024-04-02 23:32:26,157 ] 21 root - INFO - New data : 
   Area      X      Y     XM     YM  Perimeter     BX     BY  Width  Height
0  91.0  182.0  180.0  182.0  180.0       36.0  177.0  174.0   10.0    11.0
[ 2024-04-02 23:32:26,171 ] 21 root - INFO - New data : 
   Area      X      Y     XM     YM  Perimeter     BX     BY  Width  Height
0  85.0  232.0  179.0  232.0  179.0       35.0  226.0  174.0   10.0    11.0
[ 2024-04-02 23:32:26,186 ] 21 root - INFO - New data : 
   Area      X      Y     XM     YM  Perimeter     BX     BY  Width  Height
0  96.0  136.0  180.0  136.0  180.0       41.0  131.0  175.0   11.0    12.0
[ 2024-04-02 23:32:26,203 ] 21 root - INFO - New data : 
   Area      X      Y     XM     YM  Perimeter     BX     BY  Width  Height
0  82.0  159.0  180.0  159.0  180.0       34.0  154.0  175.0   10.0    11.0
[ 2024-04-02 23:32:26,217 ] 21 root - INFO - New data : 
   Area      X      Y     XM     YM  Perimeter     BX     BY  Width  Height
0  75.0  110.0  180.0  110.0  180.0       35.0  106.0  175.0   10.0    10.0
[ 2024-04-02 23:32:26,231 ] 21 root - INFO - New data : 
   Area     X      Y    XM     YM  Perimeter    BX     BY  Width  Height
0  96.0  87.0  182.0  87.0  182.0       38.0  81.0  176.0   12.0    11.0
[ 2024-04-02 23:32:26,244 ] 21 root - INFO - New data : 
   Area     X      Y    XM     YM  Perimeter    BX     BY  Width  Height
0  89.0  64.0  181.0  64.0  181.0       35.0  59.0  176.0   11.0    10.0
[ 2024-04-02 23:32:26,259 ] 21 root - INFO - New data : 
   Area     X      Y    XM     YM  Perimeter    BX     BY  Width  Height
0  94.0  18.0  182.0  18.0  182.0       36.0  12.0  177.0   11.0    10.0
[ 2024-04-02 23:32:26,273 ] 21 root - INFO - New data : 
   Area     X      Y    XM     YM  Perimeter    BX     BY  Width  Height
0  78.0  40.0  184.0  40.0  184.0       33.0  36.0  178.0   10.0    10.0
[ 2024-04-02 23:32:26,288 ] 21 root - INFO - New data : 
   Area      X      Y     XM     YM  Perimeter     BX     BY  Width  Height
0  79.0  206.0  202.0  206.0  202.0       34.0  201.0  197.0   10.0    11.0
[ 2024-04-02 23:32:26,303 ] 21 root - INFO - New data : 
   Area      X      Y     XM     YM  Perimeter     BX     BY  Width  Height
0  89.0  233.0  203.0  233.0  203.0       35.0  227.0  197.0   10.0    11.0
[ 2024-04-02 23:32:26,316 ] 21 root - INFO - New data : 
   Area      X      Y     XM     YM  Perimeter     BX     BY  Width  Height
0  83.0  160.0  203.0  160.0  203.0       35.0  154.0  198.0   10.0    11.0
[ 2024-04-02 23:32:26,329 ] 21 root - INFO - New data : 
   Area      X      Y     XM     YM  Perimeter     BX     BY  Width  Height
0  83.0  183.0  203.0  183.0  203.0       35.0  179.0  198.0   10.0    11.0
[ 2024-04-02 23:32:26,343 ] 21 root - INFO - New data : 
   Area      X      Y     XM     YM  Perimeter     BX     BY  Width  Height
0  92.0  136.0  204.0  136.0  204.0       37.0  131.0  198.0   11.0    12.0
[ 2024-04-02 23:32:26,357 ] 21 root - INFO - New data : 
   Area      X      Y     XM     YM  Perimeter     BX     BY  Width  Height
0  93.0  110.0  204.0  110.0  204.0       36.0  104.0  199.0   11.0    11.0
[ 2024-04-02 23:32:26,371 ] 21 root - INFO - New data : 
   Area     X      Y    XM     YM  Perimeter    BX     BY  Width  Height
0  91.0  88.0  205.0  88.0  205.0       36.0  82.0  199.0   11.0    11.0
[ 2024-04-02 23:32:26,386 ] 21 root - INFO - New data : 
   Area     X      Y    XM     YM  Perimeter    BX     BY  Width  Height
0  90.0  65.0  205.0  65.0  205.0       35.0  60.0  200.0   11.0    11.0
[ 2024-04-02 23:32:26,404 ] 21 root - INFO - New data : 
   Area     X      Y    XM     YM  Perimeter    BX     BY  Width  Height
0  99.0  19.0  206.0  19.0  206.0       38.0  13.0  200.0   12.0    12.0
[ 2024-04-02 23:32:26,419 ] 21 root - INFO - New data : 
   Area     X      Y    XM     YM  Perimeter    BX     BY  Width  Height
0  87.0  42.0  207.0  42.0  207.0       35.0  37.0  202.0   11.0    11.0
[ 2024-04-02 23:32:26,432 ] 21 root - INFO - New data : 
   Area      X      Y     XM     YM  Perimeter     BX     BY  Width  Height
0  96.0  205.0  226.0  205.0  226.0       38.0  200.0  220.0   11.0    12.0
[ 2024-04-02 23:32:26,449 ] 21 root - INFO - New data : 
   Area      X      Y     XM     YM  Perimeter     BX     BY  Width  Height
0  88.0  233.0  226.0  233.0  226.0       36.0  228.0  221.0   11.0    11.0
[ 2024-04-02 23:32:26,462 ] 21 root - INFO - New data : 
   Area      X      Y     XM     YM  Perimeter     BX     BY  Width  Height
0  90.0  183.0  227.0  183.0  227.0       37.0  178.0  221.0   11.0    11.0
[ 2024-04-02 23:32:26,475 ] 21 root - INFO - New data : 
   Area      X      Y     XM     YM  Perimeter     BX     BY  Width  Height
0  80.0  137.0  229.0  137.0  229.0       34.0  132.0  223.0   10.0    11.0
[ 2024-04-02 23:32:26,491 ] 21 root - INFO - New data : 
   Area      X      Y     XM     YM  Perimeter     BX     BY  Width  Height
0  92.0  160.0  229.0  160.0  229.0       36.0  155.0  223.0   10.0    12.0
[ 2024-04-02 23:32:26,508 ] 21 root - INFO - New data : 
   Area     X      Y    XM     YM  Perimeter    BX     BY  Width  Height
0  84.0  66.0  229.0  66.0  229.0       42.0  61.0  223.0   11.0    10.0
[ 2024-04-02 23:32:26,523 ] 21 root - INFO - New data : 
    Area     X      Y    XM     YM  Perimeter    BX     BY  Width  Height
0  100.0  20.0  230.0  20.0  230.0       38.0  14.0  224.0   11.0    12.0
[ 2024-04-02 23:32:26,543 ] 21 root - INFO - New data : 
   Area     X      Y    XM     YM  Perimeter    BX     BY  Width  Height
0  93.0  44.0  229.0  44.0  229.0       36.0  38.0  224.0   11.0    11.0
[ 2024-04-02 23:32:26,559 ] 21 root - INFO - New data : 
   Area     X      Y    XM     YM  Perimeter    BX     BY  Width  Height
0  78.0  88.0  229.0  88.0  229.0       34.0  83.0  224.0   10.0    11.0
[ 2024-04-02 23:32:26,576 ] 21 root - INFO - New data : 
   Area      X      Y     XM     YM  Perimeter     BX     BY  Width  Height
0  86.0  111.0  230.0  111.0  230.0       35.0  106.0  224.0   10.0    11.0
