[ 2024-03-13 01:12:12,403 ] 21 root - INFO - New data : 
      Area        X       Y       XM      YM  Perimeter       BX      BY  \
0  100.155  198.316  24.585  198.316  24.585     38.109  192.727  19.091   

    Width  Height  
0  10.909  11.364  
[ 2024-03-13 01:12:13,300 ] 49 root - INFO - Error occured in load_object function in utils
[ 2024-03-13 01:12:13,300 ] 29 root - INFO - Error occured in predicton function in predictPipeline class in prediction_pipeline.py
[ 2024-03-13 01:12:37,547 ] 21 root - INFO - New data : 
      Area        X       Y       XM      YM  Perimeter       BX      BY  \
0  100.155  198.316  24.585  198.316  24.585     38.109  192.727  19.091   

    Width  Height  
0  10.909  11.364  
[ 2024-03-13 01:12:37,549 ] 49 root - INFO - Error occured in load_object function in utils
[ 2024-03-13 01:12:37,550 ] 29 root - INFO - Error occured in predicton function in predictPipeline class in prediction_pipeline.py
[ 2024-03-13 01:13:08,718 ] 21 root - INFO - New data : 
      Area        X       Y       XM      YM  Perimeter       BX      BY  \
0  100.155  198.316  24.585  198.316  24.585     38.109  192.727  19.091   

    Width  Height  
0  10.909  11.364  
[ 2024-03-13 01:13:08,722 ] 49 root - INFO - Error occured in load_object function in utils
[ 2024-03-13 01:13:08,723 ] 29 root - INFO - Error occured in predicton function in predictPipeline class in prediction_pipeline.py
[ 2024-03-13 01:13:16,958 ] 21 root - INFO - New data : 
      Area        X       Y       XM      YM  Perimeter       BX      BY  \
0  100.155  198.316  24.585  198.316  24.585     38.109  192.727  19.091   

    Width  Height  
0  10.909  11.364  
[ 2024-03-13 01:13:16,961 ] 49 root - INFO - Error occured in load_object function in utils
[ 2024-03-13 01:13:16,962 ] 29 root - INFO - Error occured in predicton function in predictPipeline class in prediction_pipeline.py
[ 2024-03-13 01:13:21,160 ] 21 root - INFO - New data : 
      Area        X       Y       XM      YM  Perimeter       BX      BY  \
0  100.155  198.316  24.585  198.316  24.585     38.109  192.727  19.091   

    Width  Height  
0  10.909  11.364  
[ 2024-03-13 01:13:21,164 ] 49 root - INFO - Error occured in load_object function in utils
[ 2024-03-13 01:13:21,164 ] 29 root - INFO - Error occured in predicton function in predictPipeline class in prediction_pipeline.py
[ 2024-03-13 01:13:26,329 ] 21 root - INFO - New data : 
      Area        X       Y       XM      YM  Perimeter       BX      BY  \
0  100.155  198.316  24.585  198.316  24.585     38.109  192.727  19.091   

    Width  Height  
0  10.909  11.364  
[ 2024-03-13 01:13:26,332 ] 49 root - INFO - Error occured in load_object function in utils
[ 2024-03-13 01:13:26,333 ] 29 root - INFO - Error occured in predicton function in predictPipeline class in prediction_pipeline.py
[ 2024-03-13 01:15:14,939 ] 21 root - INFO - New data : 
      Area        X       Y       XM      YM  Perimeter       BX      BY  \
0  100.155  198.316  24.585  198.316  24.585     38.109  192.727  19.091   

    Width  Height  
0  10.909  11.364  
[ 2024-03-13 01:15:14,941 ] 49 root - INFO - Error occured in load_object function in utils
[ 2024-03-13 01:15:14,941 ] 29 root - INFO - Error occured in predicton function in predictPipeline class in prediction_pipeline.py
[ 2024-03-13 01:18:18,277 ] 21 root - INFO - New data : 
      Area        X       Y       XM      YM  Perimeter       BX      BY  \
0  100.155  198.316  24.585  198.316  24.585     38.109  192.727  19.091   

    Width  Height  
0  10.909  11.364  
[ 2024-03-13 01:18:18,281 ] 49 root - INFO - Error occured in load_object function in utils
[ 2024-03-13 01:18:18,281 ] 29 root - INFO - Error occured in predicton function in predictPipeline class in prediction_pipeline.py
[ 2024-03-13 01:18:21,764 ] 21 root - INFO - New data : 
      Area        X       Y       XM      YM  Perimeter       BX      BY  \
0  100.155  198.316  24.585  198.316  24.585     38.109  192.727  19.091   

    Width  Height  
0  10.909  11.364  
[ 2024-03-13 01:18:21,767 ] 49 root - INFO - Error occured in load_object function in utils
[ 2024-03-13 01:18:21,767 ] 29 root - INFO - Error occured in predicton function in predictPipeline class in prediction_pipeline.py
[ 2024-03-13 01:24:55,009 ] 21 root - INFO - New data : 
    Area      X     Y     XM    YM  Perimeter     BX    BY  Width  Height
0  100.0  198.0  25.0  198.0  25.0       38.0  193.0  19.0   11.0    11.0
[ 2024-03-13 01:24:55,013 ] 49 root - INFO - Error occured in load_object function in utils
[ 2024-03-13 01:24:55,013 ] 29 root - INFO - Error occured in predicton function in predictPipeline class in prediction_pipeline.py
[ 2024-03-13 01:25:16,509 ] 21 root - INFO - New data : 
    Area      X     Y     XM    YM  Perimeter     BX    BY  Width  Height
0  100.0  198.0  25.0  198.0  25.0       38.0  193.0  19.0   11.0    11.0
[ 2024-03-13 01:25:16,512 ] 49 root - INFO - Error occured in load_object function in utils
[ 2024-03-13 01:25:16,512 ] 29 root - INFO - Error occured in predicton function in predictPipeline class in prediction_pipeline.py
[ 2024-03-13 01:25:55,378 ] 21 root - INFO - New data : 
    Area      X     Y     XM    YM  Perimeter     BX    BY  Width  Height
0  100.0  198.0  25.0  198.0  25.0       38.0  193.0  19.0   11.0    11.0
[ 2024-03-13 01:25:55,380 ] 49 root - INFO - Error occured in load_object function in utils
[ 2024-03-13 01:25:55,380 ] 29 root - INFO - Error occured in predicton function in predictPipeline class in prediction_pipeline.py
[ 2024-03-13 01:27:28,813 ] 21 root - INFO - New data : 
   Area     X      Y     XM     YM  Perimeter     BX     BY  Width  Height
0  90.0  16.0  455.0  200.0  100.0       30.0  100.0  100.0   20.0    20.0
[ 2024-03-13 01:27:28,816 ] 49 root - INFO - Error occured in load_object function in utils
[ 2024-03-13 01:27:28,816 ] 29 root - INFO - Error occured in predicton function in predictPipeline class in prediction_pipeline.py
[ 2024-03-13 01:29:59,160 ] 21 root - INFO - New data : 
   Area     X      Y     XM     YM  Perimeter     BX     BY  Width  Height
0  90.0  16.0  455.0  200.0  100.0       30.0  100.0  100.0   20.0    20.0
[ 2024-03-13 01:29:59,162 ] 49 root - INFO - Error occured in load_object function in utils
[ 2024-03-13 01:29:59,162 ] 29 root - INFO - Error occured in predicton function in predictPipeline class in prediction_pipeline.py
