[ 2024-04-03 12:37:39,677 ] 96 werkzeug - INFO - [31m[1mWARNING: This is a development server. Do not use it in a production deployment. Use a production WSGI server instead.[0m
 * Running on http://127.0.0.1:5000
[ 2024-04-03 12:37:39,678 ] 96 werkzeug - INFO - [33mPress CTRL+C to quit[0m
[ 2024-04-03 12:37:46,911 ] 21 root - INFO - New data : 
    Area      X     Y     XM    YM  Perimeter     BX    BY  Width  Height
0  100.0  198.0  25.0  198.0  25.0       38.0  193.0  19.0   11.0    11.0
[ 2024-04-03 12:37:47,125 ] 21 root - INFO - New data : 
   Area      X     Y     XM    YM  Perimeter     BX    BY  Width  Height
0  91.0  159.0  25.0  159.0  25.0       36.0  154.0  20.0   10.0    11.0
[ 2024-04-03 12:37:47,140 ] 21 root - INFO - New data : 
   Area      X     Y     XM    YM  Perimeter     BX    BY  Width  Height
0  89.0  175.0  25.0  175.0  25.0       37.0  170.0  20.0   11.0    11.0
[ 2024-04-03 12:37:47,154 ] 21 root - INFO - New data : 
   Area      X     Y     XM    YM  Perimeter     BX    BY  Width  Height
0  92.0  121.0  25.0  121.0  25.0       37.0  115.0  20.0   10.0    11.0
[ 2024-04-03 12:37:47,169 ] 21 root - INFO - New data : 
   Area      X     Y     XM    YM  Perimeter     BX    BY  Width  Height
0  94.0  140.0  26.0  140.0  26.0       41.0  134.0  20.0   11.0    11.0
[ 2024-04-03 12:37:47,185 ] 21 root - INFO - New data : 
    Area     X     Y    XM    YM  Perimeter    BX    BY  Width  Height
0  104.0  83.0  26.0  83.0  26.0       40.0  77.0  20.0   11.0    12.0
[ 2024-04-03 12:37:47,199 ] 21 root - INFO - New data : 
   Area      X     Y     XM    YM  Perimeter    BX    BY  Width  Height
0  97.0  103.0  26.0  103.0  26.0       38.0  98.0  21.0   11.0    12.0
[ 2024-04-03 12:37:47,213 ] 21 root - INFO - New data : 
   Area     X     Y    XM    YM  Perimeter    BX    BY  Width  Height
0  99.0  62.0  27.0  62.0  27.0       40.0  55.0  21.0   12.0    11.0
[ 2024-04-03 12:37:47,228 ] 21 root - INFO - New data : 
   Area     X     Y    XM    YM  Perimeter    BX    BY  Width  Height
0  98.0  43.0  27.0  43.0  27.0       41.0  38.0  22.0   11.0    11.0
[ 2024-04-03 12:37:47,242 ] 21 root - INFO - New data : 
    Area     X     Y    XM    YM  Perimeter    BX    BY  Width  Height
0  105.0  24.0  28.0  24.0  28.0       40.0  18.0  22.0   12.0    12.0
[ 2024-04-03 12:37:47,257 ] 21 root - INFO - New data : 
    Area      X     Y     XM    YM  Perimeter     BX    BY  Width  Height
0  103.0  198.0  46.0  198.0  46.0       38.0  192.0  40.0   12.0    11.0
[ 2024-04-03 12:37:47,273 ] 21 root - INFO - New data : 
    Area      X     Y     XM    YM  Perimeter     BX    BY  Width  Height
0  100.0  160.0  47.0  160.0  47.0       38.0  154.0  41.0   12.0    11.0
[ 2024-04-03 12:37:47,290 ] 21 root - INFO - New data : 
    Area      X     Y     XM    YM  Perimeter     BX    BY  Width  Height
0  100.0  142.0  47.0  142.0  47.0       39.0  137.0  41.0   11.0    11.0
[ 2024-04-03 12:37:47,309 ] 21 root - INFO - New data : 
   Area     X     Y    XM    YM  Perimeter    BX    BY  Width  Height
0  99.0  84.0  47.0  84.0  47.0       38.0  78.0  42.0   11.0    11.0
[ 2024-04-03 12:37:47,323 ] 21 root - INFO - New data : 
    Area      X     Y     XM    YM  Perimeter     BX    BY  Width  Height
0  100.0  179.0  47.0  179.0  47.0       40.0  172.0  42.0   12.0    11.0
[ 2024-04-03 12:37:47,338 ] 21 root - INFO - New data : 
   Area      X     Y     XM    YM  Perimeter     BX    BY  Width  Height
0  85.0  122.0  47.0  122.0  47.0       35.0  116.0  42.0   11.0    10.0
[ 2024-04-03 12:37:47,352 ] 21 root - INFO - New data : 
   Area     X     Y    XM    YM  Perimeter    BX    BY  Width  Height
0  99.0  63.0  48.0  63.0  48.0       38.0  57.0  42.0   11.0    12.0
[ 2024-04-03 12:37:47,368 ] 21 root - INFO - New data : 
   Area      X     Y     XM    YM  Perimeter    BX    BY  Width  Height
0  92.0  102.0  48.0  102.0  48.0       36.0  96.0  42.0   11.0    11.0
[ 2024-04-03 12:37:47,382 ] 21 root - INFO - New data : 
    Area     X     Y    XM    YM  Perimeter    BX    BY  Width  Height
0  105.0  44.0  48.0  44.0  48.0       44.0  37.0  43.0   12.0    12.0
[ 2024-04-03 12:37:47,397 ] 21 root - INFO - New data : 
   Area     X     Y    XM    YM  Perimeter    BX    BY  Width  Height
0  91.0  25.0  49.0  25.0  49.0       40.0  19.0  43.0   12.0    11.0
[ 2024-04-03 12:37:47,411 ] 21 root - INFO - New data : 
    Area      X     Y     XM    YM  Perimeter     BX    BY  Width  Height
0  106.0  122.0  66.0  122.0  66.0       39.0  115.0  61.0   12.0    12.0
[ 2024-04-03 12:37:47,425 ] 21 root - INFO - New data : 
   Area      X     Y     XM    YM  Perimeter     BX    BY  Width  Height
0  85.0  142.0  66.0  142.0  66.0       41.0  136.0  61.0   10.0    11.0
[ 2024-04-03 12:37:47,440 ] 21 root - INFO - New data : 
    Area      X     Y     XM    YM  Perimeter     BX    BY  Width  Height
0  106.0  160.0  67.0  160.0  67.0       40.0  153.0  61.0   12.0    11.0
[ 2024-04-03 12:37:47,454 ] 21 root - INFO - New data : 
   Area     X     Y    XM    YM  Perimeter    BX    BY  Width  Height
0  99.0  82.0  67.0  82.0  67.0       38.0  76.0  61.0   11.0    11.0
[ 2024-04-03 12:37:47,469 ] 21 root - INFO - New data : 
   Area      X     Y     XM    YM  Perimeter    BX    BY  Width  Height
0  95.0  100.0  67.0  100.0  67.0       38.0  94.0  61.0   11.0    11.0
[ 2024-04-03 12:37:47,484 ] 21 root - INFO - New data : 
    Area     X     Y    XM    YM  Perimeter    BX    BY  Width  Height
0  104.0  64.0  68.0  64.0  68.0       38.0  58.0  62.0   11.0    12.0
[ 2024-04-03 12:37:47,498 ] 21 root - INFO - New data : 
    Area     X     Y    XM    YM  Perimeter    BX    BY  Width  Height
0  109.0  45.0  68.0  45.0  68.0       42.0  38.0  62.0   13.0    12.0
[ 2024-04-03 12:37:47,513 ] 21 root - INFO - New data : 
   Area      X     Y     XM    YM  Perimeter     BX    BY  Width  Height
0  98.0  198.0  67.0  198.0  67.0       37.0  192.0  62.0   11.0    11.0
[ 2024-04-03 12:37:47,527 ] 21 root - INFO - New data : 
   Area     X     Y    XM    YM  Perimeter    BX    BY  Width  Height
0  94.0  25.0  68.0  25.0  68.0       37.0  19.0  62.0   11.0    11.0
[ 2024-04-03 12:37:47,540 ] 21 root - INFO - New data : 
   Area      X     Y     XM    YM  Perimeter     BX    BY  Width  Height
0  98.0  179.0  68.0  179.0  68.0       38.0  173.0  62.0   11.0    11.0
[ 2024-04-03 12:37:47,554 ] 21 root - INFO - New data : 
    Area      X     Y     XM    YM  Perimeter     BX    BY  Width  Height
0  103.0  159.0  87.0  159.0  87.0       39.0  153.0  81.0   11.0    12.0
[ 2024-04-03 12:37:47,570 ] 21 root - INFO - New data : 
   Area      X     Y     XM    YM  Perimeter     BX    BY  Width  Height
0  93.0  141.0  87.0  141.0  87.0       36.0  135.0  81.0   11.0    11.0
[ 2024-04-03 12:37:47,584 ] 21 root - INFO - New data : 
    Area      X     Y     XM    YM  Perimeter    BX    BY  Width  Height
0  105.0  101.0  87.0  101.0  87.0       39.0  95.0  81.0   11.0    12.0
[ 2024-04-03 12:37:47,599 ] 21 root - INFO - New data : 
   Area      X     Y     XM    YM  Perimeter     BX    BY  Width  Height
0  93.0  121.0  87.0  121.0  87.0       37.0  115.0  81.0   11.0    11.0
[ 2024-04-03 12:37:47,614 ] 21 root - INFO - New data : 
    Area     X     Y    XM    YM  Perimeter    BX    BY  Width  Height
0  102.0  46.0  87.0  46.0  87.0       40.0  40.0  82.0   12.0    12.0
[ 2024-04-03 12:37:47,627 ] 21 root - INFO - New data : 
    Area     X     Y    XM    YM  Perimeter    BX    BY  Width  Height
0  109.0  82.0  87.0  82.0  87.0       39.0  77.0  82.0   11.0    12.0
[ 2024-04-03 12:37:47,641 ] 21 root - INFO - New data : 
   Area     X     Y    XM    YM  Perimeter    BX    BY  Width  Height
0  79.0  64.0  87.0  64.0  87.0       33.0  58.0  82.0   10.0    10.0
[ 2024-04-03 12:37:47,655 ] 21 root - INFO - New data : 
   Area     X     Y    XM    YM  Perimeter    BX    BY  Width  Height
0  95.0  25.0  88.0  25.0  88.0       37.0  19.0  82.0   11.0    11.0
[ 2024-04-03 12:37:47,670 ] 21 root - INFO - New data : 
    Area      X     Y     XM    YM  Perimeter     BX    BY  Width  Height
0  107.0  179.0  88.0  179.0  88.0       42.0  172.0  82.0   13.0    11.0
[ 2024-04-03 12:37:47,690 ] 21 root - INFO - New data : 
   Area      X     Y     XM    YM  Perimeter     BX    BY  Width  Height
0  96.0  199.0  88.0  199.0  88.0       39.0  193.0  82.0   11.0    11.0
[ 2024-04-03 12:37:47,708 ] 21 root - INFO - New data : 
    Area     X      Y    XM     YM  Perimeter    BX     BY  Width  Height
0  102.0  81.0  107.0  81.0  107.0       38.0  75.0  101.0   12.0    12.0
[ 2024-04-03 12:37:47,722 ] 21 root - INFO - New data : 
   Area      X      Y     XM     YM  Perimeter    BX     BY  Width  Height
0  96.0  101.0  107.0  101.0  107.0       37.0  95.0  101.0   11.0    11.0
[ 2024-04-03 12:37:47,735 ] 21 root - INFO - New data : 
    Area      X      Y     XM     YM  Perimeter     BX     BY  Width  Height
0  101.0  159.0  107.0  159.0  107.0       38.0  154.0  101.0   11.0    11.0
[ 2024-04-03 12:37:47,749 ] 21 root - INFO - New data : 
    Area     X      Y    XM     YM  Perimeter    BX     BY  Width  Height
0  102.0  63.0  107.0  63.0  107.0       38.0  57.0  102.0   11.0    11.0
[ 2024-04-03 12:37:47,762 ] 21 root - INFO - New data : 
    Area     X      Y    XM     YM  Perimeter    BX     BY  Width  Height
0  101.0  44.0  107.0  44.0  107.0       38.0  38.0  102.0   12.0    11.0
[ 2024-04-03 12:37:47,776 ] 21 root - INFO - New data : 
   Area      X      Y     XM     YM  Perimeter     BX     BY  Width  Height
0  92.0  121.0  107.0  121.0  107.0       41.0  115.0  102.0   11.0    11.0
[ 2024-04-03 12:37:47,790 ] 21 root - INFO - New data : 
   Area      X      Y     XM     YM  Perimeter     BX     BY  Width  Height
0  94.0  140.0  107.0  140.0  107.0       37.0  135.0  102.0   10.0    11.0
[ 2024-04-03 12:37:47,804 ] 21 root - INFO - New data : 
   Area     X      Y    XM     YM  Perimeter    BX     BY  Width  Height
0  80.0  24.0  107.0  24.0  107.0       35.0  18.0  102.0   11.0    10.0
[ 2024-04-03 12:37:47,818 ] 21 root - INFO - New data : 
    Area      X      Y     XM     YM  Perimeter     BX     BY  Width  Height
0  105.0  199.0  108.0  199.0  108.0       39.0  192.0  102.0   12.0    12.0
[ 2024-04-03 12:37:47,832 ] 21 root - INFO - New data : 
   Area      X      Y     XM     YM  Perimeter     BX     BY  Width  Height
0  87.0  180.0  109.0  180.0  109.0       35.0  174.0  104.0   11.0    10.0
[ 2024-04-03 12:37:47,847 ] 21 root - INFO - New data : 
   Area      X      Y     XM     YM  Perimeter     BX     BY  Width  Height
0  97.0  178.0  129.0  178.0  129.0       37.0  172.0  123.0   12.0    11.0
[ 2024-04-03 12:37:47,866 ] 21 root - INFO - New data : 
   Area      X      Y     XM     YM  Perimeter     BX     BY  Width  Height
0  96.0  157.0  129.0  157.0  129.0       37.0  152.0  124.0   11.0    11.0
[ 2024-04-03 12:37:47,880 ] 21 root - INFO - New data : 
   Area      X      Y     XM     YM  Perimeter    BX     BY  Width  Height
0  97.0  100.0  129.0  100.0  129.0       37.0  94.0  124.0   11.0    11.0
[ 2024-04-03 12:37:47,895 ] 21 root - INFO - New data : 
   Area      X      Y     XM     YM  Perimeter     BX     BY  Width  Height
0  89.0  138.0  129.0  138.0  129.0       36.0  132.0  124.0   11.0    10.0
[ 2024-04-03 12:37:47,910 ] 21 root - INFO - New data : 
   Area      X      Y     XM     YM  Perimeter     BX     BY  Width  Height
0  92.0  199.0  129.0  199.0  129.0       36.0  192.0  124.0   12.0    10.0
[ 2024-04-03 12:37:47,926 ] 21 root - INFO - New data : 
    Area     X      Y    XM     YM  Perimeter    BX     BY  Width  Height
0  101.0  45.0  130.0  45.0  130.0       38.0  39.0  124.0   12.0    11.0
[ 2024-04-03 12:37:47,941 ] 21 root - INFO - New data : 
   Area      X      Y     XM     YM  Perimeter     BX     BY  Width  Height
0  88.0  120.0  129.0  120.0  129.0       36.0  115.0  124.0   10.0    10.0
[ 2024-04-03 12:37:47,956 ] 21 root - INFO - New data : 
    Area     X      Y    XM     YM  Perimeter    BX     BY  Width  Height
0  102.0  23.0  130.0  23.0  130.0       39.0  16.0  124.0   12.0    11.0
[ 2024-04-03 12:37:47,973 ] 21 root - INFO - New data : 
    Area     X      Y    XM     YM  Perimeter    BX     BY  Width  Height
0  100.0  62.0  129.0  62.0  129.0       38.0  56.0  124.0   12.0    11.0
[ 2024-04-03 12:37:47,991 ] 21 root - INFO - New data : 
   Area     X      Y    XM     YM  Perimeter    BX     BY  Width  Height
0  93.0  82.0  130.0  82.0  130.0       36.0  76.0  124.0   11.0    11.0
[ 2024-04-03 12:37:48,008 ] 21 root - INFO - New data : 
   Area      X      Y     XM     YM  Perimeter     BX     BY  Width  Height
0  96.0  200.0  148.0  200.0  148.0       45.0  192.0  142.0   13.0    10.0
[ 2024-04-03 12:37:48,025 ] 21 root - INFO - New data : 
    Area      X      Y     XM     YM  Perimeter     BX     BY  Width  Height
0  100.0  139.0  149.0  139.0  149.0       38.0  133.0  143.0   11.0    12.0
[ 2024-04-03 12:37:48,040 ] 21 root - INFO - New data : 
   Area      X      Y     XM     YM  Perimeter     BX     BY  Width  Height
0  92.0  119.0  149.0  119.0  149.0       36.0  114.0  144.0   11.0    11.0
[ 2024-04-03 12:37:48,055 ] 21 root - INFO - New data : 
   Area      X      Y     XM     YM  Perimeter     BX     BY  Width  Height
0  83.0  180.0  148.0  180.0  148.0       35.0  174.0  144.0   11.0    10.0
[ 2024-04-03 12:37:48,072 ] 21 root - INFO - New data : 
   Area     X      Y    XM     YM  Perimeter    BX     BY  Width  Height
0  92.0  82.0  150.0  82.0  150.0       36.0  76.0  144.0   11.0    11.0
[ 2024-04-03 12:37:48,088 ] 21 root - INFO - New data : 
   Area      X      Y     XM     YM  Perimeter    BX     BY  Width  Height
0  88.0  100.0  150.0  100.0  150.0       38.0  95.0  145.0   10.0    10.0
[ 2024-04-03 12:37:48,106 ] 21 root - INFO - New data : 
    Area      X      Y     XM     YM  Perimeter     BX     BY  Width  Height
0  108.0  159.0  150.0  159.0  150.0       39.0  153.0  145.0   12.0    12.0
[ 2024-04-03 12:37:48,120 ] 21 root - INFO - New data : 
    Area     X      Y    XM     YM  Perimeter    BX     BY  Width  Height
0  100.0  63.0  150.0  63.0  150.0       38.0  58.0  145.0   11.0    11.0
[ 2024-04-03 12:37:48,134 ] 21 root - INFO - New data : 
    Area     X      Y    XM     YM  Perimeter    BX     BY  Width  Height
0  101.0  44.0  150.0  44.0  150.0       38.0  38.0  145.0   12.0    11.0
[ 2024-04-03 12:37:48,149 ] 21 root - INFO - New data : 
    Area     X      Y    XM     YM  Perimeter    BX     BY  Width  Height
0  105.0  24.0  151.0  24.0  151.0       39.0  18.0  145.0   12.0    11.0
[ 2024-04-03 12:37:48,165 ] 21 root - INFO - New data : 
   Area     X      Y    XM     YM  Perimeter    BX     BY  Width  Height
0  94.0  42.0  170.0  42.0  170.0       39.0  36.0  165.0   11.0    11.0
[ 2024-04-03 12:37:48,179 ] 21 root - INFO - New data : 
    Area     X      Y    XM     YM  Perimeter    BX     BY  Width  Height
0  100.0  24.0  170.0  24.0  170.0       39.0  18.0  165.0   12.0    11.0
[ 2024-04-03 12:37:48,193 ] 21 root - INFO - New data : 
   Area     X      Y    XM     YM  Perimeter    BX     BY  Width  Height
0  86.0  63.0  170.0  63.0  170.0       35.0  57.0  165.0   11.0    10.0
[ 2024-04-03 12:37:48,207 ] 21 root - INFO - New data : 
   Area     X      Y    XM     YM  Perimeter    BX     BY  Width  Height
0  73.0  82.0  169.0  82.0  169.0       33.0  77.0  165.0   10.0    10.0
[ 2024-04-03 12:37:48,222 ] 21 root - INFO - New data : 
   Area      X      Y     XM     YM  Perimeter     BX     BY  Width  Height
0  93.0  120.0  170.0  120.0  170.0       37.0  113.0  165.0   11.0    11.0
[ 2024-04-03 12:37:48,235 ] 21 root - INFO - New data : 
   Area     X      Y    XM     YM  Perimeter    BX     BY  Width  Height
0  99.0  99.0  170.0  99.0  170.0       38.0  93.0  165.0   12.0    11.0
[ 2024-04-03 12:37:48,249 ] 21 root - INFO - New data : 
   Area      X      Y     XM     YM  Perimeter     BX     BY  Width  Height
0  91.0  139.0  170.0  139.0  170.0       36.0  134.0  165.0   11.0    10.0
[ 2024-04-03 12:37:48,263 ] 21 root - INFO - New data : 
   Area      X      Y     XM     YM  Perimeter     BX     BY  Width  Height
0  99.0  157.0  171.0  157.0  171.0       38.0  151.0  165.0   12.0    11.0
[ 2024-04-03 12:37:48,277 ] 21 root - INFO - New data : 
    Area      X      Y     XM     YM  Perimeter     BX     BY  Width  Height
0  102.0  177.0  171.0  177.0  171.0       38.0  171.0  166.0   12.0    11.0
[ 2024-04-03 12:37:48,293 ] 21 root - INFO - New data : 
   Area      X      Y     XM     YM  Perimeter     BX     BY  Width  Height
0  88.0  198.0  172.0  198.0  172.0       36.0  192.0  167.0   11.0    10.0
[ 2024-04-03 12:37:48,308 ] 21 root - INFO - New data : 
   Area     X      Y    XM     YM  Perimeter    BX     BY  Width  Height
0  91.0  26.0  189.0  26.0  189.0       39.0  20.0  184.0   10.0    11.0
[ 2024-04-03 12:37:48,322 ] 21 root - INFO - New data : 
   Area     X      Y    XM     YM  Perimeter    BX     BY  Width  Height
0  81.0  62.0  189.0  62.0  189.0       35.0  57.0  184.0   10.0    10.0
[ 2024-04-03 12:37:48,336 ] 21 root - INFO - New data : 
    Area     X      Y    XM     YM  Perimeter    BX     BY  Width  Height
0  101.0  79.0  190.0  79.0  190.0       37.0  73.0  184.0   11.0    11.0
[ 2024-04-03 12:37:48,350 ] 21 root - INFO - New data : 
   Area     X      Y    XM     YM  Perimeter    BX     BY  Width  Height
0  83.0  98.0  190.0  98.0  190.0       38.0  93.0  184.0   10.0    11.0
[ 2024-04-03 12:37:48,369 ] 21 root - INFO - New data : 
   Area     X      Y    XM     YM  Perimeter    BX     BY  Width  Height
0  83.0  43.0  190.0  43.0  190.0       34.0  38.0  185.0   10.0    10.0
[ 2024-04-03 12:37:48,383 ] 21 root - INFO - New data : 
    Area      X      Y     XM     YM  Perimeter     BX     BY  Width  Height
0  101.0  118.0  190.0  118.0  190.0       38.0  112.0  185.0   11.0    11.0
[ 2024-04-03 12:37:48,398 ] 21 root - INFO - New data : 
    Area      X      Y     XM     YM  Perimeter     BX     BY  Width  Height
0  110.0  138.0  191.0  138.0  191.0       42.0  132.0  185.0   12.0    12.0
[ 2024-04-03 12:37:48,412 ] 21 root - INFO - New data : 
    Area      X      Y     XM     YM  Perimeter     BX     BY  Width  Height
0  101.0  157.0  191.0  157.0  191.0       40.0  151.0  185.0   12.0    11.0
[ 2024-04-03 12:37:48,427 ] 21 root - INFO - New data : 
   Area      X      Y     XM     YM  Perimeter     BX     BY  Width  Height
0  99.0  178.0  191.0  178.0  191.0       37.0  172.0  185.0   11.0    11.0
[ 2024-04-03 12:37:48,440 ] 21 root - INFO - New data : 
   Area      X      Y     XM     YM  Perimeter     BX     BY  Width  Height
0  87.0  197.0  190.0  197.0  190.0       35.0  191.0  186.0   11.0    10.0
[ 2024-04-03 12:37:48,455 ] 21 root - INFO - New data : 
   Area     X      Y    XM     YM  Perimeter    BX     BY  Width  Height
0  98.0  26.0  209.0  26.0  209.0       38.0  20.0  204.0   12.0    11.0
[ 2024-04-03 12:37:48,469 ] 21 root - INFO - New data : 
    Area     X      Y    XM     YM  Perimeter    BX     BY  Width  Height
0  102.0  45.0  210.0  45.0  210.0       39.0  38.0  204.0   12.0    12.0
[ 2024-04-03 12:37:48,484 ] 21 root - INFO - New data : 
   Area      X      Y     XM     YM  Perimeter     BX     BY  Width  Height
0  78.0  177.0  209.0  177.0  209.0       33.0  172.0  204.0   10.0    10.0
[ 2024-04-03 12:37:48,498 ] 21 root - INFO - New data : 
   Area     X      Y    XM     YM  Perimeter    BX     BY  Width  Height
0  96.0  99.0  210.0  99.0  210.0       38.0  93.0  204.0   11.0    11.0
[ 2024-04-03 12:37:48,514 ] 21 root - INFO - New data : 
    Area     X      Y    XM     YM  Perimeter    BX     BY  Width  Height
0  103.0  81.0  210.0  81.0  210.0       38.0  75.0  205.0   11.0    12.0
[ 2024-04-03 12:37:48,529 ] 21 root - INFO - New data : 
   Area      X      Y     XM     YM  Perimeter     BX     BY  Width  Height
0  89.0  197.0  210.0  197.0  210.0       36.0  190.0  205.0   12.0    10.0
[ 2024-04-03 12:37:48,543 ] 21 root - INFO - New data : 
   Area      X      Y     XM     YM  Perimeter     BX     BY  Width  Height
0  92.0  159.0  210.0  159.0  210.0       38.0  153.0  205.0   11.0    10.0
[ 2024-04-03 12:37:48,559 ] 21 root - INFO - New data : 
   Area     X      Y    XM     YM  Perimeter    BX     BY  Width  Height
0  82.0  64.0  210.0  64.0  210.0       35.0  58.0  205.0   10.0    10.0
[ 2024-04-03 12:37:48,573 ] 21 root - INFO - New data : 
    Area      X      Y     XM     YM  Perimeter     BX     BY  Width  Height
0  105.0  139.0  212.0  139.0  212.0       39.0  133.0  206.0   12.0    12.0
[ 2024-04-03 12:37:48,588 ] 21 root - INFO - New data : 
   Area      X      Y     XM     YM  Perimeter     BX     BY  Width  Height
0  94.0  119.0  212.0  119.0  212.0       36.0  114.0  206.0   10.0    11.0
[ 2024-04-03 12:37:49,073 ] 96 werkzeug - INFO - 127.0.0.1 - - [03/Apr/2024 12:37:49] "POST /showingResults HTTP/1.1" 200 -
[ 2024-04-03 12:37:49,170 ] 96 werkzeug - INFO - 127.0.0.1 - - [03/Apr/2024 12:37:49] "[36mGET /static/css/Results.css HTTP/1.1[0m" 304 -
[ 2024-04-03 12:37:49,176 ] 96 werkzeug - INFO - 127.0.0.1 - - [03/Apr/2024 12:37:49] "GET /static/seed_results_plot.png HTTP/1.1" 200 -
[ 2024-04-03 12:37:49,179 ] 96 werkzeug - INFO - 127.0.0.1 - - [03/Apr/2024 12:37:49] "GET /static/seed_results_pie_chart.png HTTP/1.1" 200 -
[ 2024-04-03 12:38:01,122 ] 21 root - INFO - New data : 
    Area      X     Y     XM    YM  Perimeter     BX    BY  Width  Height
0  100.0  198.0  25.0  198.0  25.0       38.0  193.0  19.0   11.0    11.0
[ 2024-04-03 12:38:01,141 ] 21 root - INFO - New data : 
   Area      X     Y     XM    YM  Perimeter     BX    BY  Width  Height
0  91.0  159.0  25.0  159.0  25.0       36.0  154.0  20.0   10.0    11.0
[ 2024-04-03 12:38:01,157 ] 21 root - INFO - New data : 
   Area      X     Y     XM    YM  Perimeter     BX    BY  Width  Height
0  89.0  175.0  25.0  175.0  25.0       37.0  170.0  20.0   11.0    11.0
[ 2024-04-03 12:38:01,174 ] 21 root - INFO - New data : 
   Area      X     Y     XM    YM  Perimeter     BX    BY  Width  Height
0  92.0  121.0  25.0  121.0  25.0       37.0  115.0  20.0   10.0    11.0
[ 2024-04-03 12:38:01,190 ] 21 root - INFO - New data : 
   Area      X     Y     XM    YM  Perimeter     BX    BY  Width  Height
0  94.0  140.0  26.0  140.0  26.0       41.0  134.0  20.0   11.0    11.0
[ 2024-04-03 12:38:01,207 ] 21 root - INFO - New data : 
    Area     X     Y    XM    YM  Perimeter    BX    BY  Width  Height
0  104.0  83.0  26.0  83.0  26.0       40.0  77.0  20.0   11.0    12.0
[ 2024-04-03 12:38:01,221 ] 21 root - INFO - New data : 
   Area      X     Y     XM    YM  Perimeter    BX    BY  Width  Height
0  97.0  103.0  26.0  103.0  26.0       38.0  98.0  21.0   11.0    12.0
[ 2024-04-03 12:38:01,236 ] 21 root - INFO - New data : 
   Area     X     Y    XM    YM  Perimeter    BX    BY  Width  Height
0  99.0  62.0  27.0  62.0  27.0       40.0  55.0  21.0   12.0    11.0
[ 2024-04-03 12:38:01,250 ] 21 root - INFO - New data : 
   Area     X     Y    XM    YM  Perimeter    BX    BY  Width  Height
0  98.0  43.0  27.0  43.0  27.0       41.0  38.0  22.0   11.0    11.0
[ 2024-04-03 12:38:01,264 ] 21 root - INFO - New data : 
    Area     X     Y    XM    YM  Perimeter    BX    BY  Width  Height
0  105.0  24.0  28.0  24.0  28.0       40.0  18.0  22.0   12.0    12.0
[ 2024-04-03 12:38:01,279 ] 21 root - INFO - New data : 
    Area      X     Y     XM    YM  Perimeter     BX    BY  Width  Height
0  103.0  198.0  46.0  198.0  46.0       38.0  192.0  40.0   12.0    11.0
[ 2024-04-03 12:38:01,293 ] 21 root - INFO - New data : 
    Area      X     Y     XM    YM  Perimeter     BX    BY  Width  Height
0  100.0  160.0  47.0  160.0  47.0       38.0  154.0  41.0   12.0    11.0
[ 2024-04-03 12:38:01,309 ] 21 root - INFO - New data : 
    Area      X     Y     XM    YM  Perimeter     BX    BY  Width  Height
0  100.0  142.0  47.0  142.0  47.0       39.0  137.0  41.0   11.0    11.0
[ 2024-04-03 12:38:01,325 ] 21 root - INFO - New data : 
   Area     X     Y    XM    YM  Perimeter    BX    BY  Width  Height
0  99.0  84.0  47.0  84.0  47.0       38.0  78.0  42.0   11.0    11.0
[ 2024-04-03 12:38:01,339 ] 21 root - INFO - New data : 
    Area      X     Y     XM    YM  Perimeter     BX    BY  Width  Height
0  100.0  179.0  47.0  179.0  47.0       40.0  172.0  42.0   12.0    11.0
[ 2024-04-03 12:38:01,353 ] 21 root - INFO - New data : 
   Area      X     Y     XM    YM  Perimeter     BX    BY  Width  Height
0  85.0  122.0  47.0  122.0  47.0       35.0  116.0  42.0   11.0    10.0
[ 2024-04-03 12:38:01,368 ] 21 root - INFO - New data : 
   Area     X     Y    XM    YM  Perimeter    BX    BY  Width  Height
0  99.0  63.0  48.0  63.0  48.0       38.0  57.0  42.0   11.0    12.0
[ 2024-04-03 12:38:01,383 ] 21 root - INFO - New data : 
   Area      X     Y     XM    YM  Perimeter    BX    BY  Width  Height
0  92.0  102.0  48.0  102.0  48.0       36.0  96.0  42.0   11.0    11.0
[ 2024-04-03 12:38:01,397 ] 21 root - INFO - New data : 
    Area     X     Y    XM    YM  Perimeter    BX    BY  Width  Height
0  105.0  44.0  48.0  44.0  48.0       44.0  37.0  43.0   12.0    12.0
[ 2024-04-03 12:38:01,413 ] 21 root - INFO - New data : 
   Area     X     Y    XM    YM  Perimeter    BX    BY  Width  Height
0  91.0  25.0  49.0  25.0  49.0       40.0  19.0  43.0   12.0    11.0
[ 2024-04-03 12:38:01,431 ] 21 root - INFO - New data : 
    Area      X     Y     XM    YM  Perimeter     BX    BY  Width  Height
0  106.0  122.0  66.0  122.0  66.0       39.0  115.0  61.0   12.0    12.0
[ 2024-04-03 12:38:01,447 ] 21 root - INFO - New data : 
   Area      X     Y     XM    YM  Perimeter     BX    BY  Width  Height
0  85.0  142.0  66.0  142.0  66.0       41.0  136.0  61.0   10.0    11.0
[ 2024-04-03 12:38:01,462 ] 21 root - INFO - New data : 
    Area      X     Y     XM    YM  Perimeter     BX    BY  Width  Height
0  106.0  160.0  67.0  160.0  67.0       40.0  153.0  61.0   12.0    11.0
[ 2024-04-03 12:38:01,476 ] 21 root - INFO - New data : 
   Area     X     Y    XM    YM  Perimeter    BX    BY  Width  Height
0  99.0  82.0  67.0  82.0  67.0       38.0  76.0  61.0   11.0    11.0
[ 2024-04-03 12:38:01,490 ] 21 root - INFO - New data : 
   Area      X     Y     XM    YM  Perimeter    BX    BY  Width  Height
0  95.0  100.0  67.0  100.0  67.0       38.0  94.0  61.0   11.0    11.0
[ 2024-04-03 12:38:01,507 ] 21 root - INFO - New data : 
    Area     X     Y    XM    YM  Perimeter    BX    BY  Width  Height
0  104.0  64.0  68.0  64.0  68.0       38.0  58.0  62.0   11.0    12.0
[ 2024-04-03 12:38:01,521 ] 21 root - INFO - New data : 
    Area     X     Y    XM    YM  Perimeter    BX    BY  Width  Height
0  109.0  45.0  68.0  45.0  68.0       42.0  38.0  62.0   13.0    12.0
[ 2024-04-03 12:38:01,535 ] 21 root - INFO - New data : 
   Area      X     Y     XM    YM  Perimeter     BX    BY  Width  Height
0  98.0  198.0  67.0  198.0  67.0       37.0  192.0  62.0   11.0    11.0
[ 2024-04-03 12:38:01,549 ] 21 root - INFO - New data : 
   Area     X     Y    XM    YM  Perimeter    BX    BY  Width  Height
0  94.0  25.0  68.0  25.0  68.0       37.0  19.0  62.0   11.0    11.0
[ 2024-04-03 12:38:01,563 ] 21 root - INFO - New data : 
   Area      X     Y     XM    YM  Perimeter     BX    BY  Width  Height
0  98.0  179.0  68.0  179.0  68.0       38.0  173.0  62.0   11.0    11.0
[ 2024-04-03 12:38:01,576 ] 21 root - INFO - New data : 
    Area      X     Y     XM    YM  Perimeter     BX    BY  Width  Height
0  103.0  159.0  87.0  159.0  87.0       39.0  153.0  81.0   11.0    12.0
[ 2024-04-03 12:38:01,590 ] 21 root - INFO - New data : 
   Area      X     Y     XM    YM  Perimeter     BX    BY  Width  Height
0  93.0  141.0  87.0  141.0  87.0       36.0  135.0  81.0   11.0    11.0
[ 2024-04-03 12:38:01,604 ] 21 root - INFO - New data : 
    Area      X     Y     XM    YM  Perimeter    BX    BY  Width  Height
0  105.0  101.0  87.0  101.0  87.0       39.0  95.0  81.0   11.0    12.0
[ 2024-04-03 12:38:01,618 ] 21 root - INFO - New data : 
   Area      X     Y     XM    YM  Perimeter     BX    BY  Width  Height
0  93.0  121.0  87.0  121.0  87.0       37.0  115.0  81.0   11.0    11.0
[ 2024-04-03 12:38:01,632 ] 21 root - INFO - New data : 
    Area     X     Y    XM    YM  Perimeter    BX    BY  Width  Height
0  102.0  46.0  87.0  46.0  87.0       40.0  40.0  82.0   12.0    12.0
[ 2024-04-03 12:38:01,646 ] 21 root - INFO - New data : 
    Area     X     Y    XM    YM  Perimeter    BX    BY  Width  Height
0  109.0  82.0  87.0  82.0  87.0       39.0  77.0  82.0   11.0    12.0
[ 2024-04-03 12:38:01,661 ] 21 root - INFO - New data : 
   Area     X     Y    XM    YM  Perimeter    BX    BY  Width  Height
0  79.0  64.0  87.0  64.0  87.0       33.0  58.0  82.0   10.0    10.0
[ 2024-04-03 12:38:01,675 ] 21 root - INFO - New data : 
   Area     X     Y    XM    YM  Perimeter    BX    BY  Width  Height
0  95.0  25.0  88.0  25.0  88.0       37.0  19.0  82.0   11.0    11.0
[ 2024-04-03 12:38:01,689 ] 21 root - INFO - New data : 
    Area      X     Y     XM    YM  Perimeter     BX    BY  Width  Height
0  107.0  179.0  88.0  179.0  88.0       42.0  172.0  82.0   13.0    11.0
[ 2024-04-03 12:38:01,705 ] 21 root - INFO - New data : 
   Area      X     Y     XM    YM  Perimeter     BX    BY  Width  Height
0  96.0  199.0  88.0  199.0  88.0       39.0  193.0  82.0   11.0    11.0
[ 2024-04-03 12:38:01,719 ] 21 root - INFO - New data : 
    Area     X      Y    XM     YM  Perimeter    BX     BY  Width  Height
0  102.0  81.0  107.0  81.0  107.0       38.0  75.0  101.0   12.0    12.0
[ 2024-04-03 12:38:01,734 ] 21 root - INFO - New data : 
   Area      X      Y     XM     YM  Perimeter    BX     BY  Width  Height
0  96.0  101.0  107.0  101.0  107.0       37.0  95.0  101.0   11.0    11.0
[ 2024-04-03 12:38:01,748 ] 21 root - INFO - New data : 
    Area      X      Y     XM     YM  Perimeter     BX     BY  Width  Height
0  101.0  159.0  107.0  159.0  107.0       38.0  154.0  101.0   11.0    11.0
[ 2024-04-03 12:38:01,762 ] 21 root - INFO - New data : 
    Area     X      Y    XM     YM  Perimeter    BX     BY  Width  Height
0  102.0  63.0  107.0  63.0  107.0       38.0  57.0  102.0   11.0    11.0
[ 2024-04-03 12:38:01,776 ] 21 root - INFO - New data : 
    Area     X      Y    XM     YM  Perimeter    BX     BY  Width  Height
0  101.0  44.0  107.0  44.0  107.0       38.0  38.0  102.0   12.0    11.0
[ 2024-04-03 12:38:01,791 ] 21 root - INFO - New data : 
   Area      X      Y     XM     YM  Perimeter     BX     BY  Width  Height
0  92.0  121.0  107.0  121.0  107.0       41.0  115.0  102.0   11.0    11.0
[ 2024-04-03 12:38:01,806 ] 21 root - INFO - New data : 
   Area      X      Y     XM     YM  Perimeter     BX     BY  Width  Height
0  94.0  140.0  107.0  140.0  107.0       37.0  135.0  102.0   10.0    11.0
[ 2024-04-03 12:38:01,821 ] 21 root - INFO - New data : 
   Area     X      Y    XM     YM  Perimeter    BX     BY  Width  Height
0  80.0  24.0  107.0  24.0  107.0       35.0  18.0  102.0   11.0    10.0
[ 2024-04-03 12:38:01,835 ] 21 root - INFO - New data : 
    Area      X      Y     XM     YM  Perimeter     BX     BY  Width  Height
0  105.0  199.0  108.0  199.0  108.0       39.0  192.0  102.0   12.0    12.0
[ 2024-04-03 12:38:01,849 ] 21 root - INFO - New data : 
   Area      X      Y     XM     YM  Perimeter     BX     BY  Width  Height
0  87.0  180.0  109.0  180.0  109.0       35.0  174.0  104.0   11.0    10.0
[ 2024-04-03 12:38:01,863 ] 21 root - INFO - New data : 
   Area      X      Y     XM     YM  Perimeter     BX     BY  Width  Height
0  97.0  178.0  129.0  178.0  129.0       37.0  172.0  123.0   12.0    11.0
[ 2024-04-03 12:38:01,877 ] 21 root - INFO - New data : 
   Area      X      Y     XM     YM  Perimeter     BX     BY  Width  Height
0  96.0  157.0  129.0  157.0  129.0       37.0  152.0  124.0   11.0    11.0
[ 2024-04-03 12:38:01,891 ] 21 root - INFO - New data : 
   Area      X      Y     XM     YM  Perimeter    BX     BY  Width  Height
0  97.0  100.0  129.0  100.0  129.0       37.0  94.0  124.0   11.0    11.0
[ 2024-04-03 12:38:01,905 ] 21 root - INFO - New data : 
   Area      X      Y     XM     YM  Perimeter     BX     BY  Width  Height
0  89.0  138.0  129.0  138.0  129.0       36.0  132.0  124.0   11.0    10.0
[ 2024-04-03 12:38:01,919 ] 21 root - INFO - New data : 
   Area      X      Y     XM     YM  Perimeter     BX     BY  Width  Height
0  92.0  199.0  129.0  199.0  129.0       36.0  192.0  124.0   12.0    10.0
[ 2024-04-03 12:38:01,934 ] 21 root - INFO - New data : 
    Area     X      Y    XM     YM  Perimeter    BX     BY  Width  Height
0  101.0  45.0  130.0  45.0  130.0       38.0  39.0  124.0   12.0    11.0
[ 2024-04-03 12:38:01,948 ] 21 root - INFO - New data : 
   Area      X      Y     XM     YM  Perimeter     BX     BY  Width  Height
0  88.0  120.0  129.0  120.0  129.0       36.0  115.0  124.0   10.0    10.0
[ 2024-04-03 12:38:01,963 ] 21 root - INFO - New data : 
    Area     X      Y    XM     YM  Perimeter    BX     BY  Width  Height
0  102.0  23.0  130.0  23.0  130.0       39.0  16.0  124.0   12.0    11.0
[ 2024-04-03 12:38:01,977 ] 21 root - INFO - New data : 
    Area     X      Y    XM     YM  Perimeter    BX     BY  Width  Height
0  100.0  62.0  129.0  62.0  129.0       38.0  56.0  124.0   12.0    11.0
[ 2024-04-03 12:38:01,991 ] 21 root - INFO - New data : 
   Area     X      Y    XM     YM  Perimeter    BX     BY  Width  Height
0  93.0  82.0  130.0  82.0  130.0       36.0  76.0  124.0   11.0    11.0
[ 2024-04-03 12:38:02,004 ] 21 root - INFO - New data : 
   Area      X      Y     XM     YM  Perimeter     BX     BY  Width  Height
0  96.0  200.0  148.0  200.0  148.0       45.0  192.0  142.0   13.0    10.0
[ 2024-04-03 12:38:02,018 ] 21 root - INFO - New data : 
    Area      X      Y     XM     YM  Perimeter     BX     BY  Width  Height
0  100.0  139.0  149.0  139.0  149.0       38.0  133.0  143.0   11.0    12.0
[ 2024-04-03 12:38:02,031 ] 21 root - INFO - New data : 
   Area      X      Y     XM     YM  Perimeter     BX     BY  Width  Height
0  92.0  119.0  149.0  119.0  149.0       36.0  114.0  144.0   11.0    11.0
[ 2024-04-03 12:38:02,045 ] 21 root - INFO - New data : 
   Area      X      Y     XM     YM  Perimeter     BX     BY  Width  Height
0  83.0  180.0  148.0  180.0  148.0       35.0  174.0  144.0   11.0    10.0
[ 2024-04-03 12:38:02,059 ] 21 root - INFO - New data : 
   Area     X      Y    XM     YM  Perimeter    BX     BY  Width  Height
0  92.0  82.0  150.0  82.0  150.0       36.0  76.0  144.0   11.0    11.0
[ 2024-04-03 12:38:02,072 ] 21 root - INFO - New data : 
   Area      X      Y     XM     YM  Perimeter    BX     BY  Width  Height
0  88.0  100.0  150.0  100.0  150.0       38.0  95.0  145.0   10.0    10.0
[ 2024-04-03 12:38:02,086 ] 21 root - INFO - New data : 
    Area      X      Y     XM     YM  Perimeter     BX     BY  Width  Height
0  108.0  159.0  150.0  159.0  150.0       39.0  153.0  145.0   12.0    12.0
[ 2024-04-03 12:38:02,099 ] 21 root - INFO - New data : 
    Area     X      Y    XM     YM  Perimeter    BX     BY  Width  Height
0  100.0  63.0  150.0  63.0  150.0       38.0  58.0  145.0   11.0    11.0
[ 2024-04-03 12:38:02,113 ] 21 root - INFO - New data : 
    Area     X      Y    XM     YM  Perimeter    BX     BY  Width  Height
0  101.0  44.0  150.0  44.0  150.0       38.0  38.0  145.0   12.0    11.0
[ 2024-04-03 12:38:02,127 ] 21 root - INFO - New data : 
    Area     X      Y    XM     YM  Perimeter    BX     BY  Width  Height
0  105.0  24.0  151.0  24.0  151.0       39.0  18.0  145.0   12.0    11.0
[ 2024-04-03 12:38:02,140 ] 21 root - INFO - New data : 
   Area     X      Y    XM     YM  Perimeter    BX     BY  Width  Height
0  94.0  42.0  170.0  42.0  170.0       39.0  36.0  165.0   11.0    11.0
[ 2024-04-03 12:38:02,154 ] 21 root - INFO - New data : 
    Area     X      Y    XM     YM  Perimeter    BX     BY  Width  Height
0  100.0  24.0  170.0  24.0  170.0       39.0  18.0  165.0   12.0    11.0
[ 2024-04-03 12:38:02,168 ] 21 root - INFO - New data : 
   Area     X      Y    XM     YM  Perimeter    BX     BY  Width  Height
0  86.0  63.0  170.0  63.0  170.0       35.0  57.0  165.0   11.0    10.0
[ 2024-04-03 12:38:02,181 ] 21 root - INFO - New data : 
   Area     X      Y    XM     YM  Perimeter    BX     BY  Width  Height
0  73.0  82.0  169.0  82.0  169.0       33.0  77.0  165.0   10.0    10.0
[ 2024-04-03 12:38:02,195 ] 21 root - INFO - New data : 
   Area      X      Y     XM     YM  Perimeter     BX     BY  Width  Height
0  93.0  120.0  170.0  120.0  170.0       37.0  113.0  165.0   11.0    11.0
[ 2024-04-03 12:38:02,209 ] 21 root - INFO - New data : 
   Area     X      Y    XM     YM  Perimeter    BX     BY  Width  Height
0  99.0  99.0  170.0  99.0  170.0       38.0  93.0  165.0   12.0    11.0
[ 2024-04-03 12:38:02,222 ] 21 root - INFO - New data : 
   Area      X      Y     XM     YM  Perimeter     BX     BY  Width  Height
0  91.0  139.0  170.0  139.0  170.0       36.0  134.0  165.0   11.0    10.0
[ 2024-04-03 12:38:02,236 ] 21 root - INFO - New data : 
   Area      X      Y     XM     YM  Perimeter     BX     BY  Width  Height
0  99.0  157.0  171.0  157.0  171.0       38.0  151.0  165.0   12.0    11.0
[ 2024-04-03 12:38:02,250 ] 21 root - INFO - New data : 
    Area      X      Y     XM     YM  Perimeter     BX     BY  Width  Height
0  102.0  177.0  171.0  177.0  171.0       38.0  171.0  166.0   12.0    11.0
[ 2024-04-03 12:38:02,264 ] 21 root - INFO - New data : 
   Area      X      Y     XM     YM  Perimeter     BX     BY  Width  Height
0  88.0  198.0  172.0  198.0  172.0       36.0  192.0  167.0   11.0    10.0
[ 2024-04-03 12:38:02,278 ] 21 root - INFO - New data : 
   Area     X      Y    XM     YM  Perimeter    BX     BY  Width  Height
0  91.0  26.0  189.0  26.0  189.0       39.0  20.0  184.0   10.0    11.0
[ 2024-04-03 12:38:02,292 ] 21 root - INFO - New data : 
   Area     X      Y    XM     YM  Perimeter    BX     BY  Width  Height
0  81.0  62.0  189.0  62.0  189.0       35.0  57.0  184.0   10.0    10.0
[ 2024-04-03 12:38:02,307 ] 21 root - INFO - New data : 
    Area     X      Y    XM     YM  Perimeter    BX     BY  Width  Height
0  101.0  79.0  190.0  79.0  190.0       37.0  73.0  184.0   11.0    11.0
[ 2024-04-03 12:38:02,321 ] 21 root - INFO - New data : 
   Area     X      Y    XM     YM  Perimeter    BX     BY  Width  Height
0  83.0  98.0  190.0  98.0  190.0       38.0  93.0  184.0   10.0    11.0
[ 2024-04-03 12:38:02,335 ] 21 root - INFO - New data : 
   Area     X      Y    XM     YM  Perimeter    BX     BY  Width  Height
0  83.0  43.0  190.0  43.0  190.0       34.0  38.0  185.0   10.0    10.0
[ 2024-04-03 12:38:02,349 ] 21 root - INFO - New data : 
    Area      X      Y     XM     YM  Perimeter     BX     BY  Width  Height
0  101.0  118.0  190.0  118.0  190.0       38.0  112.0  185.0   11.0    11.0
[ 2024-04-03 12:38:02,364 ] 21 root - INFO - New data : 
    Area      X      Y     XM     YM  Perimeter     BX     BY  Width  Height
0  110.0  138.0  191.0  138.0  191.0       42.0  132.0  185.0   12.0    12.0
[ 2024-04-03 12:38:02,379 ] 21 root - INFO - New data : 
    Area      X      Y     XM     YM  Perimeter     BX     BY  Width  Height
0  101.0  157.0  191.0  157.0  191.0       40.0  151.0  185.0   12.0    11.0
[ 2024-04-03 12:38:02,394 ] 21 root - INFO - New data : 
   Area      X      Y     XM     YM  Perimeter     BX     BY  Width  Height
0  99.0  178.0  191.0  178.0  191.0       37.0  172.0  185.0   11.0    11.0
[ 2024-04-03 12:38:02,408 ] 21 root - INFO - New data : 
   Area      X      Y     XM     YM  Perimeter     BX     BY  Width  Height
0  87.0  197.0  190.0  197.0  190.0       35.0  191.0  186.0   11.0    10.0
[ 2024-04-03 12:38:02,422 ] 21 root - INFO - New data : 
   Area     X      Y    XM     YM  Perimeter    BX     BY  Width  Height
0  98.0  26.0  209.0  26.0  209.0       38.0  20.0  204.0   12.0    11.0
[ 2024-04-03 12:38:02,436 ] 21 root - INFO - New data : 
    Area     X      Y    XM     YM  Perimeter    BX     BY  Width  Height
0  102.0  45.0  210.0  45.0  210.0       39.0  38.0  204.0   12.0    12.0
[ 2024-04-03 12:38:02,451 ] 21 root - INFO - New data : 
   Area      X      Y     XM     YM  Perimeter     BX     BY  Width  Height
0  78.0  177.0  209.0  177.0  209.0       33.0  172.0  204.0   10.0    10.0
[ 2024-04-03 12:38:02,465 ] 21 root - INFO - New data : 
   Area     X      Y    XM     YM  Perimeter    BX     BY  Width  Height
0  96.0  99.0  210.0  99.0  210.0       38.0  93.0  204.0   11.0    11.0
[ 2024-04-03 12:38:02,479 ] 21 root - INFO - New data : 
    Area     X      Y    XM     YM  Perimeter    BX     BY  Width  Height
0  103.0  81.0  210.0  81.0  210.0       38.0  75.0  205.0   11.0    12.0
[ 2024-04-03 12:38:02,493 ] 21 root - INFO - New data : 
   Area      X      Y     XM     YM  Perimeter     BX     BY  Width  Height
0  89.0  197.0  210.0  197.0  210.0       36.0  190.0  205.0   12.0    10.0
[ 2024-04-03 12:38:02,507 ] 21 root - INFO - New data : 
   Area      X      Y     XM     YM  Perimeter     BX     BY  Width  Height
0  92.0  159.0  210.0  159.0  210.0       38.0  153.0  205.0   11.0    10.0
[ 2024-04-03 12:38:02,521 ] 21 root - INFO - New data : 
   Area     X      Y    XM     YM  Perimeter    BX     BY  Width  Height
0  82.0  64.0  210.0  64.0  210.0       35.0  58.0  205.0   10.0    10.0
[ 2024-04-03 12:38:02,534 ] 21 root - INFO - New data : 
    Area      X      Y     XM     YM  Perimeter     BX     BY  Width  Height
0  105.0  139.0  212.0  139.0  212.0       39.0  133.0  206.0   12.0    12.0
[ 2024-04-03 12:38:02,548 ] 21 root - INFO - New data : 
   Area      X      Y     XM     YM  Perimeter     BX     BY  Width  Height
0  94.0  119.0  212.0  119.0  212.0       36.0  114.0  206.0   10.0    11.0
[ 2024-04-03 12:38:02,944 ] 96 werkzeug - INFO - 127.0.0.1 - - [03/Apr/2024 12:38:02] "POST /showingResults HTTP/1.1" 200 -
[ 2024-04-03 12:38:02,957 ] 96 werkzeug - INFO - 127.0.0.1 - - [03/Apr/2024 12:38:02] "[36mGET /static/css/Results.css HTTP/1.1[0m" 304 -
[ 2024-04-03 12:38:02,967 ] 96 werkzeug - INFO - 127.0.0.1 - - [03/Apr/2024 12:38:02] "GET /static/seed_results_plot.png HTTP/1.1" 200 -
[ 2024-04-03 12:38:02,968 ] 96 werkzeug - INFO - 127.0.0.1 - - [03/Apr/2024 12:38:02] "GET /static/seed_results_pie_chart.png HTTP/1.1" 200 -
[ 2024-04-03 12:38:11,171 ] 21 root - INFO - New data : 
    Area      X     Y     XM    YM  Perimeter     BX    BY  Width  Height
0  100.0  198.0  25.0  198.0  25.0       38.0  193.0  19.0   11.0    11.0
[ 2024-04-03 12:38:11,186 ] 21 root - INFO - New data : 
   Area      X     Y     XM    YM  Perimeter     BX    BY  Width  Height
0  91.0  159.0  25.0  159.0  25.0       36.0  154.0  20.0   10.0    11.0
[ 2024-04-03 12:38:11,202 ] 21 root - INFO - New data : 
   Area      X     Y     XM    YM  Perimeter     BX    BY  Width  Height
0  89.0  175.0  25.0  175.0  25.0       37.0  170.0  20.0   11.0    11.0
[ 2024-04-03 12:38:11,219 ] 21 root - INFO - New data : 
   Area      X     Y     XM    YM  Perimeter     BX    BY  Width  Height
0  92.0  121.0  25.0  121.0  25.0       37.0  115.0  20.0   10.0    11.0
[ 2024-04-03 12:38:11,235 ] 21 root - INFO - New data : 
   Area      X     Y     XM    YM  Perimeter     BX    BY  Width  Height
0  94.0  140.0  26.0  140.0  26.0       41.0  134.0  20.0   11.0    11.0
[ 2024-04-03 12:38:11,251 ] 21 root - INFO - New data : 
    Area     X     Y    XM    YM  Perimeter    BX    BY  Width  Height
0  104.0  83.0  26.0  83.0  26.0       40.0  77.0  20.0   11.0    12.0
[ 2024-04-03 12:38:11,267 ] 21 root - INFO - New data : 
   Area      X     Y     XM    YM  Perimeter    BX    BY  Width  Height
0  97.0  103.0  26.0  103.0  26.0       38.0  98.0  21.0   11.0    12.0
[ 2024-04-03 12:38:11,282 ] 21 root - INFO - New data : 
   Area     X     Y    XM    YM  Perimeter    BX    BY  Width  Height
0  99.0  62.0  27.0  62.0  27.0       40.0  55.0  21.0   12.0    11.0
[ 2024-04-03 12:38:11,298 ] 21 root - INFO - New data : 
   Area     X     Y    XM    YM  Perimeter    BX    BY  Width  Height
0  98.0  43.0  27.0  43.0  27.0       41.0  38.0  22.0   11.0    11.0
[ 2024-04-03 12:38:11,314 ] 21 root - INFO - New data : 
    Area     X     Y    XM    YM  Perimeter    BX    BY  Width  Height
0  105.0  24.0  28.0  24.0  28.0       40.0  18.0  22.0   12.0    12.0
[ 2024-04-03 12:38:11,328 ] 21 root - INFO - New data : 
    Area      X     Y     XM    YM  Perimeter     BX    BY  Width  Height
0  103.0  198.0  46.0  198.0  46.0       38.0  192.0  40.0   12.0    11.0
[ 2024-04-03 12:38:11,342 ] 21 root - INFO - New data : 
    Area      X     Y     XM    YM  Perimeter     BX    BY  Width  Height
0  100.0  160.0  47.0  160.0  47.0       38.0  154.0  41.0   12.0    11.0
[ 2024-04-03 12:38:11,357 ] 21 root - INFO - New data : 
    Area      X     Y     XM    YM  Perimeter     BX    BY  Width  Height
0  100.0  142.0  47.0  142.0  47.0       39.0  137.0  41.0   11.0    11.0
[ 2024-04-03 12:38:11,371 ] 21 root - INFO - New data : 
   Area     X     Y    XM    YM  Perimeter    BX    BY  Width  Height
0  99.0  84.0  47.0  84.0  47.0       38.0  78.0  42.0   11.0    11.0
[ 2024-04-03 12:38:11,385 ] 21 root - INFO - New data : 
    Area      X     Y     XM    YM  Perimeter     BX    BY  Width  Height
0  100.0  179.0  47.0  179.0  47.0       40.0  172.0  42.0   12.0    11.0
[ 2024-04-03 12:38:11,400 ] 21 root - INFO - New data : 
   Area      X     Y     XM    YM  Perimeter     BX    BY  Width  Height
0  85.0  122.0  47.0  122.0  47.0       35.0  116.0  42.0   11.0    10.0
[ 2024-04-03 12:38:11,414 ] 21 root - INFO - New data : 
   Area     X     Y    XM    YM  Perimeter    BX    BY  Width  Height
0  99.0  63.0  48.0  63.0  48.0       38.0  57.0  42.0   11.0    12.0
[ 2024-04-03 12:38:11,428 ] 21 root - INFO - New data : 
   Area      X     Y     XM    YM  Perimeter    BX    BY  Width  Height
0  92.0  102.0  48.0  102.0  48.0       36.0  96.0  42.0   11.0    11.0
[ 2024-04-03 12:38:11,443 ] 21 root - INFO - New data : 
    Area     X     Y    XM    YM  Perimeter    BX    BY  Width  Height
0  105.0  44.0  48.0  44.0  48.0       44.0  37.0  43.0   12.0    12.0
[ 2024-04-03 12:38:11,457 ] 21 root - INFO - New data : 
   Area     X     Y    XM    YM  Perimeter    BX    BY  Width  Height
0  91.0  25.0  49.0  25.0  49.0       40.0  19.0  43.0   12.0    11.0
[ 2024-04-03 12:38:11,471 ] 21 root - INFO - New data : 
    Area      X     Y     XM    YM  Perimeter     BX    BY  Width  Height
0  106.0  122.0  66.0  122.0  66.0       39.0  115.0  61.0   12.0    12.0
[ 2024-04-03 12:38:11,486 ] 21 root - INFO - New data : 
   Area      X     Y     XM    YM  Perimeter     BX    BY  Width  Height
0  85.0  142.0  66.0  142.0  66.0       41.0  136.0  61.0   10.0    11.0
[ 2024-04-03 12:38:11,500 ] 21 root - INFO - New data : 
    Area      X     Y     XM    YM  Perimeter     BX    BY  Width  Height
0  106.0  160.0  67.0  160.0  67.0       40.0  153.0  61.0   12.0    11.0
[ 2024-04-03 12:38:11,516 ] 21 root - INFO - New data : 
   Area     X     Y    XM    YM  Perimeter    BX    BY  Width  Height
0  99.0  82.0  67.0  82.0  67.0       38.0  76.0  61.0   11.0    11.0
[ 2024-04-03 12:38:11,530 ] 21 root - INFO - New data : 
   Area      X     Y     XM    YM  Perimeter    BX    BY  Width  Height
0  95.0  100.0  67.0  100.0  67.0       38.0  94.0  61.0   11.0    11.0
[ 2024-04-03 12:38:11,544 ] 21 root - INFO - New data : 
    Area     X     Y    XM    YM  Perimeter    BX    BY  Width  Height
0  104.0  64.0  68.0  64.0  68.0       38.0  58.0  62.0   11.0    12.0
[ 2024-04-03 12:38:11,558 ] 21 root - INFO - New data : 
    Area     X     Y    XM    YM  Perimeter    BX    BY  Width  Height
0  109.0  45.0  68.0  45.0  68.0       42.0  38.0  62.0   13.0    12.0
[ 2024-04-03 12:38:11,573 ] 21 root - INFO - New data : 
   Area      X     Y     XM    YM  Perimeter     BX    BY  Width  Height
0  98.0  198.0  67.0  198.0  67.0       37.0  192.0  62.0   11.0    11.0
[ 2024-04-03 12:38:11,588 ] 21 root - INFO - New data : 
   Area     X     Y    XM    YM  Perimeter    BX    BY  Width  Height
0  94.0  25.0  68.0  25.0  68.0       37.0  19.0  62.0   11.0    11.0
[ 2024-04-03 12:38:11,603 ] 21 root - INFO - New data : 
   Area      X     Y     XM    YM  Perimeter     BX    BY  Width  Height
0  98.0  179.0  68.0  179.0  68.0       38.0  173.0  62.0   11.0    11.0
[ 2024-04-03 12:38:11,617 ] 21 root - INFO - New data : 
    Area      X     Y     XM    YM  Perimeter     BX    BY  Width  Height
0  103.0  159.0  87.0  159.0  87.0       39.0  153.0  81.0   11.0    12.0
[ 2024-04-03 12:38:11,630 ] 21 root - INFO - New data : 
   Area      X     Y     XM    YM  Perimeter     BX    BY  Width  Height
0  93.0  141.0  87.0  141.0  87.0       36.0  135.0  81.0   11.0    11.0
[ 2024-04-03 12:38:11,645 ] 21 root - INFO - New data : 
    Area      X     Y     XM    YM  Perimeter    BX    BY  Width  Height
0  105.0  101.0  87.0  101.0  87.0       39.0  95.0  81.0   11.0    12.0
[ 2024-04-03 12:38:11,659 ] 21 root - INFO - New data : 
   Area      X     Y     XM    YM  Perimeter     BX    BY  Width  Height
0  93.0  121.0  87.0  121.0  87.0       37.0  115.0  81.0   11.0    11.0
[ 2024-04-03 12:38:11,674 ] 21 root - INFO - New data : 
    Area     X     Y    XM    YM  Perimeter    BX    BY  Width  Height
0  102.0  46.0  87.0  46.0  87.0       40.0  40.0  82.0   12.0    12.0
[ 2024-04-03 12:38:11,688 ] 21 root - INFO - New data : 
    Area     X     Y    XM    YM  Perimeter    BX    BY  Width  Height
0  109.0  82.0  87.0  82.0  87.0       39.0  77.0  82.0   11.0    12.0
[ 2024-04-03 12:38:11,703 ] 21 root - INFO - New data : 
   Area     X     Y    XM    YM  Perimeter    BX    BY  Width  Height
0  79.0  64.0  87.0  64.0  87.0       33.0  58.0  82.0   10.0    10.0
[ 2024-04-03 12:38:11,718 ] 21 root - INFO - New data : 
   Area     X     Y    XM    YM  Perimeter    BX    BY  Width  Height
0  95.0  25.0  88.0  25.0  88.0       37.0  19.0  82.0   11.0    11.0
[ 2024-04-03 12:38:11,733 ] 21 root - INFO - New data : 
    Area      X     Y     XM    YM  Perimeter     BX    BY  Width  Height
0  107.0  179.0  88.0  179.0  88.0       42.0  172.0  82.0   13.0    11.0
[ 2024-04-03 12:38:11,748 ] 21 root - INFO - New data : 
   Area      X     Y     XM    YM  Perimeter     BX    BY  Width  Height
0  96.0  199.0  88.0  199.0  88.0       39.0  193.0  82.0   11.0    11.0
[ 2024-04-03 12:38:11,762 ] 21 root - INFO - New data : 
    Area     X      Y    XM     YM  Perimeter    BX     BY  Width  Height
0  102.0  81.0  107.0  81.0  107.0       38.0  75.0  101.0   12.0    12.0
[ 2024-04-03 12:38:11,778 ] 21 root - INFO - New data : 
   Area      X      Y     XM     YM  Perimeter    BX     BY  Width  Height
0  96.0  101.0  107.0  101.0  107.0       37.0  95.0  101.0   11.0    11.0
[ 2024-04-03 12:38:11,794 ] 21 root - INFO - New data : 
    Area      X      Y     XM     YM  Perimeter     BX     BY  Width  Height
0  101.0  159.0  107.0  159.0  107.0       38.0  154.0  101.0   11.0    11.0
[ 2024-04-03 12:38:11,811 ] 21 root - INFO - New data : 
    Area     X      Y    XM     YM  Perimeter    BX     BY  Width  Height
0  102.0  63.0  107.0  63.0  107.0       38.0  57.0  102.0   11.0    11.0
[ 2024-04-03 12:38:11,826 ] 21 root - INFO - New data : 
    Area     X      Y    XM     YM  Perimeter    BX     BY  Width  Height
0  101.0  44.0  107.0  44.0  107.0       38.0  38.0  102.0   12.0    11.0
[ 2024-04-03 12:38:11,842 ] 21 root - INFO - New data : 
   Area      X      Y     XM     YM  Perimeter     BX     BY  Width  Height
0  92.0  121.0  107.0  121.0  107.0       41.0  115.0  102.0   11.0    11.0
[ 2024-04-03 12:38:11,856 ] 21 root - INFO - New data : 
   Area      X      Y     XM     YM  Perimeter     BX     BY  Width  Height
0  94.0  140.0  107.0  140.0  107.0       37.0  135.0  102.0   10.0    11.0
[ 2024-04-03 12:38:11,872 ] 21 root - INFO - New data : 
   Area     X      Y    XM     YM  Perimeter    BX     BY  Width  Height
0  80.0  24.0  107.0  24.0  107.0       35.0  18.0  102.0   11.0    10.0
[ 2024-04-03 12:38:11,887 ] 21 root - INFO - New data : 
    Area      X      Y     XM     YM  Perimeter     BX     BY  Width  Height
0  105.0  199.0  108.0  199.0  108.0       39.0  192.0  102.0   12.0    12.0
[ 2024-04-03 12:38:11,905 ] 21 root - INFO - New data : 
   Area      X      Y     XM     YM  Perimeter     BX     BY  Width  Height
0  87.0  180.0  109.0  180.0  109.0       35.0  174.0  104.0   11.0    10.0
[ 2024-04-03 12:38:11,922 ] 21 root - INFO - New data : 
   Area      X      Y     XM     YM  Perimeter     BX     BY  Width  Height
0  97.0  178.0  129.0  178.0  129.0       37.0  172.0  123.0   12.0    11.0
[ 2024-04-03 12:38:11,936 ] 21 root - INFO - New data : 
   Area      X      Y     XM     YM  Perimeter     BX     BY  Width  Height
0  96.0  157.0  129.0  157.0  129.0       37.0  152.0  124.0   11.0    11.0
[ 2024-04-03 12:38:11,951 ] 21 root - INFO - New data : 
   Area      X      Y     XM     YM  Perimeter    BX     BY  Width  Height
0  97.0  100.0  129.0  100.0  129.0       37.0  94.0  124.0   11.0    11.0
[ 2024-04-03 12:38:11,966 ] 21 root - INFO - New data : 
   Area      X      Y     XM     YM  Perimeter     BX     BY  Width  Height
0  89.0  138.0  129.0  138.0  129.0       36.0  132.0  124.0   11.0    10.0
[ 2024-04-03 12:38:11,981 ] 21 root - INFO - New data : 
   Area      X      Y     XM     YM  Perimeter     BX     BY  Width  Height
0  92.0  199.0  129.0  199.0  129.0       36.0  192.0  124.0   12.0    10.0
[ 2024-04-03 12:38:11,995 ] 21 root - INFO - New data : 
    Area     X      Y    XM     YM  Perimeter    BX     BY  Width  Height
0  101.0  45.0  130.0  45.0  130.0       38.0  39.0  124.0   12.0    11.0
[ 2024-04-03 12:38:12,010 ] 21 root - INFO - New data : 
   Area      X      Y     XM     YM  Perimeter     BX     BY  Width  Height
0  88.0  120.0  129.0  120.0  129.0       36.0  115.0  124.0   10.0    10.0
[ 2024-04-03 12:38:12,024 ] 21 root - INFO - New data : 
    Area     X      Y    XM     YM  Perimeter    BX     BY  Width  Height
0  102.0  23.0  130.0  23.0  130.0       39.0  16.0  124.0   12.0    11.0
[ 2024-04-03 12:38:12,038 ] 21 root - INFO - New data : 
    Area     X      Y    XM     YM  Perimeter    BX     BY  Width  Height
0  100.0  62.0  129.0  62.0  129.0       38.0  56.0  124.0   12.0    11.0
[ 2024-04-03 12:38:12,053 ] 21 root - INFO - New data : 
   Area     X      Y    XM     YM  Perimeter    BX     BY  Width  Height
0  93.0  82.0  130.0  82.0  130.0       36.0  76.0  124.0   11.0    11.0
[ 2024-04-03 12:38:12,067 ] 21 root - INFO - New data : 
   Area      X      Y     XM     YM  Perimeter     BX     BY  Width  Height
0  96.0  200.0  148.0  200.0  148.0       45.0  192.0  142.0   13.0    10.0
[ 2024-04-03 12:38:12,081 ] 21 root - INFO - New data : 
    Area      X      Y     XM     YM  Perimeter     BX     BY  Width  Height
0  100.0  139.0  149.0  139.0  149.0       38.0  133.0  143.0   11.0    12.0
[ 2024-04-03 12:38:12,096 ] 21 root - INFO - New data : 
   Area      X      Y     XM     YM  Perimeter     BX     BY  Width  Height
0  92.0  119.0  149.0  119.0  149.0       36.0  114.0  144.0   11.0    11.0
[ 2024-04-03 12:38:12,110 ] 21 root - INFO - New data : 
   Area      X      Y     XM     YM  Perimeter     BX     BY  Width  Height
0  83.0  180.0  148.0  180.0  148.0       35.0  174.0  144.0   11.0    10.0
[ 2024-04-03 12:38:12,124 ] 21 root - INFO - New data : 
   Area     X      Y    XM     YM  Perimeter    BX     BY  Width  Height
0  92.0  82.0  150.0  82.0  150.0       36.0  76.0  144.0   11.0    11.0
[ 2024-04-03 12:38:12,138 ] 21 root - INFO - New data : 
   Area      X      Y     XM     YM  Perimeter    BX     BY  Width  Height
0  88.0  100.0  150.0  100.0  150.0       38.0  95.0  145.0   10.0    10.0
[ 2024-04-03 12:38:12,153 ] 21 root - INFO - New data : 
    Area      X      Y     XM     YM  Perimeter     BX     BY  Width  Height
0  108.0  159.0  150.0  159.0  150.0       39.0  153.0  145.0   12.0    12.0
[ 2024-04-03 12:38:12,167 ] 21 root - INFO - New data : 
    Area     X      Y    XM     YM  Perimeter    BX     BY  Width  Height
0  100.0  63.0  150.0  63.0  150.0       38.0  58.0  145.0   11.0    11.0
[ 2024-04-03 12:38:12,181 ] 21 root - INFO - New data : 
    Area     X      Y    XM     YM  Perimeter    BX     BY  Width  Height
0  101.0  44.0  150.0  44.0  150.0       38.0  38.0  145.0   12.0    11.0
[ 2024-04-03 12:38:12,195 ] 21 root - INFO - New data : 
    Area     X      Y    XM     YM  Perimeter    BX     BY  Width  Height
0  105.0  24.0  151.0  24.0  151.0       39.0  18.0  145.0   12.0    11.0
[ 2024-04-03 12:38:12,209 ] 21 root - INFO - New data : 
   Area     X      Y    XM     YM  Perimeter    BX     BY  Width  Height
0  94.0  42.0  170.0  42.0  170.0       39.0  36.0  165.0   11.0    11.0
[ 2024-04-03 12:38:12,224 ] 21 root - INFO - New data : 
    Area     X      Y    XM     YM  Perimeter    BX     BY  Width  Height
0  100.0  24.0  170.0  24.0  170.0       39.0  18.0  165.0   12.0    11.0
[ 2024-04-03 12:38:12,238 ] 21 root - INFO - New data : 
   Area     X      Y    XM     YM  Perimeter    BX     BY  Width  Height
0  86.0  63.0  170.0  63.0  170.0       35.0  57.0  165.0   11.0    10.0
[ 2024-04-03 12:38:12,254 ] 21 root - INFO - New data : 
   Area     X      Y    XM     YM  Perimeter    BX     BY  Width  Height
0  73.0  82.0  169.0  82.0  169.0       33.0  77.0  165.0   10.0    10.0
[ 2024-04-03 12:38:12,268 ] 21 root - INFO - New data : 
   Area      X      Y     XM     YM  Perimeter     BX     BY  Width  Height
0  93.0  120.0  170.0  120.0  170.0       37.0  113.0  165.0   11.0    11.0
[ 2024-04-03 12:38:12,282 ] 21 root - INFO - New data : 
   Area     X      Y    XM     YM  Perimeter    BX     BY  Width  Height
0  99.0  99.0  170.0  99.0  170.0       38.0  93.0  165.0   12.0    11.0
[ 2024-04-03 12:38:12,297 ] 21 root - INFO - New data : 
   Area      X      Y     XM     YM  Perimeter     BX     BY  Width  Height
0  91.0  139.0  170.0  139.0  170.0       36.0  134.0  165.0   11.0    10.0
[ 2024-04-03 12:38:12,313 ] 21 root - INFO - New data : 
   Area      X      Y     XM     YM  Perimeter     BX     BY  Width  Height
0  99.0  157.0  171.0  157.0  171.0       38.0  151.0  165.0   12.0    11.0
[ 2024-04-03 12:38:12,331 ] 21 root - INFO - New data : 
    Area      X      Y     XM     YM  Perimeter     BX     BY  Width  Height
0  102.0  177.0  171.0  177.0  171.0       38.0  171.0  166.0   12.0    11.0
[ 2024-04-03 12:38:12,346 ] 21 root - INFO - New data : 
   Area      X      Y     XM     YM  Perimeter     BX     BY  Width  Height
0  88.0  198.0  172.0  198.0  172.0       36.0  192.0  167.0   11.0    10.0
[ 2024-04-03 12:38:12,360 ] 21 root - INFO - New data : 
   Area     X      Y    XM     YM  Perimeter    BX     BY  Width  Height
0  91.0  26.0  189.0  26.0  189.0       39.0  20.0  184.0   10.0    11.0
[ 2024-04-03 12:38:12,375 ] 21 root - INFO - New data : 
   Area     X      Y    XM     YM  Perimeter    BX     BY  Width  Height
0  81.0  62.0  189.0  62.0  189.0       35.0  57.0  184.0   10.0    10.0
[ 2024-04-03 12:38:12,389 ] 21 root - INFO - New data : 
    Area     X      Y    XM     YM  Perimeter    BX     BY  Width  Height
0  101.0  79.0  190.0  79.0  190.0       37.0  73.0  184.0   11.0    11.0
[ 2024-04-03 12:38:12,404 ] 21 root - INFO - New data : 
   Area     X      Y    XM     YM  Perimeter    BX     BY  Width  Height
0  83.0  98.0  190.0  98.0  190.0       38.0  93.0  184.0   10.0    11.0
[ 2024-04-03 12:38:12,418 ] 21 root - INFO - New data : 
   Area     X      Y    XM     YM  Perimeter    BX     BY  Width  Height
0  83.0  43.0  190.0  43.0  190.0       34.0  38.0  185.0   10.0    10.0
[ 2024-04-03 12:38:12,432 ] 21 root - INFO - New data : 
    Area      X      Y     XM     YM  Perimeter     BX     BY  Width  Height
0  101.0  118.0  190.0  118.0  190.0       38.0  112.0  185.0   11.0    11.0
[ 2024-04-03 12:38:12,446 ] 21 root - INFO - New data : 
    Area      X      Y     XM     YM  Perimeter     BX     BY  Width  Height
0  110.0  138.0  191.0  138.0  191.0       42.0  132.0  185.0   12.0    12.0
[ 2024-04-03 12:38:12,461 ] 21 root - INFO - New data : 
    Area      X      Y     XM     YM  Perimeter     BX     BY  Width  Height
0  101.0  157.0  191.0  157.0  191.0       40.0  151.0  185.0   12.0    11.0
[ 2024-04-03 12:38:12,476 ] 21 root - INFO - New data : 
   Area      X      Y     XM     YM  Perimeter     BX     BY  Width  Height
0  99.0  178.0  191.0  178.0  191.0       37.0  172.0  185.0   11.0    11.0
[ 2024-04-03 12:38:12,491 ] 21 root - INFO - New data : 
   Area      X      Y     XM     YM  Perimeter     BX     BY  Width  Height
0  87.0  197.0  190.0  197.0  190.0       35.0  191.0  186.0   11.0    10.0
[ 2024-04-03 12:38:12,506 ] 21 root - INFO - New data : 
   Area     X      Y    XM     YM  Perimeter    BX     BY  Width  Height
0  98.0  26.0  209.0  26.0  209.0       38.0  20.0  204.0   12.0    11.0
[ 2024-04-03 12:38:12,521 ] 21 root - INFO - New data : 
    Area     X      Y    XM     YM  Perimeter    BX     BY  Width  Height
0  102.0  45.0  210.0  45.0  210.0       39.0  38.0  204.0   12.0    12.0
[ 2024-04-03 12:38:12,535 ] 21 root - INFO - New data : 
   Area      X      Y     XM     YM  Perimeter     BX     BY  Width  Height
0  78.0  177.0  209.0  177.0  209.0       33.0  172.0  204.0   10.0    10.0
[ 2024-04-03 12:38:12,550 ] 21 root - INFO - New data : 
   Area     X      Y    XM     YM  Perimeter    BX     BY  Width  Height
0  96.0  99.0  210.0  99.0  210.0       38.0  93.0  204.0   11.0    11.0
[ 2024-04-03 12:38:12,565 ] 21 root - INFO - New data : 
    Area     X      Y    XM     YM  Perimeter    BX     BY  Width  Height
0  103.0  81.0  210.0  81.0  210.0       38.0  75.0  205.0   11.0    12.0
[ 2024-04-03 12:38:12,578 ] 21 root - INFO - New data : 
   Area      X      Y     XM     YM  Perimeter     BX     BY  Width  Height
0  89.0  197.0  210.0  197.0  210.0       36.0  190.0  205.0   12.0    10.0
[ 2024-04-03 12:38:12,596 ] 21 root - INFO - New data : 
   Area      X      Y     XM     YM  Perimeter     BX     BY  Width  Height
0  92.0  159.0  210.0  159.0  210.0       38.0  153.0  205.0   11.0    10.0
[ 2024-04-03 12:38:12,610 ] 21 root - INFO - New data : 
   Area     X      Y    XM     YM  Perimeter    BX     BY  Width  Height
0  82.0  64.0  210.0  64.0  210.0       35.0  58.0  205.0   10.0    10.0
[ 2024-04-03 12:38:12,624 ] 21 root - INFO - New data : 
    Area      X      Y     XM     YM  Perimeter     BX     BY  Width  Height
0  105.0  139.0  212.0  139.0  212.0       39.0  133.0  206.0   12.0    12.0
[ 2024-04-03 12:38:12,639 ] 21 root - INFO - New data : 
   Area      X      Y     XM     YM  Perimeter     BX     BY  Width  Height
0  94.0  119.0  212.0  119.0  212.0       36.0  114.0  206.0   10.0    11.0
[ 2024-04-03 12:38:13,027 ] 96 werkzeug - INFO - 127.0.0.1 - - [03/Apr/2024 12:38:13] "POST /showingResults HTTP/1.1" 200 -
[ 2024-04-03 12:38:13,041 ] 96 werkzeug - INFO - 127.0.0.1 - - [03/Apr/2024 12:38:13] "[36mGET /static/css/Results.css HTTP/1.1[0m" 304 -
[ 2024-04-03 12:38:13,049 ] 96 werkzeug - INFO - 127.0.0.1 - - [03/Apr/2024 12:38:13] "GET /static/seed_results_pie_chart.png HTTP/1.1" 200 -
[ 2024-04-03 12:38:13,050 ] 96 werkzeug - INFO - 127.0.0.1 - - [03/Apr/2024 12:38:13] "GET /static/seed_results_plot.png HTTP/1.1" 200 -
