[ 2024-04-02 23:24:47,306 ] 26 root - INFO - Dataset read as pandas Dataframe
[ 2024-04-02 23:24:47,312 ] 29 root - INFO - raw csv stored successfully
[ 2024-04-02 23:24:47,312 ] 32 root - INFO - Train test split
[ 2024-04-02 23:24:47,321 ] 42 root - INFO - train csv and test csv stored successfully
[ 2024-04-02 23:24:47,321 ] 44 root - INFO - Ingestion of Data is completed
[ 2024-04-02 23:24:47,322 ] 58 root - INFO - initiate_data_transformation
[ 2024-04-02 23:24:47,346 ] 62 root - INFO - Read train and test data completed
[ 2024-04-02 23:24:47,352 ] 63 root - INFO - Train Dataframe Head : 
    Area      X      Y     XM     YM  Perimeter     BX     BY  Width  Height Result
0   80.4  106.5   17.2  106.5   17.2       37.0  101.7   11.9   10.2    10.4     no
1  103.0   99.2   40.5   99.2   40.5       38.3   93.3   34.6   11.7    11.2    yes
2   88.1  108.8  108.5  108.8  108.5       35.2  103.2  103.0   11.1    10.6     no
3   78.2   82.5   41.8   82.5   41.8       38.9   77.6   36.6   10.0    10.4     no
4   68.7  141.4  137.8  141.4  137.8       39.4  136.7  132.9    8.8    11.5    yes
[ 2024-04-02 23:24:47,357 ] 64 root - INFO - Test Dataframe Head  : 
    Area      X      Y     XM     YM  Perimeter     BX     BY  Width  Height Result
0   83.0   24.2   86.6   24.2   86.6       35.6   19.2   81.6   11.4    10.2    yes
1   96.2  136.3  180.3  136.3  180.3       41.4  130.8  174.6   10.8    12.3    yes
2   79.1  113.4   99.2  113.4   99.2       34.1  108.6   94.2   10.4    10.2    yes
3   98.3  130.7  138.9  130.7  138.9       37.9  125.4  133.0   11.2    11.2     no
4  101.0  125.0   16.9  125.0   16.9       37.8  119.5   11.2   11.5    11.2    yes
[ 2024-04-02 23:24:47,358 ] 75 root - INFO - Obtaining preprocessing object
[ 2024-04-02 23:24:47,358 ] 26 root - INFO - Initiating get_data_transformation_object
[ 2024-04-02 23:24:47,358 ] 47 root - INFO - preprocessor object created successfully
[ 2024-04-02 23:24:47,474 ] 34 root - INFO - Model Report : {'random_forest': 82.67, 'logistic_regression': 82.0, 'decision_tree': 76.67}
[ 2024-04-02 23:24:47,475 ] 47 root - INFO - Best Model Found , Model Name : random_forest , R2 Score : 82.67
[ 2024-04-02 23:24:47,477 ] 13 root - INFO - -------Data Ingestion started-------
[ 2024-04-02 23:24:47,479 ] 26 root - INFO - Dataset read as pandas Dataframe
[ 2024-04-02 23:24:47,484 ] 29 root - INFO - raw csv stored successfully
[ 2024-04-02 23:24:47,484 ] 32 root - INFO - Train test split
[ 2024-04-02 23:24:47,490 ] 42 root - INFO - train csv and test csv stored successfully
[ 2024-04-02 23:24:47,490 ] 44 root - INFO - Ingestion of Data is completed
[ 2024-04-02 23:24:47,490 ] 16 root - INFO - -------Data Ingestion successfull-------
[ 2024-04-02 23:24:47,490 ] 17 root - INFO - =======================================================================
[ 2024-04-02 23:24:47,490 ] 20 root - INFO - -------Data Transformation started-------
[ 2024-04-02 23:24:47,490 ] 58 root - INFO - initiate_data_transformation
[ 2024-04-02 23:24:47,512 ] 62 root - INFO - Read train and test data completed
[ 2024-04-02 23:24:47,517 ] 63 root - INFO - Train Dataframe Head : 
    Area      X      Y     XM     YM  Perimeter     BX     BY  Width  Height Result
0   80.4  106.5   17.2  106.5   17.2       37.0  101.7   11.9   10.2    10.4     no
1  103.0   99.2   40.5   99.2   40.5       38.3   93.3   34.6   11.7    11.2    yes
2   88.1  108.8  108.5  108.8  108.5       35.2  103.2  103.0   11.1    10.6     no
3   78.2   82.5   41.8   82.5   41.8       38.9   77.6   36.6   10.0    10.4     no
4   68.7  141.4  137.8  141.4  137.8       39.4  136.7  132.9    8.8    11.5    yes
[ 2024-04-02 23:24:47,521 ] 64 root - INFO - Test Dataframe Head  : 
    Area      X      Y     XM     YM  Perimeter     BX     BY  Width  Height Result
0   83.0   24.2   86.6   24.2   86.6       35.6   19.2   81.6   11.4    10.2    yes
1   96.2  136.3  180.3  136.3  180.3       41.4  130.8  174.6   10.8    12.3    yes
2   79.1  113.4   99.2  113.4   99.2       34.1  108.6   94.2   10.4    10.2    yes
3   98.3  130.7  138.9  130.7  138.9       37.9  125.4  133.0   11.2    11.2     no
4  101.0  125.0   16.9  125.0   16.9       37.8  119.5   11.2   11.5    11.2    yes
[ 2024-04-02 23:24:47,522 ] 75 root - INFO - Obtaining preprocessing object
[ 2024-04-02 23:24:47,523 ] 26 root - INFO - Initiating get_data_transformation_object
[ 2024-04-02 23:24:47,523 ] 47 root - INFO - preprocessor object created successfully
[ 2024-04-02 23:24:47,530 ] 23 root - INFO - -------Data Transformation successfull-------
[ 2024-04-02 23:24:47,530 ] 24 root - INFO - =======================================================================
[ 2024-04-02 23:24:47,530 ] 27 root - INFO - -------Model Training started-------
[ 2024-04-02 23:24:47,619 ] 34 root - INFO - Model Report : {'random_forest': 82.67, 'logistic_regression': 82.0, 'decision_tree': 80.0}
[ 2024-04-02 23:24:47,619 ] 47 root - INFO - Best Model Found , Model Name : random_forest , R2 Score : 82.67
[ 2024-04-02 23:24:47,621 ] 30 root - INFO - -------Model Training successfull-------
[ 2024-04-02 23:24:47,622 ] 31 root - INFO - =======================================================================
