[ 2024-04-03 11:35:19,186 ] 96 werkzeug - INFO - [31m[1mWARNING: This is a development server. Do not use it in a production deployment. Use a production WSGI server instead.[0m
 * Running on http://127.0.0.1:5000
[ 2024-04-03 11:35:19,186 ] 96 werkzeug - INFO - [33mPress CTRL+C to quit[0m
[ 2024-04-03 11:35:24,199 ] 96 werkzeug - INFO - 127.0.0.1 - - [03/Apr/2024 11:35:24] "GET / HTTP/1.1" 200 -
[ 2024-04-03 11:35:24,360 ] 96 werkzeug - INFO - 127.0.0.1 - - [03/Apr/2024 11:35:24] "[36mGET /static/css/corn%20diplay.png HTTP/1.1[0m" 304 -
[ 2024-04-03 11:35:24,362 ] 96 werkzeug - INFO - 127.0.0.1 - - [03/Apr/2024 11:35:24] "[36mGET /static/css/index.css HTTP/1.1[0m" 304 -
[ 2024-04-03 11:35:24,389 ] 96 werkzeug - INFO - 127.0.0.1 - - [03/Apr/2024 11:35:24] "[35m[1mGET /static/css/corn%20video.mp4 HTTP/1.1[0m" 206 -
[ 2024-04-03 11:35:37,434 ] 96 werkzeug - INFO - 127.0.0.1 - - [03/Apr/2024 11:35:37] "POST /openwebcam HTTP/1.1" 200 -
[ 2024-04-03 11:35:37,466 ] 96 werkzeug - INFO - 127.0.0.1 - - [03/Apr/2024 11:35:37] "[36mGET /static/css/displayImage.css HTTP/1.1[0m" 304 -
[ 2024-04-03 11:35:37,475 ] 96 werkzeug - INFO - 127.0.0.1 - - [03/Apr/2024 11:35:37] "[36mGET /static/css/corn%202.jpg HTTP/1.1[0m" 304 -
[ 2024-04-03 11:35:42,318 ] 96 werkzeug - INFO - 127.0.0.1 - - [03/Apr/2024 11:35:42] "POST /RunningMacros HTTP/1.1" 200 -
[ 2024-04-03 11:35:42,332 ] 96 werkzeug - INFO - 127.0.0.1 - - [03/Apr/2024 11:35:42] "[36mGET /static/css/ViewResults.css HTTP/1.1[0m" 304 -
[ 2024-04-03 11:35:42,332 ] 96 werkzeug - INFO - 127.0.0.1 - - [03/Apr/2024 11:35:42] "[36mGET /static/css/corn%201.jpg HTTP/1.1[0m" 304 -
[ 2024-04-03 11:35:43,845 ] 21 root - INFO - New data : 
    Area      X     Y     XM    YM  Perimeter     BX    BY  Width  Height
0  114.0  146.0  27.0  146.0  27.0       41.0  139.0  20.0   12.0    12.0
[ 2024-04-03 11:35:44,129 ] 21 root - INFO - New data : 
    Area      X     Y     XM    YM  Perimeter     BX    BY  Width  Height
0  108.0  254.0  27.0  254.0  27.0       40.0  248.0  21.0   12.0    12.0
[ 2024-04-03 11:35:44,151 ] 21 root - INFO - New data : 
    Area      X     Y     XM    YM  Perimeter     BX    BY  Width  Height
0  109.0  172.0  28.0  172.0  28.0       39.0  167.0  22.0   11.0    12.0
[ 2024-04-03 11:35:44,175 ] 21 root - INFO - New data : 
   Area      X     Y     XM    YM  Perimeter     BX    BY  Width  Height
0  96.0  227.0  27.0  227.0  27.0       38.0  221.0  22.0   11.0    11.0
[ 2024-04-03 11:35:44,201 ] 21 root - INFO - New data : 
    Area     X     Y    XM    YM  Perimeter    BX    BY  Width  Height
0  104.0  91.0  28.0  91.0  28.0       38.0  85.0  22.0   12.0    12.0
[ 2024-04-03 11:35:44,221 ] 21 root - INFO - New data : 
   Area      X     Y     XM    YM  Perimeter     BX    BY  Width  Height
0  97.0  119.0  28.0  119.0  28.0       42.0  113.0  22.0   11.0    11.0
[ 2024-04-03 11:35:44,243 ] 21 root - INFO - New data : 
   Area      X     Y     XM    YM  Perimeter     BX    BY  Width  Height
0  87.0  200.0  28.0  200.0  28.0       35.0  195.0  22.0   10.0    11.0
[ 2024-04-03 11:35:44,261 ] 21 root - INFO - New data : 
    Area     X     Y    XM    YM  Perimeter    BX    BY  Width  Height
0  106.0  18.0  28.0  18.0  28.0       42.0  12.0  22.0   12.0    11.0
[ 2024-04-03 11:35:44,281 ] 21 root - INFO - New data : 
   Area     X     Y    XM    YM  Perimeter    BX    BY  Width  Height
0  97.0  42.0  29.0  42.0  29.0       38.0  36.0  23.0   11.0    11.0
[ 2024-04-03 11:35:44,300 ] 21 root - INFO - New data : 
   Area     X     Y    XM    YM  Perimeter    BX    BY  Width  Height
0  97.0  66.0  29.0  66.0  29.0       41.0  60.0  23.0   12.0    11.0
[ 2024-04-03 11:35:44,319 ] 21 root - INFO - New data : 
    Area      X     Y     XM    YM  Perimeter     BX    BY  Width  Height
0  102.0  255.0  50.0  255.0  50.0       40.0  249.0  45.0   11.0    12.0
[ 2024-04-03 11:35:44,341 ] 21 root - INFO - New data : 
    Area      X     Y     XM    YM  Perimeter     BX    BY  Width  Height
0  102.0  148.0  52.0  148.0  52.0       38.0  142.0  46.0   12.0    12.0
[ 2024-04-03 11:35:44,363 ] 21 root - INFO - New data : 
    Area      X     Y     XM    YM  Perimeter     BX    BY  Width  Height
0  106.0  226.0  53.0  226.0  53.0       39.0  220.0  47.0   12.0    12.0
[ 2024-04-03 11:35:44,384 ] 21 root - INFO - New data : 
    Area      X     Y     XM    YM  Perimeter     BX    BY  Width  Height
0  104.0  199.0  53.0  199.0  53.0       38.0  194.0  48.0   11.0    11.0
[ 2024-04-03 11:35:44,405 ] 21 root - INFO - New data : 
    Area     X     Y    XM    YM  Perimeter    BX    BY  Width  Height
0  113.0  67.0  54.0  67.0  54.0       40.0  61.0  48.0   12.0    12.0
[ 2024-04-03 11:35:44,428 ] 21 root - INFO - New data : 
   Area      X     Y     XM    YM  Perimeter     BX    BY  Width  Height
0  87.0  120.0  53.0  120.0  53.0       35.0  114.0  48.0   10.0    11.0
[ 2024-04-03 11:35:44,447 ] 21 root - INFO - New data : 
   Area     X     Y    XM    YM  Perimeter    BX    BY  Width  Height
0  94.0  93.0  54.0  93.0  54.0       43.0  88.0  49.0   11.0    11.0
[ 2024-04-03 11:35:44,470 ] 21 root - INFO - New data : 
   Area      X     Y     XM    YM  Perimeter     BX    BY  Width  Height
0  95.0  173.0  54.0  173.0  54.0       37.0  168.0  49.0   11.0    11.0
[ 2024-04-03 11:35:44,495 ] 21 root - INFO - New data : 
    Area     X     Y    XM    YM  Perimeter    BX    BY  Width  Height
0  113.0  18.0  55.0  18.0  55.0       41.0  12.0  49.0   12.0    12.0
[ 2024-04-03 11:35:44,521 ] 21 root - INFO - New data : 
   Area     X     Y    XM    YM  Perimeter    BX    BY  Width  Height
0  97.0  43.0  55.0  43.0  55.0       37.0  37.0  50.0   11.0    11.0
[ 2024-04-03 11:35:44,544 ] 21 root - INFO - New data : 
    Area      X     Y     XM    YM  Perimeter     BX    BY  Width  Height
0  107.0  253.0  73.0  253.0  73.0       42.0  248.0  68.0   12.0    12.0
[ 2024-04-03 11:35:44,570 ] 21 root - INFO - New data : 
    Area      X     Y     XM    YM  Perimeter     BX    BY  Width  Height
0  101.0  226.0  75.0  226.0  75.0       37.0  220.0  69.0   11.0    12.0
[ 2024-04-03 11:35:44,598 ] 21 root - INFO - New data : 
    Area      X     Y     XM    YM  Perimeter     BX    BY  Width  Height
0  105.0  173.0  77.0  173.0  77.0       39.0  167.0  70.0   12.0    12.0
[ 2024-04-03 11:35:44,620 ] 21 root - INFO - New data : 
   Area      X     Y     XM    YM  Perimeter     BX    BY  Width  Height
0  93.0  200.0  76.0  200.0  76.0       41.0  195.0  70.0   10.0    11.0
[ 2024-04-03 11:35:44,647 ] 21 root - INFO - New data : 
    Area      X     Y     XM    YM  Perimeter     BX    BY  Width  Height
0  112.0  120.0  77.0  120.0  77.0       40.0  114.0  71.0   12.0    12.0
[ 2024-04-03 11:35:44,671 ] 21 root - INFO - New data : 
    Area      X     Y     XM    YM  Perimeter     BX    BY  Width  Height
0  112.0  149.0  77.0  149.0  77.0       42.0  143.0  71.0   12.0    13.0
[ 2024-04-03 11:35:44,699 ] 21 root - INFO - New data : 
    Area     X     Y    XM    YM  Perimeter    BX    BY  Width  Height
0  108.0  93.0  78.0  93.0  78.0       39.0  87.0  72.0   12.0    12.0
[ 2024-04-03 11:35:44,723 ] 21 root - INFO - New data : 
    Area     X     Y    XM    YM  Perimeter    BX    BY  Width  Height
0  111.0  68.0  80.0  68.0  80.0       42.0  62.0  74.0   12.0    12.0
[ 2024-04-03 11:35:44,750 ] 21 root - INFO - New data : 
    Area     X     Y    XM    YM  Perimeter    BX    BY  Width  Height
0  111.0  18.0  80.0  18.0  80.0       41.0  12.0  75.0   12.0    11.0
[ 2024-04-03 11:35:44,778 ] 21 root - INFO - New data : 
    Area     X     Y    XM    YM  Perimeter    BX    BY  Width  Height
0  113.0  43.0  81.0  43.0  81.0       42.0  37.0  76.0   12.0    12.0
[ 2024-04-03 11:35:44,798 ] 21 root - INFO - New data : 
   Area      X     Y     XM    YM  Perimeter     BX    BY  Width  Height
0  99.0  254.0  99.0  254.0  99.0       43.0  248.0  93.0   13.0    11.0
[ 2024-04-03 11:35:44,830 ] 21 root - INFO - New data : 
    Area      X      Y     XM     YM  Perimeter     BX    BY  Width  Height
0  105.0  226.0  100.0  226.0  100.0       39.0  220.0  94.0   11.0    12.0
[ 2024-04-03 11:35:44,870 ] 21 root - INFO - New data : 
   Area      X      Y     XM     YM  Perimeter     BX    BY  Width  Height
0  98.0  200.0  100.0  200.0  100.0       37.0  195.0  95.0   11.0    11.0
[ 2024-04-03 11:35:44,901 ] 21 root - INFO - New data : 
   Area      X      Y     XM     YM  Perimeter     BX    BY  Width  Height
0  77.0  174.0  100.0  174.0  100.0       33.0  169.0  95.0   10.0    10.0
[ 2024-04-03 11:35:44,926 ] 21 root - INFO - New data : 
    Area      X      Y     XM     YM  Perimeter     BX    BY  Width  Height
0  103.0  150.0  102.0  150.0  102.0       38.0  144.0  96.0   12.0    12.0
[ 2024-04-03 11:35:44,946 ] 21 root - INFO - New data : 
    Area      X      Y     XM     YM  Perimeter     BX    BY  Width  Height
0  108.0  121.0  102.0  121.0  102.0       39.0  115.0  96.0   12.0    12.0
[ 2024-04-03 11:35:44,964 ] 21 root - INFO - New data : 
    Area     X      Y    XM     YM  Perimeter    BX    BY  Width  Height
0  107.0  94.0  102.0  94.0  102.0       39.0  88.0  96.0   12.0    12.0
[ 2024-04-03 11:35:44,983 ] 21 root - INFO - New data : 
   Area     X      Y    XM     YM  Perimeter    BX    BY  Width  Height
0  98.0  69.0  102.0  69.0  102.0       41.0  63.0  97.0   12.0    11.0
[ 2024-04-03 11:35:45,003 ] 21 root - INFO - New data : 
    Area     X      Y    XM     YM  Perimeter    BX    BY  Width  Height
0  100.0  44.0  104.0  44.0  104.0       47.0  38.0  99.0   12.0    11.0
[ 2024-04-03 11:35:45,022 ] 21 root - INFO - New data : 
    Area     X      Y    XM     YM  Perimeter    BX     BY  Width  Height
0  104.0  19.0  105.0  19.0  105.0       38.0  14.0  100.0   12.0    11.0
[ 2024-04-03 11:35:45,041 ] 21 root - INFO - New data : 
    Area      X      Y     XM     YM  Perimeter     BX     BY  Width  Height
0  102.0  252.0  122.0  252.0  122.0       38.0  246.0  116.0   11.0    11.0
[ 2024-04-03 11:35:45,063 ] 21 root - INFO - New data : 
    Area      X      Y     XM     YM  Perimeter     BX     BY  Width  Height
0  100.0  225.0  122.0  225.0  122.0       37.0  220.0  116.0   11.0    11.0
[ 2024-04-03 11:35:45,086 ] 21 root - INFO - New data : 
   Area      X      Y     XM     YM  Perimeter     BX     BY  Width  Height
0  93.0  200.0  122.0  200.0  122.0       36.0  195.0  117.0   11.0    11.0
[ 2024-04-03 11:35:45,107 ] 21 root - INFO - New data : 
   Area      X      Y     XM     YM  Perimeter     BX     BY  Width  Height
0  75.0  174.0  123.0  174.0  123.0       39.0  170.0  118.0   10.0    10.0
[ 2024-04-03 11:35:45,129 ] 21 root - INFO - New data : 
   Area      X      Y     XM     YM  Perimeter     BX     BY  Width  Height
0  86.0  150.0  124.0  150.0  124.0       43.0  145.0  119.0   11.0    10.0
[ 2024-04-03 11:35:45,150 ] 21 root - INFO - New data : 
    Area      X      Y     XM     YM  Perimeter     BX     BY  Width  Height
0  107.0  121.0  126.0  121.0  126.0       39.0  115.0  120.0   12.0    11.0
[ 2024-04-03 11:35:45,168 ] 21 root - INFO - New data : 
    Area     X      Y    XM     YM  Perimeter    BX     BY  Width  Height
0  107.0  95.0  126.0  95.0  126.0       39.0  89.0  120.0   12.0    11.0
[ 2024-04-03 11:35:45,186 ] 21 root - INFO - New data : 
    Area     X      Y    XM     YM  Perimeter    BX     BY  Width  Height
0  110.0  70.0  127.0  70.0  127.0       40.0  64.0  121.0   12.0    12.0
[ 2024-04-03 11:35:45,204 ] 21 root - INFO - New data : 
    Area     X      Y    XM     YM  Perimeter    BX     BY  Width  Height
0  106.0  45.0  127.0  45.0  127.0       39.0  39.0  122.0   12.0    11.0
[ 2024-04-03 11:35:45,223 ] 21 root - INFO - New data : 
   Area     X      Y    XM     YM  Perimeter    BX     BY  Width  Height
0  89.0  21.0  127.0  21.0  127.0       44.0  15.0  122.0   11.0    10.0
[ 2024-04-03 11:35:45,243 ] 21 root - INFO - New data : 
    Area      X      Y     XM     YM  Perimeter     BX     BY  Width  Height
0  103.0  253.0  144.0  253.0  144.0       38.0  247.0  138.0   12.0    11.0
[ 2024-04-03 11:35:45,266 ] 21 root - INFO - New data : 
   Area      X      Y     XM     YM  Perimeter     BX     BY  Width  Height
0  86.0  226.0  143.0  226.0  143.0       35.0  221.0  138.0   10.0    11.0
[ 2024-04-03 11:35:45,284 ] 21 root - INFO - New data : 
   Area      X      Y     XM     YM  Perimeter     BX     BY  Width  Height
0  98.0  201.0  145.0  201.0  145.0       37.0  195.0  140.0   11.0    11.0
[ 2024-04-03 11:35:45,305 ] 21 root - INFO - New data : 
   Area      X      Y     XM     YM  Perimeter     BX     BY  Width  Height
0  92.0  175.0  146.0  175.0  146.0       40.0  170.0  141.0   11.0    11.0
[ 2024-04-03 11:35:45,321 ] 21 root - INFO - New data : 
    Area      X      Y     XM     YM  Perimeter     BX     BY  Width  Height
0  103.0  150.0  147.0  150.0  147.0       38.0  144.0  141.0   12.0    12.0
[ 2024-04-03 11:35:45,339 ] 21 root - INFO - New data : 
   Area      X      Y     XM     YM  Perimeter     BX     BY  Width  Height
0  96.0  122.0  149.0  122.0  149.0       46.0  117.0  143.0   11.0    11.0
[ 2024-04-03 11:35:45,356 ] 21 root - INFO - New data : 
    Area     X      Y    XM     YM  Perimeter    BX     BY  Width  Height
0  109.0  71.0  150.0  71.0  150.0       40.0  66.0  144.0   12.0    12.0
[ 2024-04-03 11:35:45,372 ] 21 root - INFO - New data : 
   Area     X      Y    XM     YM  Perimeter    BX     BY  Width  Height
0  98.0  96.0  150.0  96.0  150.0       38.0  90.0  144.0   12.0    11.0
[ 2024-04-03 11:35:45,391 ] 21 root - INFO - New data : 
    Area     X      Y    XM     YM  Perimeter    BX     BY  Width  Height
0  109.0  46.0  151.0  46.0  151.0       41.0  40.0  145.0   12.0    12.0
[ 2024-04-03 11:35:45,407 ] 21 root - INFO - New data : 
    Area     X      Y    XM     YM  Perimeter    BX     BY  Width  Height
0  111.0  21.0  151.0  21.0  151.0       39.0  15.0  146.0   12.0    12.0
[ 2024-04-03 11:35:45,430 ] 21 root - INFO - New data : 
    Area      X      Y     XM     YM  Perimeter     BX     BY  Width  Height
0  102.0  254.0  174.0  254.0  174.0       38.0  248.0  169.0   12.0    12.0
[ 2024-04-03 11:35:45,453 ] 21 root - INFO - New data : 
    Area      X      Y     XM     YM  Perimeter     BX     BY  Width  Height
0  101.0  225.0  174.0  225.0  174.0       38.0  219.0  169.0   12.0    12.0
[ 2024-04-03 11:35:45,473 ] 21 root - INFO - New data : 
    Area      X      Y     XM     YM  Perimeter     BX     BY  Width  Height
0  102.0  174.0  175.0  174.0  175.0       38.0  168.0  169.0   11.0    12.0
[ 2024-04-03 11:35:45,491 ] 21 root - INFO - New data : 
   Area      X      Y     XM     YM  Perimeter     BX     BY  Width  Height
0  91.0  200.0  174.0  200.0  174.0       37.0  194.0  169.0   11.0    11.0
[ 2024-04-03 11:35:45,524 ] 21 root - INFO - New data : 
    Area      X      Y     XM     YM  Perimeter     BX     BY  Width  Height
0  107.0  150.0  176.0  150.0  176.0       40.0  144.0  170.0   12.0    12.0
[ 2024-04-03 11:35:45,556 ] 21 root - INFO - New data : 
   Area      X      Y     XM     YM  Perimeter     BX     BY  Width  Height
0  97.0  122.0  176.0  122.0  176.0       38.0  117.0  170.0   11.0    12.0
[ 2024-04-03 11:35:45,578 ] 21 root - INFO - New data : 
    Area     X      Y    XM     YM  Perimeter    BX     BY  Width  Height
0  110.0  96.0  177.0  96.0  177.0       40.0  90.0  171.0   12.0    12.0
[ 2024-04-03 11:35:45,603 ] 21 root - INFO - New data : 
    Area     X      Y    XM     YM  Perimeter    BX     BY  Width  Height
0  109.0  23.0  178.0  23.0  178.0       39.0  17.0  172.0   12.0    11.0
[ 2024-04-03 11:35:45,622 ] 21 root - INFO - New data : 
   Area     X      Y    XM     YM  Perimeter    BX     BY  Width  Height
0  92.0  73.0  179.0  73.0  179.0       36.0  67.0  173.0   11.0    11.0
[ 2024-04-03 11:35:45,645 ] 21 root - INFO - New data : 
    Area     X      Y    XM     YM  Perimeter    BX     BY  Width  Height
0  104.0  47.0  179.0  47.0  179.0       38.0  42.0  173.0   12.0    11.0
[ 2024-04-03 11:35:45,669 ] 21 root - INFO - New data : 
    Area      X      Y     XM     YM  Perimeter     BX     BY  Width  Height
0  102.0  226.0  201.0  226.0  201.0       38.0  220.0  195.0   11.0    12.0
[ 2024-04-03 11:35:45,695 ] 21 root - INFO - New data : 
    Area      X      Y     XM     YM  Perimeter     BX     BY  Width  Height
0  110.0  200.0  201.0  200.0  201.0       40.0  194.0  195.0   11.0    12.0
[ 2024-04-03 11:35:45,715 ] 21 root - INFO - New data : 
    Area      X      Y     XM     YM  Perimeter     BX     BY  Width  Height
0  103.0  252.0  201.0  252.0  201.0       38.0  247.0  196.0   11.0    12.0
[ 2024-04-03 11:35:45,737 ] 21 root - INFO - New data : 
    Area      X      Y     XM     YM  Perimeter     BX     BY  Width  Height
0  117.0  151.0  202.0  151.0  202.0       44.0  145.0  196.0   12.0    13.0
[ 2024-04-03 11:35:45,757 ] 21 root - INFO - New data : 
    Area      X      Y     XM     YM  Perimeter     BX     BY  Width  Height
0  100.0  175.0  202.0  175.0  202.0       38.0  169.0  196.0   11.0    12.0
[ 2024-04-03 11:35:45,781 ] 21 root - INFO - New data : 
   Area      X      Y     XM     YM  Perimeter     BX     BY  Width  Height
0  91.0  123.0  202.0  123.0  202.0       41.0  118.0  196.0   11.0    11.0
[ 2024-04-03 11:35:45,798 ] 21 root - INFO - New data : 
    Area     X      Y    XM     YM  Perimeter    BX     BY  Width  Height
0  115.0  98.0  203.0  98.0  203.0       41.0  92.0  197.0   13.0    12.0
[ 2024-04-03 11:35:45,816 ] 21 root - INFO - New data : 
    Area     X      Y    XM     YM  Perimeter    BX     BY  Width  Height
0  107.0  74.0  203.0  74.0  203.0       39.0  68.0  198.0   12.0    11.0
[ 2024-04-03 11:35:45,838 ] 21 root - INFO - New data : 
    Area     X      Y    XM     YM  Perimeter    BX     BY  Width  Height
0  114.0  24.0  204.0  24.0  204.0       40.0  18.0  198.0   12.0    12.0
[ 2024-04-03 11:35:45,856 ] 21 root - INFO - New data : 
   Area     X      Y    XM     YM  Perimeter    BX     BY  Width  Height
0  96.0  48.0  206.0  48.0  206.0       37.0  43.0  200.0   12.0    11.0
[ 2024-04-03 11:35:45,873 ] 21 root - INFO - New data : 
   Area      X      Y     XM     YM  Perimeter     BX     BY  Width  Height
0  95.0  225.0  226.0  225.0  226.0       38.0  220.0  220.0   11.0    12.0
[ 2024-04-03 11:35:45,892 ] 21 root - INFO - New data : 
    Area      X      Y     XM     YM  Perimeter     BX     BY  Width  Height
0  105.0  254.0  226.0  254.0  226.0       44.0  248.0  220.0   11.0    12.0
[ 2024-04-03 11:35:45,910 ] 21 root - INFO - New data : 
    Area      X      Y     XM     YM  Perimeter     BX     BY  Width  Height
0  101.0  176.0  226.0  176.0  226.0       38.0  170.0  221.0   11.0    12.0
[ 2024-04-03 11:35:45,929 ] 21 root - INFO - New data : 
    Area      X      Y     XM     YM  Perimeter     BX     BY  Width  Height
0  101.0  201.0  227.0  201.0  227.0       38.0  196.0  221.0   10.0    12.0
[ 2024-04-03 11:35:45,953 ] 21 root - INFO - New data : 
    Area      X      Y     XM     YM  Perimeter     BX     BY  Width  Height
0  111.0  151.0  228.0  151.0  228.0       41.0  144.0  221.0   12.0    13.0
[ 2024-04-03 11:35:45,972 ] 21 root - INFO - New data : 
    Area      X      Y     XM     YM  Perimeter     BX     BY  Width  Height
0  112.0  122.0  228.0  122.0  228.0       40.0  116.0  222.0   12.0    12.0
[ 2024-04-03 11:35:45,992 ] 21 root - INFO - New data : 
    Area     X      Y    XM     YM  Perimeter    BX     BY  Width  Height
0  109.0  99.0  229.0  99.0  229.0       39.0  93.0  222.0   12.0    12.0
[ 2024-04-03 11:35:46,011 ] 21 root - INFO - New data : 
    Area     X      Y    XM     YM  Perimeter    BX     BY  Width  Height
0  108.0  75.0  229.0  75.0  229.0       39.0  69.0  223.0   12.0    12.0
[ 2024-04-03 11:35:46,032 ] 21 root - INFO - New data : 
    Area     X      Y    XM     YM  Perimeter    BX     BY  Width  Height
0  120.0  25.0  230.0  25.0  230.0       41.0  19.0  223.0   12.0    12.0
[ 2024-04-03 11:35:46,052 ] 21 root - INFO - New data : 
    Area     X      Y    XM     YM  Perimeter    BX     BY  Width  Height
0  105.0  50.0  231.0  50.0  231.0       39.0  45.0  225.0   12.0    12.0
[ 2024-04-03 11:35:46,070 ] 21 root - INFO - New data : 
    Area      X      Y     XM     YM  Perimeter     BX     BY  Width  Height
0  115.0  224.0  251.0  224.0  251.0       41.0  218.0  245.0   12.0    12.0
[ 2024-04-03 11:35:46,088 ] 21 root - INFO - New data : 
    Area      X      Y     XM     YM  Perimeter     BX     BY  Width  Height
0  106.0  254.0  251.0  254.0  251.0       40.0  248.0  245.0   12.0    12.0
[ 2024-04-03 11:35:46,110 ] 21 root - INFO - New data : 
    Area      X      Y     XM     YM  Perimeter     BX     BY  Width  Height
0  108.0  201.0  252.0  201.0  252.0       40.0  195.0  246.0   11.0    12.0
[ 2024-04-03 11:35:46,130 ] 21 root - INFO - New data : 
    Area      X      Y     XM     YM  Perimeter     BX     BY  Width  Height
0  110.0  176.0  254.0  176.0  254.0       40.0  170.0  248.0   12.0    12.0
[ 2024-04-03 11:35:46,191 ] 21 root - INFO - New data : 
   Area     X      Y    XM     YM  Perimeter    BX     BY  Width  Height
0  99.0  76.0  254.0  76.0  254.0       55.0  70.0  248.0   12.0    12.0
[ 2024-04-03 11:35:46,209 ] 21 root - INFO - New data : 
   Area      X      Y     XM     YM  Perimeter     BX     BY  Width  Height
0  96.0  151.0  254.0  151.0  254.0       37.0  145.0  248.0   11.0    11.0
[ 2024-04-03 11:35:46,229 ] 21 root - INFO - New data : 
    Area     X      Y    XM     YM  Perimeter    BX     BY  Width  Height
0  112.0  52.0  254.0  52.0  254.0       39.0  46.0  248.0   12.0    12.0
[ 2024-04-03 11:35:46,252 ] 21 root - INFO - New data : 
    Area     X      Y    XM     YM  Perimeter    BX     BY  Width  Height
0  119.0  26.0  255.0  26.0  255.0       42.0  20.0  249.0   12.0    12.0
[ 2024-04-03 11:35:46,269 ] 21 root - INFO - New data : 
   Area      X      Y     XM     YM  Perimeter    BX     BY  Width  Height
0  94.0  100.0  254.0  100.0  254.0       37.0  94.0  249.0   11.0    12.0
[ 2024-04-03 11:35:46,287 ] 21 root - INFO - New data : 
    Area      X      Y     XM     YM  Perimeter     BX     BY  Width  Height
0  104.0  124.0  255.0  124.0  255.0       38.0  118.0  249.0   12.0    12.0
[ 2024-04-03 11:35:46,298 ] 96 werkzeug - INFO - 127.0.0.1 - - [03/Apr/2024 11:35:46] "POST /showingResults HTTP/1.1" 200 -
[ 2024-04-03 11:35:46,317 ] 96 werkzeug - INFO - 127.0.0.1 - - [03/Apr/2024 11:35:46] "[36mGET /static/css/Results.css HTTP/1.1[0m" 304 -
