[ 2024-04-02 23:35:36,523 ] 96 werkzeug - INFO - [31m[1mWARNING: This is a development server. Do not use it in a production deployment. Use a production WSGI server instead.[0m
 * Running on http://127.0.0.1:5000
[ 2024-04-02 23:35:36,523 ] 96 werkzeug - INFO - [33mPress CTRL+C to quit[0m
[ 2024-04-02 23:35:42,751 ] 96 werkzeug - INFO - 127.0.0.1 - - [02/Apr/2024 23:35:42] "GET / HTTP/1.1" 200 -
[ 2024-04-02 23:35:42,826 ] 96 werkzeug - INFO - 127.0.0.1 - - [02/Apr/2024 23:35:42] "[36mGET /static/css/corn%20diplay.png HTTP/1.1[0m" 304 -
[ 2024-04-02 23:35:42,829 ] 96 werkzeug - INFO - 127.0.0.1 - - [02/Apr/2024 23:35:42] "[36mGET /static/css/index.css HTTP/1.1[0m" 304 -
[ 2024-04-02 23:35:42,851 ] 96 werkzeug - INFO - 127.0.0.1 - - [02/Apr/2024 23:35:42] "[35m[1mGET /static/css/corn%20video.mp4 HTTP/1.1[0m" 206 -
[ 2024-04-02 23:35:42,857 ] 96 werkzeug - INFO - 127.0.0.1 - - [02/Apr/2024 23:35:42] "[35m[1mGET /static/css/corn%20video.mp4 HTTP/1.1[0m" 206 -
[ 2024-04-02 23:35:54,518 ] 96 werkzeug - INFO - 127.0.0.1 - - [02/Apr/2024 23:35:54] "POST /openwebcam HTTP/1.1" 200 -
[ 2024-04-02 23:35:54,535 ] 96 werkzeug - INFO - 127.0.0.1 - - [02/Apr/2024 23:35:54] "[36mGET /static/css/displayImage.css HTTP/1.1[0m" 304 -
[ 2024-04-02 23:35:54,536 ] 96 werkzeug - INFO - 127.0.0.1 - - [02/Apr/2024 23:35:54] "[36mGET /static/css/corn%202.jpg HTTP/1.1[0m" 304 -
[ 2024-04-02 23:35:59,112 ] 96 werkzeug - INFO - 127.0.0.1 - - [02/Apr/2024 23:35:59] "POST /RunningMacros HTTP/1.1" 200 -
[ 2024-04-02 23:35:59,123 ] 96 werkzeug - INFO - 127.0.0.1 - - [02/Apr/2024 23:35:59] "[36mGET /static/css/ViewResults.css HTTP/1.1[0m" 304 -
[ 2024-04-02 23:35:59,123 ] 96 werkzeug - INFO - 127.0.0.1 - - [02/Apr/2024 23:35:59] "[36mGET /static/css/corn%201.jpg HTTP/1.1[0m" 304 -
[ 2024-04-02 23:36:00,452 ] 21 root - INFO - New data : 
   Area      X     Y     XM    YM  Perimeter     BX    BY  Width  Height
0  94.0  132.0  16.0  132.0  16.0       37.0  126.0  10.0   12.0    12.0
[ 2024-04-02 23:36:00,663 ] 21 root - INFO - New data : 
   Area      X     Y     XM    YM  Perimeter     BX    BY  Width  Height
0  89.0  233.0  17.0  233.0  17.0       36.0  228.0  11.0   11.0    12.0
[ 2024-04-02 23:36:00,677 ] 21 root - INFO - New data : 
   Area      X     Y     XM    YM  Perimeter     BX    BY  Width  Height
0  91.0  156.0  17.0  156.0  17.0       36.0  151.0  11.0   11.0    11.0
[ 2024-04-02 23:36:00,691 ] 21 root - INFO - New data : 
   Area      X     Y     XM    YM  Perimeter     BX    BY  Width  Height
0  80.0  208.0  17.0  208.0  17.0       34.0  202.0  11.0   10.0    11.0
[ 2024-04-02 23:36:00,706 ] 21 root - INFO - New data : 
   Area     X     Y    XM    YM  Perimeter    BX    BY  Width  Height
0  87.0  81.0  18.0  81.0  18.0       35.0  76.0  12.0   11.0    11.0
[ 2024-04-02 23:36:00,720 ] 21 root - INFO - New data : 
   Area      X     Y     XM    YM  Perimeter     BX    BY  Width  Height
0  80.0  106.0  17.0  106.0  17.0       37.0  102.0  12.0   10.0    10.0
[ 2024-04-02 23:36:00,735 ] 21 root - INFO - New data : 
   Area      X     Y     XM    YM  Perimeter     BX    BY  Width  Height
0  72.0  183.0  17.0  183.0  17.0       32.0  178.0  12.0    9.0    10.0
[ 2024-04-02 23:36:00,749 ] 21 root - INFO - New data : 
   Area     X     Y    XM    YM  Perimeter   BX    BY  Width  Height
0  88.0  12.0  17.0  12.0  17.0       41.0  7.0  12.0   11.0    11.0
[ 2024-04-02 23:36:00,763 ] 21 root - INFO - New data : 
   Area     X     Y    XM    YM  Perimeter    BX    BY  Width  Height
0  76.0  34.0  18.0  34.0  18.0       41.0  30.0  13.0   10.0    10.0
[ 2024-04-02 23:36:00,777 ] 21 root - INFO - New data : 
   Area     X     Y    XM    YM  Perimeter    BX    BY  Width  Height
0  80.0  57.0  18.0  57.0  18.0       33.0  52.0  13.0   10.0    10.0
[ 2024-04-02 23:36:00,790 ] 21 root - INFO - New data : 
   Area      X     Y     XM    YM  Perimeter     BX    BY  Width  Height
0  84.0  234.0  38.0  234.0  38.0       35.0  228.0  33.0   10.0    11.0
[ 2024-04-02 23:36:00,804 ] 21 root - INFO - New data : 
   Area      X     Y     XM    YM  Perimeter     BX    BY  Width  Height
0  85.0  134.0  39.0  134.0  39.0       34.0  128.0  34.0   10.0    11.0
[ 2024-04-02 23:36:00,818 ] 21 root - INFO - New data : 
   Area      X     Y     XM    YM  Perimeter     BX    BY  Width  Height
0  88.0  206.0  41.0  206.0  41.0       35.0  201.0  35.0   11.0    11.0
[ 2024-04-02 23:36:00,832 ] 21 root - INFO - New data : 
   Area      X     Y     XM    YM  Perimeter     BX    BY  Width  Height
0  86.0  182.0  41.0  182.0  41.0       35.0  177.0  36.0   11.0    11.0
[ 2024-04-02 23:36:00,846 ] 21 root - INFO - New data : 
   Area     X     Y    XM    YM  Perimeter    BX    BY  Width  Height
0  94.0  58.0  41.0  58.0  41.0       36.0  52.0  36.0   11.0    11.0
[ 2024-04-02 23:36:00,860 ] 21 root - INFO - New data : 
   Area      X     Y     XM    YM  Perimeter     BX    BY  Width  Height
0  71.0  107.0  41.0  107.0  41.0       32.0  102.0  36.0    9.0    10.0
[ 2024-04-02 23:36:00,875 ] 21 root - INFO - New data : 
   Area     X     Y    XM    YM  Perimeter    BX    BY  Width  Height
0  78.0  82.0  42.0  82.0  42.0       39.0  78.0  37.0   10.0    10.0
[ 2024-04-02 23:36:00,890 ] 21 root - INFO - New data : 
   Area      X     Y     XM    YM  Perimeter     BX    BY  Width  Height
0  78.0  157.0  42.0  157.0  42.0       34.0  152.0  37.0   10.0    10.0
[ 2024-04-02 23:36:00,905 ] 21 root - INFO - New data : 
   Area     X     Y    XM    YM  Perimeter   BX    BY  Width  Height
0  94.0  12.0  42.0  12.0  42.0       37.0  6.0  37.0   12.0    11.0
[ 2024-04-02 23:36:00,920 ] 21 root - INFO - New data : 
   Area     X     Y    XM    YM  Perimeter    BX    BY  Width  Height
0  80.0  35.0  42.0  35.0  42.0       34.0  30.0  37.0   10.0    10.0
[ 2024-04-02 23:36:00,933 ] 21 root - INFO - New data : 
   Area      X     Y     XM    YM  Perimeter     BX    BY  Width  Height
0  87.0  233.0  60.0  233.0  60.0       36.0  227.0  55.0   11.0    11.0
[ 2024-04-02 23:36:00,947 ] 21 root - INFO - New data : 
   Area      X     Y     XM    YM  Perimeter     BX    BY  Width  Height
0  83.0  207.0  61.0  207.0  61.0       34.0  202.0  56.0   10.0    10.0
[ 2024-04-02 23:36:00,961 ] 21 root - INFO - New data : 
   Area      X     Y     XM    YM  Perimeter     BX    BY  Width  Height
0  86.0  157.0  63.0  157.0  63.0       35.0  152.0  57.0   11.0    11.0
[ 2024-04-02 23:36:00,974 ] 21 root - INFO - New data : 
   Area      X     Y     XM    YM  Perimeter     BX    BY  Width  Height
0  75.0  182.0  62.0  182.0  62.0       37.0  178.0  57.0    9.0    10.0
[ 2024-04-02 23:36:00,989 ] 21 root - INFO - New data : 
   Area      X     Y     XM    YM  Perimeter     BX    BY  Width  Height
0  92.0  107.0  64.0  107.0  64.0       36.0  102.0  58.0   11.0    11.0
[ 2024-04-02 23:36:01,003 ] 21 root - INFO - New data : 
   Area      X     Y     XM    YM  Perimeter     BX    BY  Width  Height
0  92.0  135.0  63.0  135.0  63.0       37.0  129.0  58.0   11.0    12.0
[ 2024-04-02 23:36:01,018 ] 21 root - INFO - New data : 
   Area     X     Y    XM    YM  Perimeter    BX    BY  Width  Height
0  90.0  82.0  64.0  82.0  64.0       36.0  77.0  58.0   11.0    11.0
[ 2024-04-02 23:36:01,032 ] 21 root - INFO - New data : 
   Area     X     Y    XM    YM  Perimeter    BX    BY  Width  Height
0  93.0  59.0  66.0  59.0  66.0       36.0  54.0  61.0   11.0    11.0
[ 2024-04-02 23:36:01,049 ] 21 root - INFO - New data : 
   Area     X     Y    XM    YM  Perimeter   BX    BY  Width  Height
0  93.0  12.0  66.0  12.0  66.0       36.0  7.0  61.0   12.0    11.0
[ 2024-04-02 23:36:01,064 ] 21 root - INFO - New data : 
   Area     X     Y    XM    YM  Perimeter    BX    BY  Width  Height
0  94.0  36.0  67.0  36.0  67.0       36.0  30.0  62.0   11.0    11.0
[ 2024-04-02 23:36:01,078 ] 21 root - INFO - New data : 
   Area      X     Y     XM    YM  Perimeter     BX    BY  Width  Height
0  80.0  233.0  84.0  233.0  84.0       40.0  227.0  79.0   12.0    10.0
[ 2024-04-02 23:36:01,092 ] 21 root - INFO - New data : 
   Area      X     Y     XM    YM  Perimeter     BX    BY  Width  Height
0  86.0  206.0  85.0  206.0  85.0       35.0  201.0  80.0   10.0    11.0
[ 2024-04-02 23:36:01,109 ] 21 root - INFO - New data : 
   Area      X     Y     XM    YM  Perimeter     BX    BY  Width  Height
0  80.0  182.0  85.0  182.0  85.0       34.0  177.0  80.0   10.0    10.0
[ 2024-04-02 23:36:01,124 ] 21 root - INFO - New data : 
   Area      X     Y     XM    YM  Perimeter     BX    BY  Width  Height
0  63.0  158.0  85.0  158.0  85.0       30.0  154.0  80.0    9.0     9.0
[ 2024-04-02 23:36:01,137 ] 21 root - INFO - New data : 
   Area      X     Y     XM    YM  Perimeter     BX    BY  Width  Height
0  84.0  135.0  86.0  135.0  86.0       34.0  130.0  81.0   10.0    10.0
[ 2024-04-02 23:36:01,151 ] 21 root - INFO - New data : 
   Area     X     Y    XM    YM  Perimeter    BX    BY  Width  Height
0  89.0  83.0  87.0  83.0  87.0       36.0  78.0  81.0   11.0    11.0
[ 2024-04-02 23:36:01,166 ] 21 root - INFO - New data : 
   Area      X     Y     XM    YM  Perimeter     BX    BY  Width  Height
0  87.0  109.0  86.0  109.0  86.0       38.0  103.0  81.0   11.0    11.0
[ 2024-04-02 23:36:01,181 ] 21 root - INFO - New data : 
   Area     X     Y    XM    YM  Perimeter    BX    BY  Width  Height
0  83.0  60.0  87.0  60.0  87.0       36.0  55.0  82.0   11.0    10.0
[ 2024-04-02 23:36:01,196 ] 21 root - INFO - New data : 
   Area     X     Y    XM    YM  Perimeter    BX    BY  Width  Height
0  85.0  37.0  89.0  37.0  89.0       37.0  32.0  84.0   11.0    10.0
[ 2024-04-02 23:36:01,209 ] 21 root - INFO - New data : 
   Area     X     Y    XM    YM  Perimeter   BX    BY  Width  Height
0  86.0  14.0  89.0  14.0  89.0       35.0  8.0  84.0   11.0    10.0
[ 2024-04-02 23:36:01,223 ] 21 root - INFO - New data : 
   Area      X      Y     XM     YM  Perimeter     BX     BY  Width  Height
0  84.0  231.0  105.0  231.0  105.0       34.0  226.0  100.0   11.0    10.0
[ 2024-04-02 23:36:01,237 ] 21 root - INFO - New data : 
   Area      X      Y     XM     YM  Perimeter     BX     BY  Width  Height
0  82.0  206.0  105.0  206.0  105.0       34.0  201.0  100.0   10.0    10.0
[ 2024-04-02 23:36:01,251 ] 21 root - INFO - New data : 
   Area      X      Y     XM     YM  Perimeter     BX     BY  Width  Height
0  76.0  183.0  105.0  183.0  105.0       33.0  178.0  101.0   10.0    10.0
[ 2024-04-02 23:36:01,265 ] 21 root - INFO - New data : 
   Area      X      Y     XM     YM  Perimeter     BX     BY  Width  Height
0  62.0  158.0  106.0  158.0  106.0       32.0  154.0  102.0    9.0     9.0
[ 2024-04-02 23:36:01,280 ] 21 root - INFO - New data : 
   Area      X      Y     XM     YM  Perimeter     BX     BY  Width  Height
0  72.0  135.0  107.0  135.0  107.0       33.0  131.0  102.0   10.0    10.0
[ 2024-04-02 23:36:01,294 ] 21 root - INFO - New data : 
   Area      X      Y     XM     YM  Perimeter     BX     BY  Width  Height
0  88.0  109.0  108.0  109.0  108.0       35.0  103.0  103.0   11.0    11.0
[ 2024-04-02 23:36:01,308 ] 21 root - INFO - New data : 
   Area     X      Y    XM     YM  Perimeter    BX     BY  Width  Height
0  88.0  84.0  109.0  84.0  109.0       35.0  78.0  104.0   11.0    10.0
[ 2024-04-02 23:36:01,322 ] 21 root - INFO - New data : 
   Area     X      Y    XM     YM  Perimeter    BX     BY  Width  Height
0  92.0  61.0  110.0  61.0  110.0       36.0  56.0  104.0   11.0    11.0
[ 2024-04-02 23:36:01,336 ] 21 root - INFO - New data : 
   Area     X      Y    XM     YM  Perimeter    BX     BY  Width  Height
0  88.0  38.0  110.0  38.0  110.0       35.0  32.0  105.0   11.0    10.0
[ 2024-04-02 23:36:01,350 ] 21 root - INFO - New data : 
   Area     X      Y    XM     YM  Perimeter    BX     BY  Width  Height
0  77.0  15.0  110.0  15.0  110.0       35.0  10.0  106.0   10.0    10.0
[ 2024-04-02 23:36:01,363 ] 21 root - INFO - New data : 
   Area      X      Y     XM     YM  Perimeter     BX     BY  Width  Height
0  86.0  232.0  126.0  232.0  126.0       34.0  227.0  120.0   11.0    10.0
[ 2024-04-02 23:36:01,377 ] 21 root - INFO - New data : 
   Area      X      Y     XM     YM  Perimeter     BX     BY  Width  Height
0  70.0  207.0  125.0  207.0  125.0       32.0  202.0  121.0   10.0    10.0
[ 2024-04-02 23:36:01,391 ] 21 root - INFO - New data : 
   Area      X      Y     XM     YM  Perimeter     BX     BY  Width  Height
0  80.0  183.0  127.0  183.0  127.0       34.0  178.0  122.0   10.0    10.0
[ 2024-04-02 23:36:01,404 ] 21 root - INFO - New data : 
   Area      X      Y     XM     YM  Perimeter     BX     BY  Width  Height
0  76.0  159.0  128.0  159.0  128.0       34.0  154.0  123.0   10.0    10.0
[ 2024-04-02 23:36:01,419 ] 21 root - INFO - New data : 
   Area      X      Y     XM     YM  Perimeter     BX     BY  Width  Height
0  85.0  136.0  128.0  136.0  128.0       35.0  130.0  123.0   11.0    11.0
[ 2024-04-02 23:36:01,433 ] 21 root - INFO - New data : 
   Area      X      Y     XM     YM  Perimeter     BX     BY  Width  Height
0  81.0  110.0  130.0  110.0  130.0       34.0  105.0  125.0   10.0    10.0
[ 2024-04-02 23:36:01,447 ] 21 root - INFO - New data : 
   Area     X      Y    XM     YM  Perimeter    BX     BY  Width  Height
0  91.0  62.0  132.0  62.0  132.0       36.0  57.0  126.0   11.0    11.0
[ 2024-04-02 23:36:01,461 ] 21 root - INFO - New data : 
   Area     X      Y    XM     YM  Perimeter    BX     BY  Width  Height
0  81.0  85.0  131.0  85.0  131.0       34.0  80.0  126.0   11.0    10.0
[ 2024-04-02 23:36:01,476 ] 21 root - INFO - New data : 
   Area     X      Y    XM     YM  Perimeter    BX     BY  Width  Height
0  92.0  39.0  132.0  39.0  132.0       36.0  33.0  127.0   11.0    11.0
[ 2024-04-02 23:36:01,491 ] 21 root - INFO - New data : 
   Area     X      Y    XM     YM  Perimeter   BX     BY  Width  Height
0  92.0  15.0  133.0  15.0  133.0       36.0  9.0  128.0   11.0    11.0
[ 2024-04-02 23:36:01,505 ] 21 root - INFO - New data : 
   Area      X      Y     XM     YM  Perimeter     BX     BY  Width  Height
0  85.0  233.0  154.0  233.0  154.0       35.0  227.0  149.0   11.0    11.0
[ 2024-04-02 23:36:01,519 ] 21 root - INFO - New data : 
   Area      X      Y     XM     YM  Perimeter     BX     BY  Width  Height
0  83.0  206.0  154.0  206.0  154.0       35.0  201.0  149.0   11.0    11.0
[ 2024-04-02 23:36:01,534 ] 21 root - INFO - New data : 
   Area      X      Y     XM     YM  Perimeter     BX     BY  Width  Height
0  75.0  182.0  154.0  182.0  154.0       34.0  177.0  150.0   10.0    10.0
[ 2024-04-02 23:36:01,547 ] 21 root - INFO - New data : 
   Area      X      Y     XM     YM  Perimeter     BX     BY  Width  Height
0  84.0  158.0  155.0  158.0  155.0       34.0  153.0  150.0   10.0    11.0
[ 2024-04-02 23:36:01,561 ] 21 root - INFO - New data : 
   Area      X      Y     XM     YM  Perimeter     BX     BY  Width  Height
0  87.0  136.0  156.0  136.0  156.0       38.0  130.0  150.0   11.0    11.0
[ 2024-04-02 23:36:01,576 ] 21 root - INFO - New data : 
   Area      X      Y     XM     YM  Perimeter     BX     BY  Width  Height
0  80.0  110.0  156.0  110.0  156.0       34.0  104.0  151.0   10.0    11.0
[ 2024-04-02 23:36:01,589 ] 21 root - INFO - New data : 
   Area     X      Y    XM     YM  Perimeter    BX     BY  Width  Height
0  92.0  86.0  156.0  86.0  156.0       36.0  80.0  151.0   11.0    10.0
[ 2024-04-02 23:36:01,604 ] 21 root - INFO - New data : 
   Area     X      Y    XM     YM  Perimeter    BX     BY  Width  Height
0  90.0  17.0  157.0  17.0  157.0       38.0  12.0  152.0   11.0    11.0
[ 2024-04-02 23:36:01,620 ] 21 root - INFO - New data : 
   Area     X      Y    XM     YM  Perimeter    BX     BY  Width  Height
0  87.0  40.0  159.0  40.0  159.0       35.0  35.0  153.0   10.0    11.0
[ 2024-04-02 23:36:01,634 ] 21 root - INFO - New data : 
   Area     X      Y    XM     YM  Perimeter    BX     BY  Width  Height
0  77.0  63.0  158.0  63.0  158.0       34.0  58.0  153.0   10.0    10.0
[ 2024-04-02 23:36:01,648 ] 21 root - INFO - New data : 
   Area      X      Y     XM     YM  Perimeter     BX     BY  Width  Height
0  84.0  206.0  179.0  206.0  179.0       34.0  201.0  174.0   10.0    11.0
[ 2024-04-02 23:36:01,661 ] 21 root - INFO - New data : 
   Area      X      Y     XM     YM  Perimeter     BX     BY  Width  Height
0  91.0  182.0  180.0  182.0  180.0       36.0  177.0  174.0   10.0    11.0
[ 2024-04-02 23:36:01,675 ] 21 root - INFO - New data : 
   Area      X      Y     XM     YM  Perimeter     BX     BY  Width  Height
0  85.0  232.0  179.0  232.0  179.0       35.0  226.0  174.0   10.0    11.0
[ 2024-04-02 23:36:01,691 ] 21 root - INFO - New data : 
   Area      X      Y     XM     YM  Perimeter     BX     BY  Width  Height
0  96.0  136.0  180.0  136.0  180.0       41.0  131.0  175.0   11.0    12.0
[ 2024-04-02 23:36:01,707 ] 21 root - INFO - New data : 
   Area      X      Y     XM     YM  Perimeter     BX     BY  Width  Height
0  82.0  159.0  180.0  159.0  180.0       34.0  154.0  175.0   10.0    11.0
[ 2024-04-02 23:36:01,720 ] 21 root - INFO - New data : 
   Area      X      Y     XM     YM  Perimeter     BX     BY  Width  Height
0  75.0  110.0  180.0  110.0  180.0       35.0  106.0  175.0   10.0    10.0
[ 2024-04-02 23:36:01,735 ] 21 root - INFO - New data : 
   Area     X      Y    XM     YM  Perimeter    BX     BY  Width  Height
0  96.0  87.0  182.0  87.0  182.0       38.0  81.0  176.0   12.0    11.0
[ 2024-04-02 23:36:01,748 ] 21 root - INFO - New data : 
   Area     X      Y    XM     YM  Perimeter    BX     BY  Width  Height
0  89.0  64.0  181.0  64.0  181.0       35.0  59.0  176.0   11.0    10.0
[ 2024-04-02 23:36:01,762 ] 21 root - INFO - New data : 
   Area     X      Y    XM     YM  Perimeter    BX     BY  Width  Height
0  94.0  18.0  182.0  18.0  182.0       36.0  12.0  177.0   11.0    10.0
[ 2024-04-02 23:36:01,775 ] 21 root - INFO - New data : 
   Area     X      Y    XM     YM  Perimeter    BX     BY  Width  Height
0  78.0  40.0  184.0  40.0  184.0       33.0  36.0  178.0   10.0    10.0
[ 2024-04-02 23:36:01,790 ] 21 root - INFO - New data : 
   Area      X      Y     XM     YM  Perimeter     BX     BY  Width  Height
0  79.0  206.0  202.0  206.0  202.0       34.0  201.0  197.0   10.0    11.0
[ 2024-04-02 23:36:01,804 ] 21 root - INFO - New data : 
   Area      X      Y     XM     YM  Perimeter     BX     BY  Width  Height
0  89.0  233.0  203.0  233.0  203.0       35.0  227.0  197.0   10.0    11.0
[ 2024-04-02 23:36:01,818 ] 21 root - INFO - New data : 
   Area      X      Y     XM     YM  Perimeter     BX     BY  Width  Height
0  83.0  160.0  203.0  160.0  203.0       35.0  154.0  198.0   10.0    11.0
[ 2024-04-02 23:36:01,832 ] 21 root - INFO - New data : 
   Area      X      Y     XM     YM  Perimeter     BX     BY  Width  Height
0  83.0  183.0  203.0  183.0  203.0       35.0  179.0  198.0   10.0    11.0
[ 2024-04-02 23:36:01,845 ] 21 root - INFO - New data : 
   Area      X      Y     XM     YM  Perimeter     BX     BY  Width  Height
0  92.0  136.0  204.0  136.0  204.0       37.0  131.0  198.0   11.0    12.0
[ 2024-04-02 23:36:01,859 ] 21 root - INFO - New data : 
   Area      X      Y     XM     YM  Perimeter     BX     BY  Width  Height
0  93.0  110.0  204.0  110.0  204.0       36.0  104.0  199.0   11.0    11.0
[ 2024-04-02 23:36:01,872 ] 21 root - INFO - New data : 
   Area     X      Y    XM     YM  Perimeter    BX     BY  Width  Height
0  91.0  88.0  205.0  88.0  205.0       36.0  82.0  199.0   11.0    11.0
[ 2024-04-02 23:36:01,886 ] 21 root - INFO - New data : 
   Area     X      Y    XM     YM  Perimeter    BX     BY  Width  Height
0  90.0  65.0  205.0  65.0  205.0       35.0  60.0  200.0   11.0    11.0
[ 2024-04-02 23:36:01,900 ] 21 root - INFO - New data : 
   Area     X      Y    XM     YM  Perimeter    BX     BY  Width  Height
0  99.0  19.0  206.0  19.0  206.0       38.0  13.0  200.0   12.0    12.0
[ 2024-04-02 23:36:01,913 ] 21 root - INFO - New data : 
   Area     X      Y    XM     YM  Perimeter    BX     BY  Width  Height
0  87.0  42.0  207.0  42.0  207.0       35.0  37.0  202.0   11.0    11.0
[ 2024-04-02 23:36:01,927 ] 21 root - INFO - New data : 
   Area      X      Y     XM     YM  Perimeter     BX     BY  Width  Height
0  96.0  205.0  226.0  205.0  226.0       38.0  200.0  220.0   11.0    12.0
[ 2024-04-02 23:36:01,940 ] 21 root - INFO - New data : 
   Area      X      Y     XM     YM  Perimeter     BX     BY  Width  Height
0  88.0  233.0  226.0  233.0  226.0       36.0  228.0  221.0   11.0    11.0
[ 2024-04-02 23:36:01,954 ] 21 root - INFO - New data : 
   Area      X      Y     XM     YM  Perimeter     BX     BY  Width  Height
0  90.0  183.0  227.0  183.0  227.0       37.0  178.0  221.0   11.0    11.0
[ 2024-04-02 23:36:01,967 ] 21 root - INFO - New data : 
   Area      X      Y     XM     YM  Perimeter     BX     BY  Width  Height
0  80.0  137.0  229.0  137.0  229.0       34.0  132.0  223.0   10.0    11.0
[ 2024-04-02 23:36:02,031 ] 21 root - INFO - New data : 
   Area      X      Y     XM     YM  Perimeter     BX     BY  Width  Height
0  92.0  160.0  229.0  160.0  229.0       36.0  155.0  223.0   10.0    12.0
[ 2024-04-02 23:36:02,044 ] 21 root - INFO - New data : 
   Area     X      Y    XM     YM  Perimeter    BX     BY  Width  Height
0  84.0  66.0  229.0  66.0  229.0       42.0  61.0  223.0   11.0    10.0
[ 2024-04-02 23:36:02,059 ] 21 root - INFO - New data : 
    Area     X      Y    XM     YM  Perimeter    BX     BY  Width  Height
0  100.0  20.0  230.0  20.0  230.0       38.0  14.0  224.0   11.0    12.0
[ 2024-04-02 23:36:02,073 ] 21 root - INFO - New data : 
   Area     X      Y    XM     YM  Perimeter    BX     BY  Width  Height
0  93.0  44.0  229.0  44.0  229.0       36.0  38.0  224.0   11.0    11.0
[ 2024-04-02 23:36:02,087 ] 21 root - INFO - New data : 
   Area     X      Y    XM     YM  Perimeter    BX     BY  Width  Height
0  78.0  88.0  229.0  88.0  229.0       34.0  83.0  224.0   10.0    11.0
[ 2024-04-02 23:36:02,099 ] 21 root - INFO - New data : 
   Area      X      Y     XM     YM  Perimeter     BX     BY  Width  Height
0  86.0  111.0  230.0  111.0  230.0       35.0  106.0  224.0   10.0    11.0
[ 2024-04-02 23:36:02,109 ] 828 app - ERROR - Exception on /showingResults [POST]
Traceback (most recent call last):
  File "C:\Users\MAYUR\anaconda3\envs\SeedGermination\Lib\site-packages\flask\app.py", line 1463, in wsgi_app
    response = self.full_dispatch_request()
               ^^^^^^^^^^^^^^^^^^^^^^^^^^^^
  File "C:\Users\MAYUR\anaconda3\envs\SeedGermination\Lib\site-packages\flask\app.py", line 872, in full_dispatch_request
    rv = self.handle_user_exception(e)
         ^^^^^^^^^^^^^^^^^^^^^^^^^^^^^
  File "C:\Users\MAYUR\anaconda3\envs\SeedGermination\Lib\site-packages\flask\app.py", line 870, in full_dispatch_request
    rv = self.dispatch_request()
         ^^^^^^^^^^^^^^^^^^^^^^^
  File "C:\Users\MAYUR\anaconda3\envs\SeedGermination\Lib\site-packages\flask\app.py", line 855, in dispatch_request
    return self.ensure_sync(self.view_functions[rule.endpoint])(**view_args)  # type: ignore[no-any-return]
           ^^^^^^^^^^^^^^^^^^^^^^^^^^^^^^^^^^^^^^^^^^^^^^^^^^^^^^^^^^^^^^^^^
  File "d:\Computer_science\BE_PROJECT\Seed_Project\app.py", line 151, in show_results
    Area = float(np.round(area[i])),
                          ~~~~^^^
IndexError: list index out of range
[ 2024-04-02 23:36:02,111 ] 96 werkzeug - INFO - 127.0.0.1 - - [02/Apr/2024 23:36:02] "[35m[1mPOST /showingResults HTTP/1.1[0m" 500 -
